#"Step","Potential Energy (kJ/mole)","Temperature (K)","Speed (ns/day)"
1000,-378842.31542957923,311.834875716285,0
2000,-383878.0567150742,313.08682818288787,113
3000,-388507.23350952915,313.1084635289337,112
4000,-391967.07263524714,310.3083086676077,112
5000,-391659.0468856576,313.71469514236816,112
6000,-395827.81715934,310.2075898127955,112
7000,-396354.45695420983,316.1082745996207,112
8000,-397340.3938433279,313.91717621763763,112
9000,-397128.0869566919,311.53119062790097,112
10000,-399182.30179165443,312.3474667043812,111
11000,-400238.02728026523,310.27984216391224,111
12000,-400527.31391224917,313.54729914618304,111
13000,-401315.5945154466,311.43276634338855,111
14000,-400945.9796412294,312.1986757092649,111
15000,-400775.1692157455,310.03873810788883,111
16000,-401865.77913916437,312.35380718643404,111
17000,-402954.6566213488,310.9077942763125,111
18000,-402187.1987491476,313.68973144220064,111
19000,-402665.036377433,310.8768171772955,111
20000,-403514.7885708746,312.3940391957396,111
21000,-404377.5130683575,310.70617598676637,111
22000,-404756.00942359725,310.731467967863,111
23000,-404617.30090860813,316.3801868102857,111
24000,-405541.4202741934,311.3037703976992,111
25000,-407256.0152401922,313.43295259250635,111
26000,-406300.094857218,311.5948317158327,111
27000,-407594.3106730124,312.8665597127325,111
28000,-408284.28278345685,314.1583743388528,110
29000,-408385.4593274866,311.9825233054904,110
30000,-407851.12050209916,313.83683624371963,110
31000,-409003.4086295231,311.78890193394375,110
32000,-411918.2858740939,312.4876508541611,110
33000,-411654.3853204581,314.3333055153177,110
34000,-411169.8017644577,309.7489175163994,110
35000,-411938.02569307876,312.15032199177534,110
36000,-412274.5504405808,311.1979229272468,110
37000,-414120.01818422484,311.0062315571263,109
38000,-413655.57906548865,312.9877221279171,109
39000,-414250.4076931011,310.15161393663954,109
40000,-415022.02039350173,309.63833360183526,109
41000,-416846.0473297406,312.07871731501336,109
42000,-415911.19822405186,312.98102820016976,109
43000,-416422.5033166597,311.93966127065113,109
44000,-415709.72616724996,311.83853518447484,109
45000,-416904.76477693114,311.9910279332535,109
46000,-417596.3620209284,312.2363910353361,109
47000,-418738.31960306014,312.9154237058635,109
48000,-418434.0243447595,313.2842353160568,109
49000,-419551.0297238489,309.1642582809678,108
50000,-418565.1096171343,314.0955784901815,108
51000,-418451.1317511683,312.97220760924984,108
52000,-418775.1585202203,312.4174226992284,108
53000,-419152.92216443643,313.2419433387538,108
54000,-420007.5026444644,312.0824194343988,108
55000,-420326.921623884,313.2049711354288,108
56000,-421040.81600306416,314.3485478433494,108
57000,-420046.8526425357,313.55988782135563,108
58000,-421232.11646975856,312.5335956949635,108
59000,-421464.9831743052,311.73228376803985,108
60000,-421711.60084827617,311.60945322041636,108
61000,-422689.06251084385,314.50098082209405,108
62000,-422047.2829754625,312.622724488915,108
63000,-421491.73513894854,312.3698148758963,108
64000,-422560.88932868023,311.7924159192045,108
65000,-421755.2445393319,310.4022960499999,108
66000,-422539.2036369478,311.1825558858787,108
67000,-422428.7640928079,310.3525760045217,107
68000,-422431.2825059255,310.0879878367844,107
69000,-422958.0822938187,312.1627790124618,107
70000,-423628.4770882884,311.9651334426211,107
71000,-423884.4691000171,314.7127973121343,107
72000,-424268.7520645035,311.67821860809613,107
73000,-425107.540897751,312.4306621260631,107
74000,-424543.372964093,312.0988961746563,107
75000,-425148.80116555747,313.52567647859064,107
76000,-424312.15869793086,313.1725351673434,107
77000,-424794.5678101657,313.4767580266436,107
78000,-424410.7019440315,314.40409749229497,107
79000,-425413.9713726288,312.0744541876932,107
80000,-423334.181389828,311.31103249362485,107
81000,-425134.11476169643,311.91895067932546,107
82000,-424703.2838194992,312.75245829929315,107
83000,-424782.00196117396,311.9445447747245,107
84000,-425081.58024793933,312.25614441987784,107
85000,-426631.7947492851,312.2902203597842,107
86000,-426139.8842042859,311.8060421454832,107
87000,-424829.03356478736,311.8412969301451,107
88000,-425742.7945816035,312.477651419743,107
89000,-426866.3438414985,310.7172511874307,107
90000,-426521.1111033575,310.8148320350144,107
91000,-426590.34975066665,311.69323142374145,107
92000,-426145.13839040115,313.0358383898922,107
93000,-427669.7566643094,313.3308872764507,107
94000,-427127.61927585676,309.49165683948706,107
95000,-426657.11765716854,312.94058726188246,107
96000,-427170.8031809209,312.12944919768233,107
97000,-427642.07895589806,315.1650993903038,107
98000,-427271.4841575015,311.14834653547496,107
99000,-427528.3309062652,312.2505248023874,107
100000,-426943.8917272405,310.35807155698154,107
101000,-427367.3172659385,313.52510629717466,107
102000,-428374.43649540236,311.1456142339817,107
103000,-427771.6010125838,310.5609374339276,107
104000,-427367.9264103165,310.64839528879793,107
105000,-428387.92105032294,310.1201153986033,106
106000,-428772.18395174737,309.2714659106723,106
107000,-429227.92135476787,310.3010628753729,106
108000,-428525.80420611426,312.6610742368477,106
109000,-428463.8632871832,308.4125495002179,106
110000,-428001.2753498473,311.8374442883967,106
111000,-428076.8089814577,313.3399623686581,106
112000,-428356.20039326884,313.33035832211533,106
113000,-429241.60822452744,312.8776512547634,106
114000,-427819.8660040926,311.03856241769637,106
115000,-429568.51985588134,312.91881592714765,106
116000,-428939.7418702226,312.9479955091522,106
117000,-429200.92494720384,311.2743776879275,106
118000,-428437.6882930666,312.0115217860117,106
119000,-429871.71916531376,314.7384682959898,106
120000,-428693.8326850012,313.8121749284878,106
121000,-428441.5769808879,310.4672233119572,106
122000,-429449.4058931407,312.77161263234575,106
123000,-428476.5397004625,310.4549967130409,106
124000,-429986.3294849859,310.7803428698458,106
125000,-429244.2685552249,311.8791956596091,106
126000,-430128.97602626565,314.6055735092365,106
127000,-428765.3107908021,314.1519508972965,106
128000,-429374.3601499819,310.70367223752237,106
129000,-429925.1455525197,310.41097949838553,106
130000,-429939.6968057712,311.1622666452151,106
131000,-428448.26232639095,310.78623353507635,106
132000,-429889.17753781937,313.4016946774674,106
133000,-429730.0510943399,313.0369224650671,106
134000,-430123.19223625376,309.6626535981511,106
135000,-429561.38842548523,314.0883366733058,106
136000,-428378.50615017023,315.0622064210138,106
137000,-431241.92681319313,309.30815206332534,106
138000,-430455.44300741423,310.5296797187893,106
139000,-430826.87001821306,311.7750780568326,106
140000,-431070.1861006459,313.14771594120253,106
141000,-431106.0203505007,309.78723739617686,106
142000,-430030.9598926911,311.6654306196618,106
143000,-429076.97865816765,312.6322703530563,106
144000,-431005.5022573839,312.4893425956832,106
145000,-429215.73280099314,312.7821111370501,106
146000,-429523.73678901116,312.5819054172734,106
147000,-430480.4969245221,309.6770579053674,106
148000,-431452.7534946215,314.3294314358312,106
149000,-430280.46237907,309.8163224452363,106
150000,-431369.4260900968,313.16727023040073,106
151000,-431429.9912028804,312.6500507192163,106
152000,-430501.7929291418,310.4748600697096,106
153000,-430829.2980824115,313.92381388060886,106
154000,-431764.15191414114,310.53728696040054,106
155000,-431756.89110084693,309.82100163655014,106
156000,-430542.88101644954,312.29581909293364,106
157000,-431084.23518825276,312.1347818704165,106
158000,-432409.6567120964,313.0280032268205,106
159000,-431908.2909772468,313.48556141210815,106
160000,-430454.64575692127,313.34337818198475,106
161000,-432679.76351900236,314.02434307658734,106
162000,-432450.7367953665,309.3163293193896,106
163000,-431905.9111308146,310.96969827080125,106
164000,-431811.1817676681,311.6106968161565,106
165000,-432541.2900193457,309.4739995510889,106
166000,-432669.1134771644,311.80156947064125,106
167000,-432198.6429824906,310.6791736790369,106
168000,-432736.0237120455,310.3787309328144,106
169000,-432946.6389496445,311.2425225944285,106
170000,-431553.05737180077,309.1035068778897,106
171000,-432973.575408906,314.05997358939817,106
172000,-433106.9169213993,314.45729325159186,106
173000,-433913.37688988866,308.9915060793782,106
174000,-433277.40156062995,310.4525411940791,106
175000,-432756.8756801754,308.6843509430806,106
176000,-432485.0088738671,311.26633805446573,106
177000,-432485.1951540476,310.97423762209746,106
178000,-432779.67985448753,312.52110875974245,106
179000,-432798.70456600096,310.0916238565137,106
180000,-432421.3561053907,310.9016067258453,106
181000,-432396.5258305771,312.657731468988,106
182000,-432730.4249315092,311.86349887902037,106
183000,-433043.2910348319,311.5161352151729,106
184000,-433223.0288867897,309.4184166595752,106
185000,-433312.96710458025,311.08422650331283,106
186000,-432619.0981033901,309.9537519936831,106
187000,-433531.7014267803,311.9749607707218,106
188000,-433961.69183833734,310.808640522594,106
189000,-433493.3307049235,311.5181928774911,106
190000,-433224.2179661093,310.35489315024034,106
191000,-432840.1980432577,312.36113722131495,106
192000,-433488.9522069036,312.47261005908496,106
193000,-432468.01302101,310.564308644465,106
194000,-433813.8450663027,310.2636752929262,106
195000,-433056.4721684386,313.8236762126377,106
196000,-433114.51645189314,312.92986580991595,106
197000,-433521.9763772113,313.0888617778122,106
198000,-433480.8234179504,309.91847018153055,106
199000,-434090.10667521437,312.7195475957648,106
200000,-432791.4712802409,308.9025369297718,106
201000,-432510.99553015153,313.3859388796368,106
202000,-434496.3685656977,310.82567255433776,106
203000,-434671.76546227396,311.0500398414666,106
204000,-433195.71503399615,310.2730256041075,106
205000,-433187.352664022,311.86059008799305,106
206000,-432738.9817505665,313.44651172789276,106
207000,-434247.0307589113,311.4002316583005,106
208000,-435095.3689276336,310.2404949185646,106
209000,-433508.41116459505,311.3045777608625,106
210000,-432352.66247455264,313.28071813192764,106
211000,-434965.3621063302,313.91108271653036,106
212000,-433690.9884536818,311.62497452941375,106
213000,-434972.6917485765,310.2751430831908,106
214000,-434580.2101285937,313.4750042626376,106
215000,-433872.0795096117,311.9991875388488,106
216000,-433384.73418807704,312.8259017279698,106
217000,-433801.11882472225,310.11438388394777,106
218000,-434142.5522454928,311.3199642883439,106
219000,-432483.4190691558,312.8174789747897,106
220000,-433632.10936699994,311.24724168637175,106
221000,-432488.80130846426,311.8515188047065,106
222000,-433921.582326476,312.8789433037606,106
223000,-433941.30874020606,313.0206604095329,106
224000,-433956.994761402,311.5644337458316,106
225000,-433738.1412980966,314.1380275856451,106
226000,-433830.59193775104,312.64630722653857,106
227000,-433177.2042266093,312.0024511840882,106
228000,-434070.7567903907,311.9769178353697,106
229000,-434441.0912187109,312.98160004328264,106
230000,-434441.838930479,309.318429167664,105
231000,-434715.19851345685,313.1257857755458,105
232000,-433144.9569346062,310.477798905478,105
233000,-433702.7056858381,311.36548933009345,105
234000,-434848.1602038981,312.04649253482063,105
235000,-434327.005739704,309.2353936513466,105
236000,-435189.5939514227,312.64163615781973,105
237000,-434824.4652280556,310.9970626586592,105
238000,-434320.96641756315,310.10656798733277,105
239000,-434615.25530752307,312.27964634370505,105
240000,-434228.7560505206,310.58694368400927,105
241000,-434538.11743061175,313.07479745679024,105
242000,-434318.71610688395,310.92407933669494,105
243000,-435491.8549404554,312.74147364444985,105
244000,-435882.004942521,311.47992983777476,105
245000,-434923.93048481573,313.00194433527884,105
246000,-434349.74876693054,311.96580704195475,105
247000,-435127.824098872,312.6321240908185,105
248000,-435398.99591377634,312.8950717768431,105
249000,-433652.84480359475,313.3411278970871,105
250000,-434367.6862203202,313.8938650768774,105
251000,-434481.8810265162,311.0747784634379,105
252000,-433647.0159663826,310.0734247265902,105
253000,-435229.95465248846,315.8335508682805,105
254000,-433952.19661668316,313.22647116391096,105
255000,-435506.01362359617,312.07629026215426,105
256000,-434788.3060210557,311.5325875169404,105
257000,-435697.68166649365,309.4893574362018,105
258000,-435512.7461274343,313.2580158198843,105
259000,-435299.5237031237,309.2574460857522,105
260000,-434838.42625170946,310.8303829739646,105
261000,-435208.1676604464,312.44081909565153,105
262000,-435869.7678777836,309.3195630561052,105
263000,-435434.7107384922,312.4179271182878,105
264000,-434646.46447750763,310.945297713264,105
265000,-434261.41897923034,311.725375062365,105
266000,-434101.9780667671,310.64789868974475,105
267000,-434769.25321897236,310.1742202526,105
268000,-435059.21702076774,312.98134814380546,105
269000,-435462.2769254325,311.8463663223447,105
270000,-435582.90332863596,312.53369482570014,105
271000,-434694.1005436375,311.338491584815,105
272000,-434096.34692894854,314.001406688772,105
273000,-434623.37454870273,313.91913580175463,105
274000,-434665.6967728904,311.9429469286185,105
275000,-434798.87521680584,311.4066547152554,105
276000,-434974.81700150087,313.62819356844136,105
277000,-435597.7489720483,311.73145006882305,105
278000,-435079.8445515486,312.83799943993006,105
279000,-435312.054215309,311.12504283470497,105
280000,-434114.5193990092,315.6424821063374,105
281000,-434531.6991248473,312.63273094786405,105
282000,-435601.387444173,312.16250023128583,105
283000,-434543.4940843808,313.3627517756157,105
284000,-434944.5101652916,312.2733505515913,105
285000,-435284.85519099166,311.78677535905257,105
286000,-435356.4453318736,315.09843354139093,105
287000,-434355.153676874,312.64290797969153,105
288000,-435569.46910322155,311.32107187032375,105
289000,-434553.88382799923,311.6930015839603,105
290000,-436060.8554909504,312.1023325215193,105
291000,-435227.4463372431,311.3911563734625,105
292000,-435189.7307441889,312.4183216576885,105
293000,-435597.5105807225,314.39745124428157,105
294000,-435325.5126813066,311.5728697489246,105
295000,-435098.640671944,309.9385304614018,105
296000,-435353.6497625257,312.20286585293934,105
297000,-434847.5938940386,309.3269788223635,105
298000,-434888.59443746856,311.04436082794416,105
299000,-436637.5423126223,311.43741301999006,105
300000,-437250.28205665457,310.50731359071847,105
301000,-435668.25499578076,313.22515082329454,105
302000,-435315.73118848004,313.1876518363249,105
303000,-435551.15759759233,311.0448245601519,105
304000,-434186.3525226824,314.64191629375534,105
305000,-434281.5835871962,314.70570879678974,105
306000,-436120.04683961114,310.7766956068922,105
307000,-434400.60018225014,311.80359756352516,105
308000,-434643.20109032234,310.6711083315067,105
309000,-435311.6094814176,310.5166862877382,105
310000,-436513.1364290004,309.4680236115533,105
311000,-436101.76791403163,310.045736584332,105
312000,-435975.58829364926,311.3905599170592,105
313000,-435061.2601480612,311.8012876456731,105
314000,-434899.4790813271,312.80369201905916,105
315000,-434846.32294710865,308.6904681511073,105
316000,-434765.6007601202,311.7521386171563,105
317000,-435336.2432933757,313.40190976296645,105
318000,-435181.5626214596,312.7013224415561,105
319000,-435926.8987533529,311.4155424288215,105
320000,-434368.7112127035,311.2885710456814,105
321000,-435250.12298071873,313.78704033078253,105
322000,-435063.6313095982,312.2169857418319,105
323000,-436830.12208013516,312.85597356391787,105
324000,-436299.90417887433,313.14838665534967,105
325000,-435009.06565619307,313.50223122802254,105
326000,-434119.9383169124,312.15951209393114,105
327000,-435999.4372334983,310.9272165867171,105
328000,-436330.2221949834,314.0781321495851,105
329000,-434879.2923501027,313.3001110281647,105
330000,-434744.74070177786,311.93494987150297,105
331000,-435286.22642281884,312.3721122590345,105
332000,-436724.1416992964,310.87098140083276,105
333000,-435636.4618985255,310.06441498984833,105
334000,-435739.9929047178,312.0229340159403,105
335000,-436256.5773300368,312.33891328500926,105
336000,-435549.9157285162,312.47119381562936,105
337000,-435657.08797199186,310.68849554764455,105
338000,-436117.8921301544,311.8379557528116,105
339000,-435435.1987287386,312.4399259008007,105
340000,-436152.293863229,311.1484430692936,105
341000,-435114.6259797632,311.5081418216292,105
342000,-435140.1857373724,309.513325829942,105
343000,-436033.6458105468,310.681061112988,105
344000,-436538.857947903,311.8756268133632,105
345000,-434963.12964922446,312.0144892274226,105
346000,-436226.4145358559,311.22690511257883,105
347000,-435574.0328736338,312.1281749585988,105
348000,-435451.4832257363,309.45674009817435,105
349000,-435658.1021032608,314.3099472329839,105
350000,-436535.37357561686,314.12776320169354,105
351000,-435620.4422185719,312.29428086710897,105
352000,-436046.95889768424,313.67490218700664,105
353000,-436881.95783281047,312.94004278046646,105
354000,-437045.5346375643,315.0096311937864,105
355000,-436247.13926744997,313.89937191813493,105
356000,-436496.1307162915,311.6508545011414,105
357000,-435331.9506422053,312.15641855268706,105
358000,-435082.8397246115,312.15439823635995,105
359000,-436486.2175731526,310.0699238390974,105
360000,-435488.0702004079,309.08689623905786,105
361000,-434151.88854464795,312.04799589388347,105
362000,-436170.9639617116,311.78697409558964,105
363000,-435454.66396506014,313.6616732732055,105
364000,-436072.9405075032,311.42073527627934,105
365000,-434475.3838222772,310.77174030368326,105
366000,-434797.40302372514,311.1487286555555,105
367000,-435504.12433445477,310.6055555600747,105
368000,-435219.02227858175,312.4207048461559,105
369000,-435410.4154625009,311.72085415762524,105
370000,-435358.76756652794,312.9221589231817,105
371000,-435845.51239007665,311.7621435633301,105
372000,-435376.6681246266,310.5198948555222,105
373000,-435927.1974221647,311.66558147024733,105
374000,-436413.9618943578,310.954306029964,105
375000,-435275.74973065406,311.7912992719886,105
376000,-435725.5446124526,310.52405700214854,105
377000,-437268.54459584784,310.4843556972305,105
378000,-435669.25606472977,312.444024141503,105
379000,-435891.8992740349,314.6334542524934,105
380000,-436061.9682710888,314.3887523443242,105
381000,-436158.3152540501,313.24527611444125,105
382000,-436678.1440207348,312.8850296315338,105
383000,-436192.6988600984,311.94178137834166,105
384000,-435713.4380694872,312.28971571981333,105
385000,-435872.09791677375,309.6047328576761,105
386000,-436704.27984467335,315.9412911962244,105
387000,-434849.45331724524,312.1622505147918,105
388000,-436691.5266148597,312.63508755106164,105
389000,-436060.18086139834,311.2667432731518,105
390000,-435206.5331397853,311.3096272017323,105
391000,-436169.46017171675,311.37286493025596,105
392000,-435918.5458631988,312.98666196088584,105
393000,-436430.9869732715,311.0995343898031,105
394000,-436941.4742822517,311.13350453804173,105
395000,-435083.98041120917,314.28045224517797,105
396000,-436056.6988162361,307.68637246847413,105
397000,-436183.7651399283,310.83872005734753,105
398000,-436139.5880698422,310.65238089544596,105
399000,-435622.1391322166,312.67820481984427,105
400000,-436595.1889805235,309.8696845313087,105
401000,-435847.2030385616,310.89082467087707,105
402000,-435782.27998296707,311.7704003475259,105
403000,-436786.55511587067,312.208297376041,105
404000,-435886.0331077301,312.2107278313045,105
405000,-435795.21005963394,310.0816144415594,105
406000,-435409.74813892157,312.3755529890452,105
407000,-436319.38307715417,312.93419625480243,105
408000,-435756.09459383576,312.59596453447466,105
409000,-436835.9724508845,313.44571483619217,105
410000,-435857.78221831145,312.50106327016584,105
411000,-436638.71110095945,310.71762242451024,105
412000,-435301.42382445047,314.74190663651535,105
413000,-436622.8698054047,309.80654628743855,105
414000,-435611.93670704216,310.1095983278006,105
415000,-434798.24075689935,315.18163935621243,105
416000,-434931.96036878275,311.78479055733254,105
417000,-436224.49352191016,311.15605423816606,105
418000,-434748.1555099804,310.32151978276084,105
419000,-434895.37253172067,312.2759734578358,105
420000,-435723.3813166949,313.1873668644577,105
421000,-435023.22376900795,314.17761531709215,105
422000,-437061.1294409435,310.24746475027644,105
423000,-435861.8587198062,309.26366638423315,105
424000,-435617.17137685674,309.4164510941671,105
425000,-435229.6908212146,310.72684040938583,105
426000,-437087.8924698853,314.67281632562674,105
427000,-434876.4405025025,314.42566458906913,105
428000,-435708.0854365763,310.99198111586713,105
429000,-436028.8653000004,311.68430708060004,105
430000,-436237.9738753685,310.3191772513144,105
431000,-436732.27429856476,314.07115853098594,105
432000,-436096.3137167026,314.27763601005364,105
433000,-435771.5318447314,312.3629050215048,105
434000,-436207.5176920297,311.10004655873115,105
435000,-435625.8874993799,311.09580972587673,105
436000,-435645.811806411,309.46809791835943,105
437000,-435567.2481263771,311.7794375192002,105
438000,-436590.14125939365,309.8161242845737,105
439000,-437571.3744994879,310.7417310693499,105
440000,-436891.3301840767,316.14806373416667,105
441000,-436111.1737576281,312.91735877393756,105
442000,-435429.59740803833,311.4672671511881,105
443000,-435775.4050264023,312.51257423709467,105
444000,-436202.3936125289,311.0727195447282,105
445000,-437244.5519181993,310.85348708901773,105
446000,-435422.04859673535,311.6750281756585,105
447000,-436600.4440655359,315.5559947852603,105
448000,-435517.9937685956,310.4283530127052,105
449000,-435280.98763343226,314.02587574739204,105
450000,-436542.4657611798,312.70998886423615,105
451000,-435515.7491907098,311.36853676802525,105
452000,-435341.38051882596,311.72469016494995,105
453000,-435957.7218263175,313.1674006757608,105
454000,-436933.6086449332,313.68581352376265,105
455000,-433991.6889831717,314.3192765789377,105
456000,-434981.1041888066,312.5323819272192,105
457000,-436400.5223075615,308.7575278559104,105
458000,-435897.3490630938,311.7089642765023,105
459000,-436737.28603841644,312.4828869736376,105
460000,-435503.0440651744,310.33536804687975,105
461000,-436730.4329776601,311.37912978375425,105
462000,-437147.8903334001,311.66035774561334,105
463000,-436864.25400750013,309.5950908428999,105
464000,-435609.02707911073,309.6314252524189,105
465000,-436039.6911399681,310.57602404579205,105
466000,-437115.6260668461,310.802096703074,105
467000,-434764.2560051312,313.8583177393715,105
468000,-436142.28753281315,312.2739285369075,105
469000,-437486.45144425076,312.94189907705845,105
470000,-435456.02362474496,311.323264126895,105
471000,-435845.0854367367,312.94910271338443,105
472000,-436087.0689906776,311.0039285370226,105
473000,-435717.5817149915,311.42478653691103,105
474000,-436506.82617528085,311.6192422360608,105
475000,-436473.0657129376,311.7718351302777,105
476000,-435795.85088284663,312.47631052474327,105
477000,-436184.7171278249,314.24008773867456,105
478000,-435698.38027891377,310.2568010934508,105
479000,-436083.0020047715,310.754986766452,105
480000,-435581.20663951756,312.991650705701,105
481000,-435802.7051422887,313.32716302635816,105
482000,-435322.51432415657,311.75112862684745,105
483000,-435874.5845024793,312.0684489758445,105
484000,-436183.3185358683,310.8117200947374,105
485000,-436136.20304554305,313.17056749544315,105
486000,-436821.649438726,310.2060322215545,105
487000,-435623.44443379086,313.8261863424639,105
488000,-436839.89701310755,313.4218507214618,105
489000,-436386.4100921543,312.2801350766311,105
490000,-436379.8439627434,310.91633721152874,105
491000,-435199.35503924405,311.97396072075406,105
492000,-436409.97224142216,311.1199448945999,105
493000,-435552.9641165037,313.27772994909105,105
494000,-436758.0425262875,311.5983059518098,105
495000,-436226.5840758146,313.0972953867803,105
496000,-436452.77217930905,313.5465954704784,105
497000,-436448.46635366743,312.78204259150823,105
498000,-435661.6243026855,311.25475741754656,105
499000,-436047.8818674928,313.2494791494408,105
500000,-436341.8289011449,313.51132782496194,105
501000,-436409.4941147631,309.5821470311617,105
502000,-436210.87666035886,310.07945617962645,105
503000,-436425.2814490702,312.56352276234986,105
504000,-436035.33817653847,312.0261088774325,105
505000,-436536.7412804123,310.1633223764302,105
506000,-435751.51781826233,308.18799006312867,105
507000,-436051.6642894577,309.91124268672627,105
508000,-436327.98312919587,314.93282653479224,105
509000,-435884.34161446826,313.1738754258426,105
510000,-435603.2711568447,313.7206972941829,105
511000,-436069.33239420806,313.5626805582074,105
512000,-435714.4954765772,311.3331695505813,105
513000,-436211.30402418226,314.0866672781447,105
514000,-435687.24302521115,309.50134385733566,105
515000,-435257.05824834993,309.3772501119025,105
516000,-435604.8414798393,311.6061898436381,105
517000,-436802.1640355489,313.7961029798905,105
518000,-435014.51759239216,311.7713476482028,105
519000,-434899.1308520208,312.98951220457724,105
520000,-434896.55997746787,313.53077530302136,105
521000,-436332.30861855554,315.7068044887547,105
522000,-435587.6314375384,313.40623167462593,105
523000,-435886.0221526029,312.98220618200696,105
524000,-435413.1554768393,311.93383384050196,105
525000,-435793.98364073364,313.6314553535099,105
526000,-434735.5120656565,312.24437712191167,105
527000,-436101.4286919052,312.63760165930216,105
528000,-436091.87739898125,312.6767875497497,105
529000,-434918.70612746617,313.1975648489166,105
530000,-435725.0701952537,312.88300843929244,105
531000,-435355.641777975,313.0989018943977,105
532000,-437613.78157900646,311.4965163812546,105
533000,-434928.8890272749,311.7118189438671,105
534000,-436676.1484637044,312.38285574310686,105
535000,-435517.1186087637,312.8926151230457,105
536000,-436068.64609401976,313.79927877177045,105
537000,-435892.26318225963,309.7717081700391,105
538000,-435776.4813964581,312.9480077894786,105
539000,-436408.08710961393,313.48568173293916,105
540000,-435788.0848965973,310.66346276842745,105
541000,-435254.3282332099,314.07708861186944,105
542000,-435744.362067461,312.20430667439075,105
543000,-435411.7285919578,311.69214473375655,105
544000,-434766.130676324,311.7714507738826,105
545000,-435880.9381354912,311.3928835454227,105
546000,-436244.33383983304,311.82651894826523,105
547000,-436338.34118181653,309.75979263863803,105
548000,-436454.9234105719,310.4642048248444,105
549000,-437057.4483530086,311.4093026618015,105
550000,-437612.0624567738,311.67749258125,105
551000,-436197.01626021066,311.25930644829657,105
552000,-436034.14176871255,313.1799679452676,105
553000,-435561.8375587559,312.57694562189033,105
554000,-436047.5435955941,310.9006757535861,105
555000,-436830.9282863531,312.0963773462147,105
556000,-434488.69316458236,312.07727056448226,105
557000,-436573.1754123778,313.99490093241735,105
558000,-437176.8507399077,309.6532444433059,105
559000,-435428.74175412254,312.37105028045573,105
560000,-436573.6621007095,311.1939137427791,105
561000,-436441.3355865041,312.42798291459843,105
562000,-435305.9081472794,309.74065155234604,105
563000,-436420.406252366,311.8986704056048,105
564000,-436778.3255363228,313.05773488129546,105
565000,-436605.0580613024,315.2145171621468,105
566000,-437472.6017039479,312.8224536938926,105
567000,-436009.29755387246,311.7256306972157,105
568000,-436573.8078047654,315.052231171778,105
569000,-436561.92797546694,310.79553311307205,105
570000,-435599.8783426585,312.0415225169651,105
571000,-435592.1118729757,310.4802164368856,105
572000,-436688.3047506751,313.47954322748234,105
573000,-435928.57008857373,310.8168537571319,105
574000,-435517.3810471371,314.6923505799232,105
575000,-435834.0176582618,310.87637353130145,105
576000,-436685.4168958643,312.89939346886905,105
577000,-436409.25357971224,313.2430586455826,105
578000,-436126.4925589438,310.99364276774315,105
579000,-436559.1255553444,313.36339985787305,105
580000,-435286.69488610234,311.9856106797733,105
581000,-436112.5687313352,308.7496429261659,105
582000,-436094.12024551467,312.6876855314072,105
583000,-435795.9249589816,312.86297032296306,105
584000,-437210.37229487207,311.2843301829539,105
585000,-437044.2080920499,311.80746323802987,105
586000,-435751.3999199942,311.44483620963507,105
587000,-436595.33901794115,313.3776996844437,105
588000,-436372.97489358997,311.4387270160765,105
589000,-436235.9254190149,312.7680667162284,105
590000,-435943.5600008443,313.13543893561615,105
591000,-435408.81474152347,311.9790405347752,105
592000,-435829.8237157869,309.11985270162955,105
593000,-435455.20078705205,313.7738139886417,105
594000,-435602.35452109994,313.4952679104414,105
595000,-436347.3859088067,311.88441159338294,105
596000,-435963.5182533518,314.118794537162,105
597000,-436683.1788420535,310.5612859112093,105
598000,-436974.0633561616,312.2129835670875,105
599000,-436086.79040277307,313.25143153424335,105
600000,-435632.689784589,311.82862953696826,105
601000,-435208.1243309283,313.2040883158381,105
602000,-435581.1110981349,310.62808583280963,105
603000,-435716.7528973385,310.8000987890295,105
604000,-435605.6014984213,311.75106477432354,105
605000,-435730.9855234334,312.24540771313553,105
606000,-436663.65809299494,310.5528081270044,105
607000,-436165.37994539016,311.7313169741906,105
608000,-436199.80393521,313.6799137801257,105
609000,-435689.0413598211,309.88657773516246,105
610000,-436482.8733601263,311.7423423690149,105
611000,-436811.64723104984,312.9929266292101,105
612000,-435698.1875336168,314.020067514177,105
613000,-436197.9919961549,313.804693398617,105
614000,-435613.48198954714,314.75176170149933,105
615000,-435949.8260263228,310.1676239102794,105
616000,-435541.3450737756,314.19322927641355,105
617000,-436300.0803296976,310.21606581873255,105
618000,-435314.5751269772,312.41909544450687,105
619000,-435462.19802778517,311.47686902253395,105
620000,-436034.4310641878,313.32586058010196,105
621000,-435666.2489725058,314.83604024621104,105
622000,-437873.5901637024,312.10599309134204,105
623000,-437186.33862247574,311.6455760064522,105
624000,-436370.4450489802,312.0133819463517,105
625000,-436749.8100139117,311.9313839520578,105
626000,-437014.6228606722,311.13687081747406,105
627000,-436383.6519834113,310.9068275352743,105
628000,-435279.9564339535,314.80190893423514,105
629000,-435735.0988874207,310.9793230951002,105
630000,-436625.4091321225,311.4316034553115,105
631000,-436178.6274307729,310.8400672925761,105
632000,-436207.60345194023,313.61123959692986,105
633000,-436071.17638306925,312.78909807540094,105
634000,-436956.2714034759,312.3072927434868,105
635000,-435310.99931646464,311.05032245268535,105
636000,-436641.99855393823,311.09526066168644,105
637000,-435732.3470739464,313.7884648705166,105
638000,-436617.5789959766,312.8904693454617,105
639000,-437005.82562787086,313.7774060205694,105
640000,-436047.65079838247,310.0894708345224,105
641000,-436281.6265168397,309.34305593933715,105
642000,-437222.3407727552,315.13285658784895,105
643000,-437370.20043994416,312.93064247080116,105
644000,-436960.6792740943,312.04760824998675,105
645000,-436638.9564006934,314.60910119106535,105
646000,-436839.34955731523,313.50644912717945,105
647000,-437722.8718851423,309.4583277415203,105
648000,-436725.1050798353,312.9940159600832,105
649000,-435969.65648670355,313.14175389613354,105
650000,-438710.1859733907,309.44635000279055,105
651000,-437545.6653063635,309.9259616820128,105
652000,-435386.85918748076,313.54180140719444,105
653000,-435355.85092502646,311.3260876671983,105
654000,-436310.30935158394,311.6998220449545,105
655000,-436025.4992375821,309.8723222641552,105
656000,-436449.23316194885,311.6839658869517,105
657000,-436896.3649157318,311.1912089048751,105
658000,-437269.8042581221,309.3983763311716,105
659000,-435784.5823509663,309.70001527148884,105
660000,-437333.8272646379,310.18799438629924,105
661000,-437676.1708716608,312.9429432175301,105
662000,-436496.3363806333,311.57180767672145,105
663000,-436928.59549421375,311.0799871311786,105
664000,-437365.0470772167,310.3822910174486,105
665000,-436306.357560477,308.660923957392,105
666000,-436544.25023603626,311.4008495710257,105
667000,-435573.4866678417,312.2743458089581,105
668000,-436256.6167521025,313.3591083040994,105
669000,-435955.53419307945,312.68817341968077,105
670000,-436379.2160738064,310.7383113495971,105
671000,-436263.1772326187,312.50590722950733,105
672000,-437028.3904734859,312.7109515195742,105
673000,-435955.9266956663,310.5863630213118,105
674000,-436215.8603730274,311.5502125550711,105
675000,-436177.84756414127,312.5739546188915,105
676000,-436918.2191076388,311.9317497145043,105
677000,-436961.8175870406,309.9265806371594,105
678000,-437300.5610897853,311.7197594929118,105
679000,-436528.48397557484,314.29774359999425,105
680000,-438488.9456959537,310.82336649294984,105
681000,-437445.52754053427,314.6738377902468,105
682000,-436088.5651156341,313.7539523121368,105
683000,-435933.8194183307,311.43829470502146,105
684000,-436949.98765429156,311.0574039942411,105
685000,-436831.6122026823,313.1034704725467,105
686000,-437147.744146171,312.97281962858494,105
687000,-436027.76890274254,311.3399619962898,105
688000,-435620.68757670396,313.56926367267243,105
689000,-436479.52577112895,313.2343387737354,105
690000,-437726.78796187486,311.7137615043497,105
691000,-436036.09876282583,310.4064114362972,105
692000,-434752.82797589526,311.0440642932221,105
693000,-435667.72673676163,310.43429751525827,105
694000,-436120.4456476078,312.7853399231563,105
695000,-437095.3602585215,310.382907751126,105
696000,-436885.995491653,313.2714603319389,105
697000,-437249.92478550994,312.3399684312006,105
698000,-436434.47389457026,312.2189977413451,105
699000,-435999.2868627694,311.99380219791925,105
700000,-437037.99084427254,312.5728637169524,105
701000,-436970.42634315183,313.30672368576825,105
702000,-436442.7340138424,311.89244404583496,105
703000,-436138.8673592522,314.22316686566546,105
704000,-436341.7067402827,312.50778429601536,105
705000,-435934.5423401452,309.7742608313364,105
706000,-436504.527713947,311.02090613757343,105
707000,-437181.1754188265,310.703609603765,105
708000,-436536.98531945236,312.2866587488644,105
709000,-436606.0727884334,311.5551841192825,105
710000,-437562.5521209899,312.083225186747,105
711000,-436754.7035028781,313.38665141035574,105
712000,-437255.7114494485,311.9138605864998,105
713000,-437013.8824658941,312.05404307573065,105
714000,-435292.942761058,313.0680912223443,105
715000,-436514.52169641946,310.29025069602,105
716000,-436951.0288481363,312.749620525107,105
717000,-436296.8318701214,314.3697562258599,105
718000,-436854.87224368355,313.8123145810185,105
719000,-436511.75922625395,313.41306375586674,105
720000,-435930.5138375638,311.9893452638264,105
721000,-436710.6886152236,312.2118436357295,105
722000,-435994.8452830496,312.03595009893326,105
723000,-436574.8310482383,310.2329391190658,105
724000,-437305.2279905644,311.9586774706842,105
725000,-436287.6699419671,309.80757757702935,105
726000,-436423.39299517707,310.21306548384007,105
727000,-435854.9265052527,312.9569262506614,105
728000,-437593.5953875447,313.2285257943652,105
729000,-437204.4270953806,310.5898445266389,105
730000,-437808.40965892724,313.9564517851528,105
731000,-437773.4599745036,310.9502109559576,105
732000,-437690.025021984,313.50252022730587,105
733000,-437122.13341614814,311.1556108256362,105
734000,-436685.9627346832,312.3415679645977,105
735000,-435334.66405906226,311.47992932756415,105
736000,-436723.2710892125,313.13912382853096,105
737000,-436773.8961322068,311.29388263127674,105
738000,-434983.25863766996,312.98060482923603,105
739000,-435571.9205270624,311.41251460365913,105
740000,-437419.2236444799,311.6392752806576,105
741000,-436950.0178646764,311.94739881254367,105
742000,-436389.5972471195,312.15630316499727,105
743000,-436759.90579655324,314.1583227922836,105
744000,-437188.8908604309,313.4663452060303,105
745000,-436317.54091593507,310.78762496907126,105
746000,-436063.1051885302,311.32273515761756,105
747000,-437198.4298899085,313.8203218907867,105
748000,-437130.8864982866,312.958877335704,105
749000,-436084.9401950233,313.20954597725915,105
750000,-436164.46083250316,312.228236109402,105
751000,-437624.08518253523,310.0925413937121,105
752000,-437072.12293127365,308.45333260473166,105
753000,-436162.6648303983,313.3333484588085,105
754000,-436884.6098255692,312.87686340470805,105
755000,-436493.2319030615,312.4272496469136,105
756000,-436384.37297162204,311.09896917160404,105
757000,-436448.3811945084,313.37594592817993,105
758000,-437164.968831419,311.6945921482905,105
759000,-437881.6951051308,312.47408933487134,105
760000,-436026.63734321995,311.20790279172934,105
761000,-436514.5364531209,311.83685893585925,105
762000,-435592.51057099225,311.826894179,105
763000,-436815.34801082965,311.66764937884955,105
764000,-436569.13506893883,311.34695490734515,105
765000,-436777.4026483607,309.7162158063724,105
766000,-436803.03238744545,312.45463353938135,105
767000,-438143.33115815464,312.4672132802252,105
768000,-436594.60933515755,311.0051888084916,105
769000,-435604.39719643444,314.09384723892765,105
770000,-435306.16430502455,312.87301173140685,105
771000,-436673.7577830504,313.5482094197581,105
772000,-436827.9416651034,311.91169026297973,105
773000,-437134.0558285697,313.241424739809,105
774000,-437399.301971955,312.56501271693367,105
775000,-437555.51402638154,312.54127896945397,105
776000,-437791.6269084241,311.087772761495,105
777000,-436769.86374342116,312.23900570173817,105
778000,-435859.8885551032,312.9542724747785,105
779000,-436014.8703289712,310.2760291854367,105
780000,-437325.72612386243,313.59303627476936,105
781000,-436759.87786772056,313.5805942128532,105
782000,-436037.0985600061,312.51383219924793,105
783000,-436127.4122163134,311.00928442160824,105
784000,-436920.9380385238,310.34724693570587,105
785000,-435217.7469903885,312.445380219073,105
786000,-436384.02812847425,310.10826274200315,105
787000,-436158.923548477,312.2525702305459,105
788000,-435840.8937788692,310.7906106996822,105
789000,-436098.2619423412,311.8039952031434,105
790000,-434394.66239945544,311.049466120687,105
791000,-436497.01687418786,310.2314197880745,105
792000,-435037.0092697751,312.68782197564883,105
793000,-436202.47499701707,311.24908629982417,105
794000,-435508.01326229447,313.7062170205126,105
795000,-436418.267142582,310.5063365390296,105
796000,-436202.7152013872,311.78941415236017,105
797000,-438101.11545833107,311.7658777996637,105
798000,-437186.64991641906,312.42132966403915,105
799000,-436047.7221436233,312.5410770751598,105
800000,-437176.6347917251,311.3822655384567,105
801000,-436799.5541014876,311.37515079011047,105
802000,-436876.93742177915,312.0944323450269,105
803000,-435488.8788986446,310.4361948911346,105
804000,-436952.40215473296,313.0688592325654,105
805000,-435913.902378232,309.704014949879,105
806000,-437950.05892355135,312.8874397317886,105
807000,-437518.7111684317,314.23865664567774,105
808000,-437899.4726740562,313.4359816681619,105
809000,-436521.9749059507,308.9451195117286,105
810000,-437449.58360355976,312.41663113399596,105
811000,-436208.3227224522,313.6175616194301,105
812000,-436592.4421655629,309.5654257324844,105
813000,-437586.84981395165,312.17137524973305,105
814000,-436634.80558586493,311.7561289102916,105
815000,-437391.50554251275,311.88440782688014,105
816000,-437514.06285315007,313.035425431164,105
817000,-436591.55511344527,310.38656596799285,105
818000,-437064.7943259219,311.6611619077263,105
819000,-436448.66392589686,310.06804460976394,105
820000,-436706.5954496858,314.368305832914,105
821000,-436588.72674584505,311.8409246417827,105
822000,-435999.1316127777,313.20998460165356,105
823000,-436155.7573137705,310.2744309799588,105
824000,-437081.0319213986,310.14664868416116,105
825000,-437273.26227188855,312.43027708484595,105
826000,-436719.4537544211,310.16269724311223,105
827000,-436709.10501258145,314.44146510363163,105
828000,-436817.0257445066,311.46578471032376,105
829000,-436153.44083966454,312.8951423856469,105
830000,-437754.6316200574,310.18734649706124,105
831000,-436555.6023165826,309.9048578475091,105
832000,-436872.16724590654,312.6097300300727,105
833000,-436749.2156498318,310.80305431073197,105
834000,-436718.5822279481,314.9752320224657,105
835000,-437764.6087604936,311.24342282806845,105
836000,-436582.21208118787,312.81930969380056,105
837000,-436577.6269448139,313.8784555974618,105
838000,-436049.2596296929,313.65464575612896,105
839000,-436570.599633008,309.3285216754022,105
840000,-437508.9035050918,310.93207786761434,105
841000,-437410.2220063545,311.23373609736274,105
842000,-437805.35501760175,311.20593148741557,105
843000,-436756.32872770703,313.6964230708342,105
844000,-436271.3572313043,312.3206466112028,105
845000,-437814.7480060337,310.93759879492876,105
846000,-438785.8093811432,312.0145156704007,105
847000,-437417.92660596967,311.94233966760277,105
848000,-437099.89464930096,310.5028719221379,105
849000,-437262.61102060927,313.15360110711674,105
850000,-436890.4232729338,310.3818883055598,105
851000,-438119.4706146021,310.76237966517874,105
852000,-436974.7356412222,310.5060705358238,105
853000,-437343.02509296825,310.71703285798304,105
854000,-436232.1108661385,309.82081148381906,105
855000,-436638.8351823392,312.36714747129383,105
856000,-437790.53558418364,310.68354638542604,105
857000,-437685.27272344707,310.91059157061244,105
858000,-437430.2924902842,311.8894665660734,105
859000,-437680.6723396373,313.390407799848,105
860000,-436141.7856139699,312.8663329959351,105
861000,-436664.57985921483,309.98361509423364,105
862000,-436436.662201341,313.7349040864431,105
863000,-437410.575120745,310.7289623268293,105
864000,-436637.6318252983,314.25427203091584,105
865000,-436681.4217900983,313.71766238906446,105
866000,-436538.4529378135,311.84416737796425,105
867000,-435342.647529877,311.9770035490124,105
868000,-436788.0483714079,312.57927249996044,105
869000,-436427.4059457695,309.97735693592017,105
870000,-436353.9705159911,312.3334327450117,105
871000,-436121.7855715009,312.0712025338749,105
872000,-437435.7856186689,311.5883734279507,105
873000,-437252.49361217744,312.53871845938556,105
874000,-437374.7439870348,312.78482916481283,105
875000,-438166.367597193,311.512835046773,105
876000,-436989.6067493267,310.6869470985635,105
877000,-437223.5089816621,312.41293545809333,105
878000,-437354.1407518035,314.8019987735415,105
879000,-435642.01586112427,311.3567842482963,105
880000,-436593.5688869918,310.7771024326641,105
881000,-438392.7024494987,313.2450404418298,105
882000,-437354.99766868795,311.83569456542284,105
883000,-438363.0799729021,310.2377979091942,105
884000,-437150.93862453126,313.19322716469367,105
885000,-437666.79695169115,312.1583883232674,105
886000,-435889.05201715487,311.1467701375092,105
887000,-437850.5698162678,312.0613366633285,105
888000,-437653.725642591,311.80780077489584,105
889000,-436770.33436881355,312.9990505056909,105
890000,-436829.6984871868,311.26896978180395,105
891000,-436374.6636900131,313.8233488905516,105
892000,-436246.78363516624,312.5254718817335,105
893000,-436774.7514725898,311.0587566366145,105
894000,-436442.2309419017,311.51812760398735,105
895000,-436717.14313076367,312.97601513567196,105
896000,-437019.7878046145,308.9275908782079,105
897000,-436877.9391185653,311.86037642931535,105
898000,-436918.5222273064,312.67022498273053,105
899000,-436433.2344229659,310.48340646783873,105
900000,-436434.0610780446,311.59116755152667,105
901000,-435882.51818986377,310.44566804708694,105
902000,-437368.38050475065,310.4827817638098,105
903000,-436526.27862768807,310.4807251940581,105
904000,-438016.9242539662,311.9523939640369,105
905000,-437156.7844202446,308.67125091264387,105
906000,-436921.9791103543,311.9643454691571,105
907000,-436551.7644341572,311.5502820885147,105
908000,-437165.7568687543,314.03464276057196,105
909000,-437960.8438110056,312.99498141365854,105
910000,-438250.86869248445,312.13911953045533,105
911000,-437336.01427172474,313.1434895091497,105
912000,-436668.211610778,313.6444415811924,105
913000,-437214.84584405017,310.0896111909826,105
914000,-437068.5544919011,311.16277390992946,105
915000,-437259.64856316755,311.8515898158966,105
916000,-437143.8050492131,311.4558512889194,105
917000,-437113.0241379221,310.99122184573895,105
918000,-436866.09493436804,309.1776818038592,105
919000,-436572.6507138787,312.1554549633583,105
920000,-437888.10348915216,311.68074598811984,105
921000,-437033.323181154,311.0291669392792,105
922000,-436199.40842098347,313.76013960747684,105
923000,-437791.6781572015,311.2727301936245,105
924000,-436651.45827567414,313.7120475924752,105
925000,-436599.7188362328,312.872303003233,105
926000,-437046.7400353679,312.60872134810825,105
927000,-437232.2058098016,312.50158510623555,105
928000,-437554.61314583104,314.11581005307465,105
929000,-437171.50916727236,311.6496057543202,105
930000,-437184.5813883189,310.5579355094049,105
931000,-437186.660727113,312.6130916134912,105
932000,-436542.9813609056,311.0876903423981,105
933000,-436345.902413761,312.51987057171107,105
934000,-436660.0456817427,309.45918449959873,105
935000,-437902.80352194,309.05420100644795,105
936000,-438099.97401225474,312.73150076167786,105
937000,-436541.72044608556,311.0855961703798,105
938000,-437647.1391445433,313.72001999044346,105
939000,-437117.74428208126,313.82488305264536,105
940000,-435645.8177611574,311.0540626144255,105
941000,-435715.29834868014,309.81781051033164,105
942000,-437310.82309139846,309.2748421683831,105
943000,-436750.31735706143,310.64901703363853,105
944000,-437050.9213586361,311.58677624707076,105
945000,-439119.0558946235,310.22194946793513,105
946000,-436865.60941247223,311.20178934009624,105
947000,-437842.1550913253,310.1252017032677,105
948000,-437374.9238203112,312.6876512500089,105
949000,-436338.333553727,312.3767871130992,105
950000,-438496.495843332,311.8096676119863,105
951000,-436233.3527851277,311.3442308991115,105
952000,-437532.10574389366,312.0629158120102,105
953000,-437105.5195689439,315.0276657890943,105
954000,-437090.1513944394,313.28732874261476,105
955000,-436997.532152961,311.53561272399963,105
956000,-435561.98952316213,312.4088981154828,105
957000,-437843.4572055489,312.1019661400158,105
958000,-438178.9415811051,315.1444630681752,105
959000,-436435.5643683127,310.66606787600085,105
960000,-437092.68321961164,312.42303317145365,105
961000,-436415.6299840659,310.908427506066,105
962000,-437714.40375432395,311.44004839327346,105
963000,-437298.5204598934,311.1493395726571,105
964000,-437359.96550631826,313.50953473657734,105
965000,-437335.5323383622,313.45523057316694,105
966000,-437695.2552816251,313.02639544366775,105
967000,-436202.3461278535,311.78059242880613,105
968000,-437232.1770136547,313.6693567563936,105
969000,-436886.0169748515,311.9615476976201,105
970000,-437244.64224740467,310.29846243480335,105
971000,-437655.55940099806,313.01383761376985,105
972000,-435984.0104797096,313.81146710691877,105
973000,-436523.9737869173,313.4200671341898,105
974000,-436685.81882550474,314.86772866490554,105
975000,-436789.29842306743,312.2595104466944,105
976000,-436574.29000507994,311.93612612459646,105
977000,-435974.8420368552,314.42765536495256,105
978000,-436877.50914973,310.1318706177366,105
979000,-436743.4070983082,308.53234707796037,105
980000,-438361.729353104,309.5785112692628,105
981000,-436525.69702903926,313.5919416993569,105
982000,-434890.274932808,312.8780019633607,105
983000,-437474.82342375023,314.8169901204478,105
984000,-436419.87321533635,314.35230260952727,105
985000,-436702.53375024744,308.99930845858927,105
986000,-436532.03451016126,311.9848712594585,105
987000,-437002.5786383804,313.07761103451446,105
988000,-436834.315368816,310.37687103062734,105
989000,-437309.1584894161,311.7590768544252,105
990000,-436513.75638089585,312.5100480057067,105
991000,-437790.6507333033,311.4336992460296,105
992000,-437387.1342296158,311.52158334998154,105
993000,-435588.07826597523,311.09865626595894,105
994000,-437733.41849935194,313.3382855555431,105
995000,-436625.1906016071,310.44058491997976,105
996000,-436731.33425460476,313.49170140705365,105
997000,-436805.32686688984,311.0932412264279,105
998000,-436035.592066251,312.418374573139,105
999000,-437090.97874162486,310.2936572396245,105
1000000,-436720.1627562577,311.8489890068282,105
1001000,-436640.1400694514,316.1070114739494,105
1002000,-436663.82622072357,312.0002440522949,105
1003000,-437642.3045388141,312.4112109104399,105
1004000,-436300.47091039293,308.95052955390156,105
1005000,-436882.4544491279,313.7375638968141,105
1006000,-435847.2686118698,312.02467823192234,105
1007000,-435963.15557266166,312.4899518496789,105
1008000,-435652.3739802707,311.16554598783716,105
1009000,-436329.34051586036,309.5812539381015,105
1010000,-435582.3941418398,312.5965315032323,105
1011000,-436626.7366781826,311.8388603110701,105
1012000,-437580.82053362904,311.26689716533906,105
1013000,-438362.36455392535,312.2005225111987,105
1014000,-436947.91705121077,310.93189393234235,105
1015000,-435258.5705114922,313.2275712675496,105
1016000,-436830.03993563587,311.68607178850544,105
1017000,-436591.0930407648,311.2270758069091,105
1018000,-436993.8374226813,313.3871292493806,105
1019000,-437525.82196774846,312.9501062057804,105
1020000,-437550.20897690346,311.73121535776113,105
1021000,-437513.4708850221,310.03972195829294,105
1022000,-436985.5802352696,313.220359084483,105
1023000,-437187.9453367742,311.37533787855944,105
1024000,-436972.2243387853,312.30964179763004,105
1025000,-438006.9013404378,312.4672023750739,105
1026000,-437372.92790704407,307.8624675879633,105
1027000,-436170.7254108968,312.65248411181096,105
1028000,-436801.77334373025,312.849982731893,105
1029000,-436239.7645832158,312.8821729871242,105
1030000,-437985.43839765573,311.59391461612813,105
1031000,-436658.3335437635,312.40417566401015,105
1032000,-437118.47960977955,311.83692600936524,105
1033000,-437399.6182380754,312.4062527991903,105
1034000,-437951.637404128,310.2519424889441,105
1035000,-436179.5054543968,309.8188454818603,105
1036000,-436293.374332994,309.19597085607023,105
1037000,-437344.20686040795,311.92661304770826,105
1038000,-436419.774474103,309.9935762243259,105
1039000,-437733.0454144797,311.79428545719855,105
1040000,-437927.27402788354,313.7648173753635,105
1041000,-437512.0793460561,312.90269943847835,105
1042000,-436317.6561431731,311.9038487209171,105
1043000,-437284.0247939648,310.4965081998783,105
1044000,-438164.2536921147,309.6329638279468,105
1045000,-437578.03864269797,313.5786904857584,105
1046000,-437455.3078175273,310.3257399750568,105
1047000,-438014.80465689907,309.7447011728599,105
1048000,-436946.725863582,311.26262848759535,105
1049000,-437128.11634977977,311.968268497512,105
1050000,-436533.8707636215,307.8791376069227,105
1051000,-437623.82149008545,314.9340495727852,105
1052000,-437512.5882310583,312.595036406061,105
1053000,-436946.26369509567,314.234521165827,105
1054000,-437439.5009785383,310.42985985120316,105
1055000,-436748.4032978688,312.6098700002311,105
1056000,-437451.18768258044,313.6991055573578,105
1057000,-437903.54502954334,312.724239323019,105
1058000,-437449.2665340658,312.6916283314722,105
1059000,-437513.00504294736,310.28017523757484,105
1060000,-437081.4650203574,314.7431321020951,105
1061000,-437067.87394822226,311.33575358409206,105
1062000,-437826.6941028838,313.1879327625855,105
1063000,-437296.34719659854,310.4602230878507,105
1064000,-437365.9082778413,311.00899388240134,105
1065000,-436654.8398068871,312.30015558290563,105
1066000,-437707.4718832129,311.00758434870414,105
1067000,-437958.455675364,312.2823003414206,105
1068000,-437381.33165913355,314.5450455497045,105
1069000,-438371.39414811507,312.54840388170453,105
1070000,-438063.6898640208,311.5333777536278,105
1071000,-437866.53222410963,312.0451560405463,105
1072000,-438306.71571487584,311.692052469021,105
1073000,-438792.0782079033,310.06029036073323,105
1074000,-437430.5660038849,310.7151960756686,105
1075000,-437538.6241520494,313.47861384085036,105
1076000,-437209.35842330265,310.6948797817532,105
1077000,-438238.8830760876,314.4958299747155,105
1078000,-437716.932610238,311.777486932586,105
1079000,-437673.435580045,310.87842415316135,105
1080000,-437305.7344986792,312.5321505168259,105
1081000,-437783.2183873437,310.5951968946508,105
1082000,-438110.0617939015,311.951639248821,105
1083000,-438067.5862545534,311.1188408896754,105
1084000,-438360.0973247641,308.80970917779484,105
1085000,-437729.1904366999,308.6553577770601,105
1086000,-436939.3085972802,311.36089863374315,105
1087000,-436515.91844338435,311.21994991684016,105
1088000,-437590.3061699993,312.44866829461677,105
1089000,-437104.7419059938,311.43391892842016,105
1090000,-436303.27171532856,308.15958126339166,105
1091000,-436288.30213866336,308.89669534944915,105
1092000,-437309.12498468184,312.04217107052506,105
1093000,-436141.2755466157,311.9865083955996,105
1094000,-437597.7005750551,310.6600281479238,105
1095000,-437592.5459255725,312.54199251534584,105
1096000,-437971.7325744182,312.7879045679852,105
1097000,-438994.5686074353,314.32288606162126,105
1098000,-437438.7135132516,310.9779220354751,105
1099000,-437661.56362667517,314.38077643548047,105
1100000,-437876.6716541366,309.91542470309184,105
1101000,-436249.41771080345,312.82021387735904,105
1102000,-438087.0550226022,310.97864981271476,105
1103000,-436708.91470803204,310.78548043584874,105
1104000,-436549.3552689585,309.0144750625053,105
1105000,-437684.76403421327,310.98485555143327,105
1106000,-436881.870114479,312.31362606106137,105
1107000,-437779.0942430757,312.890491838124,105
1108000,-438470.82982737594,313.1168056075896,105
1109000,-436889.5428103646,313.2656023763175,105
1110000,-438457.6171247999,312.76383195286303,105
1111000,-437964.9376620571,313.07058674879306,105
1112000,-436251.2811313693,311.23102817444,105
1113000,-436483.9338159836,310.65826769671884,105
1114000,-437693.1915128706,310.81046162558766,105
1115000,-437823.88538364926,310.64354011818733,105
1116000,-437108.3678374719,311.7183859334266,105
1117000,-437419.14199212124,311.2866772194391,105
1118000,-438224.26038710796,311.94053207462997,105
1119000,-436801.8658748213,311.2936567655121,105
1120000,-436326.50586226187,310.72376195496577,105
1121000,-437433.48418509285,310.94166366299874,105
1122000,-438011.96911455016,314.37084548883195,105
1123000,-436790.6468305646,311.63902363858324,105
1124000,-438358.47568532825,309.7189017014364,105
1125000,-438275.98821091745,312.69552091840023,105
1126000,-437825.5634436426,311.64942018519724,105
1127000,-437806.6831745084,310.25088248026435,105
1128000,-437680.6723554821,312.21699784637207,105
1129000,-437385.98053986,312.0885052094746,105
1130000,-436955.5214637951,312.0673242721256,105
1131000,-437868.6822065988,311.33982809250296,105
1132000,-437403.2058452044,312.8509650487734,105
1133000,-437545.912666216,311.24705957856224,105
1134000,-437185.29072872177,311.6409213220216,105
1135000,-436506.0291869466,311.79359155551344,105
1136000,-437738.34486162104,314.4274212556883,105
1137000,-437845.53809200716,312.01477441723046,105
1138000,-436134.5863233486,312.6587722753349,105
1139000,-437353.204802901,312.74482425872947,105
1140000,-437152.1609509415,308.1413154756033,105
1141000,-436758.8197788927,312.7883934438164,105
1142000,-438567.7665161919,313.2206510596089,105
1143000,-437183.43058914784,313.35788368238497,105
1144000,-437353.1825413457,311.1616281392156,105
1145000,-437154.3866439862,312.6555355008256,105
1146000,-436927.78318432835,313.1988706809028,105
1147000,-437682.36047547567,310.8642114584309,105
1148000,-435973.07133579766,310.4349227771668,105
1149000,-436535.4875369745,312.70342502244245,105
1150000,-437849.43955466687,312.7107727659254,105
1151000,-437782.0962255625,309.611129880389,105
1152000,-437502.78401680174,309.61261429840346,105
1153000,-437345.8600352926,312.07810798503033,105
1154000,-437153.24960375344,312.41955341063516,105
1155000,-436280.6048385189,313.7116578125989,105
1156000,-438694.0184433854,312.29330190015634,105
1157000,-436949.98758975905,311.822832524259,105
1158000,-438262.2065591463,310.0892797235985,105
1159000,-436758.03298078757,314.7037846540422,105
1160000,-438369.1552235505,313.2851551859764,105
1161000,-438074.90085990867,313.657460533231,105
1162000,-437416.62654269906,313.5138807068808,105
1163000,-437630.4984619941,311.21938433991255,105
1164000,-438335.82415501354,311.61026511980606,105
1165000,-439034.4775577211,313.6422335171368,105
1166000,-438151.7414772527,313.01574043297785,105
1167000,-438393.98138908506,312.4860067191314,105
1168000,-437099.1005913676,309.36926309228545,105
1169000,-437020.0151394424,312.876575661835,105
1170000,-436797.70343198976,313.03702548087716,105
1171000,-437456.29561618506,313.6928786835196,105
1172000,-437413.8475162713,311.6637130801877,105
1173000,-437805.87196619995,312.7968912295339,105
1174000,-438574.4305271511,311.2934085312116,105
1175000,-437017.4707570581,313.0874092205605,105
1176000,-437660.2876871121,313.6879957111322,105
1177000,-436656.07432321156,310.1637741853617,105
1178000,-436212.8527961718,311.2111252790966,105
1179000,-437010.3259801497,311.5818993132463,105
1180000,-436862.47303867224,310.94470228382465,105
1181000,-436567.041610837,313.91195811350144,105
1182000,-436257.6345615445,312.29644101650916,105
1183000,-437904.361935192,312.6470255662435,105
1184000,-437496.756837677,312.1595241891588,105
1185000,-437414.5060011537,310.54248798165776,105
1186000,-438014.3123919165,310.11875718098685,105
1187000,-437862.23188393307,314.5668020358477,105
1188000,-437538.0377064629,313.06925361897294,105
1189000,-438070.73459671997,312.68458535168594,105
1190000,-436904.92816286185,309.89557561548116,105
1191000,-438190.75338954874,312.22485263138924,105
1192000,-437111.3613761603,312.56257803022226,105
1193000,-436587.7708795348,308.85051020874937,105
1194000,-436595.0725300277,311.7783900750098,105
1195000,-436387.0839240658,312.7347623840638,105
1196000,-436995.57047756296,312.17943390340486,105
1197000,-437790.7305905642,312.9852654505726,105
1198000,-437170.1916820153,312.8028921628344,105
1199000,-436829.9695358062,314.8127701968436,105
1200000,-437635.58231006144,311.2875700090332,105
1201000,-437136.0805976498,311.5221039779185,105
1202000,-437347.9629837915,312.6067520037988,105
1203000,-437175.6850879877,310.75350035741025,105
1204000,-435255.64678616845,311.85899358816573,105
1205000,-436802.48863199935,311.6612393951796,105
1206000,-436904.9126448154,310.8267666593896,105
1207000,-437346.0057430968,315.1127909357787,105
1208000,-436702.43517217203,311.0221424845143,105
1209000,-436754.2495139325,315.0144138700894,105
1210000,-436954.7449180386,313.70844501728624,105
1211000,-438200.9814676335,312.5304292221159,105
1212000,-436874.50978986523,311.7290528397925,105
1213000,-435580.4638535266,311.58874436070596,105
1214000,-436602.74613714777,310.07451677029496,105
1215000,-437462.3145637724,312.5030308953378,105
1216000,-437433.6366729317,312.26951645613633,105
1217000,-436816.1040269111,312.6757389584906,105
1218000,-436342.95645936695,314.0323675204494,105
1219000,-437443.2472185993,315.8412963428689,105
1220000,-437222.91951249656,311.96488477325516,105
1221000,-436760.3216792161,314.48270930626575,105
1222000,-436425.10060296184,314.03917484169807,105
1223000,-437472.20058103465,310.47242561239796,105
1224000,-437443.76837554923,312.6570121629147,105
1225000,-436571.26360063045,312.49977555957946,105
1226000,-437230.8320371909,313.65454822299904,105
1227000,-437667.4582893045,311.02808899848776,105
1228000,-438555.70281425747,310.4037346011552,105
1229000,-436780.98047544574,309.575525396014,105
1230000,-436374.02556866803,310.2435596000213,105
1231000,-438606.0502510066,309.4361186381518,105
1232000,-438142.78969924105,310.71582436856755,105
1233000,-437564.30268900073,311.13968743233386,105
1234000,-435796.98596960725,314.41485345212317,105
1235000,-435901.9000629161,309.4214158600112,105
1236000,-436564.1805936475,312.33903020588184,105
1237000,-437279.35551739717,312.17708549059466,105
1238000,-437043.3557603555,314.66402962606014,105
1239000,-438038.14738697605,311.579403183218,105
1240000,-438023.8732796239,312.1221489027814,105
1241000,-437618.43800528324,312.9935618300771,105
1242000,-437790.269447485,312.0856593100288,105
1243000,-437496.64816416707,312.5732451133761,105
1244000,-437506.93434748845,311.28306398313276,105
1245000,-438781.36554421764,312.5230948723409,105
1246000,-437150.8237320576,311.69184287939737,105
1247000,-437650.57872819644,311.75854787462197,105
1248000,-436513.4882169524,314.1696573429609,105
1249000,-436374.1147896752,312.91183505100753,105
1250000,-436721.9690814391,310.52363195847465,105
1251000,-437406.74737942684,310.96656922948,105
1252000,-437125.8059263523,309.12983198754046,105
1253000,-437404.5504873763,310.1129103514598,105
1254000,-436946.14697592054,312.4353361918353,105
1255000,-436382.0351818679,313.2875943534129,105
1256000,-436531.2664288378,311.46945488686123,105
1257000,-436530.67719777743,311.7695287967017,105
1258000,-435959.0175109757,311.9808625965151,105
1259000,-437416.40017849277,312.6280516931643,105
1260000,-437291.730977844,313.5388380677203,105
1261000,-437021.01002119295,310.9124951930987,105
1262000,-436493.1716442213,313.4304301819927,105
1263000,-437046.3110069174,314.66119339105956,105
1264000,-436601.3940575202,311.54220619957016,105
1265000,-436902.550648388,313.4294891373176,105
1266000,-436295.7373403846,311.90216972788386,105
1267000,-437136.6909309826,310.7732603203934,105
1268000,-438794.1210442558,310.94215051525595,105
1269000,-437387.00059134024,313.2195374666897,105
1270000,-438423.61839509173,310.63954426859874,105
1271000,-437773.9721818913,313.965248421325,105
1272000,-437999.4388519402,313.13554288222014,105
1273000,-437626.690720774,313.9348493009366,105
1274000,-436987.06325816456,315.11867193602563,105
1275000,-437076.78717749845,313.6898780202878,105
1276000,-437233.2299843321,309.46130713420524,105
1277000,-436921.0117054903,313.6537496275134,105
1278000,-437576.53835665435,311.1426215523079,105
1279000,-436129.7606051124,310.1781430369143,105
1280000,-436889.04530693754,310.56131253717683,105
1281000,-435924.3234059189,311.71093624182646,105
1282000,-437742.2803894556,312.2244981186917,105
1283000,-436892.1769848047,311.95923814317285,105
1284000,-437191.32275780407,311.6381108508822,105
1285000,-436927.48706557835,314.20659066601775,105
1286000,-436410.3455261709,313.16376530102525,105
1287000,-435197.0140830467,312.36462142582167,105
1288000,-436797.63274577726,309.3409622532389,105
1289000,-436513.27205120237,310.3911556258852,105
1290000,-436235.3801908123,311.31731821350775,105
1291000,-437439.7618256919,313.3336442950266,105
1292000,-438402.73528465,312.5777136451218,105
1293000,-437497.2324780903,313.85804519945873,105
1294000,-436410.3584170821,310.05258432264526,105
1295000,-436724.2163859722,310.1899280900077,105
1296000,-437987.16381802876,310.5578046347734,105
1297000,-437191.49936228734,311.2367816535888,105
1298000,-437454.67008575215,315.33134791647643,105
1299000,-436704.3428508474,310.7512426926032,105
1300000,-437225.22440128913,311.13999528116653,105
1301000,-437807.75212845416,314.4082405426209,105
1302000,-437153.49531115335,312.0535904746428,105
1303000,-437435.7581300505,310.4942831215105,105
1304000,-438073.781665921,309.9379243320651,105
1305000,-437640.9530404585,311.26025765722926,105
1306000,-438507.4654875512,312.8496474338916,105
1307000,-436931.6703304576,309.3803491219033,105
1308000,-437102.7790949808,315.23986755517865,105
1309000,-436515.45954591525,310.5057103426481,105
1310000,-436598.692287117,311.52583178385146,105
1311000,-436746.87976865843,310.963547690628,105
1312000,-437693.808489508,312.90533918072066,105
1313000,-437318.48634194,313.1890292680013,105
1314000,-437408.25398642453,314.28429469362396,105
1315000,-437351.62555318954,310.5222572112276,105
1316000,-437651.66607526387,309.9042526907717,105
1317000,-436290.5805317459,312.2928641093265,105
1318000,-438692.66912135505,314.8074667672105,105
1319000,-436734.7731233868,312.52580218975737,105
1320000,-437337.8762818596,311.7188104371843,105
1321000,-437936.1495949845,310.6920492948719,105
1322000,-436905.29183656326,313.58887316872864,105
1323000,-436683.4677022721,310.51727973681767,105
1324000,-438003.2836205547,311.77441508053596,105
1325000,-438755.318053758,315.9849036182359,105
1326000,-437938.94595619827,308.12173617273703,105
1327000,-437712.17763493746,311.74243491750343,105
1328000,-437567.07166668517,310.0952271304893,105
1329000,-437555.48525440204,310.9050727083607,105
1330000,-437122.9785810923,311.8446032837962,105
1331000,-437445.77141736797,312.42318883358126,105
1332000,-437313.0860195204,309.44318604551376,105
1333000,-436657.0005127005,312.0025253336703,105
1334000,-437153.98527981923,311.5964103432473,105
1335000,-437612.5259123156,310.7621700038171,105
1336000,-436648.1322826992,313.524926892239,105
1337000,-437407.680400345,313.3771003103138,105
1338000,-437317.5166833333,313.06888556501536,105
1339000,-437535.85938155325,313.760527917845,105
1340000,-437159.34804988746,310.90885031123094,105
1341000,-437038.66067858785,312.1216632679483,105
1342000,-437741.0449489434,313.61463297423376,105
1343000,-438553.9696094338,310.9587305003132,105
1344000,-438569.16605865536,308.51757242886384,105
1345000,-437706.1369057959,311.487786427491,105
1346000,-436858.4176222116,313.85759055159883,105
1347000,-437131.81144096935,311.49107408484156,105
1348000,-437495.3860114019,314.3807893263425,105
1349000,-437239.662317469,311.82634181278166,105
1350000,-436653.922167575,312.0576967282062,105
1351000,-437202.62113913475,312.4049626759729,105
1352000,-437831.50885934546,311.2111507686534,105
1353000,-437922.39003014006,310.00254950166516,105
1354000,-437645.99260781053,312.3472250184165,105
1355000,-437471.91393378587,307.45070633177926,105
1356000,-437639.3342003552,313.08850824447467,105
1357000,-436713.17068027053,312.4484720605895,105
1358000,-437270.3792915428,312.58100475552135,105
1359000,-438150.9260620198,311.4606645745684,105
1360000,-437486.9658073387,310.56404996813257,105
1361000,-437465.479892703,309.82612095155747,105
1362000,-437041.9335317784,313.83929224739666,105
1363000,-437611.26824083016,309.1062651076568,105
1364000,-437287.47616345156,311.4456624542224,105
1365000,-436812.9737487321,313.5858380331815,105
1366000,-436124.02047065133,313.0589214334946,105
1367000,-436678.852302433,312.3475676544512,105
1368000,-437477.4814112282,312.113279008198,105
1369000,-436560.9532362777,310.7542444543339,105
1370000,-437865.98684449657,312.9415415522932,105
1371000,-437096.9951803256,312.45430396484363,105
1372000,-438408.45358001324,310.7163200328529,105
1373000,-439304.33985908725,312.3098267929483,105
1374000,-438662.96294036345,311.6604356753643,105
1375000,-437341.8099098806,312.0559263511988,105
1376000,-438387.5043842541,312.1606884119218,105
1377000,-436387.67749616946,312.6438776674503,105
1378000,-436291.07157470216,313.6562367690772,105
1379000,-437104.42203329783,311.125184375901,105
1380000,-436969.27546044486,311.62697729089103,105
1381000,-436589.0889086388,313.5460281015964,105
1382000,-435947.98543568375,310.2573942622804,105
1383000,-437233.35830104235,311.33372635732024,105
1384000,-437468.48739034217,312.888866875623,105
1385000,-436929.2472898087,310.5617151080066,105
1386000,-437317.15647206944,314.3148387339109,105
1387000,-437998.43229166605,314.2049100193847,105
1388000,-437597.265452113,313.10221170598635,105
1389000,-437604.5351351127,310.9690836824038,105
1390000,-436398.690028345,310.0138755215187,105
1391000,-438127.84713363275,310.79499301875666,105
1392000,-436445.93602191564,311.69233042988935,105
1393000,-437231.9288451271,311.97938128191146,105
1394000,-437288.7898921559,311.0142648638241,105
1395000,-437090.8078463052,310.18681830154486,105
1396000,-437192.0039336933,311.9172821957258,105
1397000,-436850.4989636829,312.8565640306253,105
1398000,-437199.78246464184,311.60161299599207,105
1399000,-437320.6695638222,312.3640949427217,105
1400000,-437645.2265812522,312.0324759366627,105
1401000,-436556.4911259194,311.9382980374472,105
1402000,-436873.8262962715,312.26964785092997,105
1403000,-437792.1692882462,310.4113773569074,105
1404000,-437456.9302270715,309.00405732589275,105
1405000,-437855.1959714531,311.9661309874372,105
1406000,-437151.5726349645,310.28514578730153,105
1407000,-437658.5341153892,312.48531540852014,105
1408000,-437986.171451875,312.2001876534672,105
1409000,-436963.83518207096,313.6401306267413,105
1410000,-438136.4577907955,312.82725515955656,105
1411000,-436589.2867165166,311.17809348182533,105
1412000,-437306.8168405576,312.148423087795,105
1413000,-438756.4299907312,312.24321871976355,105
1414000,-438392.860843132,313.47013659248154,105
1415000,-437864.5924277997,310.634324695982,105
1416000,-436901.4962980952,310.56359522962674,105
1417000,-438158.5367746162,314.24199620841887,105
1418000,-438219.6762948502,312.39246691887433,105
1419000,-437521.8314128944,312.39379850128995,105
1420000,-437862.9788064158,312.4202400495062,105
1421000,-437346.94535266096,313.87573668402285,105
1422000,-435996.8447025651,313.1113839410335,105
1423000,-437815.9584589971,313.2502349755519,105
1424000,-438005.81959031406,312.4457898542285,105
1425000,-436668.0236757037,313.53051330856,105
1426000,-437542.5635691278,315.11847076593375,105
1427000,-437012.1672087831,313.36336928352677,105
1428000,-437422.5522597048,310.0130332552859,105
1429000,-437930.2545694378,310.6632544075392,105
1430000,-436729.6418061219,312.18579280735,105
1431000,-437877.5624592644,311.6261029560971,105
1432000,-435834.4948899974,310.7311187158967,105
1433000,-437048.132476293,313.26653663986167,105
1434000,-436388.8076763649,312.58292663168476,105
1435000,-438353.37251712964,311.863640005479,105
1436000,-437579.5453490473,310.1362584462523,105
1437000,-436331.9433969734,313.43709631050336,105
1438000,-437268.89050399535,314.54949884114524,105
1439000,-437742.622393704,313.43325475950365,105
1440000,-436404.8841763064,311.74135862840745,105
1441000,-436946.8701512527,310.67583042270024,105
1442000,-438247.6005966079,312.7018109958587,105
1443000,-437567.09099234594,314.9435845092757,105
1444000,-437648.5006773968,313.8346823964802,105
1445000,-436858.87957983953,312.07955178728895,105
1446000,-438430.6625533784,313.20070937817434,105
1447000,-438276.5330853739,309.7766418322962,105
1448000,-438442.7641178402,314.43391529717377,105
1449000,-437842.6306952166,310.6401900752198,105
1450000,-438567.22719918704,310.9360794585686,105
1451000,-437183.4512400308,311.3825235016594,105
1452000,-438003.1004172468,316.0104673960035,105
1453000,-437758.1744389294,312.17399576272635,105
1454000,-439236.28527228,310.0501950266206,105
1455000,-438230.7888761838,311.7430342057214,105
1456000,-436739.6974826355,309.5984885251538,105
1457000,-436579.82830778207,309.5839605616949,105
1458000,-437812.6393522178,311.08714180660536,105
1459000,-437935.30088199745,311.0450454060049,105
1460000,-438077.08291655267,312.0766299593223,105
1461000,-437406.47986419033,313.5937888831863,105
1462000,-437437.7441631756,309.6851444754199,105
1463000,-436568.71873190394,311.6200214886612,105
1464000,-436682.4055880022,313.01396675279557,105
1465000,-438449.0680878849,311.2489929124011,105
1466000,-437562.4018368693,311.3191975293048,105
1467000,-438266.27363578463,312.65925237821364,105
1468000,-438192.7806636514,312.6315583271693,105
1469000,-436526.75636770856,312.26820020000883,105
1470000,-438692.81341526564,312.45289737543675,105
1471000,-437926.8134408714,313.0375564305933,105
1472000,-436533.0684545825,311.70504112748785,105
1473000,-437265.9390715698,312.03196451537264,105
1474000,-436480.51437225845,315.12220885410625,105
1475000,-436863.5409276497,311.90733194380135,105
1476000,-436615.57065101503,312.3102785908584,105
1477000,-436897.7447082882,312.4103321184351,105
1478000,-437292.51995407767,313.06308514123,105
1479000,-436319.7448068068,312.34515019251546,105
1480000,-437334.3309411064,311.05880889643197,105
1481000,-437559.74165618606,313.15346759304316,105
1482000,-437455.6409765675,311.4837625526028,105
1483000,-437810.22919053934,314.163353240234,105
1484000,-436571.35333369765,312.6745853879156,105
1485000,-436752.4022071862,312.37902349387105,105
1486000,-437052.11092223343,312.8552331163996,105
1487000,-437582.8652785553,310.70012745973474,105
1488000,-437884.4766779449,310.9467911355355,105
1489000,-436800.14219041215,310.6873772238632,105
1490000,-437596.5064592208,311.3757843667709,105
1491000,-437708.8473926503,311.3421349205279,105
1492000,-436638.5979140946,312.0663475370291,105
1493000,-437789.1205880486,313.2769083588037,105
1494000,-436596.76650181925,311.3655404381717,105
1495000,-437416.01428072946,314.1664940207702,105
1496000,-437050.0098911105,309.63873896589024,105
1497000,-437968.12123384536,312.8013340711693,105
1498000,-436122.34113720455,308.7131557915441,105
1499000,-438472.5637560161,314.7408754668921,105
1500000,-437076.3851180624,312.8949672740761,105
1501000,-437746.8668064291,314.51561835867835,105
1502000,-438403.3862157073,312.03548903637005,105
1503000,-438765.7158623636,311.9959135680163,105
1504000,-437097.8986984927,310.24309409407346,105
1505000,-437136.10062962305,310.81097105296124,105
1506000,-437617.94071610924,310.5544714675614,105
1507000,-437747.2870674399,312.2544459759874,105
1508000,-437850.07225457625,312.55382920809,105
1509000,-437173.18418108625,309.99675577398915,105
1510000,-437131.60718032904,312.02451584201896,105
1511000,-437640.2663462779,311.94576819683425,105
1512000,-438193.4640983464,311.30480460160993,105
1513000,-437401.5360077324,313.11138535551703,105
1514000,-437418.6402518267,312.1346334060991,105
1515000,-438492.15277240984,309.65509214594,105
1516000,-437710.4646693822,311.5843725026584,105
1517000,-437902.5905589566,311.87447213347065,105
1518000,-438875.37328779604,311.17012531726493,105
1519000,-438564.7623353116,309.7758381370916,105
1520000,-438593.8246783174,312.16728695139176,105
1521000,-438177.0258090191,313.2626508278246,105
1522000,-437501.5360915479,311.39422171816204,105
1523000,-437269.68772029015,312.64262828533583,105
1524000,-437905.3727091963,310.0631659727325,105
1525000,-438277.41673052823,314.2903028385909,105
1526000,-437995.17243125825,312.2856605996715,105
1527000,-436606.37223968864,314.42947952770686,105
1528000,-438054.6438672042,311.0781747943074,105
1529000,-438585.82700374094,313.09736305828034,105
1530000,-436567.74166721315,311.61504289742464,105
1531000,-436905.8150183433,311.5440742160561,105
1532000,-438024.98711292003,314.70346289996155,105
1533000,-439074.380644629,314.6353518093036,105
1534000,-437857.6737500245,312.3055224882389,105
1535000,-436967.5380552113,310.6582763780041,105
1536000,-438230.830100694,312.49734487416583,105
1537000,-437090.373197736,312.10586796365635,105
1538000,-437557.70500513096,312.81266906106555,105
1539000,-437520.0663926543,315.1234982954989,105
1540000,-438586.97618749645,313.4723499665756,105
1541000,-437015.4982361989,313.0764819878687,105
1542000,-438102.7542403969,310.33253974388583,105
1543000,-438508.76738383994,312.6479236184726,105
1544000,-436616.1322947992,313.76211304240275,105
1545000,-437063.56156505714,311.74426172700976,105
1546000,-439334.6890247734,311.0733883908224,105
1547000,-438116.69652026915,314.1300995843365,105
1548000,-438442.86385928234,309.85055304462065,105
1549000,-437695.2373266814,313.478375827969,105
1550000,-438131.51522253035,311.1933608705846,105
1551000,-436788.25260929577,309.4051733251599,105
1552000,-437227.8393239123,309.78288971508533,105
1553000,-437354.5847273702,310.10017043619837,105
1554000,-436118.61417810083,312.904166633988,105
1555000,-437188.23438086174,311.55467413076957,105
1556000,-437755.9568680525,310.2353561958442,105
1557000,-437244.22803144716,312.0370941024806,105
1558000,-437646.59703903017,309.8255062171013,105
1559000,-437835.7817884148,310.8195832583322,105
1560000,-437884.04711339786,311.99693698937716,105
1561000,-437108.1410230538,313.3890074342354,105
1562000,-437473.9016376904,313.30731399255046,105
1563000,-437878.0973364534,311.7077347541133,105
1564000,-437174.08450270793,311.0992976103465,105
1565000,-436568.5358534928,312.680310077829,105
1566000,-437238.3507458961,313.3656253685964,105
1567000,-437304.3171645466,312.6104097650231,105
1568000,-438335.17712128675,310.30412480805427,105
1569000,-436106.61515724426,311.0809360999611,105
1570000,-437797.24108021567,313.156367337096,105
1571000,-436846.74386068573,311.82568831206675,105
1572000,-438286.2367269022,311.48681759268254,105
1573000,-437347.1827588279,310.4446773649824,105
1574000,-438063.28009792697,311.86732056870795,105
1575000,-437371.7401905989,308.26328785215225,105
1576000,-438183.0837414055,310.85677102674066,105
1577000,-437991.94381642574,309.97190187903027,105
1578000,-438611.7359927993,312.7225882402668,105
1579000,-436519.34440386854,311.05644650567484,105
1580000,-437389.33985064016,311.5918797153478,105
1581000,-438488.12541519804,313.609736595521,105
1582000,-437510.3570934911,313.2407190879894,105
1583000,-438019.0193453666,313.93517310346624,105
1584000,-436792.1834403919,312.0744549435437,105
1585000,-439176.23956061713,314.2148253830261,105
1586000,-437072.45347762713,310.9984323889776,105
1587000,-437537.46501270006,312.1487157062383,105
1588000,-436959.2046070907,313.6276984932478,105
1589000,-436913.1748367364,312.73498973395505,105
1590000,-436330.4313312541,311.1658327010744,105
1591000,-436907.50120344316,311.17553976663453,105
1592000,-438032.1864751361,310.09830149561566,105
1593000,-438061.98070809734,312.4279027902773,105
1594000,-437827.71066272794,311.8486271221804,105
1595000,-436971.212499944,312.0828637550169,105
1596000,-437243.5840213483,310.39281355305747,105
1597000,-438277.27452783193,312.5595961935462,105
1598000,-437668.48234330607,312.5832368468922,105
1599000,-438451.745381644,312.0200803986236,105
1600000,-437768.05890034116,311.244650483097,105
