#"Step","Potential Energy (kJ/mole)","Temperature (K)","Speed (ns/day)"
1000,-376753.53898217366,311.7054834750466,0
2000,-383902.8557959134,311.81910409761224,113
3000,-386927.02982324245,313.6520792728994,113
4000,-390490.185055987,311.83589070935903,113
5000,-393095.0912482061,313.57316169712624,112
6000,-395584.8333071857,311.696807841676,112
7000,-395996.5536022142,311.7147160076515,112
8000,-396100.04118166794,313.17541073893034,112
9000,-398284.53356387396,308.6008824834937,112
10000,-399077.41464833426,311.7264926661764,111
11000,-399064.63945714384,310.6857112741255,111
12000,-399646.6128206556,311.0516635585928,111
13000,-400540.0289009514,313.5188424606296,111
14000,-400464.61812917795,314.43491948389004,111
15000,-401110.1435465105,313.4166925579968,111
16000,-399180.77362174843,311.77467136288885,111
17000,-401598.9107408507,311.8145250929003,111
18000,-401703.01215953403,309.959718374574,111
19000,-404059.0266942028,310.1540763528916,111
20000,-401630.22286216076,313.81462792505727,111
21000,-403316.57904470013,310.55283763320483,111
22000,-403230.0559065223,314.46663182789774,111
23000,-403415.577209495,313.4671511823118,111
24000,-404871.9626006859,310.63128347392717,111
25000,-405022.2002377005,312.26891763543614,111
26000,-405294.58258288284,310.3115084256975,111
27000,-406880.29351132177,314.14443797583004,111
28000,-405934.27413762803,314.36738737055214,111
29000,-408115.9306421557,312.0141340201354,111
30000,-407620.32628904213,311.52739017264287,111
31000,-408565.76411103224,312.7828688433698,110
32000,-410106.2075122872,312.43995701094127,110
33000,-409400.3311590012,312.20147726688487,110
34000,-409857.677348488,312.7215516259312,110
35000,-411529.0395367618,312.2106673203315,110
36000,-412990.0625941898,312.36041895146695,110
37000,-413215.9849384511,311.64915012599437,110
38000,-413457.18283831794,312.29049691971767,110
39000,-414763.4686230738,312.3230585306704,110
40000,-414295.8133635833,308.96274472691886,110
41000,-413787.57406048523,315.1288084494911,110
42000,-416209.2471118674,313.8963569342914,110
43000,-415116.7750186648,312.04328577703944,110
44000,-414457.85399253457,312.3119452363593,110
45000,-417031.09056913364,311.3703483073087,110
46000,-416185.8367210685,311.50510470112437,110
47000,-417864.9041733821,313.0688053752072,109
48000,-416457.15419726423,312.82073531640305,109
49000,-417218.2414307357,311.84332076039254,109
50000,-417765.5302227866,312.6610525348162,109
51000,-418022.65789266233,311.5149587090545,109
52000,-417631.0305391655,314.2374650494158,109
53000,-418902.7618646198,316.034566904497,109
54000,-418242.45305893756,314.21326019383764,109
55000,-419669.79050776013,312.38553617657567,109
56000,-419979.97294632695,310.2553568993337,109
57000,-418422.1552312083,312.8102060102758,109
58000,-419270.3010286004,311.48592725855775,109
59000,-419697.49827921623,310.8523374683415,109
60000,-419943.3712605254,314.4557083422196,108
61000,-421165.9955070859,312.302874904099,108
62000,-420769.3048943775,313.6714206567675,108
63000,-421383.0774131948,311.5434520121045,108
64000,-421163.23901182506,312.6703433608792,108
65000,-421757.4016696331,311.86830184524126,108
66000,-421999.8321024482,311.91540219005975,108
67000,-421789.8914584634,311.3897185723277,108
68000,-422824.9780055259,313.29452912736787,108
69000,-422941.50694108545,309.9635427423469,108
70000,-422358.4931507085,311.664218433406,108
71000,-422263.7891158224,311.5504284674566,108
72000,-422410.15200684615,311.631587274339,108
73000,-422813.9918686545,312.08779052969425,108
74000,-422849.50509801717,313.0827145148944,108
75000,-423236.52537019365,312.3492005320108,108
76000,-422885.2014931007,311.6285526150116,108
77000,-423326.5532748399,311.34365918599764,108
78000,-424781.12926321174,312.4380717819569,108
79000,-422911.3383751961,308.0007308775025,108
80000,-424145.44533100957,313.99239322765135,108
81000,-424590.38555173646,312.74765667318286,108
82000,-423415.81264133635,313.7985695163991,108
83000,-423810.49229884986,315.6187283830585,108
84000,-425427.83733083657,312.1089303795467,107
85000,-425128.5677017106,315.33531997768824,107
86000,-425722.48710356094,312.5824578422271,107
87000,-425954.7018845796,309.72284288252723,107
88000,-426393.3760925939,312.03254068125926,107
89000,-425380.0926243251,311.2203745409895,107
90000,-425737.0539012463,313.3786584064098,107
91000,-424519.1982056934,316.9032631901007,107
92000,-426009.7510394559,312.3354560527604,107
93000,-426062.3228197354,313.30124517451645,107
94000,-426824.97332823416,310.9634184422219,107
95000,-425906.8279400829,310.5884173826921,107
96000,-427105.03432771354,311.135990710446,107
97000,-426376.4872068465,313.5326183074002,107
98000,-428034.9096816585,313.48919655137684,107
99000,-426225.16110520484,310.8177198020021,107
100000,-427415.2769076573,309.8809864126545,107
101000,-427294.94831778225,310.26326098900716,107
102000,-427601.8505646477,312.69697167387676,107
103000,-426983.1546797056,310.1091040763513,107
104000,-427834.57271850854,311.2171869604433,107
105000,-427276.1345936742,312.71563361733473,107
106000,-427985.6548274986,311.2188526561279,107
107000,-428345.2303127446,311.77770835805734,107
108000,-428083.01573396754,312.0057867364943,107
109000,-427943.35109685804,314.2612417478732,107
110000,-426972.4349080187,313.6683677392844,107
111000,-428569.067170772,310.2032653564503,107
112000,-428338.93690398335,313.153099108481,107
113000,-427772.1106065172,313.025057231591,107
114000,-428786.1425012003,314.76536607462435,107
115000,-428405.8372127074,314.27493745637173,107
116000,-429517.76763824094,310.8405830605545,107
117000,-427175.5471309037,314.1322129275589,107
118000,-427383.1943754349,312.9638173452832,107
119000,-427160.59508095076,312.8645887750833,107
120000,-428713.3273537643,310.18003847220814,107
121000,-427917.99307261757,314.14584107152155,107
122000,-427830.51579133887,310.6200560617495,107
123000,-428915.01460269187,313.01252637051664,107
124000,-430182.55538603105,314.0782816585643,107
125000,-428396.1348794389,312.99874545964775,107
126000,-430199.25780027173,313.0631625752172,107
127000,-429257.8741239018,309.16738046744337,107
128000,-430118.2161448854,311.16451255266037,107
129000,-430613.1981069718,313.69636039090506,107
130000,-428231.5688957656,312.73917171457816,107
131000,-430270.57392780576,314.1600544441418,107
132000,-429493.0813398382,312.0775778743634,107
133000,-430676.10895198584,314.4220272251484,107
134000,-429605.5574665419,311.2164740458539,107
135000,-428411.5073895899,313.9225444349032,107
136000,-428339.11091784714,312.23732449073674,106
137000,-429674.16175579117,312.2900702325754,106
138000,-429837.33222285076,309.26412991793444,106
139000,-430973.7162099178,312.26204027001586,106
140000,-430808.4206936902,309.2844258107045,106
141000,-430461.16689524613,311.29837167929355,106
142000,-429136.06069052126,312.67740770187316,106
143000,-430332.6283138031,312.37275858734375,106
144000,-429526.756052315,312.0638848820291,106
145000,-430785.13960088394,310.6259519923132,106
146000,-430248.1554472174,311.72561633959504,106
147000,-430340.19879335817,313.594785426335,106
148000,-430264.94720688625,311.5270109109055,106
149000,-431131.67210715986,311.86258048270065,106
150000,-430275.60978536983,311.74083376311125,106
151000,-431111.8189517765,310.37841699503167,106
152000,-430615.68393619754,314.1961075542002,106
153000,-430748.6264060219,314.2451764289712,106
154000,-431384.39902350586,310.53777258607596,106
155000,-430683.7317434447,309.44663160443474,106
156000,-431600.6611596949,311.63818584624664,106
157000,-431407.3927157137,312.03451065392744,106
158000,-431781.4169738509,313.05887585959533,106
159000,-430478.8825547483,310.07854899420914,106
160000,-430134.5100402483,313.9024519458615,106
161000,-431568.55053344206,310.39625140730425,106
162000,-430786.2322101721,311.3095335351136,106
163000,-430535.01482859114,312.39487816747334,106
164000,-431567.42818830046,309.5989279620327,106
165000,-432807.2247160054,313.8188053799756,106
166000,-431023.19121694844,314.1395574528924,106
167000,-432623.6542909376,312.84422082493245,106
168000,-431875.34693431994,310.7235449765952,106
169000,-431214.5400610191,311.81532099593824,106
170000,-432463.7506277354,310.84539673338946,106
171000,-431559.4104566651,310.67228655997894,106
172000,-432270.8297811453,312.9734393493344,106
173000,-432095.48960585357,312.11344990552516,106
174000,-431761.44331216766,310.7496101478197,106
175000,-431395.61280421773,313.03936493877274,106
176000,-431506.67599103134,314.5936200197701,106
177000,-432527.2501033405,311.9152929228517,106
178000,-432120.46554264287,312.31383168419933,106
179000,-433381.7425983236,313.3919840486323,106
180000,-432616.9067234497,312.5515820208029,106
181000,-432077.248622759,309.6393780578901,106
182000,-430502.1825014651,311.94483134698356,106
183000,-431758.4903482599,310.8144104245575,106
184000,-431794.16751346155,312.2793360490708,106
185000,-432315.9714722326,312.6002981184527,106
186000,-431736.7050605153,314.5377044790192,106
187000,-433257.8830815356,311.5332008812168,106
188000,-432566.24752720376,310.28954687244976,106
189000,-431344.23494370445,313.1976553107489,106
190000,-432939.3704638793,311.2212109224229,106
191000,-432211.0698954882,315.6054274203585,106
192000,-433201.30442451616,316.1882574732791,106
193000,-433343.06518203416,311.69266056611025,106
194000,-432663.67735802126,311.55093826669014,106
195000,-433941.8971118543,312.69161188453023,106
196000,-431808.8850131114,315.0082791152146,106
197000,-432584.70455637365,311.6313751592212,106
198000,-432160.2956231367,311.27507894822355,106
199000,-432195.5427285847,312.1104485392042,106
200000,-433345.7583195886,311.09204736297215,106
201000,-433153.7417487826,310.00240886028394,106
202000,-432871.161017203,312.72335919155375,106
203000,-432760.17601598357,314.52432072933226,106
204000,-432986.03178214445,310.4822750314197,106
205000,-432628.0611874289,313.3268119352103,106
206000,-432353.14505053754,312.423288230258,106
207000,-433004.13501307205,308.4439594331266,106
208000,-432132.10354584176,314.64021481727036,106
209000,-432586.180194458,313.3912627034469,106
210000,-433779.17105096765,310.88023493735085,106
211000,-432496.82965199766,309.50882780576234,106
212000,-433322.53593005706,309.5522043109541,106
213000,-433564.72692474024,312.8600513005388,106
214000,-433582.20681991614,310.4257069918337,106
215000,-433572.72553659114,312.9302789879136,106
216000,-433260.7539780771,312.097512596432,106
217000,-433279.0469850907,313.8924836475964,106
218000,-434292.1503552345,313.33206832239756,106
219000,-433516.6098466865,311.6119210448567,106
220000,-434009.2839821824,310.95868252082005,106
221000,-432279.09636840154,313.81815578338694,106
222000,-432971.69731856976,311.01775857539565,106
223000,-433919.5768877447,310.8772501423762,106
224000,-434037.19146112795,310.70186825838425,106
225000,-433084.67471955507,311.18886750741217,106
226000,-433019.1505048105,312.27427464801985,106
227000,-433523.6723059085,312.1344300224525,106
228000,-434440.89590331935,310.2140349192986,106
229000,-434099.30163289467,311.87253783201896,106
230000,-433661.5249450812,310.8988993616058,106
231000,-433818.5844744323,311.224575030127,106
232000,-433467.2073731292,311.7112240652942,106
233000,-433309.44148190203,312.17709799602795,106
234000,-433719.7993842745,312.94340970627104,106
235000,-432895.6249161686,309.9691051223452,106
236000,-433511.7159726224,311.983967962182,106
237000,-433941.28112821677,314.3704979657699,106
238000,-434108.1218662278,312.04318860861025,106
239000,-434738.9523246391,313.29973228949467,106
240000,-433820.071344967,310.7622811366602,106
241000,-433027.43580055144,312.9050760583347,106
242000,-433102.99907112215,309.7488503336291,106
243000,-434322.7898126773,314.47966487052986,106
244000,-433692.9620847355,314.99798507557733,106
245000,-433437.17764285766,310.25600335311486,106
246000,-434478.7303885354,311.052071886887,106
247000,-433883.56004593405,309.8658317704004,106
248000,-433770.98339378624,311.22914769125833,106
249000,-434448.0693738656,311.6570334918505,106
250000,-434246.30355921295,311.6759439492602,106
251000,-434799.0412464498,312.17691562522214,106
252000,-434269.6350466197,312.32251368205107,106
253000,-433825.360137298,312.4655613395725,106
254000,-435404.79228021274,312.5506043859462,106
255000,-434232.9672341859,315.57565674898154,106
256000,-433874.99548873096,312.53671284110254,106
257000,-434272.79312069365,308.87593980673233,106
258000,-433407.6041304625,312.7545750029284,106
259000,-433103.02789293067,312.29954712257097,106
260000,-434000.4367675658,313.56254728828617,106
261000,-433618.4742025286,311.30849269444457,106
262000,-433804.6900999206,312.1225710906159,106
263000,-434696.25095928996,313.5629123535072,106
264000,-434017.91120356624,311.0112184885333,106
265000,-434298.86865197495,311.9535639082131,106
266000,-433980.8667804394,311.78108117761786,106
267000,-434815.7417743909,311.15527007495166,106
268000,-434138.72062631045,314.577849252325,106
269000,-434336.8249251051,310.62556291092375,106
270000,-434911.9298981854,310.43259931912814,106
271000,-433840.3900142582,312.5793521454569,106
272000,-433459.5822831285,311.20831259745717,106
273000,-434396.5059033984,313.5394523103272,106
274000,-433934.86472176225,311.3109729769581,106
275000,-434536.4930510507,311.13228076234236,106
276000,-434267.1591917649,315.2463397965062,106
277000,-435139.87511199736,309.7269116314427,106
278000,-433319.4823452912,311.5612620316203,106
279000,-433786.1962563256,310.52796780019514,106
280000,-435110.3210404138,311.09398405177103,106
281000,-434650.17115136236,312.1288631031944,106
282000,-434682.1081816072,315.7050090229951,106
283000,-435084.18737828825,311.09624870958635,106
284000,-434904.05761427013,311.4027716174908,106
285000,-434009.6336200277,313.19398400787367,106
286000,-435089.8624520744,310.07227355544603,106
287000,-434531.9603529221,313.5198128447268,106
288000,-435427.1270750745,312.6039399781453,106
289000,-435158.58983392734,309.8071459109578,106
290000,-434985.98128400533,312.2424443572724,106
291000,-435486.1112022302,312.56042421379624,106
292000,-435275.58218869544,312.62797088176274,106
293000,-435915.4224678397,311.20446417717363,106
294000,-433155.4082697993,313.23118493666306,106
295000,-433775.88039367227,310.3522429777104,106
296000,-435339.0435701923,311.59805168343587,106
297000,-435544.04392284877,313.6495237052719,106
298000,-435037.7614556225,313.1309468513749,106
299000,-434490.404818201,313.8806890254077,106
300000,-435045.7415134127,309.3999946317567,106
301000,-436031.94824871654,314.0024718832547,106
302000,-434076.91892933426,311.6594450452192,106
303000,-434630.046733371,311.9215196191729,106
304000,-433910.8980926657,310.8371106984115,106
305000,-434929.30226120027,312.88295537727095,106
306000,-434378.7812880494,312.91925019433694,106
307000,-434607.0994281031,314.916296739005,106
308000,-434291.5006346719,310.6155553531485,106
309000,-434809.6204590744,314.85694574405704,106
310000,-435070.5519650157,312.27290060460047,106
311000,-434473.3368279196,310.6245787469114,106
312000,-435894.28271119227,309.68251025314567,106
313000,-434780.687287356,312.30463797462346,106
314000,-434480.11598673277,312.7962412855578,106
315000,-434858.14065154805,312.22944053224376,106
316000,-434660.40205380484,311.7533225859331,106
317000,-434718.2003895743,310.7064415376149,106
318000,-434943.53700056206,310.80672392537605,106
319000,-434598.33166968776,314.06538982122044,106
320000,-434234.97189675295,310.65765655690234,105
321000,-434099.27844849485,314.0691480479517,105
322000,-435813.2968252625,312.17693415201813,105
323000,-434372.9831617994,313.91713251831527,105
324000,-433422.6303404253,311.99756691756727,105
325000,-434149.29591340246,313.1571878403943,105
326000,-435974.71844631294,314.0725877742372,105
327000,-434709.8552789553,313.975264672573,105
328000,-433787.5804378255,310.2511949680948,105
329000,-434543.3120415851,313.17212188278927,105
330000,-435795.60937305796,312.93625470071015,105
331000,-436047.4872754535,312.507324659062,105
332000,-433591.75419196,311.0614198664468,105
333000,-434713.7415222989,312.81098664356267,105
334000,-435627.65119333565,314.7654858618056,105
335000,-433902.795788134,313.77631100122113,105
336000,-433912.2582977009,313.1245238420816,105
337000,-433858.2866987034,311.3871573104694,105
338000,-434693.50712764007,312.07500089489656,105
339000,-434880.36029243097,310.61849817659385,105
340000,-435696.83373847976,313.0270600518762,105
341000,-436216.4226423544,311.6232879424238,105
342000,-434677.7817458629,310.43984490706663,105
343000,-435587.1804151377,310.83172278074755,105
344000,-434517.01565449196,313.5881244576206,105
345000,-435036.3815962854,311.6739845589997,105
346000,-433503.7866375996,311.41472407741,105
347000,-435919.67214395246,312.24173393298867,105
348000,-435037.21646920475,315.399329609805,105
349000,-435145.3448161811,313.09644908473103,105
350000,-435857.45475683664,313.27006576326306,105
351000,-433964.5221651441,310.8674061835461,105
352000,-434777.46687994455,309.8309881762077,105
353000,-435462.15610052575,311.2520861068717,105
354000,-433820.0057194284,309.0490794934383,105
355000,-434127.1792698731,311.82900324183413,105
356000,-434759.0467225723,310.4929090069725,105
357000,-434361.53452506126,312.3003126520419,105
358000,-434617.2109007649,311.07290736384914,105
359000,-435666.54811979854,311.36645597574,105
360000,-435875.39371628547,310.1886165231796,105
361000,-435225.00362124667,314.00472034110805,105
362000,-435282.17596101505,311.39351676913725,105
363000,-433875.90652780887,313.61518080185516,105
364000,-433330.1175343117,318.4719991670623,105
365000,-434558.8646074431,312.54841235969235,105
366000,-435059.2727300727,311.37482133751905,105
367000,-435466.9564647067,311.9332981769171,105
368000,-433855.4690658392,309.82528866442084,105
369000,-435044.81006929465,312.20343276725225,105
370000,-435611.01839204156,310.88171906074564,105
371000,-434547.09932193626,313.6314591383969,105
372000,-435267.03576240945,311.1541777994265,105
373000,-435518.4126551454,313.3827148818086,105
374000,-435071.0182024869,309.03619334949184,105
375000,-435983.4838109985,314.192558705558,105
376000,-434276.4929327653,312.5401909505703,105
377000,-434900.9566576048,312.55968469860255,105
378000,-435131.3272464818,313.1594296345125,105
379000,-434544.081859868,312.48106031758346,105
380000,-434897.91170213534,313.0252826887773,105
381000,-434884.13305507274,311.7169641095752,105
382000,-434950.571686496,314.8052105065106,105
383000,-435639.26937938225,311.7166887900907,105
384000,-435487.13569119945,312.302674947227,105
385000,-436141.94113509613,312.5616483388425,105
386000,-435651.6769423003,311.56941613871084,105
387000,-435451.75470842957,311.258097816588,105
388000,-434779.73794616107,313.52750488481615,105
389000,-436177.25092046196,312.2410879353317,105
390000,-433765.64213039493,313.22553560742216,105
391000,-435176.64175623935,309.97316365231546,105
392000,-434457.00291139423,312.4544618901354,105
393000,-434856.08197156363,309.433834977059,105
394000,-436673.0661593769,312.2345972804127,105
395000,-435465.06216608244,314.34682755759775,105
396000,-435066.41307018953,312.4305597603845,105
397000,-436276.60481421486,312.56911006613194,105
398000,-436179.89377710014,312.47553342661485,105
399000,-435608.3215109876,312.38839190204646,105
400000,-435260.37904606666,310.4218616857726,105
401000,-435694.2279466421,308.6168238599234,105
402000,-436415.0938391348,308.83726489322913,105
403000,-436199.1765555104,314.5871502894678,105
404000,-434939.76756534795,311.9193749545392,105
405000,-435994.11326185777,311.30224588527693,105
406000,-436613.6405293206,311.30888986979215,105
407000,-435794.09055897105,309.4881511760133,105
408000,-435168.4460661323,314.0982976960653,105
409000,-436022.9207139353,309.80696570597104,105
410000,-435967.260547929,312.15715088978334,105
411000,-434414.1878726727,311.7577066612168,105
412000,-435286.86515313643,314.26351147962407,105
413000,-435575.1738007923,310.6868987589288,105
414000,-435585.53063172055,310.9077467529227,105
415000,-435287.8252053808,312.4877058281017,105
416000,-435354.42195959156,312.89905778189524,105
417000,-433742.33874208876,311.78123133990664,105
418000,-435169.95444232714,312.22806371622414,105
419000,-435353.56288307393,313.48383599753396,105
420000,-435302.49632079503,308.1695779519184,105
421000,-436053.56638345006,310.4689758942705,105
422000,-436300.35351463174,311.14222722163277,105
423000,-435464.35781115387,311.06438228770753,105
424000,-435322.51476410916,312.30010268748475,105
425000,-434847.17850434035,310.7959937832711,105
426000,-436118.59077807236,313.8074305258671,105
427000,-434970.5793830927,312.2794537213762,105
428000,-436232.4978341905,308.8809597088975,105
429000,-435234.58979524043,311.1176630720979,105
430000,-435610.18582996796,311.18008098445245,105
431000,-435031.79897641274,311.51220448079874,105
432000,-436168.9955037208,313.09885605416156,105
433000,-436013.23145915964,310.9598639427336,105
434000,-435687.8738180073,313.38316142475736,105
435000,-435706.0742606807,315.83442489916825,105
436000,-435791.8338316772,310.54501709712986,105
437000,-434350.5543902777,312.5344264060202,105
438000,-437467.19704645127,311.6347740301245,105
439000,-435025.73507397133,313.42239477787723,105
440000,-433796.97111874283,312.9435861332566,105
441000,-433952.615525238,311.0654568454875,105
442000,-435146.6451029866,311.64197446790484,105
443000,-436028.6115166256,308.9020393882456,105
444000,-434795.69733877154,313.855238520989,105
445000,-434145.04899858613,313.94373681768894,105
446000,-434789.94028338394,310.97269558831783,105
447000,-435220.3180895485,313.2172803709726,105
448000,-434740.623175086,311.0058438048006,105
449000,-435980.5803546419,310.14569842960077,105
450000,-434698.462496205,313.6522981243071,105
451000,-435559.36924645584,310.7358257790699,105
452000,-435994.09077463835,313.7683813656071,105
453000,-435898.8413890342,311.3953879223753,105
454000,-435744.60892192274,311.79902265679783,105
455000,-435492.8409763258,310.60327827117953,105
456000,-436122.47997076367,314.9516167539121,105
457000,-435278.1335651106,311.4155014234242,105
458000,-435585.4845832477,312.16903120919375,105
459000,-435891.5447950063,310.9674532070338,105
460000,-437133.5161172589,310.852266207474,105
461000,-436392.6395928266,310.32321502184,105
462000,-436602.9728402274,310.9845135515958,105
463000,-435228.4582693032,311.21883277480464,105
464000,-436120.2225632316,312.44698612328835,105
465000,-435831.55295949033,313.2756585991064,105
466000,-436354.1740909186,311.0179564879415,105
467000,-436216.9686533371,314.68745849623735,105
468000,-436806.20730416384,314.46036565101065,105
469000,-435912.1283333928,311.2784918270266,105
470000,-436393.65696923295,311.99693425529483,105
471000,-433531.44537237124,311.16522694814626,105
472000,-435789.2705180871,309.1859545740279,105
473000,-435368.21163555305,309.35169974596374,105
474000,-435937.025296737,313.51400517786317,105
475000,-435950.5418369847,312.71936050298035,105
476000,-436490.08330695983,309.39492140316275,105
477000,-435062.69921828737,310.78094699535995,105
478000,-435251.68127971515,311.6148347243805,105
479000,-434806.83661228,311.00820481926166,105
480000,-435022.8478717117,311.7545169729292,105
481000,-435664.4128779848,313.37118605568213,105
482000,-435951.713665921,311.2666189669474,105
483000,-435896.6903478629,315.13349999680867,105
484000,-435518.52653910825,311.3392775695571,105
485000,-435026.0015147787,311.09918290128866,105
486000,-436412.17529687635,312.0839808853881,105
487000,-436484.27984496043,311.4953045117445,105
488000,-434378.0712850923,312.5768819988743,105
489000,-435587.06537183956,308.54139356668685,105
490000,-436651.7264567581,311.7405240530077,105
491000,-437195.1849918978,311.8278390027718,105
492000,-435378.47007383546,314.32210515748415,105
493000,-436199.5203665802,310.69785214440964,105
494000,-436675.6695672071,311.621290220507,105
495000,-435395.6414152952,311.86541864557586,105
496000,-435217.6612841259,311.01690577156916,105
497000,-434948.81357154506,311.35479843323566,105
498000,-435008.4149477426,312.38366702511763,105
499000,-435340.552890721,314.3325596282175,105
500000,-437128.62460092804,312.11212579428144,105
501000,-434525.9107942302,311.27107377840804,105
502000,-435993.22473612265,313.22009388534445,105
503000,-434180.8644621009,313.2023232550083,105
504000,-434903.91797888256,313.99099494177153,105
505000,-434934.47909773723,312.13900472218495,105
506000,-436107.24285791814,313.1395522505054,105
507000,-436478.7001994755,312.2517285569802,105
508000,-435090.04801236535,312.3999330471634,105
509000,-435822.7680111744,311.0618116122728,105
510000,-434469.047553804,310.5674395027538,105
511000,-435809.9284536436,312.0580050404746,105
512000,-434793.9358011689,312.2141801342949,105
513000,-435642.0541579551,312.4620499033575,105
514000,-434502.9033234308,311.2609541094597,105
515000,-435789.7668086102,312.70364837383835,105
516000,-434667.0669461875,311.3055445967916,105
517000,-434774.57348245336,312.6649721636697,105
518000,-436032.5782085215,312.8586709786535,105
519000,-435597.33417025604,313.6049460774858,105
520000,-435293.5178304976,310.7135612322983,105
521000,-435233.4592099914,312.1616993625199,105
522000,-435455.31323185726,312.573246325085,105
523000,-435750.3136180423,313.4400479922357,105
524000,-436632.9413243383,310.2495764776275,105
525000,-435734.1408740645,311.449491488261,105
526000,-435864.30190265854,312.5585257039579,105
527000,-435408.5537295311,311.20461984415476,105
528000,-435412.6240027251,311.2281993375119,105
529000,-437315.69140662416,311.7331248497475,105
530000,-435683.1557619639,310.944275286895,105
531000,-435728.0074819871,310.9308279395379,105
532000,-435970.4446344571,311.92957653731725,105
533000,-435233.4853465699,312.74512376283303,105
534000,-435258.35581324436,313.94666982173,105
535000,-434815.44208231964,313.6322273446755,105
536000,-435196.7290320962,312.4039537173394,105
537000,-434996.26849300764,310.48464566913805,105
538000,-436201.38767268416,312.0426396211914,105
539000,-435427.7248980256,310.83289279090314,105
540000,-435499.841544013,310.0757754688386,105
541000,-436019.06028420874,312.2146305482992,105
542000,-436316.3220406964,313.520420870069,105
543000,-435485.11931611947,311.61302095188887,105
544000,-435758.16922310274,313.0723091378695,105
545000,-435803.750068591,312.993807702203,105
546000,-435696.0251082436,312.21534526568144,105
547000,-436228.7066094298,311.24378941516886,105
548000,-434692.5830143045,312.1325154340198,105
549000,-435503.59154318087,312.00992780800095,105
550000,-435002.86487170774,309.34838765022,105
551000,-435688.9195546892,312.2191744826039,105
552000,-434874.86970627867,313.02672214214067,105
553000,-435422.7687683229,309.7887723515845,105
554000,-436282.4101381509,312.2674951007811,105
555000,-434933.2752535071,308.75429491967725,105
556000,-434250.5023403964,311.0051025297767,105
557000,-435973.82957026386,313.89599879945507,105
558000,-434157.4544654505,314.26387791620846,105
559000,-435466.8586386815,311.20308050649,105
560000,-435638.03465596377,311.17686444301273,105
561000,-435254.1126433788,312.4692842172007,105
562000,-435792.3174499229,310.33861038437595,105
563000,-435940.50261971937,313.732175752548,105
564000,-436370.02370156953,311.91920241751166,105
565000,-435342.0296127796,312.13287808885764,105
566000,-434914.7051153495,311.98247505837924,105
567000,-435893.51123140124,310.1218765828491,105
568000,-436780.24505042145,311.8292231072439,105
569000,-436180.70920028933,311.6130935226767,105
570000,-435203.56312104827,311.98905720886796,105
571000,-434285.3423668959,312.5080874001535,105
572000,-435105.5634187539,310.7764349620605,105
573000,-433670.1266966555,311.2628428949015,105
574000,-435275.8019980807,314.29036005799105,105
575000,-435734.7100010405,310.5431470925695,105
576000,-434182.3404568017,311.4305603140877,105
577000,-435914.68178855395,313.0698431587029,105
578000,-435224.1712081735,314.3104560310585,105
579000,-435438.0589885642,311.17430793387007,105
580000,-436261.87766175903,311.7198350106637,105
581000,-437058.7113204913,313.6756735127546,105
582000,-436389.32767160586,310.734077408662,105
583000,-436972.1010967877,312.2429284702374,105
584000,-436005.1728021642,312.02722708573316,105
585000,-435508.7819102644,311.5533245371809,105
586000,-436224.22978021856,311.69234432035313,105
587000,-437230.59617864736,313.2346852284691,105
588000,-435848.50872977753,313.6523982818893,105
589000,-437851.3264194983,314.1404024506411,105
590000,-436575.38725069305,313.9114870570535,105
591000,-436027.5511160684,314.1658416167437,105
592000,-437255.42613036046,309.49478478933787,105
593000,-436844.5647797913,312.01088014010685,105
594000,-437075.32811408,312.269838715347,105
595000,-435626.5910228037,312.0810919952183,105
596000,-436437.5957994622,312.40167936148896,105
597000,-437027.5157326411,312.0314771537835,105
598000,-435564.6523899848,313.19366471103837,105
599000,-436382.83941844525,309.29078620518595,105
600000,-436142.36325274943,311.0984736228176,105
601000,-435916.71131324,312.3808490411681,105
602000,-436652.0906445752,311.7414446159146,105
603000,-435671.98418347514,311.30497521237936,105
604000,-435575.04082620237,315.22738483446193,105
605000,-436707.11884575756,311.8963196675459,105
606000,-435933.74546926236,311.7496285434369,105
607000,-437012.8856892409,310.96164546533765,105
608000,-436028.6419174527,310.3127479887322,105
609000,-435617.384376497,311.6190327458037,105
610000,-436436.88227797486,308.2058607484433,105
611000,-436525.2566665048,312.3786873166565,105
612000,-436511.18060868187,312.4867892806506,105
613000,-436510.5147740855,310.363316780493,105
614000,-435117.87796158344,312.5058768695893,105
615000,-436023.91450174525,311.43683148797413,105
616000,-435422.00747627974,311.08707929001633,105
617000,-435796.9234480981,312.03033157606575,105
618000,-436288.56248085527,310.89637295155006,105
619000,-436950.1463436764,309.27859473206615,105
620000,-436787.84791048407,310.2995353793778,105
621000,-435863.0029870402,311.2307683460557,105
622000,-436475.3002959676,311.5786676390067,105
623000,-436786.76423189114,308.9637660654176,105
624000,-435621.3588639633,312.09629054623815,105
625000,-436045.77503733756,312.06437872149144,105
626000,-437266.1808767845,311.13117176900084,105
627000,-436976.09716701554,314.33981264722377,105
628000,-437041.6485499949,312.3053729258588,105
629000,-436763.3686382999,311.54738014263216,105
630000,-436772.5422354771,311.39743356945314,105
631000,-437002.77649376215,310.2806243788134,105
632000,-437558.7115260209,312.3597615687667,105
633000,-436282.4836417674,312.4029265122477,105
634000,-435763.6678810753,311.4585646216213,105
635000,-436062.4093312954,314.43604360007004,105
636000,-436476.8184352822,312.2286265201859,105
637000,-437126.04925758415,310.171579346064,105
638000,-436235.609784286,312.33905621583585,105
639000,-436563.29418019135,309.3922470938474,105
640000,-436764.46059005824,311.2244293789628,105
641000,-436810.460134048,315.29950337532995,105
642000,-435351.1361906314,312.11696896922996,105
643000,-435215.59636826883,309.77882276774426,105
644000,-437194.88461520174,310.09445410624147,105
645000,-436259.3022286596,313.6491302690412,105
646000,-435874.03896739567,309.82481285465843,105
647000,-435884.90372882877,312.83564477870317,105
648000,-435993.1919316985,311.88778019544986,105
649000,-436293.5886966684,310.48268903005834,105
650000,-435299.505745396,312.49527022745315,105
651000,-436888.68840499735,308.6782695092715,105
652000,-436212.95779104857,312.74062234180104,105
653000,-435811.55187097006,312.0315645343641,105
654000,-436997.03990965337,309.62751574543347,105
655000,-436438.4771966068,311.0959548577867,105
656000,-436436.52681402094,309.17024622539094,105
657000,-437024.1539114672,310.5429384818663,105
658000,-436711.2716994537,312.69711002815177,105
659000,-437641.4707889876,313.6204723540513,105
660000,-436554.25146301324,310.09711809682807,105
661000,-435234.1472846952,313.32131403639755,105
662000,-436102.07125109085,310.64112271527586,105
663000,-436744.03745812434,311.3959261941769,105
664000,-437327.0055564712,312.66835363891664,105
665000,-436556.65070638806,307.4614485883059,105
666000,-435799.9294185466,311.69540657536834,105
667000,-435152.9227867278,312.02631250067276,105
668000,-436363.61065621185,314.4022701131991,105
669000,-435896.2865866956,310.96798386916413,105
670000,-436191.4032940895,310.16776358502625,105
671000,-435829.29674211354,313.12718828072116,105
672000,-436143.2307703991,310.93287736856433,105
673000,-435928.6012855177,310.76793024441866,105
674000,-436803.9168092171,313.07588901992864,105
675000,-436337.46535759605,310.7465701755253,105
676000,-437472.22390138404,310.65387071837966,105
677000,-436190.066619982,311.2820199754109,105
678000,-437862.4261017272,311.4574333966369,105
679000,-435633.8456219174,312.6678162796289,105
680000,-436202.67122166953,313.27298029000536,105
681000,-437575.3709160483,312.2700234269779,105
682000,-436082.18344045593,311.50113429355565,105
683000,-437835.26357543794,313.34927891263175,105
684000,-436645.8720739442,315.5365200785885,105
685000,-435024.64136078604,311.42023204298994,105
686000,-436137.40292440285,310.1421488850337,105
687000,-434763.51612730697,309.03979330181386,105
688000,-434425.0839247226,311.58146894560764,105
689000,-435614.1152389541,313.10693847715567,105
690000,-435618.41499614646,313.6382340368892,105
691000,-436191.7916445541,312.0858971643335,105
692000,-436629.84773144545,314.77775325020804,105
693000,-436682.3869293125,312.91027328384564,105
694000,-436935.83501194185,315.8718961593683,105
695000,-436576.09008373134,311.4662336709577,105
696000,-436671.6819211489,311.61862727932476,105
697000,-437073.0423521227,312.3115227261194,105
698000,-436871.560052352,314.93245958352793,105
699000,-438024.610961606,309.3756997656379,105
700000,-435841.5990137304,313.9220567239459,105
701000,-435688.0158423784,313.3029414617706,105
702000,-435439.2637643458,311.7155768737997,105
703000,-435994.8375265042,310.8643824181864,105
704000,-436030.8041567197,309.5038380029217,105
705000,-435870.59360750625,309.6639997900552,105
706000,-436055.84782023565,309.7276588647601,105
707000,-436719.9719703237,311.92052398845453,105
708000,-436134.29577743844,312.23020819917895,105
709000,-437085.38936817297,311.5168515399916,105
710000,-436448.78686691704,311.2183692014776,105
711000,-436924.3326420346,310.6899509232195,105
712000,-435689.22522507794,310.0399118429211,105
713000,-436907.527349564,313.6704109755169,105
714000,-436309.3135642542,311.17328829125466,105
715000,-435051.5323962085,311.18604264471014,105
716000,-435124.2181927853,310.90343884923215,105
717000,-436548.54439680907,312.31249006699284,105
718000,-436197.23307376774,312.534957717228,105
719000,-435288.5376445062,312.35047313775823,105
720000,-435656.7789524917,313.7646798246795,105
721000,-437031.0701823465,314.71218209430003,105
722000,-435732.7574461638,311.56592163343885,105
723000,-436086.3223788431,312.3360671892654,105
724000,-436244.1401681015,312.8433743663925,105
725000,-434945.4320547115,313.10692186135583,105
726000,-436109.2267125889,309.95473860470855,105
727000,-435376.5914558328,312.59463793512595,105
728000,-435836.67433702527,312.5820112940803,105
729000,-435867.3009752964,311.01124368967567,105
730000,-436839.93263330637,311.9155739752501,105
731000,-436286.9911264556,312.9436278028142,105
732000,-435705.28330517304,313.3719152278895,105
733000,-436000.335913043,312.5357829886055,105
734000,-435033.86413286766,311.0588933744564,105
735000,-436483.49942565104,310.085876263346,105
736000,-436294.3561574912,311.3722246663509,105
737000,-436189.8112122896,310.8542268906208,105
738000,-436206.5702583138,311.6792633626695,105
739000,-436514.90752811916,310.80038499714533,105
740000,-435895.1057172178,310.7157640597128,105
741000,-436526.44856901304,313.6639894123622,105
742000,-435344.86758921994,309.712757238454,105
743000,-436617.13002597936,310.5409447469317,105
744000,-437381.2655110562,311.29862365297095,105
745000,-436510.7576309345,311.9240312565588,105
746000,-435316.51145818364,311.3537629194174,105
747000,-436221.4617239544,312.20546629042843,105
748000,-435516.0569072531,308.89593826580034,105
749000,-435242.5071308259,311.90538695349824,105
750000,-435379.29635756393,314.0345000102915,105
751000,-436233.0880697996,311.68027791447776,105
752000,-436530.30689399154,309.1706144715892,105
753000,-435862.16540706437,312.0545343695499,105
754000,-435737.88345853006,311.9043989928629,105
755000,-437061.6889871985,315.65657178492756,105
756000,-436369.5822618967,311.66584053465465,105
757000,-435143.76583860675,310.6432116977497,105
758000,-436089.3082748526,315.61927960460906,105
759000,-436413.01740727155,311.927847654809,105
760000,-436098.6065195168,311.1117465165262,105
761000,-435783.37780520343,314.46009642861725,105
762000,-435141.489466137,311.36976199774233,105
763000,-436797.0636526351,312.45746666496194,105
764000,-437124.45885007293,311.4681104835391,105
765000,-437489.0323763308,314.2080982498319,105
766000,-437220.8938425579,313.4257621405753,105
767000,-436828.61077233474,311.615222756702,105
768000,-436798.18372827023,310.6177888038177,105
769000,-435605.01099070674,311.98115652550143,105
770000,-437472.4530992827,309.38981110719453,105
771000,-437245.4824729592,313.7493028287656,105
772000,-436460.3265133749,313.19793999782496,105
773000,-436753.33862469764,314.1519718611683,105
774000,-435986.6801133442,309.6185280797576,105
775000,-435380.2838751655,310.4172940853093,105
776000,-437118.2856663782,314.9979179370326,105
777000,-436155.1072032647,309.41465142721296,105
778000,-436242.96160173765,313.64565023802874,105
779000,-436622.51689006784,309.52006087330597,105
780000,-436864.1003268687,312.84404985725223,105
781000,-435930.2024655666,312.8700832603305,105
782000,-436324.8954510093,309.3515959919275,105
783000,-436183.77049162984,314.0109620974711,105
784000,-437555.93597099534,312.38406158537146,105
785000,-436039.1545888637,311.0797865587617,105
786000,-436823.07547655585,312.77307823454146,105
787000,-436405.5666489268,310.64985296568364,105
788000,-436631.3879690119,309.53099977299524,105
789000,-436710.180976626,312.81097055146296,105
790000,-436058.95473809494,311.109457988599,105
791000,-436879.28078429285,311.88092761073415,105
792000,-436944.2485111733,313.99882167314166,105
793000,-436728.1475868933,313.84556837728167,105
794000,-435058.2168046229,311.616727944917,105
795000,-435990.5830354332,310.8984286108445,105
796000,-436461.6335089598,311.03881877746426,105
797000,-437787.5618195513,313.8756555267002,105
798000,-437547.93942221976,313.20725920476343,105
799000,-436784.9424728721,310.8657106510285,105
800000,-435291.07080219965,313.20622807812043,105
801000,-436277.8858451189,313.06288235410665,105
802000,-437033.7771856589,311.26885677074125,105
803000,-436730.0051201654,312.5675924144594,105
804000,-436180.14325217577,312.37744052147406,105
805000,-436998.3465405507,311.39075730189256,105
806000,-436773.6710055729,311.0286187960775,105
807000,-437162.59020711784,312.9256121622119,105
808000,-436600.5109772426,312.10841711167893,105
809000,-436251.8493891191,310.2043616908687,105
810000,-435527.6652772683,312.08984540174856,105
811000,-436162.1886980692,310.9544765495471,105
812000,-437043.9655691639,312.02274397457296,105
813000,-436296.05367175373,310.1085993571659,105
814000,-437017.2438676148,312.0647935906658,105
815000,-436725.2925845366,312.4352649456052,105
816000,-435477.93145218096,309.98879110721697,105
817000,-436439.4353950133,308.89131450185505,105
818000,-437671.48207973945,311.94492593182736,105
819000,-436170.04856469156,314.04665668844535,105
820000,-436178.8863543689,310.9807624250357,105
821000,-436148.02227159054,314.0994164863937,105
822000,-436815.4474843687,311.202133288941,105
823000,-435493.2850018388,310.20057711024515,105
824000,-437222.42568102665,312.2843869328133,105
825000,-436714.7017799241,310.7515538032662,105
826000,-436645.65450736904,311.8938829823595,105
827000,-436711.7097976359,310.9378684731584,105
828000,-436904.88738967106,312.6143805061557,105
829000,-435298.2169449136,312.0103275486681,105
830000,-437490.3549275587,313.8199560019762,105
831000,-434960.80817641015,311.9532054872801,105
832000,-436487.313950069,310.9174030179251,105
833000,-436895.58537500794,308.69070448449986,105
834000,-436777.7345864377,309.0973794010824,105
835000,-435370.0930705485,311.07619086931487,105
836000,-436045.03356000874,311.71849128263784,105
837000,-435587.5679348381,312.8774159455945,105
838000,-436656.8012709811,312.55505093981594,105
839000,-435812.8851915158,313.7562226922261,105
840000,-435294.59300491866,314.9766563096135,105
841000,-435956.5428806278,312.71958406582394,105
842000,-435898.5391565936,315.2358861793433,105
843000,-436674.57826199755,310.8744096576845,105
844000,-436036.91771142953,310.0934386655035,105
845000,-436986.63017272507,312.7223467410322,105
846000,-436239.88972592587,311.91073693235995,105
847000,-437850.0328704093,312.8318421024756,105
848000,-436632.40791598917,311.64119387564875,105
849000,-436981.40388572356,313.7124368178944,105
850000,-437560.2770449165,309.16520534582435,105
851000,-436771.0414527841,309.14268725505417,105
852000,-436030.788041926,311.1322580049242,105
853000,-436760.98294656235,313.2571749461033,105
854000,-435498.83167501586,313.5330717182371,105
855000,-436464.2109418898,312.69299455295516,105
856000,-436389.784224869,312.16429185462886,105
857000,-437202.5833254375,312.06411580298607,105
858000,-435336.69980623643,314.4654349949032,105
859000,-435314.6152140354,312.7545658852904,105
860000,-438008.95401212573,313.2197475149355,105
861000,-436349.1449501619,311.57476446421566,105
862000,-436876.0781718893,313.9185587821065,105
863000,-437726.1635124895,311.5059228690827,105
864000,-435594.298648702,310.085246332556,105
865000,-435764.64057097933,313.5006029925329,105
866000,-437046.4683574573,312.90951479234593,105
867000,-436945.6772024757,311.8263119632793,105
868000,-437823.38385364204,311.9661675355728,105
869000,-436821.5177713793,310.2880758822222,105
870000,-436000.3511457988,310.1862584307609,105
871000,-436131.67906464473,310.7699218353028,105
872000,-436234.07872751215,311.5814619730145,105
873000,-436316.560157422,305.8848236578501,105
874000,-436280.6732212347,313.33092022306784,105
875000,-436770.2099078137,311.6279664181421,105
876000,-436723.547126157,310.2440235682568,105
877000,-436349.9245165712,309.1279475006784,105
878000,-436972.3936022206,308.4907248365282,105
879000,-436364.7605835595,311.41064520876654,105
880000,-436779.3575907217,309.2179109308385,105
881000,-436804.07887809514,310.5128336867585,105
882000,-436393.3385907868,311.03791091028495,105
883000,-436214.84607466613,313.17795960282047,105
884000,-436899.7870744341,310.58292719920235,105
885000,-436541.99080171715,311.44563036791124,105
886000,-437370.40011898684,308.2290343610822,105
887000,-435795.2322607741,312.4525035604989,105
888000,-436418.6017625618,312.51608472051527,105
889000,-436590.90742081567,313.47814254679224,105
890000,-436774.0752083841,311.7362115345824,105
891000,-437376.2275079547,313.69166736848626,105
892000,-436637.05572681595,312.3852343965828,105
893000,-437201.59522041073,309.57989662339685,105
894000,-437138.5960687755,313.8340179154169,105
895000,-436689.7261742237,312.1418495430354,105
896000,-437200.7978587039,312.89233472287066,105
897000,-436081.4924222566,310.95847811218994,105
898000,-436926.3293709764,311.73003584913977,105
899000,-436388.91581044556,310.6342543315566,105
900000,-437724.9582868102,312.70479933488105,105
901000,-437128.4845360345,314.9502104889231,105
902000,-437006.96728508174,311.2738263861851,105
903000,-435710.58489207784,313.27001045020296,105
904000,-436260.2207529226,310.94345877141495,105
905000,-435903.42385528446,313.59118773200754,105
906000,-436518.91718611703,310.9534878597782,105
907000,-436060.28925446025,313.5698699643124,105
908000,-437571.35382718896,314.5805538208402,105
909000,-437132.40806943737,312.3522197758,105
910000,-435340.3404524096,310.15378143787785,105
911000,-436376.70892755943,312.21570729137164,105
912000,-436986.1440841411,313.9518472826378,105
913000,-436863.21178518655,309.94353226208483,105
914000,-436297.1284464253,313.9980037991718,105
915000,-436802.3096656306,314.8365307521983,105
916000,-436713.5478812661,311.8903751560854,105
917000,-437088.98238028097,312.3195522697887,105
918000,-436394.31555286166,310.06382881760675,105
919000,-437486.28946117405,309.6862427965142,105
920000,-437564.63908553007,309.5685771321029,105
921000,-437244.46704457793,312.8703805428931,105
922000,-435297.00260297,310.9716249300281,105
923000,-436564.8175842946,312.3235480746392,105
924000,-437281.63561611273,315.3662824891294,105
925000,-437699.5268185162,310.5065502481241,105
926000,-437923.6519721374,310.23857131271257,105
927000,-437436.6771368785,314.0830556746361,105
928000,-436784.8606183198,310.9373231154219,105
929000,-436083.35688318545,312.480507486222,105
930000,-437281.2674089179,309.69858775417384,105
931000,-436304.1502511024,313.04048854079383,105
932000,-436549.0024918264,311.750881261135,105
933000,-435810.6192965007,313.80980064246876,105
934000,-436243.1123037648,311.89858864828346,105
935000,-437351.87109662825,311.17378865815533,105
936000,-437583.1084272044,310.52329901714694,105
937000,-437655.29375600186,310.9471316206735,105
938000,-437154.6734590654,310.96236906925895,105
939000,-437200.35550729325,312.13915015955575,105
940000,-436730.3716163216,309.6884762588777,105
941000,-438043.97787188925,312.26698861849167,105
942000,-437567.9224222279,312.7527370085634,105
943000,-436708.81877996237,313.76513732778926,105
944000,-436948.5406514141,310.2634805036503,105
945000,-436828.763557625,311.67893331437614,105
946000,-438328.8299222102,313.5764965053722,105
947000,-437621.278317644,314.72626671266227,105
948000,-437501.62685224577,315.8221294172429,105
949000,-436590.2387859572,312.3471944766395,105
950000,-436699.5043799428,311.7542621490894,105
951000,-434874.8064980735,309.9551024594763,105
952000,-436037.29958917666,314.4976501034436,105
953000,-436050.1551962169,314.30966660415925,105
954000,-436793.5172558243,308.3480266433647,105
955000,-436249.8729085217,313.2384151863795,105
956000,-436736.8317097295,311.571435958633,105
957000,-436613.95695304684,311.3954800720856,105
958000,-435612.57962021884,311.6614033775259,105
959000,-436949.346988837,312.87410900166356,105
960000,-436632.5728190236,314.0470831964454,105
961000,-436826.85205180733,311.6950932301633,105
962000,-437359.64956593653,308.2087851972797,105
963000,-437427.1910028574,313.1921718637226,105
964000,-437140.61631181114,309.2695840634751,105
965000,-436768.0914257851,310.64053778467985,105
966000,-436242.4705103517,310.45920890138285,105
967000,-437293.3451304578,311.2786163385491,105
968000,-436795.95792845637,313.2888791070115,105
969000,-436436.09728773264,313.12203223385086,105
970000,-436742.14401909057,312.00838960576846,105
971000,-435987.7475126595,314.4050120950742,105
972000,-436886.62893322436,312.19286346367437,105
973000,-436375.7595450864,311.68536742574577,105
974000,-436871.3019346283,311.5782469588629,105
975000,-436400.5110427325,312.61472315041044,105
976000,-436557.65669870446,312.2981283015538,105
977000,-436930.5355804416,314.00838465678413,105
978000,-436679.9764958457,309.5898394246218,105
979000,-436270.06480537076,312.70268614445513,105
980000,-436529.73252099054,311.5939805715655,105
981000,-438032.1978947229,314.1872180405688,105
982000,-436066.674411,313.1393640551974,105
983000,-436316.26407392253,311.51415337320276,105
984000,-436168.5387647154,309.2769381003697,105
985000,-437771.94916670746,313.1081932530318,105
986000,-437280.684110848,309.73197855291886,105
987000,-436875.0569067027,310.58058425529117,105
988000,-436493.07139736274,312.4718846626625,105
989000,-437034.39594899956,311.42757920481586,105
990000,-436549.1900760166,309.5408338680591,105
991000,-435824.7451125963,314.13642314864927,105
992000,-436960.2750592001,311.5194605425391,105
993000,-436202.15727857105,312.1054194269751,105
994000,-436536.2550803807,311.69036807544643,105
995000,-437109.04108959157,310.4905739412691,105
996000,-435395.9726664815,310.2656972548215,105
997000,-436753.7337325958,313.29130877147423,105
998000,-436214.5261873633,310.92889704715765,105
999000,-435707.4118735378,313.19851563345856,105
1000000,-436701.159238504,312.12641486540923,105
1001000,-435699.26726706093,313.31267751267876,105
1002000,-437058.21416498744,311.36441134775043,105
1003000,-435723.71089125937,312.7696095495223,105
1004000,-435921.11934229755,311.23453312353263,105
1005000,-436839.062977117,312.12346996374146,105
1006000,-436149.01359976386,310.1253841840219,105
1007000,-437660.3509451514,313.4596674777803,105
1008000,-436252.3908079604,309.6149143728562,105
1009000,-437081.3801029492,310.64731096116424,105
1010000,-436516.3978009145,313.5448308662693,105
1011000,-436863.40796609037,313.07329649761806,105
1012000,-436010.75372625445,312.25207794485743,105
1013000,-436706.98248156835,308.8235048255621,105
1014000,-437351.60648503085,310.2963514255166,105
1015000,-436346.94342840556,310.1338906291851,105
1016000,-437495.6215223556,313.386151038237,105
1017000,-437045.47671218216,313.23470267765555,105
1018000,-436006.9050356562,314.5500529127434,105
1019000,-436747.9676879102,310.8779872293875,105
1020000,-437673.8128441756,310.30172017574387,105
1021000,-437102.2614834772,312.06379652627817,105
1022000,-436761.4637875529,312.0058037573511,105
1023000,-436181.4448213666,314.68241770823283,105
1024000,-438348.92527942196,312.4856081074591,105
1025000,-435804.7526367365,312.57555795001446,105
1026000,-436005.4786455503,311.1388707594752,105
1027000,-435850.1533790042,312.4863193247244,105
1028000,-436165.48312292737,311.5082441617711,105
1029000,-436543.89333984535,312.240941940632,105
1030000,-437025.04600414564,312.3338808138216,105
1031000,-435959.18555970397,311.9254660314813,105
1032000,-435607.009161351,311.3060273148726,105
1033000,-436452.1075478557,312.5940998658074,105
1034000,-437622.1301667283,312.6997653530183,105
1035000,-438476.39813052956,311.84046070740857,105
1036000,-437332.61349219014,313.4464866053272,105
1037000,-437736.3002853368,311.0257569024044,105
1038000,-437484.67852872773,313.25956284273303,105
1039000,-436814.05561733735,314.12743432815125,105
1040000,-436995.03618800384,312.3297173030761,105
1041000,-435158.52048702445,312.518230224504,105
1042000,-437837.68695883243,312.06986486850735,105
1043000,-437305.0149000429,312.48830650746265,105
1044000,-435932.2767196852,312.7363808543982,105
1045000,-436965.01551005687,313.18899781371135,105
1046000,-437605.70307290973,308.62257303095106,105
1047000,-436517.76400528476,313.5458422303997,105
1048000,-437228.7608571807,312.40296644063125,105
1049000,-437003.97917352547,314.0952250328687,105
1050000,-436815.8984159499,312.423971777095,105
1051000,-435710.3372377651,311.52733963808413,105
1052000,-436435.1839361312,312.8473228863674,105
1053000,-438120.5449356821,313.2589401914871,105
1054000,-437180.65665147896,312.99655261991194,105
1055000,-436667.9714205945,310.9985138801665,105
1056000,-437342.095580637,310.1970829829929,105
1057000,-437204.2860198589,312.85340363025966,105
1058000,-437641.0239499626,312.1416924328548,105
1059000,-436559.4368967153,313.9747997522274,105
1060000,-437439.61798259127,310.4975412737294,105
1061000,-436213.738192715,313.0808880973443,105
1062000,-436602.553194138,314.6134674147303,105
1063000,-436960.700412018,310.72773227487426,105
1064000,-437210.9921780983,314.6459502039771,105
1065000,-438073.28443475,309.6740818406423,105
1066000,-436993.0410131188,309.7914848757331,105
1067000,-436439.740975088,311.6752536068231,105
1068000,-436893.6225418772,312.69654891847955,105
1069000,-437313.75736584,312.0072251479207,105
1070000,-436784.5085953127,311.31512073675907,105
1071000,-435822.3980674804,310.5244895000451,105
1072000,-436426.0570107703,311.81060044386686,105
1073000,-436354.71128432755,311.0469771939206,105
1074000,-437916.10125244875,312.87444718400843,105
1075000,-436912.74764581583,312.2038662455434,105
1076000,-436978.6854766342,311.3824445268661,105
1077000,-436762.3512037103,311.4321330118631,105
1078000,-435880.20427367976,313.7705712521872,105
1079000,-436163.6395883686,309.53681569039395,105
1080000,-436114.8847426579,312.4717730872959,105
1081000,-436148.22890174924,313.1993788412653,105
1082000,-437260.7511714825,310.4402225827918,105
1083000,-437212.3316990468,313.26831538690476,105
1084000,-437357.5280802103,311.2065258100722,105
1085000,-437028.53435204923,312.1152303455911,105
1086000,-437179.4281753213,312.15608664689194,105
1087000,-434994.61030727625,314.94859795452174,105
1088000,-435959.2201497811,311.8722179446776,105
1089000,-435823.02341462555,313.814931047624,105
1090000,-435933.5419730386,313.8064933822436,105
1091000,-435727.8673890678,309.7865375752567,105
1092000,-436797.53794290335,310.411962358944,105
1093000,-437290.61171006295,314.4630747818512,105
1094000,-437006.9798152123,313.162897494,105
1095000,-437593.0762159941,312.72201346945997,105
1096000,-437000.88917835057,314.63629192399395,105
1097000,-436561.13325922727,310.911802983385,105
1098000,-436214.5926388332,308.896556783508,105
1099000,-436204.9545116718,311.80119712918776,105
1100000,-436160.6004480424,313.9002363309435,105
1101000,-436079.4507112694,311.40806962620735,105
1102000,-438184.8212634621,311.3217430865297,105
1103000,-436514.9334147698,310.66749222744863,105
1104000,-436839.10497349873,309.2795026991568,105
1105000,-437666.7891012796,311.19935121269174,105
1106000,-436923.8212532676,312.60294813809037,105
1107000,-436610.4280210072,312.72141517987694,105
1108000,-436371.6061443358,311.4112415008354,105
1109000,-436764.9361429205,314.0351312559386,105
1110000,-436111.47467515385,311.5422987164442,105
1111000,-434886.7299741772,313.5913666362452,105
1112000,-436362.0017325692,313.08981759385944,105
1113000,-436149.69276650925,313.5967645663358,105
1114000,-436567.83868038375,310.7515582887693,105
1115000,-436897.7694244713,312.8579273221716,105
1116000,-436080.0978837027,311.572983670897,105
1117000,-436609.05284169526,313.02464551730463,105
1118000,-435966.3933540734,311.6164959810178,105
1119000,-436352.3653592423,314.35156509853744,105
1120000,-436178.08444294566,312.18252677746625,105
1121000,-436454.24974176544,312.36408388348985,105
1122000,-436057.56247330573,310.97404585384675,105
1123000,-436856.0342749639,311.65766233821597,105
1124000,-436521.2178679963,311.61987576702893,105
1125000,-436291.11386695155,313.73114665202604,105
1126000,-435440.6436300408,309.8543559041678,105
1127000,-435975.9508497361,310.7575314678631,105
1128000,-437803.33571472974,312.6615388230907,105
1129000,-436107.0938087392,312.77271248852725,105
1130000,-437211.3549052505,313.06455784971104,105
1131000,-436504.7498360211,313.86235127003584,105
1132000,-437525.8940193141,314.3597346067319,105
1133000,-436216.8874576108,310.10267583508283,105
1134000,-437158.8060372281,313.55322566099534,105
1135000,-436276.7010396279,310.4385503013917,105
1136000,-436434.1553027679,313.2801901196538,105
1137000,-436498.8778635862,314.05969327590867,105
1138000,-436448.18228779524,310.9859586821084,105
1139000,-436014.9914930747,313.73853951204075,105
1140000,-436322.05859271646,313.3517953087998,105
1141000,-436989.79232929414,309.3808180407542,105
1142000,-436356.31305049034,311.29180203139475,105
1143000,-436206.59858660423,313.0586464924477,105
1144000,-435952.1754704872,312.0930811125075,105
1145000,-436768.0832125682,314.13854941774514,105
1146000,-436707.71382595645,310.6908297201982,105
1147000,-437125.47758546425,311.2838663310714,105
1148000,-437227.3274762649,314.25447038285415,105
1149000,-436697.36907347734,311.7506973771209,105
1150000,-437397.14623717405,309.4112911288811,105
1151000,-436396.02977598994,313.3448738589865,105
1152000,-437188.8714476726,310.7875061753489,105
1153000,-436108.8185628366,307.5614556591786,105
1154000,-436686.8494354952,313.402399300426,105
1155000,-435759.34185154317,310.5076664006007,105
1156000,-436936.58450295334,311.6939048557225,105
1157000,-436056.49964232114,313.9243788539461,105
1158000,-437411.02114740806,310.28951162044285,105
1159000,-438579.4366321352,310.5409387861261,105
1160000,-437527.01037358446,311.27454113623986,105
1161000,-437377.3889688393,315.0679592659251,105
1162000,-436553.56152894464,315.5365895777083,105
1163000,-437349.75142548745,315.708884807284,105
1164000,-438040.0845770831,310.25496340219166,105
1165000,-437501.08242539316,310.1898027666326,105
1166000,-437623.59395705024,316.48025957763036,105
1167000,-436790.7500136974,312.3259420706933,105
1168000,-436676.6280175026,311.12468204654954,105
1169000,-436792.1651327808,311.73419660306945,105
1170000,-436286.190273179,311.86440055392995,105
1171000,-437533.30377423344,311.62861402395816,105
1172000,-437327.22501451056,313.1960624141549,105
1173000,-436656.00884368573,311.9507628007162,105
1174000,-437431.36909778276,311.5149120683701,105
1175000,-437345.66371528595,310.8310739039824,105
1176000,-437346.1920190321,312.3412752387509,105
1177000,-435761.4492789353,312.84398228233965,105
1178000,-437426.8013193486,312.9462364213927,105
1179000,-436975.10100794444,312.59230701409643,105
1180000,-436958.7957387613,313.46629228408915,105
1181000,-437903.8593831875,311.2439679682762,105
1182000,-436965.49631286575,312.3663169074842,105
1183000,-436522.2160276666,315.36456710767226,105
1184000,-436960.43380943686,314.0027799136763,105
1185000,-437417.1305242176,310.6722452213913,105
1186000,-437174.99823909416,310.8288889607002,105
1187000,-437329.677147947,312.0259576248067,105
1188000,-435784.7726047919,310.1035180283338,105
1189000,-436542.4884955485,311.05282392333066,105
1190000,-437582.1680974269,312.7919331300068,105
1191000,-438015.90665769833,311.9312914596133,105
1192000,-436524.293387034,309.261225627266,105
1193000,-437362.0400359386,311.52624689538675,105
1194000,-438626.7772978102,311.1979289890696,105
1195000,-437736.0736831506,312.9331819986347,105
1196000,-438002.74085255107,312.3811536991319,105
1197000,-435933.8370044427,313.0103128493647,105
1198000,-437092.8844414614,310.3911609409493,105
1199000,-437187.6087463023,314.69994974744344,105
1200000,-436408.4208792334,314.45262722781285,105
1201000,-436629.94769097096,312.01192245415865,105
1202000,-436599.0431439148,309.4173965073071,105
1203000,-437568.390646962,312.37349116796173,105
1204000,-437572.3434647152,309.37093607355723,105
1205000,-436087.23049078323,310.72183612839376,105
1206000,-437023.30800909176,309.5064263865778,105
1207000,-438001.02513939235,311.6367740186318,105
1208000,-437145.00214606663,312.0374604605224,105
1209000,-436446.91711958405,310.9648198982396,105
1210000,-436987.4119239,315.76404269092654,105
1211000,-436968.059845977,310.7741570510775,105
1212000,-436179.1048919866,312.51150629340617,105
1213000,-436933.13068774063,314.2057540261873,105
1214000,-436860.69247996085,314.03007452203815,105
1215000,-438260.07792799664,310.64847943693815,105
1216000,-436000.42709672847,311.1865216509291,105
1217000,-436742.3604355275,312.28906800024606,105
1218000,-435574.8339818963,309.65243966458326,105
1219000,-435990.8708839363,312.70989041396786,105
1220000,-437048.9975317116,311.7406508882363,105
1221000,-437426.69339438085,311.6880192890604,105
1222000,-438269.8189626073,311.46032336701734,105
1223000,-437403.5726953263,315.17740693747834,105
1224000,-437641.24095759797,313.4308215383768,105
1225000,-436853.1410405156,311.69168662864126,105
1226000,-436952.9699403506,312.5015155553176,105
1227000,-436114.4615448897,314.1796067687092,105
1228000,-437383.42615983053,312.3223842471571,105
1229000,-437535.08435353683,310.86520045073456,105
1230000,-437583.64014690556,313.5772966935794,105
1231000,-437388.67565899435,315.13737456145435,105
1232000,-435368.1231448129,311.89451259773296,105
1233000,-436907.8439484767,312.94306783471154,105
1234000,-437945.98773039086,313.12977761314033,105
1235000,-435619.14014633885,309.1305499080228,105
1236000,-436195.84546148893,314.42944230614813,105
1237000,-437033.1354772607,313.1722799836531,105
1238000,-436575.32899205596,310.743915235988,105
1239000,-436338.36627203715,314.61017154003565,105
1240000,-437544.9129627466,310.94735313959643,105
1241000,-437442.54908569553,312.7073975047892,105
1242000,-437693.33940923424,309.8337780303709,105
1243000,-437576.3436123412,311.8316022169604,105
1244000,-437975.83198355115,313.33484326662006,105
1245000,-436113.38496087235,311.0814310200871,105
1246000,-437230.31509605516,313.23789288755256,105
1247000,-436793.0073591401,308.38034039964725,105
1248000,-437553.624665678,309.9557167836993,105
1249000,-439290.65286463033,311.15605106875654,105
1250000,-437107.45948014804,310.6777187159861,105
1251000,-437641.3165212937,312.16330771593454,105
1252000,-436809.05758140725,311.54190791579873,105
1253000,-436599.1524555108,314.058741447291,105
1254000,-436636.0181212863,311.7655410374807,105
1255000,-436776.1648189891,313.9661669325627,105
1256000,-436486.6136930904,313.13675619205145,105
1257000,-436247.98950459086,313.54858567827563,105
1258000,-436444.75384708843,309.9983858853168,105
1259000,-436541.7670449759,311.13142025576576,105
1260000,-434905.95873194304,311.11900830773925,105
1261000,-437535.46462833625,311.3345739407605,105
1262000,-436082.42144790967,314.11525013364906,105
1263000,-438050.5358224921,312.6086235014615,105
1264000,-437207.64528458123,310.8420172770403,105
1265000,-437495.1175246537,313.4780407149437,105
1266000,-436718.5451621548,310.48885586733064,105
1267000,-437992.73851812584,310.9787318875225,105
1268000,-437525.88326033973,312.16827977191355,105
1269000,-437581.25703538465,310.9859255772727,105
1270000,-437769.60580156953,310.11922287245454,105
1271000,-437020.7816793935,311.00976431939694,105
1272000,-437846.90837053536,311.84301340976486,105
1273000,-436681.2022490562,310.65516258686125,105
1274000,-436216.0140733251,313.32624819715755,105
1275000,-437140.3088612065,314.07128069579613,105
1276000,-436744.2697449657,310.87778834970925,105
1277000,-436756.34488805686,311.1977779989914,105
1278000,-437294.7826843881,313.35372983689996,105
1279000,-437625.70338024874,310.13929268407554,105
1280000,-437303.1946563623,310.43258643915453,105
1281000,-437190.5229952256,314.6993219449896,105
1282000,-439367.57776945573,310.7363743673498,105
1283000,-437934.68418143294,311.3537280614917,105
1284000,-438312.3017128671,311.87922061850816,105
1285000,-436856.8077356999,311.88322190714405,105
1286000,-436124.0273111556,311.80092908603467,105
1287000,-436583.6497075483,311.42795050714955,105
1288000,-438380.94421268674,311.82035407436035,105
1289000,-436710.9139490896,313.54436400848454,105
1290000,-437402.3409113183,310.3150769326954,105
1291000,-436673.98238397157,313.34656622679853,105
1292000,-438041.6981104878,312.9877570497377,105
1293000,-435977.79294773005,310.16260103959974,105
1294000,-437332.8944402791,313.1098018314063,105
1295000,-437421.3431073085,311.5523169458933,105
1296000,-437443.0632281157,310.4491267496817,105
1297000,-436683.41325790784,310.8331083698285,105
1298000,-437413.77440690575,312.3411558954527,105
1299000,-437695.6501317846,310.65811217767646,105
1300000,-436521.060523374,311.32934357831664,105
1301000,-436791.4391988211,310.63269051196784,105
1302000,-436789.06798374024,314.3027985069332,105
1303000,-436998.22312019905,312.44031926982024,105
1304000,-436796.06025950215,308.20105707401126,105
1305000,-438237.5000738783,310.4623267273167,105
1306000,-436771.04898054875,311.98624104695693,105
1307000,-437831.5018613008,312.9822190058141,105
1308000,-438082.3385753005,312.3080246363206,105
1309000,-438496.38495595683,311.2921450395694,105
1310000,-438273.665420295,311.31916598943803,105
1311000,-437283.9688310947,311.0849424816289,105
1312000,-437260.40622199303,311.68620888281623,105
1313000,-436406.36363451346,313.4756628767164,105
1314000,-436699.67424651864,311.70186154661707,105
1315000,-437454.9523553471,312.7549146687392,105
1316000,-438114.9723160877,313.62549762743805,105
1317000,-438435.44789220183,311.75588217854386,105
1318000,-437029.4684738538,310.2333998002462,105
1319000,-436159.92881942634,309.82822845749916,105
1320000,-437100.8117994298,312.22416579266195,105
1321000,-435391.5997883738,310.6027856359935,105
1322000,-437688.6163638665,308.81445372812425,105
1323000,-437803.76788461744,312.77178831015163,105
1324000,-437234.0481210791,313.49856924136947,105
1325000,-437749.99400865124,313.56949135407984,105
1326000,-436351.34636592586,314.6921106063115,105
1327000,-437215.7234993009,311.31159838351715,105
1328000,-437644.9372584487,310.05410235311274,105
1329000,-438596.5971495141,311.6484028725903,105
1330000,-437621.5197969449,309.85748066451055,105
1331000,-437265.24173418176,314.1459120744015,105
1332000,-437352.55339421285,313.5224100945827,105
1333000,-437184.2267494332,313.61135469681597,105
1334000,-437380.3647822803,312.1014174909239,105
1335000,-436893.1172323853,312.4034020094765,105
1336000,-438078.4483578196,315.10569587501834,105
1337000,-436125.4944556812,312.4655365137014,105
1338000,-436045.9190789235,310.8900075926156,105
1339000,-436824.61696117464,311.54662713101146,105
1340000,-437605.34352050745,313.19697786852896,105
1341000,-437365.81996792834,313.2767456919285,105
1342000,-437317.30750343134,310.77638465550456,105
1343000,-437099.06577417,314.87453493016085,105
1344000,-436286.04470605054,314.46024698171766,105
1345000,-436170.23793577706,312.693725255996,105
1346000,-437696.81346100615,312.2703425131205,105
1347000,-437105.4615078743,315.540972745846,105
1348000,-437558.07489269064,310.2603820404103,105
1349000,-437600.92303349776,311.07770013582433,105
1350000,-436763.7159188404,313.2375304005133,105
1351000,-437661.53558347165,309.6855795556432,105
1352000,-437852.8281387517,314.48042143698484,105
1353000,-438212.717100885,310.0854431056079,105
1354000,-435521.65567429713,311.6346817535089,105
1355000,-437874.79983113497,310.26761646012767,105
1356000,-437401.01021527615,312.4346064681622,105
1357000,-438471.6070750947,311.73726144038034,105
1358000,-437162.9463507044,311.56690115373215,105
1359000,-438246.1933584516,311.1033907495708,105
1360000,-438093.16989405523,312.86455868485217,105
1361000,-437062.86044919677,309.1609664219255,105
1362000,-437195.6311410959,310.95080715749737,105
1363000,-437734.6154063514,312.29072456435654,105
1364000,-437411.5811815255,311.9953547024279,105
1365000,-437808.6392574883,312.42139558134744,105
1366000,-437093.48064151616,312.1807865969275,105
1367000,-436027.25056292093,311.1046846017911,105
1368000,-438077.1826431595,311.26096002598075,105
1369000,-438225.1726288027,313.7474407095835,105
1370000,-437533.2065597831,310.3585399630389,105
1371000,-437927.57479153364,310.5728107020661,105
1372000,-437289.1320925974,310.82124560902497,105
1373000,-437181.2060631276,309.78898838003954,105
1374000,-436485.2070080938,309.79362661793886,105
1375000,-437026.2479571088,311.74454068987296,105
1376000,-437942.13747011055,313.6760917006161,105
1377000,-437728.0256655258,312.9763177864925,105
1378000,-437751.98811377515,311.0356890430828,105
1379000,-436698.72562034824,314.3599560626562,105
1380000,-437429.27079917025,313.30339404143064,105
1381000,-436862.0070384315,310.7143510476889,105
1382000,-437654.0674163732,312.51397388629596,105
1383000,-436589.6158573006,310.98534133827457,105
1384000,-436391.56452664314,312.27607547140644,105
1385000,-436220.88319689594,310.2075209563557,105
1386000,-438093.3023943205,311.3783639628437,105
1387000,-437724.04596254625,309.3659297373829,105
1388000,-437066.69000639766,308.54887011841447,105
1389000,-436743.72074827785,311.5659134770283,105
1390000,-437549.3201256553,309.84736356275033,105
1391000,-438848.6446821932,312.62200060879803,105
1392000,-438184.05387070496,311.35230239912073,105
1393000,-439895.6990483713,312.3087443366704,105
1394000,-437805.57539191074,309.63826011203764,105
1395000,-438171.76167902746,310.79144174414915,105
1396000,-437019.7535282846,312.75076067927654,105
1397000,-436943.6023659019,311.98704704786013,105
1398000,-436993.27955559967,314.4652257507672,105
1399000,-436785.1473641228,311.46623437500415,105
1400000,-437667.07130335993,311.18604771854706,105
1401000,-438087.8147898703,312.24106867194644,105
1402000,-436257.10308415117,311.06210612490827,105
1403000,-437593.1087632205,312.90680327911315,105
1404000,-436906.67018401343,311.731526608623,105
1405000,-436497.3030768642,311.2238922333223,105
1406000,-438635.7858194944,311.71077125164146,105
1407000,-438093.49995626253,310.4920162227113,105
1408000,-436370.1466836501,312.5519105473467,105
1409000,-438157.4720209141,310.37436284747844,105
1410000,-437076.90407992736,312.79822895919716,105
1411000,-437120.73287932226,313.49210770300283,105
1412000,-436594.38339724997,314.84025956538875,105
1413000,-437557.99262697017,310.28027307628065,105
1414000,-436192.60184507654,309.7358378034096,105
1415000,-438162.043248178,311.8629891966746,105
1416000,-437206.27594208065,312.6917867980241,105
1417000,-438039.9994347007,312.39731806149734,105
1418000,-437714.76318665245,311.5887818078471,105
1419000,-437485.8576809063,310.0285849155626,105
1420000,-436402.10774712707,309.8392581233015,105
1421000,-436479.8671510462,309.9199267560078,105
1422000,-436811.7525151423,309.5808109904813,105
1423000,-437385.42405444244,313.3259021115167,105
1424000,-438482.5338679387,311.9883388444579,105
1425000,-435854.1243921546,310.0679657415057,105
1426000,-437046.3690461356,311.2711245178948,105
1427000,-437957.0440996541,311.98659872631384,105
1428000,-436470.05111073586,312.94001820484607,105
1429000,-438126.2200784257,312.66070180339955,105
1430000,-436663.473028335,311.10396035380086,105
1431000,-436909.76766239107,309.97060767259376,105
1432000,-437587.2868134538,311.2560553721017,105
1433000,-436109.7995940475,312.53548178284404,105
1434000,-437342.3143476986,310.55493523974127,105
1435000,-438156.5851863541,310.90874860776523,105
1436000,-436733.17861794843,313.96204203580027,105
1437000,-436813.11605865275,311.07351491702065,105
1438000,-436607.79757444165,314.2287827836554,105
1439000,-437928.68975665886,311.5581879997512,105
1440000,-437613.61971094576,309.096406245842,105
1441000,-436696.67595490464,310.6354812480704,105
1442000,-436603.44854096253,314.6720072579817,105
1443000,-437238.52916604513,312.5279554863103,105
1444000,-436606.78149218555,312.8614389175892,105
1445000,-437894.42867533094,311.50980108703834,105
1446000,-437058.1977376987,312.95390097750357,105
1447000,-437452.8154247841,310.7399716811033,105
1448000,-437043.4068616715,313.0960786930298,105
1449000,-436263.2291104598,312.663987347309,105
1450000,-436855.8555838298,311.8597057924102,105
1451000,-436904.5448042995,312.3794720485106,105
1452000,-436625.6441362717,310.2844744430025,105
1453000,-438418.31286965637,312.7853686131486,105
1454000,-437415.38585812785,309.9119941232726,105
1455000,-437385.7161050255,311.3942229871077,105
1456000,-436922.1621293402,309.98116933637687,105
1457000,-437222.6136288799,311.8896845600351,105
1458000,-437500.1901507799,309.93440239825946,105
1459000,-437050.22806997434,313.75510283261497,105
1460000,-436670.385233033,311.08453056032903,105
1461000,-437601.19824758614,313.4593745813718,105
1462000,-437809.4152246679,310.17485694046167,105
1463000,-438998.33982443856,312.3466717206483,105
1464000,-439161.91669031256,310.0410993581716,105
1465000,-437804.49897736334,310.75026147748133,105
1466000,-437603.88184003904,310.3273624887804,105
1467000,-437597.39689627825,314.0509227146082,105
1468000,-437646.3344139734,313.3953000057888,105
1469000,-436723.16381959594,311.47202787698507,105
1470000,-436590.25240359874,311.1417550245835,105
1471000,-435845.9260014824,310.4793613024541,105
1472000,-436652.37740800716,312.30578775911715,105
1473000,-436477.3053060272,312.6409716559541,105
1474000,-437174.80146546476,313.6088725153713,105
1475000,-438628.56520448346,311.9001338233955,105
1476000,-438275.3891236468,314.4891147521905,105
1477000,-437322.36492444435,312.8185421948248,105
1478000,-436933.9811579839,310.3360102945802,105
1479000,-436491.5116619298,311.3310560147611,105
1480000,-437183.22105835937,310.3008349923272,105
1481000,-437293.788066949,313.144751565863,105
1482000,-437042.0947628203,312.1556068807027,105
1483000,-438381.0043746482,311.6651007876152,105
1484000,-437786.0135085236,310.80561304111234,105
1485000,-438537.4196756305,310.09700433204506,105
1486000,-437859.10939090746,312.4112796893158,105
1487000,-437048.18057318847,313.17178593892544,105
1488000,-437982.797303539,308.3784732037539,105
1489000,-437704.4170820578,312.12106384647905,105
1490000,-438233.71174770594,310.32194237935835,105
1491000,-437257.8130174477,310.3232355754647,105
1492000,-437142.4303090612,311.0581398072746,105
1493000,-437874.6545361462,311.1816750641378,105
1494000,-438187.58197744074,310.45798354438614,105
1495000,-438547.4420943237,312.02077858311696,105
1496000,-436574.23352048174,311.724940254572,105
1497000,-436330.1535576973,310.3415959724799,105
1498000,-437516.50534751127,312.95677207459016,105
1499000,-438165.01640067017,312.01863138547407,105
1500000,-437364.45789949247,313.0510268004012,105
1501000,-437855.01193644665,311.67489489011473,105
1502000,-437957.2396037411,309.5443507164181,105
1503000,-437650.1711277133,312.8073520963672,105
1504000,-437482.0446458908,311.5642969199113,105
1505000,-438317.75526006636,310.2055703897476,105
1506000,-438127.24136555847,308.3848093929301,105
1507000,-438248.6923687209,311.9918895644537,105
1508000,-437470.6046485577,313.7931693396368,105
1509000,-437914.98721366073,312.3623208742607,105
1510000,-437887.7166778364,309.9743919910582,105
1511000,-437053.7849067496,314.8694777022792,105
1512000,-437959.97124132584,313.92341260765517,105
1513000,-437812.20418931916,314.32802668256494,105
1514000,-436451.1387085472,312.1361990760982,105
1515000,-437362.55542574497,310.4895442344247,105
1516000,-437168.85562603944,311.6406621230233,105
1517000,-437218.74842113093,312.6247810287531,105
1518000,-438232.06401467114,312.9104206934527,105
1519000,-438476.16335121286,311.96793473535155,105
1520000,-437899.32981916517,310.78103808326654,105
1521000,-436887.0719600499,310.6616129979003,105
1522000,-437151.47825421626,307.3849202268867,105
1523000,-438618.59416441503,312.39875353800755,105
1524000,-437407.01346928626,311.68432372236117,105
1525000,-436434.4361672038,313.92070026279134,105
1526000,-437445.27598596225,307.58415918912334,105
1527000,-436702.03690596274,310.91722069543897,105
1528000,-436950.44420897006,310.6439123511621,105
1529000,-437707.1818626104,312.9916735413832,105
1530000,-437782.50473546376,312.1595457822755,105
1531000,-439085.478107254,311.4556912775788,105
1532000,-438474.8839262512,311.8018871524315,105
1533000,-436401.9154803518,311.68547144741353,105
1534000,-437178.7810030994,311.1825473897691,105
1535000,-438178.89055995573,312.95999266430783,105
1536000,-436838.4858703152,311.1114524333167,105
1537000,-437745.4797505783,309.7108545403325,105
1538000,-437646.84481940256,311.7458171379108,105
1539000,-437704.63766376255,313.29399956193544,105
1540000,-436918.56569046155,313.07197768405956,105
1541000,-437964.6240607039,312.62187531615405,105
1542000,-437218.3554004319,312.33978755325705,105
1543000,-436903.7449095666,313.42634202576966,105
1544000,-436349.34700650326,313.32472524037365,105
1545000,-438470.17707336973,314.1196673797755,105
1546000,-438565.194452344,312.27665050453845,105
1547000,-437687.36236849776,309.19314496454325,105
1548000,-438155.66561485454,310.4911335032976,105
1549000,-436881.43765335344,311.1245635412286,105
1550000,-437485.8320205158,310.8007836266843,105
1551000,-438361.11756626307,313.6097168296943,105
1552000,-436239.9121271579,312.905902342176,105
1553000,-437940.59287197166,310.05452872748185,105
1554000,-436909.8832204025,313.2025178605502,105
1555000,-437470.39775711717,312.09610339963405,105
1556000,-437699.04532210995,311.16003597764455,105
1557000,-438389.6155984879,308.34630505274123,105
1558000,-437353.66257147025,311.31224027000513,105
1559000,-437646.000962615,312.49381012361283,105
1560000,-436582.7343275077,312.1927197921192,105
1561000,-437543.80178224435,312.3736525553522,105
1562000,-437951.2234824402,309.86989334541505,105
1563000,-436875.0282654043,313.222051348154,105
1564000,-437512.5442020092,309.89676094676156,105
1565000,-438105.22279137047,311.9210873782639,105
1566000,-438138.1327943541,311.223606151487,105
1567000,-437459.5100064161,310.8377113545733,105
1568000,-436790.7247219037,311.195727360626,105
1569000,-438271.52179826866,310.69047296759635,105
1570000,-437930.4626184176,310.852641957115,105
1571000,-437638.60906466236,313.6116236147491,105
1572000,-437722.39617090346,311.6688800631396,105
1573000,-436992.3019979694,312.80665408634206,105
1574000,-436571.1872114283,310.747254825043,105
1575000,-436273.6555621072,312.95990909867106,105
1576000,-436605.9630946184,312.79466694231684,105
1577000,-437668.135374482,311.6057984935517,105
1578000,-436667.50765712466,310.092903295808,105
1579000,-437790.17019074084,313.5369468075109,105
1580000,-437947.26250346354,312.1898268403513,105
1581000,-437615.5836612596,309.56901040172926,105
1582000,-438410.29007905885,310.0769211693076,105
1583000,-437886.7562631143,314.8967289836812,105
1584000,-437549.46720783785,312.78561257484074,105
1585000,-437428.68874958553,312.4341962160163,105
1586000,-438034.90785210487,310.59215351240533,105
1587000,-438385.82630746625,312.13382043900157,105
1588000,-438200.7599240113,309.998328650536,105
1589000,-437685.7200040873,312.0450180658388,105
1590000,-437882.321394047,311.5174394378541,105
1591000,-437369.41051586997,312.4468728809805,105
1592000,-437285.35971604683,310.4159524590257,105
1593000,-438120.0788026417,311.180812575625,105
1594000,-437317.14986672555,311.35920786573337,105
1595000,-437188.35399096226,312.0060746419087,105
1596000,-437063.73720986187,309.6891222422531,105
1597000,-438025.4043690772,310.89062483916206,105
1598000,-437140.77409085725,311.8683094479296,105
1599000,-437498.1055791271,314.09675210362565,105
1600000,-437283.9877362058,308.19469560168744,105
