#"Step","Potential Energy (kJ/mole)","Temperature (K)","Speed (ns/day)"
1000,-376895.4661237856,313.16813497214304,0
2000,-384598.1358118325,310.8113835519279,232
3000,-388215.17786667845,314.22622173559495,232
4000,-389135.2231817681,313.98512855914345,231
5000,-393481.555187298,310.2883238119861,231
6000,-394489.5026362834,311.71955892398836,231
7000,-394857.79933806206,311.3049885649426,231
8000,-396347.7500300524,312.96376620946256,230
9000,-398249.41454475746,311.60854567951,230
10000,-399971.31592633505,312.9137333786274,227
11000,-399890.30071817315,312.3065100842046,227
12000,-400699.0761026505,312.96922976130884,227
13000,-401055.35250447085,309.51880615648054,227
14000,-401959.93602390727,311.4257334260219,227
15000,-401910.2871944567,312.2335530635794,227
16000,-400951.7801790945,313.38683094130346,227
17000,-402621.9671211571,312.9176262924509,227
18000,-402753.87964001694,312.7988099272701,227
19000,-402669.4754355233,309.0988234714187,227
20000,-404273.3365319746,310.37687531137567,226
21000,-406069.95968178334,310.3191269599368,226
22000,-404557.9474398568,312.665603278798,226
23000,-404887.43517249473,312.0321566159127,226
24000,-404936.50306314696,313.2490781091118,226
25000,-406327.6526475097,313.93603608784537,226
26000,-406074.1037981638,310.24919171160104,226
27000,-406860.2277104289,312.3688831400827,226
28000,-406867.5683758247,314.7138242221699,226
29000,-408284.55246552336,310.24243657967304,226
30000,-409161.99848444876,315.5186238691763,225
31000,-409067.25887997076,315.98620070094444,224
32000,-409882.7115416571,310.94073454162594,224
33000,-411050.4215863547,310.4225521560113,224
34000,-411528.61582107516,311.88452685121877,224
35000,-410891.0046249039,309.66606158855456,224
36000,-413356.49117205595,312.6450129526231,224
37000,-413722.01669577044,312.0204273127167,224
38000,-415702.47725517256,311.65959212104156,224
39000,-415542.8114002652,312.2557221437199,224
40000,-414216.0822938909,311.9164607102657,223
41000,-416408.218409586,313.4605686498922,223
42000,-415842.5520176955,312.2553733858242,223
43000,-416795.36259523313,312.6237801574542,223
44000,-418182.46207870124,309.2431397425982,223
45000,-417689.1953216586,312.24010495506417,222
46000,-417656.21334237396,310.47260548518074,222
47000,-418362.36877393816,311.5334408542972,222
48000,-418430.9254505099,311.88035897908213,222
49000,-418716.3802460437,310.56941761154695,222
50000,-419679.8491344496,312.45243061414374,221
51000,-420014.4485453891,311.3630953707152,221
52000,-418576.621398201,313.0584162098079,221
53000,-420835.18398510735,310.99977661003885,221
54000,-421433.6753613474,313.5691276510072,221
55000,-420749.47752977395,310.5715734723792,221
56000,-420350.63670729124,312.7692514095545,220
57000,-420290.82302862406,313.1601644794432,220
58000,-421541.9886322592,314.3219146534849,220
59000,-422321.55499875965,313.9679973017227,220
60000,-421521.62443345087,311.37850083830824,220
61000,-422475.09994091326,311.6512970593959,220
62000,-422009.0631061287,312.2256254055478,219
63000,-421577.0372940558,311.07807881817786,219
64000,-422335.34301282885,312.2281513520821,219
65000,-423358.3076025499,310.32945137143645,219
66000,-423612.46431299136,312.00746387751826,219
67000,-423111.106338585,311.91381364489087,219
68000,-423730.98956619366,310.4850968128568,219
69000,-423139.1918998079,313.22875987547525,219
70000,-424685.9364727554,311.56304142746035,218
71000,-425151.41174520086,312.87612138129964,218
72000,-424738.45637924434,310.81018979382355,218
73000,-424784.1564527557,310.7905493373115,218
74000,-424400.75004711514,310.23601275399596,218
75000,-425927.6023306672,310.1114850524984,218
76000,-425172.16436810605,311.044990232786,218
77000,-425923.2489880128,312.3072028640126,218
78000,-424639.3937719972,312.47636389926794,218
79000,-424860.7688749472,310.4057361698181,218
80000,-425581.9391781569,310.45949520557235,217
81000,-425946.37288426724,311.29569769445476,217
82000,-424939.88782231766,313.492342738096,217
83000,-424689.9176999079,313.1127763268685,217
84000,-425433.1853355509,311.9325229309384,217
85000,-425989.4319979572,313.2132156042475,217
86000,-426316.7021434626,310.03623820765375,217
87000,-426659.8297712712,310.4828544699741,217
88000,-426144.73155919695,310.00510003242897,217
89000,-426392.84341704077,312.72342165200627,217
90000,-426300.9161520791,311.03325154694636,217
91000,-425282.3560874495,313.76321438731657,217
92000,-426216.26502959034,312.90489313115415,216
93000,-426455.0776768089,313.25964256788524,216
94000,-427142.4027601823,311.38963412299586,216
95000,-426477.9428754009,313.37201645921334,216
96000,-426606.1426330076,314.73462246809413,216
97000,-426799.25881630485,310.6526602286488,216
98000,-426194.2186444658,312.53159724997687,216
99000,-428336.2254814692,311.2263889041413,216
100000,-428062.7051253114,309.9021512220531,216
101000,-426629.5570572447,313.7599073632116,216
102000,-428041.0888667484,309.1177609916343,216
103000,-427630.8264963585,313.58722059282746,216
104000,-427538.43866937,313.815877614286,216
105000,-428491.21158993756,314.1448616737073,216
106000,-427201.2470753358,311.60845685730453,216
107000,-428787.83036556165,313.5424472635894,216
108000,-427708.9551580807,313.33389505122267,216
109000,-427553.78591137775,310.31365361827113,216
110000,-428296.94299327023,313.6336627810173,215
111000,-427208.6634763051,311.6687138130816,215
112000,-427644.42967588943,310.7678352176958,215
113000,-428604.3050088803,312.3745419761571,215
114000,-428845.9377229661,308.24969289591394,215
115000,-427761.46892747283,310.4368712664072,215
116000,-428059.9509355051,311.23086313688367,215
117000,-428738.3534964132,312.07026396392115,215
118000,-428909.90338011924,315.00479628030666,215
119000,-428330.144411423,311.66941503580387,215
120000,-430508.93255691254,313.4625754498845,215
121000,-428260.28321220214,312.86468492018605,215
122000,-429829.01823531487,309.66273038656686,215
123000,-428866.6278999436,311.5615137964363,215
124000,-428770.50492483843,309.5360983141704,215
125000,-429166.485132525,313.0853779241092,215
126000,-429843.30900609447,311.05768630126545,215
127000,-429546.32785500097,314.65004889728044,215
128000,-431099.6542780921,312.6687069289488,215
129000,-430155.8857985509,310.06494767487334,215
130000,-430720.01878193766,313.780313014324,215
131000,-430108.37857564515,310.49286361753695,215
132000,-429590.7414700028,310.51250690930044,215
133000,-428998.0863139434,313.5612763156724,215
134000,-430413.14248308423,312.0017079760859,215
135000,-431806.5995209657,313.5312267580196,215
136000,-430061.47623502696,312.7873616147111,214
137000,-429974.2684045404,311.10082213432213,214
138000,-428831.8501539817,312.2573031662326,214
139000,-430718.4856350331,311.6072380778246,214
140000,-430986.59152221796,315.14330758368163,214
141000,-430492.72535906546,309.9689733680947,214
142000,-430643.8477647831,312.0963431799187,214
143000,-430337.9834058052,310.50367458031974,214
144000,-430591.1309972177,311.7632486850976,214
145000,-430850.12383654946,313.6532687274174,214
146000,-430410.7756915281,311.16846805335706,214
147000,-431599.7061135075,312.75847331212043,214
148000,-431328.93011523504,313.4353621233134,214
149000,-431001.16922358517,314.1121287136123,214
150000,-430530.8017563955,313.9658321351958,214
151000,-431771.58039246686,311.6540634729342,214
152000,-431171.01127988216,311.0009015156539,214
153000,-430269.8480624438,312.81786533293086,214
154000,-430175.6557557513,311.379943762841,214
155000,-430816.7934644299,311.8815225452411,214
156000,-431295.5231553556,311.036226040416,214
157000,-431949.7933797422,314.66485833374645,214
158000,-430953.9801877111,313.8383432380594,214
159000,-430507.76052824734,311.65895560203234,214
160000,-431693.8805586416,310.42355700004146,214
161000,-431016.838983712,311.73417051213494,214
162000,-430018.7475447813,311.762088694109,214
163000,-430676.09481479577,309.2795422810577,214
164000,-431504.7707190439,312.9643111799152,214
165000,-431556.2562011394,312.0547124608158,214
166000,-429081.89782325015,312.80015091315175,214
167000,-430312.4398943393,312.67998975237447,214
168000,-431006.39994428004,309.8521060678356,214
169000,-431531.2688371206,312.01082603933656,214
170000,-430793.67862586956,311.656659626529,214
171000,-431862.35070467764,313.51863340406084,214
172000,-431813.87427949207,312.289990243722,214
173000,-431516.78543114476,309.9864215217056,214
174000,-432420.6348050942,312.0043104829264,214
175000,-431310.95893578185,309.09301109837975,214
176000,-430932.7626485971,310.7305104021577,214
177000,-432651.3345087841,311.23869573036245,214
178000,-433253.2638495208,311.5520608491671,214
179000,-432871.92728790315,312.05723813610126,214
180000,-431861.5730647363,311.0557386108669,213
181000,-433021.8334511027,313.5203464999166,213
182000,-430712.8043224602,309.79275136349594,213
183000,-433219.19893163745,312.14537447670654,213
184000,-432130.0909742783,313.3586518576504,213
185000,-433023.59329893626,311.7271668896398,213
186000,-432054.6431804707,309.814610824059,213
187000,-432478.38731508446,315.9030435768916,213
188000,-432506.39099950064,313.0636100819927,213
189000,-432946.13948667864,310.8456283387988,213
190000,-431359.66964605195,313.0030368852996,213
191000,-431887.29085964826,311.891507201772,213
192000,-432404.23036959884,308.2532603238568,213
193000,-431867.5564223251,309.3502101177202,213
194000,-432750.0872317285,312.3904109185709,213
195000,-432578.0503978566,312.04493858314817,213
196000,-433085.79611288593,313.26224462042194,213
197000,-432528.4933794872,313.5190823166749,213
198000,-432852.1783472721,312.53393897586244,213
199000,-432031.5973792933,312.188299098258,213
200000,-431465.16823146027,311.56460877165404,213
201000,-433033.2219508905,312.30911500530397,213
202000,-433343.3532188863,309.7353841170917,213
203000,-432978.8869635528,312.1578092239944,213
204000,-433147.6304573498,311.84826593756225,213
205000,-433208.3562844519,312.77776803423717,213
206000,-433622.38560225954,311.95113774548486,213
207000,-433771.0755613493,312.5877292765308,213
208000,-433464.0500121508,313.2795508286655,213
209000,-433361.75785039924,313.5774597896077,213
210000,-432454.69323058636,309.58880220151786,213
211000,-432207.9282919066,310.43835565394903,213
212000,-431663.554407374,313.24374884522206,213
213000,-433655.95587873785,312.5142289153141,213
214000,-432468.59773269226,312.82695165172083,213
215000,-433978.81209188886,308.05205384594757,213
216000,-432806.88699557097,313.707531061201,213
217000,-434069.349536299,312.32055541831807,213
218000,-433025.765968082,309.52016563877936,213
219000,-433566.5142752598,310.45805113489786,213
220000,-433672.3260407634,313.2390976101452,213
221000,-433287.21352946665,312.9702678962369,213
222000,-433154.78996416274,312.3735034721504,213
223000,-433280.75018079183,312.2873850022341,213
224000,-434203.24528440926,310.7912696827294,213
225000,-434849.2444429139,310.7817173986434,213
226000,-434181.2414758634,312.3713269223682,213
227000,-433560.5816195726,313.8317534244524,213
228000,-432995.7251821193,310.3731974534012,213
229000,-432584.6265169473,312.28223669753856,213
230000,-433314.7629042419,311.026570909789,213
231000,-434273.96537337825,314.6628299950877,213
232000,-432662.8801661213,311.0346164315663,213
233000,-434604.1491720183,313.32061023405805,213
234000,-433572.68088757666,313.34931951043995,213
235000,-434896.31982371723,314.93159245639225,213
236000,-433598.267127577,312.4959088897943,213
237000,-434361.39976891456,315.1331126531676,213
238000,-433228.5843117472,311.03561604218373,213
239000,-432404.7818653614,312.4264915780446,213
240000,-433264.33632715093,307.8329423820088,213
241000,-433532.4138387246,312.22642918472155,213
242000,-433227.98920374527,312.8733616028074,213
243000,-433346.3035898362,311.0533239579156,213
244000,-433969.6917682814,310.1830201330414,213
245000,-434469.24197994755,310.33945537370573,213
246000,-433898.87288219575,314.1714449966592,213
247000,-433611.0297916676,311.3738605710683,213
248000,-432923.8883882724,311.1494230146063,213
249000,-435682.6233346057,311.09020823911834,213
250000,-433978.42505197413,312.56401300769164,212
251000,-433966.05754475924,310.9729227260457,212
252000,-435040.6515783842,310.38575095357487,212
253000,-434469.47949321684,310.93835738407597,212
254000,-435327.9944433358,313.54555069951795,212
255000,-434460.49091307796,310.55154966385527,212
256000,-434682.780652178,314.4218435970267,212
257000,-434982.856356618,310.68328549556657,212
258000,-433866.25567958876,313.9791680792389,212
259000,-435069.1291148998,309.6752487622992,212
260000,-434756.7490318944,312.88262231901894,212
261000,-434178.09874496656,310.7986688040984,212
262000,-434195.49042830453,311.1489450246661,212
263000,-434459.3716253296,311.542529269519,212
264000,-435477.15698238066,309.8766038187815,212
265000,-434854.21086255764,314.1116883367231,212
266000,-434666.9371361544,312.2909259060776,212
267000,-433715.7736049569,313.031986418341,212
268000,-434662.4795232385,314.46644402654755,212
269000,-433641.13913608505,313.7741822833632,212
270000,-433153.8694451845,312.7821136281053,212
271000,-433579.2328399245,313.1296615440644,212
272000,-435425.4583366201,311.74592584990586,212
273000,-434120.85626534605,311.280627828436,212
274000,-433535.99859594135,314.44153307418395,212
275000,-433606.03338976577,312.2849978141618,212
276000,-434671.87783986377,313.85129544580724,212
277000,-435231.68454068946,312.3313288203113,212
278000,-434036.85462304065,313.9410177039887,212
279000,-435844.4899772941,312.2384708931984,212
280000,-434476.566014251,313.85565882389346,212
281000,-434425.9297332233,312.90286994793604,212
282000,-435265.9867237585,312.47057349418264,212
283000,-435964.0706488844,313.1373776939539,212
284000,-435804.11929621035,312.5149095507451,212
285000,-434006.74078212027,309.2577555662961,212
286000,-436458.09989699395,311.8077069598603,212
287000,-434085.1540981019,314.2232626840204,212
288000,-434835.4907323024,311.77296584147854,212
289000,-434653.2533784718,310.9811561142693,212
290000,-434740.8195588703,313.76786753470304,212
291000,-435246.8760472373,312.4187854703502,212
292000,-435890.1954813425,312.6070160074029,212
293000,-434900.3627743905,311.91390456389854,212
294000,-435011.2254846713,311.26746638078083,212
295000,-434818.3180284733,312.92449177069955,212
296000,-434689.5375610865,312.5935220629121,212
297000,-433956.4363243615,313.7074641294901,212
298000,-434238.9434327148,313.17682035234463,212
299000,-434025.04666776466,313.76296848813075,212
300000,-433977.4888990538,311.9582679233677,212
301000,-435923.91650979756,310.97329565721157,212
302000,-436455.67138784425,312.5397509066557,212
303000,-436581.88997428445,314.91961025764346,212
304000,-435200.5633333714,311.72048634921924,212
305000,-435417.44299531565,310.92366705189653,212
306000,-434930.32351493253,310.46477874964336,212
307000,-435676.98601612845,310.5890170822458,212
308000,-435580.6576814102,313.2392580360716,212
309000,-435613.7237123796,311.64269584489455,212
310000,-435880.1850973591,311.79347290231027,212
311000,-435862.5581031225,312.75886172389175,212
312000,-435182.26236957335,311.84379464082934,212
313000,-435364.59077340225,311.20126096591633,212
314000,-435212.376390442,310.454159158035,212
315000,-435906.922608593,311.62961525186205,212
316000,-435112.55275282124,312.56942998994924,212
317000,-434659.42652811203,312.3037908269906,212
318000,-434630.97990724817,310.3698082838639,212
319000,-435859.2576340621,312.41086190228174,212
320000,-436554.99857080844,311.84445918068053,212
321000,-436690.7671267302,309.67100652750946,212
322000,-434520.7142956117,312.7439180039745,212
323000,-433412.8223922183,312.4726223101785,212
324000,-433813.1226998586,313.00427956607734,212
325000,-435619.73665867164,310.9699219376094,212
326000,-434773.1526384521,313.44375385215864,212
327000,-435028.5926879542,313.2622887414327,212
328000,-435619.7377866644,311.0039064150148,212
329000,-435358.9355461176,311.09950693501384,212
330000,-434364.90192901064,313.5245961445956,212
331000,-433892.1898454763,311.22587926625073,212
332000,-435645.3034124647,312.27110484601207,212
333000,-435447.42314061103,311.3403856630643,212
334000,-435148.58660605503,314.1037208517319,212
335000,-436229.7810046335,311.82943326719464,212
336000,-434628.0494015515,311.7223249321123,212
337000,-435042.1939695282,311.6143954939185,212
338000,-436404.9122422158,308.1642772943564,212
339000,-436139.5901096454,310.3254618881429,212
340000,-434595.56727271713,310.36902038424995,212
341000,-436455.45023692073,310.45170286563206,212
342000,-435108.7462900975,312.53842412294205,212
343000,-435646.7711215229,311.49010310485727,212
344000,-435782.3656384882,310.215403974929,212
345000,-434970.0499769249,307.3582647793195,212
346000,-435623.33934484026,309.6846852199778,212
347000,-435339.5565610167,311.5111934364974,212
348000,-435889.8773333619,308.6570346902301,212
349000,-436408.57602144754,312.0269589606709,212
350000,-435620.13297820534,312.87756617831985,212
351000,-434797.7411368592,313.6723696171133,212
352000,-436433.42743391846,313.9279929328831,212
353000,-434979.80124301114,311.1093720786571,212
354000,-435147.26337898267,311.949212822372,212
355000,-435917.81242994545,309.461707799884,212
356000,-435901.34734260803,315.3897751528938,212
357000,-435347.60635524266,312.2768405175877,212
358000,-435229.4993340485,309.44700405219993,212
359000,-434999.1487135482,311.47612217593996,212
360000,-435503.61422538897,314.01661109772743,212
361000,-435418.3252699352,311.20537337045437,212
362000,-435983.2855229783,309.9573481360329,212
363000,-435697.4868700842,310.9130707573315,212
364000,-435503.9007251961,312.9999652631498,212
365000,-435612.1330055578,313.50930957861317,212
366000,-435135.63406679966,313.5132922936885,212
367000,-435570.0330847078,313.31678292832754,212
368000,-434529.89120203536,312.20253018781864,212
369000,-435481.17714032833,312.018244837861,212
370000,-435618.41659247666,310.78257668081943,212
371000,-435804.6355033289,311.65992465905487,212
372000,-435662.21198585234,309.4468956742575,212
373000,-435801.0359708667,312.6588841859759,212
374000,-436652.42318968335,311.6046273531334,212
375000,-435295.18472503894,310.51685912714,212
376000,-436916.74487842433,311.71170242854265,212
377000,-435543.8604533067,312.3909113457525,212
378000,-435953.83039902477,309.1781051899285,212
379000,-436693.94225890655,310.06467969009617,212
380000,-436612.46130903554,312.35940718203614,212
381000,-434431.5293362194,309.9296745499551,212
382000,-437274.9912869709,312.1893425818942,212
383000,-435549.55275079096,311.14933328284366,212
384000,-435304.8816047616,310.803496315677,212
385000,-436351.48616261245,312.63468933473024,212
386000,-435916.07391706784,309.9134469274743,212
387000,-435518.42744055577,311.4838684507954,212
388000,-436173.1789044605,311.844534947396,212
389000,-435983.4026471032,310.54816520114423,212
390000,-434374.7951384997,313.6325450293202,212
391000,-434674.9771418427,313.9264800384057,212
392000,-436217.3234094484,310.38685956727585,212
393000,-435029.9819710606,310.0355990832086,212
394000,-435871.63584854174,311.3196290570392,212
395000,-435833.3386299012,313.6824667371415,212
396000,-436617.60201724665,311.71646213093334,212
397000,-435535.83471155143,312.35916652270566,212
398000,-436675.48554120166,312.8621442594544,212
399000,-435972.31356255687,309.2603460150779,212
400000,-435727.82672647806,310.53035508010635,211
401000,-436392.14401704655,311.49464418973923,211
402000,-435337.73672174825,309.3053607508933,211
403000,-435743.8116978796,313.7231445350664,211
404000,-435224.1693324526,312.3957747146731,211
405000,-434777.04669129243,313.4862359955013,211
406000,-436031.23250769987,311.05892967950643,211
407000,-435996.7568994574,309.18873297893344,211
408000,-436508.3395215927,310.5849818890848,211
409000,-435242.266576909,311.0098140780903,211
410000,-436828.94055343117,311.41878318778436,211
411000,-436375.9357456269,312.61969574122725,211
412000,-436258.82084389403,312.45203208429047,211
413000,-436389.4243651256,312.7127151513059,211
414000,-436024.69137242576,309.94478021168703,211
415000,-436328.8908191519,314.2538406077462,211
416000,-436123.97829871625,310.20330646629964,211
417000,-435865.48093457334,312.6873539024092,211
418000,-437404.8183514667,312.2547970829832,211
419000,-435402.6650081782,309.2376181614281,211
420000,-436609.4964601465,310.90666401282135,211
421000,-436436.8491515666,309.95322011653934,211
422000,-436264.02835679497,311.931111098505,211
423000,-436142.56205166783,311.75783666805364,211
424000,-436421.717777716,312.96439701740127,211
425000,-435460.6675550677,312.36372225608454,211
426000,-435495.45244236547,313.700200251919,211
427000,-437376.4824401024,308.9899671958153,211
428000,-436476.9878093668,309.6097183099011,211
429000,-435282.0728070745,312.59145094566844,211
430000,-434939.0359288661,313.6971027464587,211
431000,-434902.35491804755,314.35395921723585,211
432000,-436508.4187416048,312.4376506005759,211
433000,-434748.4145575953,314.43409268332664,211
434000,-435358.6591546645,312.58885435638064,211
435000,-435769.73442943883,308.50182745050705,211
436000,-437084.9024342529,311.01261225624114,211
437000,-434484.5610010945,312.2017660332171,211
438000,-435783.27877261885,313.9560955087723,211
439000,-436399.25011377176,311.88087462866866,211
440000,-435548.5212676008,310.4727800760748,211
441000,-436134.0959740076,310.7058461218309,211
442000,-436237.1287050275,311.5524117903781,211
443000,-435596.9545916803,308.75628565434886,211
444000,-434910.4339943344,311.38332494912817,211
445000,-436714.06667670887,312.61448150397325,211
446000,-435748.54446085985,312.0857440820387,211
447000,-435798.4941664182,312.44207535835613,211
448000,-435979.3997101262,311.1945721996293,211
449000,-436261.32378289243,311.2524066230323,211
450000,-434540.67496813415,310.19983329115956,211
451000,-435142.3924829061,308.69509415432816,211
452000,-436295.19268167135,312.6975501395879,211
453000,-437017.2390547937,310.91873011400025,211
454000,-435426.20139340265,310.63629536337584,211
455000,-436220.2340816774,311.8517823482779,211
456000,-434067.1553722117,311.744600670927,211
457000,-436131.1758197185,311.480714219499,211
458000,-436214.66540404735,308.75997314513245,211
459000,-434995.20137041924,312.05083812104823,211
460000,-436057.1685886809,313.53868042004694,211
461000,-436602.0781755096,313.13837308083566,211
462000,-435449.8450813573,311.7136336927588,211
463000,-436147.27837756067,312.85753108480105,211
464000,-436578.3931682836,309.97539626963356,211
465000,-436432.77020906867,311.55965840612015,211
466000,-435652.36967841466,311.99242195070775,211
467000,-434788.47578694415,312.72201090954377,211
468000,-436180.332181175,311.7245915820554,211
469000,-435196.90111022606,314.4147278956404,211
470000,-435301.92465818767,310.07647123728975,211
471000,-434968.24782912876,312.59742474050563,211
472000,-435333.0992190507,312.87941728082126,211
473000,-434338.51638618973,313.31088203407165,211
474000,-435561.13349603,312.44929383746285,211
475000,-434872.8024628591,310.3540895508676,211
476000,-435375.38549723127,312.1309322928663,211
477000,-436466.1115616788,310.203559216341,211
478000,-436188.9871497075,313.9458488039543,211
479000,-436311.7158446333,311.2751665846719,211
480000,-436486.79980881093,310.6184960600681,211
481000,-435337.2884526828,311.5151155212062,211
482000,-436037.6662522869,311.8697176976598,211
483000,-436371.5280211237,311.23456519106753,211
484000,-435916.2338247006,310.0214318845331,211
485000,-436161.992201461,312.6130413279722,211
486000,-435545.244863905,311.60527551458034,211
487000,-435546.6290965753,311.82424282580644,211
488000,-435434.48428801517,314.28734225529723,211
489000,-436124.9562137495,311.3529058178959,211
490000,-435925.47254126146,312.07646071755454,211
491000,-436307.6422420244,314.56501837766905,211
492000,-437287.5485236249,313.8676679738148,211
493000,-436145.96023122314,311.479068544024,211
494000,-436077.62610950484,310.4468098438468,211
495000,-435503.0771005417,310.95844826046283,211
496000,-436446.3891861744,312.6608667196014,211
497000,-435978.8704457418,312.0571417807335,211
498000,-435871.5210229575,313.0933591985107,211
499000,-435698.7638540927,311.2444894891295,211
500000,-435754.6435554186,313.0910273612322,211
501000,-434843.86736077163,310.41656061655647,211
502000,-435567.58625902305,312.09003771313274,211
503000,-436866.4177835563,312.7946573917159,211
504000,-436825.7660884217,312.2477013604318,211
505000,-436698.4910265005,311.04826122764416,211
506000,-436487.9421480943,311.62103069392253,211
507000,-436348.1152069869,311.50547057796894,211
508000,-435642.6098038056,310.20104662637004,211
509000,-435616.9151035142,312.8602409046313,211
510000,-436127.85873749456,310.263374688534,211
511000,-436157.54361251905,312.4126713884306,211
512000,-435293.70316522755,310.87753032100113,211
513000,-436102.79891990405,314.0644100213234,211
514000,-436214.123363534,311.6894544317396,211
515000,-435503.1050467454,309.7557161484805,211
516000,-437680.535490765,309.8116984624875,211
517000,-436053.61808507727,309.0643714295787,211
518000,-436122.1147236449,310.1987930127462,211
519000,-435812.8919784443,312.53249912094066,211
520000,-435330.56700830534,311.84653987390504,211
521000,-435514.56747853593,310.86272033747207,211
522000,-436300.0624071215,309.3268313759163,211
523000,-436606.61285247584,312.15086348355226,211
524000,-435815.89536077925,308.91305622436573,211
525000,-435836.01487906533,309.6939904384176,211
526000,-435657.6748412675,312.9688557832168,211
527000,-436962.2512576701,313.06670898845147,211
528000,-436471.05957321427,310.57870164060927,211
529000,-436530.4294913283,311.9308026740931,211
530000,-436430.95468870876,312.9290551461721,211
531000,-435975.76676527504,311.1689855069002,211
532000,-435525.53912947886,311.3237844388953,211
533000,-435239.74196623894,311.6701574425658,211
534000,-435843.8143311003,313.86232431436207,211
535000,-436373.60331277363,311.5573881422658,211
536000,-436648.4913777483,310.0606525096329,211
537000,-435666.4039483848,311.2110168127314,211
538000,-436435.6439343658,311.1082943504344,211
539000,-436459.8337759699,312.028998500478,211
540000,-434947.3412984775,313.333645102684,211
541000,-436347.90702735283,313.46037398074685,211
542000,-435717.94887155015,311.7412162933059,211
543000,-434978.82273601997,314.1127152608738,211
544000,-435728.80465761013,313.41888371641164,211
545000,-435761.57751421863,312.84554948558747,211
546000,-435915.90544490586,312.73234730697624,211
547000,-437145.9797201045,311.18218264348735,211
548000,-434582.1941625823,314.8515747113588,211
549000,-436567.0490775211,310.0856813091858,211
550000,-434983.84816048597,310.1026902492738,211
551000,-436267.3900430207,309.7752052220839,211
552000,-436172.3363399063,311.898512588694,211
553000,-435073.61834071344,313.25901157719574,211
554000,-434719.4248012083,309.92704085724944,211
555000,-437104.570684145,313.0133981213522,211
556000,-434725.5233911313,313.5421527616321,211
557000,-435002.17632052046,311.1851584053995,211
558000,-435929.63410378364,313.50050110183685,211
559000,-434573.50242681545,312.88971780269753,211
560000,-434869.84567014594,312.08205552453717,211
561000,-434930.66093503125,311.77383345245426,211
562000,-436407.7976676165,312.510426462173,211
563000,-435495.50440949854,311.8900595956913,211
564000,-435950.3422623053,313.4419574955274,211
565000,-435549.4056829023,310.570048742457,211
566000,-435504.03516283585,310.86973560967294,211
567000,-435916.9394775841,310.2104147525624,211
568000,-436109.19104242325,310.31898740527714,211
569000,-434384.3649282411,315.3339679313395,211
570000,-434843.73939150176,310.672411940364,211
571000,-434355.57635690505,312.3364231297039,211
572000,-435816.67256183596,309.0809344768926,211
573000,-435974.8737636199,312.87558067835295,211
574000,-435938.4226592453,312.17365305636145,211
575000,-436562.1755196515,309.3025386795895,211
576000,-435491.8815221011,314.44210865154434,211
577000,-434297.5445395524,312.1430251185439,211
578000,-434967.31846617465,310.75461059574667,211
579000,-435386.3961397938,312.81801430968346,211
580000,-436357.9473080521,309.81382447465376,211
581000,-436322.79969620216,310.93510129420736,211
582000,-436182.39418405155,309.5442704524731,211
583000,-434975.73375592055,312.77121663020193,211
584000,-434539.10843434697,306.99136121313205,211
585000,-435986.52588989073,310.1510357225034,211
586000,-435858.4711767507,310.3609234366971,211
587000,-435694.3806307197,312.47973382375454,211
588000,-435448.6978851871,311.93912011560604,211
589000,-435928.8602807175,313.24103165293093,211
590000,-436117.4414854967,313.62498346325333,211
591000,-434685.7664076893,311.992509389486,211
592000,-436015.9841843706,311.68119855650747,211
593000,-435586.5318155803,312.5640699414021,211
594000,-436242.77611866174,310.80696539159476,211
595000,-435983.27668734663,312.81724695868303,211
596000,-435735.26829156047,311.41425889649094,211
597000,-435749.6275220176,310.0319964720633,211
598000,-436193.1851924136,311.9365059551722,211
599000,-435461.0938308446,312.0022900866998,211
600000,-434545.28195168194,308.89992003346447,211
601000,-435552.6575229424,310.81279157777436,211
602000,-435638.9840972659,312.6626011944959,211
603000,-435274.9226250395,309.7592410783271,211
604000,-434837.68642458646,311.59741331524054,211
605000,-435692.86597582814,310.39711081910195,211
606000,-434938.75983744767,310.54271913608744,211
607000,-436033.41722941585,314.0841009616878,211
608000,-434893.96579287155,316.2508227499825,211
609000,-434886.56900984887,310.0547447509399,211
610000,-436216.4063074,314.3083509600444,211
611000,-436215.1326764128,312.87633881231056,211
612000,-437190.3486714547,309.51629267124196,211
613000,-435603.68153653573,309.3451881221151,211
614000,-435320.52500057453,313.8521943002382,211
615000,-435082.0720744792,313.0301771518295,211
616000,-435431.4715528274,312.2397736072897,211
617000,-435380.66138617415,310.7721715016044,211
618000,-437059.51449968806,312.97054100303467,211
619000,-435758.40109387576,312.0399391092225,211
620000,-436341.2151339967,312.8575138706792,211
621000,-436242.490053399,311.9569894679723,211
622000,-436045.440224339,312.24030837073485,211
623000,-435940.6778181833,312.5232105297513,211
624000,-436378.68793436256,313.5796703562419,211
625000,-435976.12493762304,315.8072026403775,211
626000,-437141.50915142125,312.48494655787886,211
627000,-435405.99471201375,310.17563125426005,211
628000,-435500.72762248176,314.1245946940148,211
629000,-434894.9481200783,312.1512192559559,211
630000,-435941.50232939236,312.910614631857,211
631000,-435967.8110175857,310.67480936711974,211
632000,-436276.23607828375,310.51086149995416,211
633000,-436601.0128599466,314.0802485598522,211
634000,-436112.7540664801,313.2091160606644,211
635000,-436572.01363584306,312.56471900379535,211
636000,-436190.26039410336,312.36791593490915,211
637000,-436038.84766836907,311.69588400780583,211
638000,-435932.9257262123,314.12385909013983,211
639000,-435710.76359140663,311.6063556830171,211
640000,-437129.98065415095,313.82584162414133,211
641000,-436798.28222271986,311.05648800864395,211
642000,-435281.04231821,311.09073123261965,211
643000,-436347.42813310726,311.8907328964834,211
644000,-436226.36698650755,311.6521592339122,211
645000,-435203.12066501705,312.7087195241291,211
646000,-436192.9172768197,312.91340022938783,211
647000,-435736.3705832199,310.6826114840954,211
648000,-435519.4113197613,311.6809349024237,211
649000,-436019.54008129635,314.6489740058737,211
650000,-438052.4804766164,313.73990681981996,211
651000,-435916.64589488297,312.84243485816023,211
652000,-436940.76166920457,312.4108569571401,211
653000,-437790.1632686532,312.69944724731096,211
654000,-436445.0389373349,313.3630495889795,211
655000,-436604.0598294963,314.08160394729805,211
656000,-435036.5459464644,312.5511443501809,211
657000,-436381.29367129016,310.1686452855978,211
658000,-437225.1243337509,311.8039822181883,211
659000,-435550.1611247773,312.0808222344445,211
660000,-436529.6186400505,310.6521979073503,211
661000,-438238.5366211182,309.218919716619,211
662000,-436873.67302504135,311.6629509150831,211
663000,-435549.7606160473,312.57140955407,211
664000,-436628.0311962359,312.4621695852271,211
665000,-435582.0845451115,308.7436570801782,211
666000,-436152.58041172987,311.2293726160489,211
667000,-435441.0229387472,314.63643090671474,211
668000,-434779.0801818124,313.599352997021,211
669000,-436606.38849982806,310.7958654292667,211
670000,-436255.85573056387,313.05252025112225,211
671000,-435905.7544942114,311.4457191861006,211
672000,-434956.5898114841,314.28109534091755,211
673000,-436404.5930626022,315.06073947540574,211
674000,-435665.1829032954,313.8765489040827,211
675000,-435254.666279878,312.3394613397217,211
676000,-435392.239720606,311.71412101677265,211
677000,-435676.94399295165,312.02350657891276,211
678000,-435567.1981604274,311.7685999095041,211
679000,-436455.6394393216,313.0843645153833,211
680000,-436647.9244083788,311.4715370298821,211
681000,-436228.2696980024,309.96219718906656,211
682000,-436420.6348990619,311.4538971688436,211
683000,-436121.09979539225,311.521954449926,211
684000,-435480.6095051374,312.7339359957499,211
685000,-436373.08420620044,308.5714687965099,211
686000,-437328.08970882115,312.9418919745151,211
687000,-437135.4365634157,312.66034120182724,211
688000,-435433.0490214068,311.53235431884815,211
689000,-436499.16424298845,310.41911710859137,211
690000,-436848.31750164204,312.05841092153275,211
691000,-436543.2534238533,312.2422797595167,211
692000,-435902.3878062512,314.65064910753455,211
693000,-436474.4579404602,312.414277693179,211
694000,-436679.98480212176,311.62237436425727,211
695000,-435719.5071794626,312.908747165712,211
696000,-435700.0095696398,312.22836406112333,211
697000,-436248.35054097115,311.86554559532925,211
698000,-435420.8244362045,312.6460536287499,211
699000,-437283.4451133439,312.64773232638663,211
700000,-435365.4949228612,312.1137195490851,211
701000,-436630.56803552783,310.6952488296209,211
702000,-437496.9399621254,312.60767533442953,211
703000,-436202.41704231966,313.70427242397074,211
704000,-436142.6671658268,310.37699403781056,211
705000,-436040.6144272671,311.18803485998063,211
706000,-434578.28621711535,314.97436453777624,211
707000,-435237.3888228922,308.43749899031616,211
708000,-436198.04390451545,311.39878413103224,211
709000,-436675.046578886,311.7832695990467,211
710000,-434751.01707555074,310.3766119024184,211
711000,-435101.3800210983,310.85511628618497,211
712000,-434856.8432707279,312.48274060322944,211
713000,-436095.7775288357,318.0545371646365,211
714000,-435852.72598296776,309.23450071092276,211
715000,-436226.54201205936,311.23340539369866,211
716000,-437141.64583436074,310.05393599009113,211
717000,-436230.77738010394,312.785669167461,211
718000,-437875.11616504844,311.9144514259827,211
719000,-436111.8985867442,312.98279716111557,211
720000,-436530.5109405697,311.7486606696517,211
721000,-436665.2387750973,311.8292539280507,211
722000,-436058.30972597655,311.23608701407824,211
723000,-435915.9269331489,312.9865034119154,211
724000,-436351.6492443024,311.6617834571639,211
725000,-435966.75385689596,310.03059171739545,211
726000,-437086.89314106596,312.33554874538794,211
727000,-436514.90005953587,315.71122845519204,211
728000,-437714.4521666535,314.3892166492347,211
729000,-435923.60523449816,310.6579090640384,211
730000,-437147.5728269436,310.93459402881984,211
731000,-436202.88999474933,312.5991069162756,211
732000,-437335.0722575488,310.8069161489584,211
733000,-437433.6801733293,309.14631615174625,211
734000,-436442.1214553488,313.24602198139127,211
735000,-436980.42449360597,311.24417896381954,211
736000,-436558.76236376166,312.63860806164735,211
737000,-436415.3314003323,312.6639637517204,211
738000,-436734.44513126113,308.72620183762217,211
739000,-436516.5398250986,313.0496168867635,211
740000,-435354.72074000863,313.03235827404654,211
741000,-436230.57094692276,311.87928517635055,211
742000,-437165.37273142114,310.6256697359674,211
743000,-436085.70930801146,310.81825219936496,211
744000,-436384.9218101152,313.581411580409,211
745000,-436022.19791241596,314.5866619506427,211
746000,-435217.67933602,313.4111751112941,211
747000,-436474.9899443006,312.853901176624,211
748000,-436365.70701363985,314.8701688864952,211
749000,-436209.034950397,313.90159015928697,211
750000,-435771.8139565941,311.2714993038229,211
751000,-436025.4231238081,309.98531494165803,211
752000,-436380.0472288779,312.1092261891366,211
753000,-438018.0899094832,310.171351989865,211
754000,-436946.1929870839,313.33246991015795,211
755000,-436634.298660727,309.0512017501852,211
756000,-436950.8867061802,309.5076675946407,211
757000,-436919.8733308995,312.4168461672561,211
758000,-436427.1535853243,315.08901492610335,211
759000,-437102.328229696,313.0865366316574,211
760000,-436766.4851931592,311.35873706837646,211
761000,-437002.2771425394,311.6000415345285,211
762000,-436285.4759537247,312.27438937880373,211
763000,-437683.7158248003,310.976353959408,211
764000,-437580.83313509193,310.92287189786055,211
765000,-437108.7067874677,313.57323287586723,211
766000,-435743.8382885689,312.00132807419163,211
767000,-436893.03227513423,311.33411788171907,211
768000,-436277.8649184117,312.22443083748664,211
769000,-435043.27192521864,310.9985724643113,211
770000,-436495.02830768726,314.2738195151066,211
771000,-436443.8414956075,309.40292140585746,211
772000,-436930.43958148756,311.8214597990703,211
773000,-436587.0624791831,314.7976863701973,211
774000,-437148.4682989868,311.8406810993188,211
775000,-436744.3299379735,312.5216820660286,211
776000,-437112.9999269289,314.08987782936623,211
777000,-435874.95407146425,311.1723882224102,211
778000,-436014.1472541685,310.59318254878707,211
779000,-435582.40822540084,310.2524840236284,211
780000,-436229.06445985683,313.04233770594766,211
781000,-436399.9818441423,312.2405662781073,211
782000,-436171.5960458829,313.8368209005941,211
783000,-436780.55291723507,313.0750425773649,211
784000,-436172.23198254337,308.8576005947851,211
785000,-437257.8937350516,311.8697702380197,211
786000,-436872.15840661223,309.59055664527705,211
787000,-436536.9800847373,310.3921589654679,211
788000,-437014.2525817817,311.7949372367828,211
789000,-436462.4962851985,313.90051807255804,211
790000,-436790.6102812644,313.7406450099248,211
791000,-437152.1585765609,311.5282071293418,211
792000,-436694.84510293347,312.371209906953,211
793000,-435251.87126733083,313.23456128465585,211
794000,-436604.11177734775,312.19852336521205,211
795000,-436874.6927883334,311.5860034719077,211
796000,-436343.4987154349,312.8873456521461,211
797000,-435729.84461840335,308.84922713044745,211
798000,-436210.35848652874,311.1753512280412,211
799000,-435825.64504365623,312.3555767527122,211
800000,-435748.6065621753,312.2192272308607,211
801000,-435534.5800410451,310.95345244780935,211
802000,-435700.90004103584,314.0389599253823,211
803000,-436851.75477544614,310.42011742424444,211
804000,-435919.9541101267,311.1167173198334,211
805000,-437731.44538304815,308.99564353463614,211
806000,-435869.1491495997,310.33349107912835,211
807000,-436109.7430613765,313.28330650082205,211
808000,-435394.86788385175,311.38546075755846,211
809000,-436501.5435659187,311.7319417060286,211
810000,-436646.71595853963,312.0224332239658,211
811000,-437268.7615627346,310.3798170303059,211
812000,-436053.74935855484,313.4619098245237,211
813000,-436823.1857304366,312.4601282705954,211
814000,-436994.60679746117,315.84155257594375,211
815000,-436530.626865302,314.3059068440345,211
816000,-437261.27711043623,311.46600110581636,211
817000,-436583.8825364006,310.8687292440023,211
818000,-436519.5413021799,310.95303369129067,211
819000,-436691.591869124,313.6549282667299,211
820000,-436525.9150603807,310.60158708390065,211
821000,-436470.50863150996,316.11588595687,211
822000,-436415.8233783245,313.3610009335387,211
823000,-436782.86980734183,310.2777891040128,211
824000,-437079.5611500414,310.2775959216796,211
825000,-436321.48935317737,311.22600888594565,211
826000,-437270.9969423397,314.2498823459045,211
827000,-437756.7557785488,313.87473390869354,211
828000,-436555.33193258964,314.6102953220054,211
829000,-436275.7084492496,311.5014882775428,211
830000,-436821.59334761277,312.10323552467304,211
831000,-438042.86857005046,309.9826906679141,211
832000,-436809.086638225,310.95227016184856,211
833000,-436980.8545169721,311.6530460021826,211
834000,-436443.7869318228,313.1614359060171,211
835000,-436450.8776247711,310.9476571156051,211
836000,-436437.86553474586,311.14248291589655,211
837000,-436581.43750508013,311.0545304757654,211
838000,-437020.6393580609,311.97877719171214,211
839000,-436143.8933996174,313.7781690214189,211
840000,-436897.2690258501,311.09285411638376,211
841000,-437455.25826912513,312.12017875845635,211
842000,-436411.6582525836,312.0218412996477,211
843000,-437501.8567455595,312.8855264054647,211
844000,-437537.7947832453,311.27667672130286,211
845000,-436378.72638893477,310.4906143915496,211
846000,-436828.5286465755,313.7967774128921,211
847000,-436089.7560803492,313.47935631309974,211
848000,-437042.6874348321,313.0216645167846,211
849000,-437072.75596506544,311.063334426463,211
850000,-436443.6918852525,313.96867172205657,211
851000,-436896.2639274234,313.4717950112374,211
852000,-436567.263091004,310.25047052890176,211
853000,-436462.6070465918,311.619206958542,211
854000,-435972.9757758514,313.63265539523456,211
855000,-436496.5175126004,312.20090854093723,211
856000,-435662.7228651964,311.4273932864943,211
857000,-436845.4772821474,311.44412745897574,211
858000,-437156.0091700263,311.15277694844593,211
859000,-436026.9671271781,311.689393537011,211
860000,-437489.28640330024,312.07388711401967,211
861000,-435526.9739196836,311.31338872680635,211
862000,-436792.6706971021,312.0281226336353,211
863000,-435478.1154015956,311.3324363571303,211
864000,-436739.012479038,315.4565094591183,211
865000,-436071.87306917924,315.5548481886608,211
866000,-436276.0610761449,310.84763004231263,211
867000,-436196.08524690056,313.08394612313424,211
868000,-436364.8749043045,310.7627854854557,211
869000,-436532.7971958746,312.3737156156451,211
870000,-435549.78894415405,315.5049495395994,211
871000,-436215.6278932118,310.34247022296444,211
872000,-436788.8348274641,314.0950553664947,211
873000,-435311.04102969775,310.25319008607886,211
874000,-435057.5972703849,312.8738721161104,211
875000,-436856.0124636763,310.8062000888231,211
876000,-437107.2643429409,310.1324232577522,211
877000,-436575.5666206337,311.7461514601288,211
878000,-437828.21705253376,311.028268801194,211
879000,-435909.2664786328,311.90666394719597,211
880000,-436761.66416524583,314.2856778278855,211
881000,-435914.7252511445,309.1701468976676,211
882000,-436167.6513447461,311.83751796532414,211
883000,-435631.33671145793,311.9256657654498,211
884000,-435294.8247016249,312.8298014179733,211
885000,-436289.4582666911,307.69101429271177,211
886000,-437124.5569339576,311.1652443720656,211
887000,-435658.4926554996,310.68003406344724,211
888000,-437653.21437134384,311.93919421510583,211
889000,-436092.20871547004,312.0427625601642,211
890000,-436550.3441724004,308.50197515003407,211
891000,-436936.87352534547,313.68425459610705,211
892000,-436167.8290842341,311.81608643754817,211
893000,-437478.7118773509,312.6589357643745,211
894000,-435979.8485518731,311.43126965757574,211
895000,-436473.3261294074,309.2525982347373,211
896000,-435786.53105704393,311.04394703099763,211
897000,-435749.4524311393,313.5171451090551,211
898000,-435990.8023345929,314.12178483659153,211
899000,-437263.38382716617,312.2927434926112,211
900000,-436425.0687934235,311.776974666765,211
901000,-437473.3875239736,310.9766362962238,211
902000,-435629.537611288,313.4668833283678,211
903000,-435675.8823762026,311.5662898981694,211
904000,-436400.0761887464,309.5424721060541,211
905000,-436921.1500334875,313.79152443376154,211
906000,-435498.4250851697,313.1598982281707,211
907000,-436584.3886921182,312.38628982688874,211
908000,-436484.0061568606,313.8460834737103,211
909000,-435481.59938486153,312.17696323185334,211
910000,-437082.4114413089,310.99677191220985,211
911000,-437252.5617463803,311.02599322437317,211
912000,-436398.4171720126,313.71915993099276,211
913000,-436490.5922505723,310.0664148381896,211
914000,-435504.993879193,312.87653186320887,211
915000,-436767.97229867056,310.4165987998287,211
916000,-436829.31331192376,310.5309803293224,211
917000,-436341.4466845263,309.9056929710873,211
918000,-435382.0573446646,313.84731408892,211
919000,-437079.3370480859,311.8362449180683,211
920000,-436501.95973455184,313.02074232851595,211
921000,-435527.6171198641,313.62956900680774,211
922000,-435845.05245282524,312.193856275697,211
923000,-435839.6327715323,310.234492733394,211
924000,-436604.2133160017,312.1332461256802,211
925000,-437983.7614804364,313.89319813315745,211
926000,-438243.48522712546,310.326650064575,211
927000,-436170.40931553044,311.25433135649104,211
928000,-436437.8423903715,313.4312229752574,211
929000,-435793.2750328905,311.728914250198,211
930000,-436798.1950786079,310.81199030847836,211
931000,-435916.4834677889,313.1774085603761,211
932000,-438008.3648133648,311.7340330703878,211
933000,-437056.86108883214,310.63223881134155,211
934000,-436448.9841528041,308.1448314133022,211
935000,-436387.9541335611,310.6176144662951,211
936000,-435721.6689037825,311.91644185285656,211
937000,-436593.06341371895,311.65415874484114,211
938000,-438681.8789091455,310.9719521420516,211
939000,-437585.6947449099,310.9248657215427,211
940000,-437429.2903342149,312.4600944437194,211
941000,-437264.62381614815,308.05184736087114,211
942000,-435598.33181769797,314.423570217234,211
943000,-436840.92013145005,314.23639078552685,211
944000,-436088.7439367131,313.1410194201674,211
945000,-436568.04064261727,315.48376846038946,211
946000,-437754.02751040086,309.41162790906355,211
947000,-435923.1134720575,313.40405873316257,211
948000,-437234.56643765257,308.27910435092,211
949000,-436524.72061531455,314.1926652147047,211
950000,-436894.5916221603,310.912779778608,211
951000,-437280.15601906553,313.8437778822934,211
952000,-437184.041760219,311.22465365732694,211
953000,-437443.6904754306,313.340483929101,211
954000,-436992.7679902718,310.48463492151365,211
955000,-435551.5057165369,310.52991015763007,211
956000,-436083.390810841,312.0261020545448,211
957000,-436452.3305905103,312.9796434668373,211
958000,-436906.94628401706,311.760103636725,211
959000,-436932.15582866594,312.7919916412531,211
960000,-436178.60862071277,312.21401809269764,211
961000,-437378.7739171705,311.21745046006794,211
962000,-435520.08813752723,311.9062789866119,211
963000,-437530.68174483743,311.76761931129454,211
964000,-437157.3694273664,309.55540656408806,211
965000,-438059.2554915277,312.9732023116764,211
966000,-436532.8786300919,312.3306324590738,211
967000,-435921.3189967852,314.0150991025428,211
968000,-436953.97044056817,312.86548568069594,211
969000,-436832.8450695083,316.45968547643264,211
970000,-437017.8100512135,311.6415313194208,211
971000,-435800.0474202391,309.95720179402616,211
972000,-436053.7411618626,314.2581979770812,211
973000,-436588.9058160875,309.6340376481241,211
974000,-435993.2023797189,309.9334818176954,211
975000,-436732.74916060106,311.10532905875226,211
976000,-435793.62411014666,310.84154690053026,211
977000,-436224.08567660465,310.83159908834534,211
978000,-435138.2822340003,315.33263848636767,211
979000,-436578.9504639043,312.52209621482547,211
980000,-435924.00407001143,312.43184769837615,211
981000,-437012.33117887727,313.3035633189827,211
982000,-436226.8078792882,314.03117446526886,211
983000,-436485.34340017056,311.76744950065597,211
984000,-436133.2217064181,312.6343307588904,211
985000,-435561.99403609545,312.77218525846587,211
986000,-435934.76764685474,315.9625487107786,211
987000,-436964.17249508505,309.9528757477904,211
988000,-435604.9802017743,312.53599278470193,211
989000,-434993.63258521026,310.96616095285407,211
990000,-436385.109643667,312.2358339643737,211
991000,-436454.69554521865,310.73447947719984,211
992000,-437304.58920641104,311.99132888207333,211
993000,-436614.55402554525,312.54404562807184,211
994000,-437330.7981883958,313.13768614214814,211
995000,-436757.4706724079,313.2518216657833,211
996000,-437442.0536836602,312.57056834387885,211
997000,-437143.18266687985,310.88449554549635,211
998000,-436893.665315059,308.59369319042645,211
999000,-436593.2747430885,312.512394345527,211
1000000,-437688.7361103385,311.48369105253,211
1001000,-437386.3078607365,313.42438725482094,211
1002000,-438114.05052794935,310.16408609615405,211
1003000,-437113.3389808715,310.5269815840904,211
1004000,-435762.83230783395,309.16540620807245,211
1005000,-436175.30253373506,310.60508493494694,211
1006000,-437085.47832102375,312.66257669171176,211
1007000,-435489.00869887276,312.6524496505013,211
1008000,-437239.190374495,313.6656638863584,211
1009000,-437972.7659379805,309.0579635934061,211
1010000,-437702.0111634021,310.77601970525365,211
1011000,-436466.98276496865,310.9816360850221,211
1012000,-436203.33560612705,308.80930967563665,211
1013000,-436470.60845992994,310.90392585273446,211
1014000,-436430.76450654026,309.83496605180403,211
1015000,-436111.4125312832,313.9338164572038,211
1016000,-438042.1291319011,312.87173917614655,211
1017000,-437282.2396412166,316.33046383983543,211
1018000,-436000.67733969004,311.0094254701931,211
1019000,-437685.44307520706,309.450782732044,211
1020000,-437299.5809629415,312.7307391509993,211
1021000,-437511.905589584,314.22561424050286,211
1022000,-437237.6892095094,311.1830370112135,211
1023000,-436528.3580930128,311.0080508826121,211
1024000,-437696.1168276039,312.8317700124307,211
1025000,-438429.3214964855,310.6760380935653,211
1026000,-437241.5967780815,313.30635442181125,211
1027000,-437990.0513697553,311.8586376781279,211
1028000,-438371.2298212333,311.9892791036096,211
1029000,-436122.856617433,312.87987866377455,211
1030000,-437449.0225745989,312.37268087602814,211
1031000,-437566.9791560224,310.4770477663488,211
1032000,-438026.88202037197,314.262607867691,211
1033000,-437432.54959005443,311.08208866226084,211
1034000,-437118.21509556076,310.2953183420417,211
1035000,-436795.32667332026,311.8590492508267,211
1036000,-437856.56599221635,309.86819932561986,211
1037000,-436785.49262161436,313.40170248576777,211
1038000,-438146.5267698753,312.1040427477114,211
1039000,-437217.34643360926,314.42505871026276,211
1040000,-437233.9233138021,311.1896319428925,211
1041000,-436767.8813886894,311.632054671656,211
1042000,-436011.2693095901,312.2404222337761,211
1043000,-437042.60667879647,311.58640664514945,211
1044000,-435896.25375242834,312.8805005697766,211
1045000,-437500.0393809881,314.8336475955189,211
1046000,-437127.5487802902,312.4497272323775,211
1047000,-436964.954942961,314.24153824906824,211
1048000,-437347.94875305425,313.01656636167775,211
1049000,-437180.91373576573,311.46911336269756,211
1050000,-436756.0799959139,311.46156398840554,211
1051000,-436360.03768457216,310.7286299375428,211
1052000,-437455.3504856378,313.26595879849003,211
1053000,-437624.39194798935,313.3618977591115,211
1054000,-436330.89779350697,313.2475261350241,211
1055000,-437282.931910723,309.0658938319318,211
1056000,-436821.0029430194,312.95065434948594,211
1057000,-436841.2874940664,313.18646053297306,211
1058000,-436347.8666708418,314.23652074551126,211
1059000,-436620.89883295656,311.50616317582535,211
1060000,-437004.01161425863,311.4530546553492,211
1061000,-435951.2868006034,310.3915891034889,211
1062000,-436883.3416907913,313.0952279735957,211
1063000,-436541.554303725,310.0620062087211,211
1064000,-436570.777440913,311.4758366670847,211
1065000,-436695.8179948968,313.0856803085731,211
1066000,-435703.5420085988,310.43930058458744,211
1067000,-437148.8946927942,312.0369769300059,211
1068000,-436854.61627011024,314.72681149231005,211
1069000,-436888.24233161146,313.4362896401129,211
1070000,-437186.27836293844,309.92674469687535,211
1071000,-436752.9200767358,309.6650567414957,211
1072000,-436886.884136325,310.05234307945466,211
1073000,-437562.7581424089,308.28900005888016,211
1074000,-437719.9845695447,310.7916734851519,211
1075000,-438505.70852021314,315.13507575938166,211
1076000,-437147.835166106,309.29814642654486,211
1077000,-438361.80493491306,312.921046371949,211
1078000,-436033.0755965486,313.7163432056863,211
1079000,-436996.823736693,311.5676007741966,211
1080000,-436069.56647102674,310.49808322182554,211
1081000,-437209.7648835296,313.25864723428947,211
1082000,-436930.44345299643,311.7102278902794,211
1083000,-436289.93962690467,314.9327114704882,211
1084000,-437128.78186919703,309.8022878300904,211
1085000,-435341.5670802987,310.8746943283213,211
1086000,-436991.0064233283,313.2228732716895,211
1087000,-436170.95456396556,313.8577508743182,211
1088000,-435996.743170775,311.0189308368513,211
1089000,-435455.2489355707,313.06947372225403,211
1090000,-436224.39595978265,309.3456987848325,211
1091000,-437159.4491903533,311.7822545370419,211
1092000,-436185.6433694202,315.36245631625445,211
1093000,-437104.8281857956,312.17546000750144,211
1094000,-435865.5433502926,309.1526992588703,211
1095000,-437614.08889309526,311.8401550898665,211
1096000,-436334.4467879534,313.02077560522383,211
1097000,-437955.938977876,311.8387515859231,211
1098000,-437262.7736550374,310.7053534061358,211
1099000,-437445.72130217333,309.46326932857556,211
1100000,-435608.4816488505,312.5465817634534,211
1101000,-437407.7560121631,313.6012886528835,211
1102000,-437449.90467160987,311.6616990553279,211
1103000,-436444.3563179907,309.6012858286859,211
1104000,-435680.60997395124,310.2371018515111,211
1105000,-437552.9310859188,313.0271669068744,211
1106000,-438116.4052786166,312.37943219160434,211
1107000,-436772.34007522,310.80052157099954,211
1108000,-436880.8743138858,313.5231566753811,211
1109000,-436373.7090519883,310.68557429089157,211
1110000,-436786.6075728219,313.55235081024483,211
1111000,-437359.5161991203,309.20638331246164,211
1112000,-436711.02794057876,311.65517329405645,211
1113000,-436408.6153560723,312.9255397241024,211
1114000,-437082.10528714117,314.2578795104307,211
1115000,-438119.29660139,310.4773613500243,211
1116000,-436217.8019089615,311.9531338607624,211
1117000,-435154.62217375194,313.26321369444577,211
1118000,-437269.59484003973,312.92104618169265,211
1119000,-436632.7006081431,310.9730630101873,211
1120000,-437795.1139122392,312.5026738114525,211
1121000,-438939.1753838188,311.72285988485817,211
1122000,-438452.8743367335,311.4952483264555,211
1123000,-437402.01814609906,311.8453600676503,211
1124000,-437124.643177191,307.56091410652095,211
1125000,-435951.88524352247,312.80483884247764,211
1126000,-436350.40668534604,311.23118508376706,211
1127000,-435848.62178869965,310.5589038703346,211
1128000,-436962.1195958771,310.10470220528066,211
1129000,-436375.6295537504,312.80166537245935,211
1130000,-437556.8605445444,312.89596550361705,211
1131000,-434795.8105564229,311.58045641027985,211
1132000,-437255.06759454776,312.1439114558848,211
1133000,-436148.0025736487,314.14286383156303,211
1134000,-435943.70284409286,309.41051137494975,211
1135000,-437028.3511950418,314.64424231285227,211
1136000,-437344.7017970674,311.34437019253517,211
1137000,-436701.0527253384,310.848437931216,211
1138000,-437581.9924725152,310.9742292878712,211
1139000,-437302.1264983928,313.68223540986065,211
1140000,-437269.67522131954,315.10517262112995,211
1141000,-437441.1725592625,310.68795872116755,211
1142000,-436607.06052007293,308.9993438940117,211
1143000,-437569.7735165467,311.9106829269697,211
1144000,-436692.8793309531,310.81292267103294,211
1145000,-437429.2821332,311.6294442071781,211
1146000,-437030.25047001266,311.90917732448395,211
1147000,-437772.12233607424,313.27522942775096,211
1148000,-436642.5531596625,310.6880251659675,211
1149000,-437369.8534512492,312.1540374739024,211
1150000,-436211.77082427614,311.6741381847011,211
1151000,-437041.4108055418,308.89814938423376,211
1152000,-437251.9159735539,311.3687414623656,211
1153000,-437720.7010199104,311.252271192293,211
1154000,-438531.3921338499,312.39623440076,211
1155000,-437170.86408052174,309.8675396169918,211
1156000,-437135.2926365924,309.81778779599995,211
1157000,-438321.6872024799,312.93324721711423,211
1158000,-438226.8912144196,314.873389867298,211
1159000,-436531.37638081564,312.24461167348943,211
1160000,-437622.93413716904,311.7031261618016,211
1161000,-436789.9370316423,311.28185165299976,211
1162000,-437485.9730046608,310.1337819529342,211
1163000,-436676.680734962,310.83235820418383,211
1164000,-437269.1701322715,313.3865115299558,211
1165000,-438129.4107820806,311.9729454794482,211
1166000,-436928.4553791194,312.3843894338233,211
1167000,-435606.1933524329,313.79222117582265,211
1168000,-437064.7307384338,314.8688823944634,211
1169000,-437114.4694063801,312.4914950528259,211
1170000,-436469.6301825638,310.7787697945024,211
1171000,-436675.35853526555,313.7815918097685,211
1172000,-436802.71278686495,312.1273263896651,211
1173000,-437109.232589297,310.0218001882847,211
1174000,-436736.4359896139,312.7977653818769,211
1175000,-436755.2730980986,313.2543389504139,211
1176000,-437803.2406644006,314.3229597589324,211
1177000,-437486.02096847445,314.15155231667154,211
1178000,-438602.16149798874,313.14460354874745,211
1179000,-437102.376151877,309.620286707423,211
1180000,-437725.0590241726,308.856578088214,211
1181000,-436119.0015895942,314.3069524660057,211
1182000,-436758.89698407263,314.9789911948522,211
1183000,-438051.98146040086,312.0274822752335,211
1184000,-437574.7061474677,312.1337621980728,211
1185000,-437274.4172830179,311.7474377904294,211
1186000,-436439.62732108124,312.3067158943275,211
1187000,-437347.6671472683,315.2625449258659,211
1188000,-437259.9788250462,312.9256209934399,211
1189000,-437486.43756552227,311.62342032648803,211
1190000,-438103.47698341985,313.28312456619346,211
1191000,-437391.34057870903,310.2151006427211,211
1192000,-438254.1776778421,311.3694574277627,211
1193000,-436739.08072493994,313.60200609897686,211
1194000,-436127.20466886135,310.76303237500514,211
1195000,-437998.22000506846,311.0290687198613,211
1196000,-437409.5090218368,310.5958616109874,211
1197000,-437266.20722395484,312.1587392643121,211
1198000,-437952.9257306645,313.29061563980906,211
1199000,-438206.49457231397,313.11466492575323,211
1200000,-439117.5116629943,311.1949798538236,211
1201000,-436173.01115610846,310.8514111865279,211
1202000,-437964.02616882767,312.6783180315735,211
1203000,-436149.5887232779,309.974182130727,211
1204000,-437172.7957843896,313.2217433491027,211
1205000,-437208.51076031337,313.03732280544585,211
1206000,-437861.37331565726,311.57572747588046,211
1207000,-437091.15499949525,309.0243508362082,211
1208000,-436945.26160233933,314.66816239116355,211
1209000,-436304.6425444763,310.9420265780852,211
1210000,-437867.9663735486,309.6694148533904,211
1211000,-437158.7179430432,311.1085711664412,211
1212000,-437343.2115165314,309.19495187101126,211
1213000,-437682.07825112063,310.0576785019317,211
1214000,-437392.06362063857,310.9214620827473,211
1215000,-436776.3460792848,312.7522371783471,211
1216000,-438021.439022342,311.36246268747146,211
1217000,-437465.3588671931,313.85292481771324,211
1218000,-437921.2834818093,312.16125455946536,211
1219000,-437342.84917947836,313.6028285914195,211
1220000,-436662.5314968487,313.195457181187,210
1221000,-437532.0585774346,313.09136259299964,210
1222000,-437072.83269611467,313.1791433260002,211
1223000,-437325.8140808777,312.73338022787846,211
1224000,-436162.0655944012,312.20999864474555,211
1225000,-437007.0000738369,312.9923571627979,211
1226000,-438220.7492435598,312.2597787770404,211
1227000,-437365.7974957882,314.78004598701455,211
1228000,-438230.15616122726,312.175146918773,211
1229000,-437028.7408238561,310.12680490404125,211
1230000,-436793.0521414578,310.91660748165805,210
1231000,-437251.1685814613,310.35509254700946,210
1232000,-436593.32484038663,311.64164657368804,210
1233000,-437271.71849300526,313.15500379265205,211
1234000,-437039.94754918455,311.3036676399974,211
1235000,-436823.01305876183,312.25719500311277,211
1236000,-437116.9356469335,312.4656380266934,211
1237000,-438745.16084779263,313.5938226105284,211
1238000,-436894.75337109785,311.4125287004656,211
1239000,-436667.70800435403,312.3597733168359,211
1240000,-435751.30025005457,310.7336441416045,210
1241000,-436360.15356823266,312.90447223303113,210
1242000,-436501.26768601383,313.7763144450192,210
1243000,-436917.0972486399,313.17842891679834,210
1244000,-437424.765881398,311.48901348645205,211
1245000,-437253.95888255024,313.5940791011409,211
1246000,-437959.695490676,313.979156647973,211
1247000,-437407.25791864167,310.3085689353375,211
1248000,-436965.3187402759,311.3298565455116,211
1249000,-437567.4879408835,309.10288886258695,211
1250000,-437949.1386075986,311.9496398265085,210
1251000,-438305.5807064364,311.0276087541006,210
1252000,-437180.4007124312,314.1938205116141,210
1253000,-436512.43283873005,311.99836533779614,210
1254000,-438065.53502550744,313.26670427997163,210
1255000,-437073.87683002884,313.7887256044311,210
1256000,-437746.7012615702,312.23050333652566,210
1257000,-437509.282821361,310.85250397299524,210
1258000,-437951.5557796543,309.59874569577926,210
1259000,-436996.09537881403,308.67364215793714,210
1260000,-438365.9140785155,312.30981639987857,210
1261000,-437529.6694434399,314.0932363263173,210
1262000,-438006.94821651746,313.55825921005516,210
1263000,-438414.74389156536,312.0927884110261,210
1264000,-437864.8868806276,310.7218925632424,210
1265000,-438673.45616406994,310.1046730200671,210
1266000,-438123.9339553721,310.88531353637666,210
1267000,-437479.95363533706,311.23188624816237,210
1268000,-437091.8352304206,312.93020005021367,210
1269000,-436914.24479285465,314.58647630053247,210
1270000,-437638.0249554275,310.1964567786481,210
1271000,-437744.52316288627,312.1284259424174,210
1272000,-439279.53901878954,311.890751560633,210
1273000,-437455.2800339842,311.77399249265267,210
1274000,-438107.88223032025,311.91328647925087,210
1275000,-437541.7385108485,313.45510189229867,210
1276000,-437223.9139574296,312.4928284814596,210
1277000,-438132.2545937989,310.6627750027145,210
1278000,-437573.25192910945,312.0521831666028,210
1279000,-437133.7578782283,311.0752146243421,211
1280000,-438490.7797396786,311.1335107769401,210
1281000,-437883.19822547236,310.7525281861544,210
1282000,-436290.9658257002,311.11790943393225,210
1283000,-437465.8803792102,312.0494649668983,211
1284000,-437091.53746465524,310.4545641732166,211
1285000,-438636.2352659537,310.48393512925065,211
1286000,-437027.032160152,313.29039620348925,211
1287000,-437127.0016916711,312.7336541293517,211
1288000,-436721.13248550845,310.6732620410743,211
1289000,-437902.00128752436,311.2648118139193,211
1290000,-437789.5368252839,310.88352339194023,211
1291000,-438482.9494377023,313.0040889437325,211
1292000,-437776.42008184013,313.25224331748706,211
1293000,-437269.7418997637,313.40923791957573,211
1294000,-435569.98589378735,311.10771217437673,211
1295000,-437151.7722037474,312.123999992884,211
1296000,-437642.3371609035,309.25551353872544,211
1297000,-435718.5696200214,311.82079435559893,211
1298000,-436827.54758730275,311.68064262966425,211
1299000,-437358.7596098217,310.37921014721866,211
1300000,-437137.482755234,313.7797285693499,211
1301000,-435849.97488411586,313.0796822648349,211
1302000,-437651.6962100519,311.56721113396014,211
1303000,-437084.4587870317,312.59125493139226,211
1304000,-436981.17966072797,311.41471088259067,211
1305000,-437308.4048507353,312.7576628336086,211
1306000,-437028.65153196245,308.90474655295645,211
1307000,-436641.7131809369,311.53834547642555,211
1308000,-437793.71112250444,311.11645467876485,211
1309000,-437045.2704556715,310.0316615552894,211
1310000,-437297.91003070516,314.8033234836931,211
1311000,-437041.6008878052,314.3459228339846,211
1312000,-436745.86324304296,311.9032689840292,211
1313000,-438369.9907026526,309.35465496799196,211
1314000,-438166.7375198733,311.56472836284706,211
1315000,-436973.6880886394,311.98860906918077,211
1316000,-437389.45998111204,309.3817226836078,211
1317000,-437515.155236786,312.908853927452,211
1318000,-437884.62671567826,309.38073524129123,211
1319000,-437313.55481422506,310.08716913119224,211
1320000,-437387.1855766964,310.3043712386502,211
1321000,-437572.7975252527,312.4560800751806,211
1322000,-438235.44025349896,315.47212581747283,211
1323000,-437252.98307738313,315.62490375480945,211
1324000,-438172.53064247826,312.022852085194,211
1325000,-437120.7187065941,312.0950041068934,211
1326000,-438018.04799117264,311.1087006800099,211
1327000,-437723.7044525957,311.5760408819448,211
1328000,-436689.36006112467,313.951703413931,211
1329000,-436859.87298029615,312.58972759525665,211
1330000,-438089.5649157914,312.9516478194286,211
1331000,-437828.3963490762,309.80613479905105,211
1332000,-436682.74178677774,315.79016300041417,211
1333000,-437393.33256493486,308.91045397638925,211
1334000,-439216.08815930295,309.73802355723234,211
1335000,-436779.94590350497,315.0231244223544,211
1336000,-435533.33330549696,312.70553157840834,211
1337000,-438187.5745813793,310.65731910766885,211
1338000,-437534.66296925466,311.38760269477797,211
1339000,-437211.90510126017,313.12062737050513,211
1340000,-437567.86936197523,313.1798018649472,211
1341000,-438207.190508449,312.0842471324661,211
1342000,-437139.6780786421,311.20809878509687,211
1343000,-437410.09244702733,312.55030226041305,211
1344000,-437598.38465443393,312.9185110710998,211
1345000,-436676.75750213,312.2267802795706,211
1346000,-438302.649750161,311.9795180609747,211
1347000,-437263.9294666068,311.8105927906699,211
1348000,-437400.1693677732,310.07968414948914,211
1349000,-436355.002764154,313.0803558250404,211
1350000,-437742.6903432063,311.21686937539585,211
1351000,-436724.98811536236,312.3986224623878,211
1352000,-436392.49892526376,310.98469481328556,211
1353000,-436967.7002474738,312.3544693805138,211
1354000,-437912.83760831575,314.9836025279827,211
1355000,-437272.39414972975,313.7179338703286,211
1356000,-437377.27433636365,312.93480617616376,211
1357000,-437383.92661231523,313.52161697933224,211
1358000,-437457.9044069331,312.99845006680755,211
1359000,-437525.5051984452,315.55415785251955,211
1360000,-436262.91376486095,312.82528317645,211
1361000,-437742.4332548466,310.48582742007017,211
1362000,-437463.30745176575,311.25857999793647,211
1363000,-436489.0081941923,311.65431401525603,211
1364000,-436058.7495778899,312.35892502192377,211
1365000,-438087.93976872624,309.94285368036964,211
1366000,-438191.599712773,314.1947867757095,211
1367000,-437113.16085138544,310.4878988333639,211
1368000,-437317.7671087384,312.5600020637302,211
1369000,-437044.03573256475,312.2575668763735,211
1370000,-436915.7219544691,309.5345594342305,211
1371000,-436900.9307693939,310.36059806578487,211
1372000,-437250.8367498915,311.2621413304874,211
1373000,-437781.7928014039,311.9059551116729,211
1374000,-437093.4465924443,312.22600990694286,211
1375000,-437664.31466244604,312.1670533552284,211
1376000,-437410.9460012715,311.1783893160898,211
1377000,-437889.156519633,310.50848393014826,211
1378000,-437497.68344404944,312.7215334073391,211
1379000,-437704.1764754944,311.3156188379361,211
1380000,-437120.46381691215,313.7273308588039,211
1381000,-437939.96959653427,311.4817217422318,211
1382000,-437770.6729601857,311.17395050827656,211
1383000,-436895.6878230893,313.3286611035914,211
1384000,-437359.2313532524,310.95427131863784,211
1385000,-437541.2738305542,312.12073182076165,211
1386000,-438290.09140529204,311.1726919447282,211
1387000,-438079.5525012079,312.57234678139883,211
1388000,-437057.23780350084,315.0640231814384,211
1389000,-437591.7304648096,313.01641485910386,211
1390000,-437669.000656998,307.9169361507012,211
1391000,-437233.1847862478,315.47763786748123,211
1392000,-437410.1626088028,311.9252990626325,211
1393000,-437699.21233094437,311.90531523892406,211
1394000,-436942.1213392613,311.81952755660154,211
1395000,-436888.6470151511,312.4333122014891,211
1396000,-436814.0299783882,311.0954507262738,211
1397000,-436596.86777939484,310.6393086784811,211
1398000,-437357.24043188407,313.31001638063333,211
1399000,-436818.7226140937,312.53922121128613,211
1400000,-436122.59225144004,311.44093125446904,211
1401000,-436778.45529114944,310.8319625404122,211
1402000,-437381.3817270468,313.5976510043717,211
1403000,-437487.66512482753,311.97773478849456,211
1404000,-438059.94733520085,311.4840818833437,211
1405000,-436659.64359364077,312.78603730729805,211
1406000,-437952.0690121979,313.10489471969515,211
1407000,-436549.21263911156,310.3821790918238,211
1408000,-436092.86281152535,309.37648072779666,211
1409000,-437896.9291312606,312.8432466873412,211
1410000,-437133.4300805938,312.4848754500628,211
1411000,-437136.89718965883,312.90519189205975,211
1412000,-436836.02045552176,312.34405080517297,211
1413000,-437518.2101955975,312.65476089907065,211
1414000,-436922.25380866625,311.3998776449993,211
1415000,-436200.587585957,312.9842071334417,211
1416000,-436777.15813323995,311.6820245368375,211
1417000,-438750.90570429224,313.8829852349391,211
1418000,-437835.4931143392,310.7674350838505,211
1419000,-437811.29497674527,316.5850945060031,211
1420000,-438211.2247100626,313.253398391442,211
1421000,-437112.186575684,311.7579670889556,211
1422000,-436641.72140906076,312.9204356693561,211
1423000,-436422.7439973932,310.1455512971062,211
1424000,-436875.365579403,311.74717278996974,211
1425000,-439160.816015295,310.4555473418865,211
1426000,-438502.9916701433,310.59214837183646,211
1427000,-437580.1813908636,313.0918663507847,211
1428000,-436725.419726809,314.071776987368,211
1429000,-437080.9967496481,310.9244250692813,211
1430000,-437890.8761765165,311.14792027849967,211
1431000,-436219.05726782,313.1499766916037,211
1432000,-436506.7948174665,312.81405724448473,211
1433000,-437045.7580170224,313.8369335023457,211
1434000,-435530.99282230553,311.8761690324028,211
1435000,-437802.44981411705,311.08264372529305,211
1436000,-436444.42118964926,310.120766431689,211
1437000,-437032.82111494825,312.07816414407796,211
1438000,-436306.1057979376,312.24417162375977,211
1439000,-437480.9566698307,309.9466966514614,211
1440000,-439287.914645236,311.15658750679097,211
1441000,-438089.98638245696,311.23536135792995,211
1442000,-437175.94170701946,309.27073582226814,211
1443000,-437667.55926159956,310.64263732501496,211
1444000,-437659.36012647813,313.481981210841,211
1445000,-438187.43543745624,312.660407614964,211
1446000,-437165.0718165843,313.39602180598115,211
1447000,-437479.2197277511,310.46211319938226,211
1448000,-436005.9660584114,311.5959499534725,211
1449000,-437248.6791191052,308.52792224653535,211
1450000,-437156.3680097156,309.91649973511886,211
1451000,-436716.4851864544,313.0244786387564,211
1452000,-437263.5356044418,311.89205649605327,211
1453000,-437541.83443506924,313.1110061842815,211
1454000,-438053.5525538493,313.2776243042654,211
1455000,-437223.18683378166,312.9812042313001,211
1456000,-437178.825667304,313.3577594637041,211
1457000,-437238.9445757847,310.39717093843484,211
1458000,-437855.93440469657,311.47759569705386,211
1459000,-436964.8108384786,314.6090411618568,211
1460000,-436768.3382809346,313.24479634347915,211
1461000,-436950.87090759,315.16383366242235,211
1462000,-437080.5397808938,313.3039704735303,211
1463000,-437881.14447205607,313.24834115586765,211
1464000,-437609.5909184858,310.3037894236789,211
1465000,-438700.319246989,311.02204032378427,211
1466000,-438760.41025429615,310.98348831508355,211
1467000,-437195.00063313637,312.0686213929246,211
1468000,-437382.9214189572,314.52087703071516,211
1469000,-437518.6166198326,312.2001280343286,211
1470000,-437172.3513946121,312.774926195787,211
1471000,-437386.0300074571,312.1657945802054,211
1472000,-437436.45166130154,312.03069864261056,211
1473000,-436879.53291363106,315.5405990166149,211
1474000,-437694.75204245094,312.44773680553,211
1475000,-437655.53174457164,314.0153903960426,211
1476000,-438106.5520712056,313.0050281995469,211
1477000,-437204.5419492114,311.1181643332793,211
1478000,-437184.19027973805,310.7607563232685,211
1479000,-437162.1754275353,309.8504906507426,211
1480000,-436957.1858182866,310.30445853201803,211
1481000,-437213.68089784356,311.1817122503796,211
1482000,-437319.9938913074,312.8281730633334,211
1483000,-437636.78889741935,313.3108676902992,211
1484000,-437626.0329987984,309.88453946626635,211
1485000,-438327.78461957467,312.03275221916476,211
1486000,-437267.9882346948,310.05184708397957,211
1487000,-436592.7093477766,312.00765388640826,211
1488000,-437628.0417386296,311.00049999130493,211
1489000,-437902.9849106036,313.99572721182545,211
1490000,-436808.0630905209,312.7406747871433,211
1491000,-437424.69806312653,313.042491527806,211
1492000,-437381.58065559785,314.70338886486786,211
1493000,-436890.1220896202,313.6303440515707,211
1494000,-437188.70100928703,312.75825609193157,211
1495000,-437252.54751691385,311.45790189118134,211
1496000,-438566.03600702574,312.01875579054814,211
1497000,-437349.82071498316,311.8720447445093,211
1498000,-437063.49489647057,310.52545090513155,211
1499000,-437907.58003344224,309.20876398775226,211
1500000,-437571.05292250053,312.1167660732615,211
1501000,-437729.113778783,311.8593015792448,211
1502000,-437607.1827958324,312.65671308207766,211
1503000,-437954.5141706073,311.5190057419046,211
1504000,-437411.14140170417,311.92556433754004,211
1505000,-438039.7210305745,312.0275115188404,211
1506000,-437568.30507349246,311.9418695575883,211
1507000,-436661.44444023,310.06017043800375,211
1508000,-437231.0407343195,311.1319335844824,211
1509000,-437408.61882242374,312.6555349142288,211
1510000,-437403.95109303365,312.4009962677838,211
1511000,-437651.69117338466,310.6006532816079,211
1512000,-436422.0908416782,314.65094931134314,211
1513000,-437218.7372407743,312.44017216658557,211
1514000,-437552.852074126,313.52240245842455,211
1515000,-437798.8428441512,314.16221313127033,211
1516000,-437458.2615458388,313.9966253597075,211
1517000,-436438.9020932105,311.3325162752264,211
1518000,-437144.86612430494,312.07089093371513,211
1519000,-436483.98725782614,313.42172779719783,211
1520000,-437124.4904803287,312.18966171075493,210
1521000,-436930.90738926665,309.77795916047813,211
1522000,-437439.8065484015,311.76738693303014,211
1523000,-437467.27429791633,312.52244009927847,211
1524000,-437469.4811282661,312.94620021166224,211
1525000,-437040.3341572259,314.4037928041976,211
1526000,-437954.6410523539,310.38546532238917,211
1527000,-437829.30399997206,310.0217493775572,211
1528000,-437323.7331290783,311.53372387546636,211
1529000,-437392.2570902053,310.8334382231758,211
1530000,-436656.7817667313,313.81746405054827,211
1531000,-438247.3682033508,311.9004432619132,211
1532000,-438703.1462916441,311.73492546705216,211
1533000,-438057.1328755361,311.33728626336773,211
1534000,-438965.3533795888,311.1433859125885,211
1535000,-437847.3836159925,313.83363406013274,211
1536000,-437477.72396175354,311.40414751467523,211
1537000,-437724.4189517689,310.7605883721079,211
1538000,-437080.87626540894,311.231512949271,211
1539000,-436994.8025062182,314.09252489888286,211
1540000,-436517.4737540034,309.319396460795,210
1541000,-436828.6027134035,309.92848866771334,211
1542000,-437656.16548186075,310.76463884392336,211
1543000,-437053.4997098325,310.46782585193796,211
1544000,-437005.25106470985,311.0458028114247,211
1545000,-438443.1063260883,312.910326345178,211
1546000,-437641.57533654105,313.8270735181059,211
1547000,-437621.3417866486,311.6810438573647,211
1548000,-438191.8228932945,312.3489381423621,211
1549000,-438632.62037409795,313.0643591591182,211
1550000,-437922.0287902695,311.80738966862185,210
1551000,-437608.7050258815,312.98594776454013,210
1552000,-437638.14663719083,309.3876384418573,210
1553000,-437363.68860905105,310.85827329588955,210
1554000,-438694.5724897301,311.31162296662296,210
1555000,-437380.278863525,311.8227887937894,211
1556000,-437188.0691186602,313.97473821023937,211
1557000,-437511.760470832,312.40589310814363,211
1558000,-438313.4681353797,313.1914561828869,211
1559000,-437215.7061290182,311.4617454095194,211
1560000,-437564.0642011899,313.6446271869297,210
1561000,-437378.68457925855,310.8671750648577,210
1562000,-437368.4774576684,312.2809997513943,210
1563000,-436488.06135928025,311.04293651461654,210
1564000,-437443.9456855438,313.82569613582535,210
1565000,-437120.7584198576,312.1625516181978,210
1566000,-437535.1823569485,308.96324556541924,210
1567000,-437053.90898481756,311.46444997208977,211
1568000,-436981.6266696153,312.5688111181247,211
1569000,-436526.971650671,313.22283510417293,211
1570000,-437715.8925727487,311.9413882487655,210
1571000,-438569.15057221055,311.56149269981586,210
1572000,-437949.8843001267,312.28642893422995,210
1573000,-437124.4531750325,312.1338324503343,210
1574000,-438337.06211853283,313.1670441478102,210
1575000,-437067.8645638006,314.88440257207884,210
1576000,-436999.61817067116,312.84349993922683,210
1577000,-437830.8469026871,310.2558124535444,210
1578000,-438789.9262972027,312.73562546667335,210
1579000,-438430.9863317935,312.09622502977726,211
1580000,-438485.3732352867,314.38300420352203,210
1581000,-436885.4122961627,312.6274523646558,210
1582000,-438566.5129998941,310.9066521370631,210
1583000,-438596.07987404754,310.5026590153164,210
1584000,-437670.24116064,311.9522526030382,210
1585000,-437748.1273852631,313.4920608375832,210
1586000,-437749.065195614,313.6556656409317,210
1587000,-438877.58857134404,311.2215833448515,211
1588000,-437923.043054315,313.65725539641545,211
1589000,-437691.8679563119,310.66641022164805,211
1590000,-436710.1994920906,310.9851766485957,210
1591000,-436954.6513669591,312.1401054264146,210
1592000,-437170.9937383358,314.249030281503,210
1593000,-438090.4208730189,311.58030494691087,210
1594000,-437877.15548918094,314.27281129493804,210
1595000,-437297.3391006456,313.0573860803242,210
1596000,-436898.97959765745,312.9357080181811,210
1597000,-436080.24394774996,314.2324488521048,210
1598000,-437328.3187191379,309.91675065232505,211
1599000,-437278.85598686826,312.55761046704924,211
1600000,-437729.2966941076,311.41038538683523,210
