#"Step","Potential Energy (kJ/mole)","Temperature (K)","Speed (ns/day)"
1000,-376921.03535111435,311.3963056678537,0
2000,-383734.4817534345,313.9248874645028,233
3000,-387373.4919904233,313.3214726652001,232
4000,-390119.625271905,311.82499338313676,232
5000,-391840.09658954805,313.41645162131977,231
6000,-393328.5900086395,313.0701699636635,231
7000,-394964.00225114776,314.1214781264798,231
8000,-396689.2746189181,313.0575691058962,231
9000,-397722.00794219924,311.6811684868485,231
10000,-397285.45793743315,315.1735731779448,227
11000,-397666.2853514722,310.51432651838303,228
12000,-400034.88108780445,313.603884828617,228
13000,-400096.0913875785,311.5871383346793,228
14000,-399281.4856057477,308.34717510974764,228
15000,-400496.4081093774,312.8804450943859,228
16000,-401932.0178042785,312.62214314807943,228
17000,-401479.31807182124,311.68409824091,227
18000,-402160.7892529159,313.2127161047539,227
19000,-401860.31278078817,310.87653158470613,227
20000,-403015.7135126812,312.0964136540202,226
21000,-403874.7098363505,315.13707130275344,226
22000,-403036.4528662022,309.9598196779316,226
23000,-403832.7620758319,312.22253827160546,226
24000,-405048.62950027245,313.2040642218013,226
25000,-405372.2501256892,310.9938338008869,226
26000,-406653.16226261156,311.1618071810264,226
27000,-407066.42043109494,312.37514370047114,226
28000,-406865.76181172696,310.57751381897907,226
29000,-407836.19457150856,312.1500627128995,225
30000,-407909.19038387854,312.5219926643955,224
31000,-409264.82761484967,310.26856766686683,224
32000,-409106.95814490365,309.59666818719097,224
33000,-409871.5050194198,310.6222980156473,224
34000,-409896.09493771987,315.6439711900475,224
35000,-410312.13865409675,310.7341182301378,224
36000,-410952.0109517225,311.31093736616157,224
37000,-412780.9689131202,313.74984760123965,224
38000,-412430.80060272757,313.3065192502236,224
39000,-412858.548788799,310.9986377806799,223
40000,-413683.7263827056,309.00933889757545,223
41000,-413821.7865836546,313.8858814917569,223
42000,-414126.3330560222,313.2666725823458,223
43000,-415356.9678790672,314.3581256834904,223
44000,-414241.33509257645,312.2866509892738,222
45000,-415575.314150898,312.25730811425456,222
46000,-417198.4225629936,309.73895953298904,222
47000,-417646.46043802705,310.49315577528523,222
48000,-417752.363025839,315.3859189655435,222
49000,-417958.4458783772,314.16289874206194,222
50000,-417913.04981891834,311.86593635036536,221
51000,-417898.82450385764,312.7470448613316,221
52000,-418478.89527575905,311.0834473709462,221
53000,-418918.50984580466,310.15995335826284,221
54000,-419105.02671112004,309.11642833674097,221
55000,-419612.0349736812,310.81561448765575,221
56000,-418475.434038108,312.55170582026716,221
57000,-420472.0256379605,310.0694533107097,220
58000,-419443.93463255046,309.1217165116274,220
59000,-419496.778237385,311.49920143107465,220
60000,-420681.53771420475,311.15471477613977,220
61000,-421664.6072771207,311.0278688704964,220
62000,-420489.80575152114,311.88206957040546,220
63000,-421300.03064225055,310.7723853093434,219
64000,-421666.2005391256,314.56407662224575,219
65000,-421446.66533016134,312.1150807052231,219
66000,-421274.48369298456,313.0195380136924,219
67000,-423341.51608256064,311.8592546431121,219
68000,-422919.7859867369,309.35334875610175,219
69000,-422685.23042258876,312.0258472993723,219
70000,-422556.25720224343,313.27033958558764,219
71000,-422442.238921718,308.5533803278867,219
72000,-424571.01751163555,310.69131500899965,219
73000,-423493.45060880436,312.741405067219,218
74000,-424627.20839103125,309.244941600953,218
75000,-424836.7513570383,311.1606068427804,218
76000,-423630.4973684966,315.0966444983998,218
77000,-424507.907860694,313.07119101572124,218
78000,-425475.2485808735,311.4412712937624,218
79000,-425851.95425637765,312.43207971679743,218
80000,-424759.8036770155,310.2194599712119,218
81000,-424675.66993529256,314.0451401331188,218
82000,-423851.83665128937,309.1268382301621,218
83000,-424562.6464174872,313.7865231710604,218
84000,-425695.6876893558,312.1168088981878,217
85000,-426220.1003415459,311.65576733050113,217
86000,-426449.71725192503,311.61245599606974,217
87000,-425057.47918263916,313.13443043463866,217
88000,-426396.9843801628,310.7771961249802,217
89000,-426317.21889741765,314.93310335197356,217
90000,-428220.11926927604,311.28078443972953,217
91000,-426137.56870681327,311.4239633940755,217
92000,-425086.5394407981,312.4584764462232,217
93000,-426542.5046199453,310.85228233076833,217
94000,-425740.8216591538,313.2599968220284,217
95000,-427000.9075486697,311.9593428472616,217
96000,-426624.1269078518,310.8692512404584,217
97000,-426707.97480879235,311.19111218092985,217
98000,-427287.0644278405,313.5331114533548,217
99000,-427467.86750414246,311.59234259123537,217
100000,-427367.6764204472,313.0634153192793,216
101000,-428708.55414910824,311.58147378724715,216
102000,-428285.95062481565,312.029672707127,216
103000,-427482.3520652994,311.8747838658472,216
104000,-428209.6010948403,312.62852090047147,216
105000,-428115.2434986569,309.1906980157857,216
106000,-428418.4934181792,310.46482584982533,216
107000,-427599.4555203805,314.27430369594714,216
108000,-428574.97808106965,311.0168213989295,216
109000,-427214.13091378217,311.1856366349895,216
110000,-426741.8919188378,311.6722292189528,216
111000,-428103.09748519165,314.59975115540965,216
112000,-428248.08729096176,310.93009084902735,216
113000,-429125.4368328904,312.9301543644918,216
114000,-427593.0737972222,310.2964666722827,216
115000,-428115.57440571114,309.5515453213963,216
116000,-428399.8093893179,311.41865034269836,216
117000,-428467.42088017473,311.463264643456,216
118000,-428570.4868356397,312.38277502727203,216
119000,-428252.7771314103,312.3311120414978,216
120000,-428614.09278981644,311.71809623283616,215
121000,-428843.93031185353,311.34286977569457,215
122000,-428671.94426216814,311.50047024841115,215
123000,-428807.266785898,311.9280924665891,215
124000,-429011.963275444,311.7500499308177,215
125000,-429049.38559548743,311.4777526827047,215
126000,-427574.08088839543,314.05348000557046,215
127000,-428986.41201314004,311.5055310449775,215
128000,-428418.6831236228,310.96753850423283,215
129000,-429729.02461693203,312.8784514740287,215
130000,-429640.0808822538,311.77519656098235,215
131000,-428753.3813182295,312.3492956193608,215
132000,-428810.5760346104,310.32055499237026,215
133000,-428751.9926400555,311.9976936496381,215
134000,-429404.04114184086,311.63094160775586,215
135000,-428335.26195649756,311.52336302144494,215
136000,-430403.8092345742,311.24317912946157,215
137000,-429656.1986286936,311.41971066189126,215
138000,-428276.174888958,310.4630501197405,215
139000,-429583.67447804706,312.3793885273149,215
140000,-430237.5729737459,311.3580415907586,215
141000,-430017.2010874697,308.4400665034691,215
142000,-429087.88468134124,314.88263721560986,215
143000,-429094.35003936035,311.29511383668427,215
144000,-428856.1125579579,310.9503407551488,215
145000,-430650.502333455,311.26934364830566,215
146000,-429952.2133941578,311.2489940024052,215
147000,-429513.91423216346,312.2238378310271,215
148000,-430321.5721210658,312.9674917831973,215
149000,-430451.3814443005,311.127626163883,215
150000,-430554.93604121055,314.1260956943127,214
151000,-430297.83989521815,313.30307142169755,214
152000,-430867.2571708753,311.37882975039884,214
153000,-430556.3483802271,313.04954901333844,214
154000,-429886.74592113984,312.650717214169,214
155000,-430463.67723056185,312.11873269465895,214
156000,-430828.30997670814,312.35285525163226,214
157000,-430838.9848802276,313.1462297016765,214
158000,-430721.0105363715,309.9566548911967,214
159000,-431493.51755944756,314.8048559107865,214
160000,-431963.54624685366,309.10450619227277,214
161000,-431623.63853773335,309.9098407934275,214
162000,-430048.92512743454,312.83161483780424,214
163000,-432463.087469297,312.6363105004181,214
164000,-431057.12411792413,311.6600273084511,214
165000,-431870.9793697882,310.8525610583672,214
166000,-431030.6003277728,314.5948193890953,214
167000,-431543.961573676,313.98866726429634,214
168000,-430299.0457497905,312.1169420468181,214
169000,-432451.04006386176,311.87943510909986,214
170000,-430937.8439394757,310.1512914632561,214
171000,-431153.06353820744,307.4192791661142,214
172000,-431204.16756447195,311.7641762724941,214
173000,-431489.57193298545,311.4117280973431,214
174000,-431770.59580752277,311.6362094148897,214
175000,-431710.3215864389,311.2954571380854,214
176000,-431200.7479519688,309.95583716718073,214
177000,-432105.02821603627,311.8990020687248,214
178000,-432767.4196737944,311.1460657465238,214
179000,-431902.0246232839,307.54353370992385,214
180000,-431978.14108321187,311.7611397641729,214
181000,-431585.71189505514,310.5644471967074,214
182000,-432053.26367090666,311.9745545820823,214
183000,-432612.3422138521,311.345712853316,214
184000,-431815.25676401495,311.76394019057454,214
185000,-432784.4888336619,310.7599788673607,214
186000,-431626.9212450923,312.7220599775567,214
187000,-432675.27990713506,309.83900450754726,214
188000,-432975.99946624483,311.61696910649306,214
189000,-433079.7410602742,311.21258310453527,214
190000,-433051.7958943993,310.75957552424876,214
191000,-432655.5204462884,310.9466804444822,214
192000,-433655.2077512655,311.7680535012813,214
193000,-431819.5168681883,311.9369144879628,214
194000,-431545.0568969401,311.0199383645573,214
195000,-431876.9850944716,313.10271028239936,214
196000,-431949.38440617756,312.21880882276344,214
197000,-433013.6360086503,312.450259012957,214
198000,-432863.31620359863,313.6882956569816,214
199000,-433253.1518213204,308.88120238904133,214
200000,-433447.7813757998,311.402752226833,213
201000,-431404.9162325484,313.1466555279301,213
202000,-433346.40539293946,315.0274597852314,213
203000,-432836.0693159548,309.39455220233395,213
204000,-432306.9422245214,312.3211461512889,213
205000,-433650.6742887653,314.01756694564375,213
206000,-432952.1832349545,313.78087187845364,213
207000,-433453.65160446917,312.5724401148899,213
208000,-432513.15026079,310.92134119670425,213
209000,-433198.5975579687,310.8226548028932,213
210000,-432934.6821857742,312.8411261736439,213
211000,-433536.39855375583,313.9723172129567,213
212000,-433414.3102561834,310.39330975026485,213
213000,-434051.65466222726,313.58405383306047,213
214000,-433663.1700302183,314.08600777663827,213
215000,-433517.0168854126,310.6827017890438,213
216000,-433210.37744942703,313.0178119779264,213
217000,-433438.2534672832,314.8386413672711,213
218000,-432392.8092509543,311.8899300679473,213
219000,-432410.41550676455,310.435696871392,213
220000,-433333.3348445238,309.0421688882248,213
221000,-432044.72228344786,312.62007727792013,213
222000,-434084.39096429455,315.54105848676676,213
223000,-433621.02493801014,311.23027353810363,213
224000,-432674.39883222734,312.60889534532646,213
225000,-433838.2301679144,311.89658994835,213
226000,-433874.7205288608,313.0658505918729,213
227000,-433821.5181218451,311.97946042062154,213
228000,-432761.4111840103,311.11379296952435,213
229000,-433312.08107364434,314.31339130908674,213
230000,-433399.51549576945,311.2064301182103,213
231000,-432986.8221973076,313.2001374078011,213
232000,-433133.1577893698,311.4961273835564,213
233000,-432795.070850404,313.60443338454314,213
234000,-434292.4162627384,311.72272503946607,213
235000,-433824.8807049147,311.6275841577317,213
236000,-434225.94895312237,311.90755651980123,213
237000,-433991.4935771965,310.2627962732842,213
238000,-433180.406606636,311.0386223980268,213
239000,-432348.8712635271,312.8146292359968,213
240000,-433298.3456197977,311.9899342084436,213
241000,-433943.29522786895,312.04881976004145,213
242000,-433095.43958679354,311.4554077692245,213
243000,-434492.30544435675,311.58504179812536,213
244000,-432343.77381614037,309.0564789339995,212
245000,-433176.3638201442,313.56273649264364,212
246000,-432704.1791420323,311.0208242044556,212
247000,-435237.031342922,310.3670952444213,212
248000,-433329.83888636343,312.807000018014,212
249000,-433149.91773962416,312.3573520325737,212
250000,-434934.7458781942,309.91554846434815,212
251000,-434085.24736744724,310.04641132928333,212
252000,-434385.8421789217,310.91151016089435,212
253000,-435015.30297918734,312.4232684775492,212
254000,-433367.06466545374,312.11468900783336,212
255000,-433037.059259834,311.33997775924763,212
256000,-433957.39311447064,310.47676084984033,212
257000,-434385.56330728694,312.6145130083003,212
258000,-432747.85727071995,313.64415803987987,212
259000,-433606.77424781374,313.63238329138744,212
260000,-432541.6804290798,312.1319408655884,212
261000,-432988.64197560796,313.56500589580935,212
262000,-433772.5696891891,313.15283657466654,212
263000,-433866.10273489123,313.57883855182183,212
264000,-433416.9749331644,312.1891091869181,212
265000,-433387.39520707424,313.6785302163755,212
266000,-433055.5812527342,311.271634465058,212
267000,-433209.92056425265,312.8905911752725,212
268000,-433294.1134088128,311.74696892626656,212
269000,-434900.3808464422,311.91387163149057,212
270000,-434195.14168445324,313.24673590443757,212
271000,-434018.95405190275,311.94472961936106,212
272000,-434339.60359094036,314.8684665292187,212
273000,-435115.52401743643,310.8559627728791,212
274000,-432961.0373370673,311.1610738865122,212
275000,-434307.85959623917,313.92225806296204,212
276000,-434327.3989578502,309.6160147663058,212
277000,-434144.86560097453,313.8587075188267,212
278000,-434339.08645731537,310.438370028914,212
279000,-434440.9678580931,311.8995910020562,212
280000,-433885.6520489098,313.99227182349074,212
281000,-434514.05703646713,313.8661293410956,212
282000,-434949.3517643709,310.23707611922094,212
283000,-434689.5170571408,312.6868139440521,212
284000,-433694.51114750374,313.7951790443955,212
285000,-433767.9481699434,313.74191535073675,212
286000,-434310.22619540663,311.2981549027239,212
287000,-433963.03757544607,313.82654853006414,212
288000,-434407.065206076,309.1019679147455,212
289000,-434345.3519683345,312.1252521183041,212
290000,-432842.1747195395,313.6289215906781,212
291000,-433461.84803590225,313.75453819743,212
292000,-433743.68648509285,313.3032644921581,212
293000,-433681.90222906927,311.4713725592286,212
294000,-434661.0597515167,313.93260472483627,212
295000,-434133.0791181666,308.6547164016427,212
296000,-435026.167015861,311.0884250110596,212
297000,-434666.92883089813,314.1139388782951,212
298000,-434951.9641186057,313.2140986046579,212
299000,-435635.1109764108,314.21879380163796,212
300000,-434538.4551599659,310.9622067826609,212
301000,-434772.9338052729,309.22902854034703,212
302000,-435156.78921018844,312.02362598633306,212
303000,-434238.613733222,310.683461961936,212
304000,-434931.2395143958,311.4331541914649,212
305000,-433973.3486333438,311.95287750506066,212
306000,-434377.68644150835,312.2884881646914,212
307000,-434226.4542998879,313.0231021316581,212
308000,-434728.23066968564,312.1602946562134,212
309000,-434375.7961305443,313.5652050366618,212
310000,-434650.647291746,310.42845161492875,212
311000,-434483.51797783235,311.69279312803025,212
312000,-434084.93812821433,310.156875740711,212
313000,-433758.81493324647,309.9443551895352,212
314000,-435896.4833720678,309.28194932476856,212
315000,-434428.2651643446,311.815272569946,212
316000,-435155.9376214652,311.15758016287475,212
317000,-435063.68748090323,309.9209073786394,212
318000,-434111.71508183307,310.59648369123954,212
319000,-434877.0253496675,309.55830585436536,212
320000,-434720.55967280455,311.6769284604522,212
321000,-434855.3417447454,311.61623741217187,212
322000,-435299.39398863865,312.57182284576334,212
323000,-433872.20054255845,313.14819672703607,212
324000,-435707.28734017443,311.2022743012283,212
325000,-434811.8346293543,312.55060785435103,212
326000,-435686.309414699,312.9128286443606,212
327000,-434267.3545331496,310.6517716294372,212
328000,-435046.5114990268,310.68855249869824,212
329000,-433967.6734229806,310.65460290910727,212
330000,-434847.18156906473,313.3559368608712,212
331000,-435756.61942943255,316.1836194324334,212
332000,-434977.3787326005,310.6939220225887,212
333000,-435494.2417222513,310.64292677141304,212
334000,-434897.6788245251,311.1328343863247,212
335000,-434043.56601152616,312.08220606898806,212
336000,-435589.3531439733,311.87696913263164,212
337000,-436273.0014827396,310.6622227433007,212
338000,-434838.7997579514,312.20175059522194,212
339000,-434892.78443739866,311.317457876086,212
340000,-433481.5621566733,312.3551928639863,212
341000,-434962.68720900523,313.1545718050377,212
342000,-434458.6969565656,311.856937478028,212
343000,-435287.9696792802,308.9610210587653,212
344000,-435490.3191639676,311.5978645917997,212
345000,-435587.1817684334,311.9788469012424,212
346000,-435843.6907629415,309.104832031123,212
347000,-436416.45536610135,307.4236110926597,212
348000,-435008.5766305325,311.6304376747416,212
349000,-434866.2541630557,309.215065792998,212
350000,-435607.3487564502,313.1400941713052,212
351000,-434502.73704178445,313.1096490394994,212
352000,-436129.85905919434,313.0202415462772,212
353000,-435010.4545390692,312.5996576695913,212
354000,-434648.4122707646,312.32603629768204,212
355000,-434723.4322820222,310.7555820922309,212
356000,-435277.6392994975,312.5959114833382,212
357000,-434620.4988280388,311.6837584029853,212
358000,-435373.990026362,310.9952017916018,212
359000,-434121.36537233135,311.1535464379166,212
360000,-435431.5096257669,311.65130109020777,212
361000,-435277.02461882075,311.3747145841598,212
362000,-435033.750560598,310.62052219265644,212
363000,-434967.4659934675,312.9478380899595,212
364000,-435812.6037371482,312.3322292513364,212
365000,-435073.27863398846,312.3315658000685,212
366000,-434696.5025292954,311.96665217059825,212
367000,-434818.3782062507,313.415513304675,212
368000,-434774.306327746,312.085984451321,212
369000,-435236.7195589347,311.1553353921195,212
370000,-434966.7978707766,310.3385236010417,211
371000,-435792.6041651878,312.31941135553103,211
372000,-435703.42234800477,312.481678430762,211
373000,-435481.89155093813,312.94295861159964,211
374000,-434944.28292212496,312.6939887058704,211
375000,-435181.0538432945,311.2528317998873,211
376000,-433852.9989723866,313.85704514855456,211
377000,-435500.99398990744,313.6645976962991,211
378000,-435174.76543397317,311.26867498134,211
379000,-436952.84164982755,309.33847347783814,211
380000,-434742.39481006307,308.84313176765124,211
381000,-435799.1261134979,310.95651437747665,211
382000,-434962.8871649145,313.0015779131483,211
383000,-437404.578680919,310.3074241685532,211
384000,-435082.83646801277,314.2202924141226,211
385000,-435937.5128940223,314.1872996918972,211
386000,-435562.21574146557,311.07446166633514,211
387000,-435049.4310083408,309.9873219256692,211
388000,-435655.0270052478,311.2088007063169,211
389000,-435026.16364974016,309.2042860160067,211
390000,-435514.8196265944,310.21959651865666,211
391000,-435522.9163009445,312.21476730701465,211
392000,-434351.6145502301,312.66207094775075,211
393000,-435469.6877161828,310.59476777998333,211
394000,-435189.31612540083,313.29012613366564,211
395000,-436071.8208919957,313.15785043416537,211
396000,-434578.79904195736,310.7533591013198,211
397000,-434819.21540856245,311.3683412930935,211
398000,-436047.65587663767,307.1355583534543,211
399000,-435632.94439153676,312.71040585524116,211
400000,-436359.773920604,314.25544390263127,211
401000,-435600.534901415,311.81302813722243,211
402000,-436446.5518797012,311.7276463875511,211
403000,-434976.59555230266,313.22333403202964,211
404000,-436229.9543717012,311.9414139567828,211
405000,-435126.3372399383,311.6902514563365,211
406000,-435141.72079882934,311.2190647643994,211
407000,-436316.2309181148,311.7159830839741,211
408000,-434709.30887887,312.935850487455,211
409000,-434703.8679588011,312.23383895427537,211
410000,-433961.8776062764,312.83823552186453,211
411000,-435727.0641844969,313.97809330139296,211
412000,-435829.652759789,312.4285672518599,211
413000,-435467.05181252933,311.8557713535811,211
414000,-435105.99748427863,310.46486049742293,211
415000,-435582.8439179114,311.7608756550499,211
416000,-435638.92736842134,309.95165408836334,211
417000,-435308.3373799515,312.29855878193183,211
418000,-435414.78816952696,312.36424440806434,211
419000,-435073.73946335306,313.6045381152802,211
420000,-435657.29164705565,314.4634657468286,211
421000,-435142.2638953696,311.86318307035253,211
422000,-435970.1922126778,311.97016183923455,211
423000,-435157.1796922146,311.799169495454,211
424000,-437007.2292311345,311.36460602229954,211
425000,-435194.3635688496,313.4356696719114,211
426000,-435439.55095365527,313.286856404479,211
427000,-434579.9816667221,315.55934364140984,211
428000,-434526.19386160164,312.15847364775266,211
429000,-435782.6410423734,312.21627553867035,211
430000,-434217.23211147566,314.9962795337146,211
431000,-435567.44064072985,310.6175034197934,211
432000,-434503.0412464158,309.3713152957447,211
433000,-435151.2511271518,312.7878004368869,211
434000,-434799.53066738835,312.2735345972304,211
435000,-435151.58421665686,311.6019613743735,211
436000,-435454.5620708852,312.030089657869,211
437000,-434900.81406941614,310.1843150599943,211
438000,-435407.1556204406,311.80052222405635,211
439000,-435108.4682518507,311.9457208924943,211
440000,-435784.64001488825,311.0882758775441,211
441000,-434794.3700973105,312.5088813232956,211
442000,-434215.7437629886,312.80794947155323,211
443000,-434751.2168108423,312.19239991792074,211
444000,-434709.13675419916,312.2757567706068,211
445000,-435055.69507473777,309.7895975523566,211
446000,-435763.1585497237,310.0737910246774,211
447000,-434110.8645328942,313.7161728530731,211
448000,-435882.54914924735,312.61274965734475,211
449000,-435806.29006792954,310.4063255445748,211
450000,-436322.5850926896,310.95618914444304,211
451000,-434699.37182449456,311.6424224353677,211
452000,-435138.7504721845,312.9673021779558,211
453000,-435997.5745702698,310.68148312227237,211
454000,-435989.72390697687,310.7817883522447,211
455000,-435290.7070812965,311.0439334620117,211
456000,-435334.0174285455,308.90385805890213,211
457000,-434085.0585632506,308.50320874286626,211
458000,-435560.5168581607,312.57249592461494,211
459000,-435121.7449682853,311.73095827198426,211
460000,-435873.5880165065,311.0328290103187,211
461000,-434705.4890939684,313.8299920928768,211
462000,-436320.6939393326,313.40294392651595,211
463000,-435186.5086579614,309.96104646837324,211
464000,-435948.8696650218,312.38241076920775,211
465000,-435613.4465156088,308.9137010249404,211
466000,-434630.61091746297,312.0471430581688,211
467000,-434827.51412878255,311.3902886328734,211
468000,-434919.7827749313,314.3368532443318,211
469000,-436046.90567591274,312.5812238999847,211
470000,-435852.06722869654,311.3858720383681,211
471000,-436122.32705494645,309.161860018318,211
472000,-435444.6940805644,311.81392823368884,211
473000,-435580.56060694787,312.5699530628216,211
474000,-435445.56808246486,312.4437333933447,211
475000,-435072.95524824806,311.5242816108391,211
476000,-435198.9676234878,313.78291887744734,211
477000,-435902.51268323115,310.1418053144754,211
478000,-435252.50716466527,310.21705502353416,211
479000,-435772.2525688247,309.8933469381917,211
480000,-436288.37652562256,311.4614127203416,211
481000,-435330.07545071887,310.15888758980356,211
482000,-435765.62442387827,312.6347313020405,211
483000,-434863.0299078226,310.70347386846885,211
484000,-435450.23812590237,312.46581898848086,211
485000,-435556.12957597105,310.39434590498314,211
486000,-435492.0378562631,315.2424105306367,211
487000,-434842.57650382817,309.69754332302904,211
488000,-435138.63968774653,311.17094102200286,211
489000,-435556.21561011695,309.63555011668655,211
490000,-435802.01248066267,311.3957215397504,211
491000,-435357.67950453213,313.75770074295104,211
492000,-435232.00970949605,313.5535936308088,211
493000,-435550.8102030712,309.1928478172472,211
494000,-435445.52940377896,310.60862115635797,211
495000,-435421.88546587504,310.7957633728536,211
496000,-436216.2654400002,312.30309706393285,211
497000,-436237.0664658821,310.64607589865335,211
498000,-434755.85486553144,312.32343556816085,211
499000,-435128.96796850977,309.6905776481283,211
500000,-435833.87769089267,313.8504785690337,211
501000,-435354.29218232236,312.01503561452216,211
502000,-435163.5066793326,310.24274248949007,211
503000,-434935.7556425517,314.2661817472585,211
504000,-434481.8351374073,310.5122392409031,211
505000,-434685.7183895053,313.3970765236015,211
506000,-435435.8663364535,311.6866670692169,211
507000,-434913.96245617536,311.9353317054961,211
508000,-436050.93787203147,311.1283607889438,211
509000,-435543.6561180926,308.4855915598204,211
510000,-434660.9964584189,313.0310755604878,211
511000,-436449.0213169041,314.23270755414484,211
512000,-436630.41985682165,313.1140627448958,211
513000,-435786.1846324771,310.0739642916351,211
514000,-436793.50365482015,314.9730740199383,211
515000,-434539.9969036593,311.2582418835472,211
516000,-436305.77917698375,310.77947212406826,211
517000,-436169.7308982429,314.64701922830824,211
518000,-436366.54980289633,313.9934279554359,211
519000,-435667.8238988051,312.59929135164447,211
520000,-436469.4729312828,311.002983412212,211
521000,-434652.7254841367,313.47044186938615,211
522000,-435627.6924109361,311.7461406873983,211
523000,-434833.8917899281,312.80833005453877,211
524000,-435157.2171430248,313.2239633133676,211
525000,-435691.71632983256,313.86244647857944,211
526000,-436617.7257399745,312.2590349591119,211
527000,-435887.46891795984,313.70349057507747,211
528000,-435129.54619054636,311.36401259018714,211
529000,-435308.37271300564,310.424543953841,211
530000,-436312.8272033145,312.17437140531143,211
531000,-436015.03900772403,312.78184469707895,211
532000,-435699.563338008,311.1940679586767,211
533000,-434450.63601141586,312.21128084957985,211
534000,-436046.61869212077,312.3223811619907,211
535000,-435755.2343261796,312.99268010105317,211
536000,-434271.94109953963,311.930958485236,211
537000,-435202.3897935613,312.260975116212,211
538000,-435535.2902932572,311.9933610403529,211
539000,-434315.8106974235,308.42078313573626,211
540000,-436647.51728900685,312.52911695824673,211
541000,-435120.40006208676,310.47079313086977,211
542000,-436128.3574777425,312.2983298784841,211
543000,-435580.55115684564,310.62333808989337,211
544000,-436144.1123855314,312.04482275133756,211
545000,-433678.3657238232,313.43445897697904,211
546000,-436592.10304011777,310.55626530159276,211
547000,-436037.00122144725,314.2029078145153,211
548000,-436005.01878710696,311.13187263198944,211
549000,-435196.37159453565,313.58208628118103,211
550000,-436167.0579497479,310.0378638167533,211
551000,-435772.5580313436,310.5989507125923,211
552000,-435775.76941552735,312.6377579261892,211
553000,-437280.7003115006,310.99399341998287,211
554000,-437189.3016884639,311.48291417837925,211
555000,-435430.3222354818,312.2928838100676,211
556000,-435685.52339844825,311.19401480624623,211
557000,-435522.52049600077,309.7261887127712,211
558000,-435795.2580649541,311.52948951848924,211
559000,-436733.20472662826,311.6203008913877,211
560000,-436813.1220893513,312.0262886580447,211
561000,-435621.4748155009,310.8621685698951,211
562000,-435985.76542080985,310.56109236825523,211
563000,-434968.92068364867,310.74431368712897,211
564000,-434242.60719840927,313.32786348601644,211
565000,-435918.3110425342,309.8083564238555,211
566000,-435370.1973243605,309.4036014602164,211
567000,-435020.5397115315,311.01450577775586,211
568000,-436510.69201756734,312.103791494539,211
569000,-435647.813933661,315.20978699014836,211
570000,-436362.11843415303,312.21598152750147,211
571000,-434915.0773870789,312.4825435757659,211
572000,-435386.59307179623,313.7154479798647,211
573000,-436828.6536716714,310.7248642042086,211
574000,-435756.5311800679,311.2251893172452,211
575000,-435623.289305954,309.86805954536817,211
576000,-435442.0034809599,311.0739092386191,211
577000,-434922.92666856665,310.9067889855906,211
578000,-436615.5852424323,310.9483329421871,211
579000,-436694.5674790824,312.87639103589675,211
580000,-435273.3975062042,311.7034239167549,211
581000,-436090.43744241865,311.37367126244345,211
582000,-436270.33444350585,313.1696529083609,211
583000,-435900.7483256534,312.2398845252466,211
584000,-436163.9923567935,312.7611670364505,211
585000,-436037.46137781744,310.7735074300981,211
586000,-437415.1562838701,311.1791524327564,211
587000,-434687.16310686944,312.15179776522933,211
588000,-436000.99492549733,310.0155837981945,211
589000,-435944.51962739695,309.99972886274594,211
590000,-435833.8286053862,311.9016668328931,211
591000,-436078.1878697225,311.84466449511126,211
592000,-435305.9078499244,312.2008446410783,211
593000,-436563.69852404087,315.41526217592366,211
594000,-436904.2236136799,310.47487432382115,211
595000,-435729.0168316283,312.302379801645,211
596000,-436325.8611882962,311.0736326785186,211
597000,-436334.8417684592,312.86418631132267,211
598000,-435227.7341471149,314.61678022152034,211
599000,-436536.15861435607,310.85429309978855,211
600000,-435473.47685024864,310.48112341288953,211
601000,-436339.44502373505,310.4731565448832,211
602000,-435740.86539424607,311.7735328132666,211
603000,-436301.8805078792,312.0489816633809,211
604000,-436136.5231556576,311.6034918887345,211
605000,-435774.56044557085,311.9004552550512,211
606000,-436039.50075578527,310.6575228133037,211
607000,-435498.20452597435,312.96917040381015,211
608000,-435079.07550039864,311.3686343608452,211
609000,-436027.6950776926,312.2907569974474,211
610000,-435293.3808511256,313.0153017291672,211
611000,-434084.3463508866,311.53664025580696,211
612000,-435548.7892356769,312.05868135653935,211
613000,-435792.40856501204,313.4097437335753,211
614000,-436359.2608637002,312.0511344927707,211
615000,-437365.2463777128,313.6973150332495,211
616000,-436892.9926450283,312.36971280001404,211
617000,-436145.0268513288,310.12828331260204,211
618000,-436957.7023185282,313.7885938520594,211
619000,-437078.9516025721,311.18046410760974,211
620000,-436502.86948429,313.28723711786,211
621000,-434874.6283928028,310.2882468081619,211
622000,-436051.65017727786,309.18284801290804,211
623000,-435717.01363259414,312.06450287770303,211
624000,-435671.0972753626,312.64632958562345,211
625000,-434417.97251410596,312.21896349243116,211
626000,-436677.1018504102,313.85759967160095,211
627000,-435492.5456049547,311.6318814504178,211
628000,-436456.5905028763,311.4443553878737,211
629000,-435234.98693715874,311.6455432324377,211
630000,-436366.1926266353,312.5299827586586,211
631000,-436443.6055664413,313.95382828332293,211
632000,-435332.9651714517,310.0003994568563,211
633000,-436694.83972042915,311.3697378378387,211
634000,-436269.12858018675,311.81246860345635,211
635000,-435067.4062940725,310.4595374083759,211
636000,-436852.316633248,314.41089234548923,211
637000,-435612.8229692064,312.1914016754627,211
638000,-436095.1911912286,311.77495836086604,211
639000,-436457.90143327764,313.6341616448445,211
640000,-436331.01315032574,310.647503931214,211
641000,-436520.6333966905,312.8792430940511,211
642000,-435338.8921240787,312.3744580580525,211
643000,-435087.6406113603,308.9412264355315,211
644000,-435952.44454451534,314.2415392999004,211
645000,-435982.02997764084,310.55460458370175,211
646000,-435508.43355259835,310.98698819323016,211
647000,-435675.4106612012,313.03048189953677,211
648000,-435987.2630191592,308.389310472111,211
649000,-435954.7409331964,310.2382166386437,211
650000,-435744.3598202935,310.9758985404628,211
651000,-436275.79655853636,309.77790944840376,211
652000,-436292.54588143923,313.18070463562304,211
653000,-435404.53817237355,312.53371686542164,211
654000,-436330.4352680985,312.91633137687137,211
655000,-434998.4533474941,314.33597977048026,211
656000,-435592.07876789547,309.73351572374185,211
657000,-436280.3643073861,311.89811867278695,211
658000,-435238.36347988294,312.31594512114964,211
659000,-435162.2614269289,310.28397809030935,211
660000,-435986.64285166445,315.4085087119365,211
661000,-435831.53264915873,312.77094119207356,211
662000,-435346.31559883105,310.8758888342262,211
663000,-437319.4517661205,309.70327549093224,211
664000,-436580.42730747396,310.9795692483848,211
665000,-435845.7588648482,313.4933837017642,211
666000,-435631.49355514674,311.2468286048688,211
667000,-434818.5114487633,310.87711654964636,211
668000,-435468.51463472913,310.27772154670134,211
669000,-437377.268423405,313.68936902752785,211
670000,-436236.8110110194,311.32136444210266,211
671000,-436059.90464152815,311.4430648535862,211
672000,-435110.35112633975,311.9372559171487,211
673000,-436291.17693997803,310.11014052575746,211
674000,-437279.11955120065,310.8445768046087,211
675000,-436101.33705819095,312.5271281459591,211
676000,-435606.5298895524,311.78367674486555,211
677000,-435678.87081172573,312.63504107830374,211
678000,-436293.15093251737,312.88842101563284,211
679000,-436388.9602984509,313.4310507636154,211
680000,-435712.4477086074,311.9921018975991,211
681000,-435285.8842252728,313.09522776894215,211
682000,-436765.31427964615,314.9394775864982,211
683000,-436618.67722209427,313.10793968353,211
684000,-435551.84143448644,311.4524449648307,211
685000,-435952.76009598933,310.89899981756867,211
686000,-436374.74618859217,311.1881040774025,211
687000,-436685.5384227389,310.2205552979554,211
688000,-435703.1560799866,312.93771073338917,211
689000,-436043.1409990431,315.91498355606603,211
690000,-436232.38841641694,313.3009409788039,211
691000,-436171.2621566835,313.28894332640897,211
692000,-435344.10269329767,311.551268836502,211
693000,-435023.5485124155,312.18911532887637,211
694000,-436052.8814776116,311.5703109845349,211
695000,-435667.6063127599,308.93757838255493,211
696000,-436740.14858324686,309.4203466913664,211
697000,-436370.30076610204,312.42216866830734,211
698000,-436525.5661910032,313.300347694855,211
699000,-436172.76778477454,310.13001543573176,211
700000,-434741.10891090264,310.77588808719406,211
701000,-436536.1807419581,311.74188121349556,211
702000,-435910.85423718044,312.0518589804975,211
703000,-435904.67639610125,314.0066220986925,211
704000,-435228.55186423636,313.0934744633345,211
705000,-437266.7604554312,311.689248097331,211
706000,-436074.6077693512,311.96142565332633,211
707000,-436037.835436363,311.3320815320042,211
708000,-436134.5451700594,309.63654463752346,211
709000,-437121.61133572273,309.5814211478287,211
710000,-436080.5732555955,311.99811463250677,210
711000,-435888.05135567137,308.64911461765405,210
712000,-435315.8829243595,311.6255528125913,210
713000,-435782.5754268032,313.70991051008747,209
714000,-436433.21078988886,312.6410662444057,209
715000,-436165.09834723617,312.69530358879865,209
716000,-435676.3077482048,310.1254455902269,209
717000,-434849.75287279976,309.08846745204625,208
718000,-435007.3268340514,313.7938136456801,208
719000,-435394.80604769266,311.68928805225283,208
720000,-435867.5196378343,310.67393246245706,207
721000,-438041.6743144619,312.57704823859973,207
722000,-436319.62578891544,310.63638787784794,207
723000,-435872.63212349615,311.81567723934074,207
724000,-437581.12407993455,312.00823614064905,206
725000,-437339.86059014755,315.71732221901306,206
726000,-436131.29050085833,314.4035791614731,206
727000,-436850.60496256384,312.85611608145865,205
728000,-435594.63591677416,312.41801343943484,205
729000,-435835.67520698695,312.00815249947607,205
730000,-435710.13222403196,311.94444987037997,205
731000,-436418.1290380815,309.8176104383046,204
732000,-435839.86466981005,311.1152210202103,204
733000,-436118.58118698956,314.0387219504121,204
734000,-436220.3916618782,313.6875409029577,203
735000,-435545.38348629884,312.67395676003963,203
736000,-436388.55964145483,312.522090937624,203
737000,-436246.25955032464,310.44986981320517,203
738000,-435582.71591144707,312.55092442443794,202
739000,-436845.60855096695,313.35471421773195,202
740000,-437201.15757537936,312.9582390935843,202
741000,-436641.406904934,311.54772189563664,202
742000,-436155.81369796465,311.92953732673794,201
743000,-435711.0986418815,310.8652407146532,201
744000,-436147.71365680406,310.0472638726984,201
745000,-436995.2173425737,310.68544296257886,201
746000,-437108.43665686063,314.44202108225613,200
747000,-434303.670173401,311.78832801042626,200
748000,-435774.75435646926,309.5328360563296,200
749000,-436543.7730878573,312.4190197307307,200
750000,-436512.34186647413,308.62151007208223,199
751000,-437237.2244108438,309.1294978760804,199
752000,-437031.7166382994,312.1502229470062,199
753000,-436491.47509954986,313.00451764227563,199
754000,-435865.9939964311,312.5983249942922,198
755000,-438085.227724385,312.6057215927545,198
756000,-436842.8055626089,312.6216335316212,198
757000,-437770.73303354974,312.0551379687949,198
758000,-437010.8349670763,313.5165267894503,197
759000,-436958.65523459134,309.6045996155499,197
760000,-436668.990068024,314.19741425008107,197
761000,-435707.9101532812,310.16105763538343,197
762000,-434999.50768252765,311.6989997485905,196
763000,-436104.56458822475,310.3877051129935,196
764000,-435705.83649767516,310.7745143444728,196
765000,-437209.4942523162,312.99659004727306,196
766000,-436020.78355795704,312.00729076673,196
767000,-436305.90712584695,312.4917762451225,195
768000,-435911.58154501044,311.07142013916405,195
769000,-436187.5188039895,308.8696757818406,195
770000,-435032.0067771764,311.31898789308536,195
771000,-436130.3571750873,310.56270268822715,194
772000,-435532.86864781985,312.6473728384305,194
773000,-436481.81084459764,310.337756554451,194
774000,-436948.3612831901,312.744591742,194
775000,-434869.5954182218,313.4673434944428,194
776000,-436322.94823262515,309.5480249043976,193
777000,-435982.0876366154,310.645690656354,193
778000,-435492.25246882974,313.6878131248651,193
779000,-436101.99799884344,311.2317412525976,193
780000,-435512.7402233414,310.2579035111926,192
781000,-436412.10873695626,312.855310146922,192
782000,-435540.07020240906,311.26953409784767,192
783000,-435401.4674723407,309.7721627022098,192
784000,-436240.83081396366,309.51940183217107,192
785000,-436039.93048549397,311.43112499095,191
786000,-435702.0863695473,313.2571083567816,191
787000,-435717.7048799924,311.127238749573,191
788000,-435856.3861452716,311.75314104412547,191
789000,-435796.93328107055,316.32845521219707,191
790000,-436432.1394754052,310.55820715396584,190
791000,-435620.9874586654,311.05776072497684,190
792000,-435158.7256840633,310.41668668813196,190
793000,-434838.93176281615,311.83694639085786,190
794000,-434759.4240498673,309.9016279637977,190
795000,-436877.7510396773,312.71203039868993,189
796000,-436374.2156246272,311.55297934548787,189
797000,-437591.12054643803,310.54542259015307,189
798000,-436177.95744422707,311.799908289573,189
799000,-435512.9455561403,313.4766264778691,189
800000,-436510.99550258066,312.8899321286434,189
801000,-436519.00973197515,311.8233510860347,189
802000,-435764.4395566839,309.16229557553135,189
803000,-436720.56559496745,312.3173504336911,189
804000,-434844.28154087346,312.78915771801064,189
805000,-435797.5154261228,312.0992932618277,190
806000,-435916.18671036186,311.31517256648004,189
807000,-436127.29906988656,311.14981498937493,189
808000,-436696.4230000633,314.6535623604932,189
809000,-435924.9866512071,310.3208111750814,189
810000,-436469.9685072545,313.0985808736461,189
811000,-436994.775548439,312.12779397397253,188
812000,-436338.242795466,311.05921473237146,188
813000,-436708.18006101507,311.19253760677515,188
814000,-437363.1870191286,308.61017551510065,188
815000,-436714.28767962917,313.16333478883473,188
816000,-437053.6430882148,312.7221227484962,188
817000,-437275.7158899086,311.65053789613887,187
818000,-437541.65412905626,315.10429463785795,187
819000,-436983.51987610897,312.33664630519877,187
820000,-437275.90722686565,309.08568599504684,187
821000,-436455.7921142399,310.46412563479015,187
822000,-436626.1296814373,309.96347300787556,186
823000,-437163.23352676816,312.39933883059643,186
824000,-436642.500725657,311.51248814083436,186
825000,-436225.41261995374,310.20729678758755,186
826000,-436099.40351999295,313.23950561690424,186
827000,-435597.52744164807,312.3899639674718,186
828000,-437629.03142785095,311.8098804030346,185
829000,-436664.6622195621,313.3030572413278,185
830000,-437584.7352584959,312.9386892464739,185
831000,-437494.9768708877,311.2130989425014,185
832000,-437447.314944278,309.4595839514043,185
833000,-436514.38481039973,313.1745663414227,184
834000,-436637.93337891833,313.8977572340706,184
835000,-436566.4600494278,310.5804667622369,184
836000,-437844.7637822977,312.2710346998364,184
837000,-436512.75194538897,310.7967783995926,184
838000,-437603.26063587447,309.37312413532214,184
839000,-436303.7303820937,312.79136827280246,183
840000,-437557.79179421114,309.7206250261688,183
841000,-435999.3594813666,309.8840620473275,183
842000,-435381.9262891556,310.6497967800787,183
843000,-436653.02120254794,313.3731636920261,183
844000,-436622.2612874962,312.8512019211304,183
845000,-436057.05023500114,309.4932445748998,182
846000,-436581.919186461,313.0070564891809,182
847000,-435840.4064727593,311.49965373201564,182
848000,-436263.8644350772,312.15622926009394,182
849000,-435958.5946323131,309.108338183042,182
850000,-436065.97716669994,310.2471808409668,182
851000,-436219.5009139145,312.1741984185588,181
852000,-435419.2009405,315.140226722821,181
853000,-436625.8434498843,312.34507858647004,181
854000,-437276.92778018233,312.73598286273,181
855000,-435908.86217585555,312.3858191993505,181
856000,-435731.1983235283,310.72571939894044,181
857000,-438118.3549000106,313.9103473168316,181
858000,-436119.6989595115,311.95984043761206,180
859000,-438129.75497404276,310.8786664715839,180
860000,-436030.1035806136,314.6093636527626,180
861000,-435888.1113439216,314.26943753467765,180
862000,-436611.1328340401,312.15330584903467,180
863000,-435965.47379646986,311.41676476678566,180
864000,-436977.54968793225,311.2166654325199,179
865000,-436437.25578224007,312.3389552685801,179
866000,-436528.4189881955,310.6532133798125,179
867000,-436529.715183581,311.56156922503794,179
868000,-435219.4715064736,314.31984072092894,179
869000,-437171.27311715693,310.96641500177105,179
870000,-436513.9008053562,311.0879827811935,178
871000,-435891.0432896712,310.92558984976137,178
872000,-436358.03459634073,310.7049553571253,178
873000,-437604.93900612975,312.16696447099963,178
874000,-436497.05836302345,312.339429644435,178
875000,-436361.0932206211,310.3801562987441,178
876000,-435700.0737992665,312.0592311221264,178
877000,-437045.33185425634,312.6957832562581,177
878000,-435810.68445317424,311.48099039370015,177
879000,-435570.2426861159,312.25701189268665,177
880000,-436346.76948607503,314.3815485611383,177
881000,-436089.64743490913,311.3262701034315,177
882000,-436223.9435997342,312.3079906196753,177
883000,-436397.41530249943,310.3758838210045,177
884000,-436152.1875646594,312.23635317683284,176
885000,-435286.8934622945,312.9381236734834,176
886000,-438004.0655555066,312.4843285485842,176
887000,-436588.80748062953,312.3684339202772,176
888000,-436173.99404643034,313.6452823856322,176
889000,-436846.16182520194,313.0396767594611,176
890000,-436686.2742573444,309.90775481968035,176
891000,-436898.5323313726,312.2094161432043,175
892000,-436554.96741684456,313.3960010181452,175
893000,-437234.22166367946,311.49737096252994,175
894000,-435206.4347757858,309.88139778351336,175
895000,-435885.795137228,311.34347719431065,175
896000,-435959.7018843407,314.16741543878067,175
897000,-435483.0947668154,314.1917236615343,175
898000,-437585.1389247952,309.40722142622127,175
899000,-435704.7427762374,313.1469740078953,174
900000,-437189.7841643023,311.2497174453024,174
901000,-436978.9661293803,314.61387208345565,174
902000,-438399.792640975,310.0733318809852,174
903000,-436166.377065392,309.54423482276786,174
904000,-436118.39436601824,314.1530600066244,174
905000,-435985.6946959293,313.11311206688833,174
906000,-436631.3047563713,311.63051384654506,173
907000,-436362.94449843024,309.6602657568194,173
908000,-435059.12239481974,310.4101808656595,173
909000,-436395.38832636736,313.46976163324325,173
910000,-437313.9196558816,313.0472471020601,173
911000,-435338.7405579856,310.94750841328863,173
912000,-436185.2499428636,309.78268196408845,173
913000,-438532.0013371364,312.8149835104517,173
914000,-436440.1772554419,313.4039992937042,172
915000,-436925.83076157793,309.6765417683005,172
916000,-436551.9037418482,312.0450913316875,172
917000,-436592.8483093877,310.9226322897459,172
918000,-436622.91949713347,312.07536110592525,172
919000,-437959.7232481423,312.1005862195953,172
920000,-435796.21297868295,311.6349393360181,172
921000,-436876.5778436358,309.81893770112777,172
922000,-436929.8375081343,311.5983860790807,171
923000,-437216.6037106381,310.2456913794284,171
924000,-436567.9165713843,311.11255839874605,171
925000,-436807.1170204296,311.313106399946,171
926000,-435757.751431772,312.08382418898003,171
927000,-436551.62605668046,310.92027394382364,171
928000,-436597.3189235355,311.0351630304355,171
929000,-436065.7684694624,312.1898140863949,171
930000,-436666.69457535096,313.0670093340194,170
931000,-436797.52377090603,313.04294970343733,170
932000,-436000.31394747226,310.743792928492,170
933000,-436906.7044727013,311.673556119721,170
934000,-436907.4598767499,310.3978384304108,170
935000,-436394.3141360469,310.21112253103985,170
936000,-436673.7333288754,311.7195555510211,170
937000,-435859.62698640674,311.2981414405556,170
938000,-436906.1314573635,309.5744929044397,170
939000,-435845.0363564703,310.603770753911,169
940000,-436674.9406783115,313.41269443965916,169
941000,-436678.2479658094,310.99625203067114,169
942000,-436005.95789179904,311.4145138352729,169
943000,-437254.1283386743,312.28941910300847,169
944000,-437338.3653550958,308.04763042107805,169
945000,-436756.63163453015,311.5795207191164,169
946000,-437294.2645106185,312.3827168205105,169
947000,-436360.2545402739,311.28038166700816,169
948000,-435750.1769489285,314.3144246374991,168
949000,-435830.0190752086,311.6376469166796,168
950000,-435453.773749728,311.62342456726367,168
951000,-435714.19259328325,310.19164570326546,168
952000,-437406.59941884526,312.70346856310823,168
953000,-437561.1757282044,310.70407642277365,168
954000,-436090.07729555015,310.5797121035739,168
955000,-436460.251616498,312.89719638016226,168
956000,-436681.9193832632,310.78770909851403,168
957000,-437439.83270014543,314.0139807699869,167
958000,-437603.55509070493,312.4651422679835,167
959000,-436177.3347534463,310.7900921312556,167
960000,-437596.00295169465,311.1388626043667,167
961000,-437238.1016595715,314.35553413022484,167
962000,-437894.78667465807,311.4357137847064,167
963000,-437088.35987493116,310.1392076463337,167
964000,-437920.61331676994,312.82409846879995,167
965000,-435905.30572937476,311.31622895734546,167
966000,-437022.14730359847,313.2996984636779,166
967000,-436392.61539843725,310.29592744015645,166
968000,-437820.0576073772,310.90667744313845,166
969000,-436102.35142827965,311.90061318179636,166
970000,-437585.81336819567,313.67137371299344,166
971000,-436530.2207383092,312.1902422373052,166
972000,-436311.8605348258,309.5273928543115,166
973000,-436911.93616069877,311.9163835247418,166
974000,-436744.8999583821,311.585264356385,166
975000,-435935.5317428389,312.42998883226886,166
976000,-436216.7247094342,310.30607201479046,165
977000,-435609.51947444305,314.87694454710925,165
978000,-436643.47071255115,312.3467179256441,165
979000,-436374.605247834,307.12263711857105,165
980000,-436919.04672546056,311.9046388664833,165
981000,-436914.8633795618,310.1595516528521,165
982000,-436906.0622389505,311.4136069477002,165
983000,-435942.34353650804,311.92525451232376,165
984000,-436405.5165942509,310.13654945217615,165
985000,-436734.368830455,310.935202559626,165
986000,-437064.64903393504,314.2735261212949,164
987000,-436656.1518688502,310.96780899628527,164
988000,-438678.79194188653,314.3236717627223,164
989000,-436479.7976147118,312.46521127849667,164
990000,-436412.14563281625,311.0978081639484,164
991000,-436817.0252476481,313.3771710701601,164
992000,-436247.57152169524,312.4672931468251,164
993000,-436908.84902505344,312.938578913418,164
994000,-436232.92479251744,312.86286492075214,164
995000,-437119.24219292076,310.29835572323185,164
996000,-436244.280489143,310.1493812237363,163
997000,-436086.82565253787,313.2501428980608,163
998000,-437214.84936718526,313.05760586515254,163
999000,-437486.1751655871,310.7426069989918,163
1000000,-437516.9378653106,312.779256402496,163
1001000,-436703.06457594014,310.93743363347727,163
1002000,-436123.65169023443,311.2257600306309,163
1003000,-437027.0078455722,310.6429264802658,163
1004000,-437303.2070082291,311.4316881554174,163
1005000,-436638.98475038866,310.58649906066034,163
1006000,-436351.23764025886,312.1046276146307,163
1007000,-436627.9299333759,313.0362525107688,162
1008000,-436911.7257029498,311.1343492963134,162
1009000,-437317.78215217916,315.23261120242876,162
1010000,-438322.0935011625,312.76695054010446,162
1011000,-436028.25296113826,311.6169443113328,162
1012000,-436513.25363528193,311.6584164290139,162
1013000,-436399.2950490443,312.8612166686966,162
1014000,-437224.93223176687,312.59830553828243,162
1015000,-437195.3340260361,311.61496926908677,162
1016000,-437250.35830429173,311.2643276229865,162
1017000,-435990.84988028905,312.8741368799366,162
1018000,-437038.7362971266,315.4857634361385,161
1019000,-436510.68055276014,314.0642551025285,161
1020000,-436654.3431188674,312.18663099458564,161
1021000,-437546.46743961144,312.9983266157193,161
1022000,-438066.74346983666,310.86804952935034,161
1023000,-436177.2917796639,313.2292941848389,161
1024000,-436312.77288061194,314.21787930402274,161
1025000,-437676.64613170247,311.8211876171222,161
1026000,-436999.3157385064,309.770873396155,161
1027000,-437112.6271275119,313.0551254317353,161
1028000,-435826.2256766136,309.0989168770001,161
1029000,-438260.9142825743,311.461067806429,160
1030000,-436408.33209048747,311.29084190698194,160
1031000,-436514.13566233893,309.28282322384854,160
1032000,-436278.3171640707,312.54505648658346,160
1033000,-437433.97296812455,315.9347011089678,160
1034000,-437426.0068385678,310.86388961510346,160
1035000,-436018.4262654849,312.8414400813185,160
1036000,-437856.6448337678,309.77525929273804,160
1037000,-437185.9255079017,310.8305553413837,160
1038000,-436849.9208513452,312.26340773492234,160
1039000,-436496.8460648826,311.5500691117005,160
1040000,-438059.74028073065,314.9698053990319,160
1041000,-437386.3407650357,312.77396607096176,159
1042000,-437269.33690711414,314.63291628699557,159
1043000,-437387.8221500679,312.7089876941069,159
1044000,-436942.6161952955,312.8050387152305,159
1045000,-437604.2706191782,311.0039465685744,159
1046000,-436918.73689903715,313.24889995469914,159
1047000,-436362.96086041443,312.23475969588765,159
1048000,-437211.9133268399,315.22665083930974,159
1049000,-437746.06223196187,311.2894142854306,159
1050000,-436098.2832735379,309.6330627048037,159
1051000,-437289.55978465127,314.51639448458525,159
1052000,-435812.4675121037,308.6292602889262,159
1053000,-436018.88061766815,312.2952635487875,158
1054000,-437130.5181950154,310.3322619104387,158
1055000,-437123.7084077799,311.7235778476776,158
1056000,-437500.9633530318,310.49556352848657,158
1057000,-438164.0172413625,313.203453298397,158
1058000,-437043.88773869025,313.50070657660126,158
1059000,-436822.3236080946,308.85929227786534,158
1060000,-437446.8515589596,311.2762268002822,158
1061000,-436857.69299795036,313.14887004600064,158
1062000,-436234.9280544573,311.6768669599093,158
1063000,-437257.0972656447,313.88726960002094,158
1064000,-437000.81603847444,313.43623356535426,158
1065000,-436943.5682145569,313.3287955456862,158
1066000,-436054.33134965715,312.1553859306084,157
1067000,-437282.13488621404,311.96516038845186,157
1068000,-436512.1382142734,310.44432975916214,157
1069000,-436541.2582352422,311.2963386168146,157
1070000,-437219.42829611385,313.1846652372961,157
1071000,-437590.6008597999,312.8829315334495,157
1072000,-436533.0593379433,311.29434553433396,157
1073000,-436307.8932133666,311.7436555172859,157
1074000,-436422.68587676017,311.45282822270195,157
1075000,-436790.655741737,313.71589741384304,157
1076000,-434793.92302284716,311.06037344022997,157
1077000,-436121.61060498934,311.59050621822024,157
1078000,-436656.5934486333,313.6972996665871,157
1079000,-436655.0701348032,311.96822387908253,156
1080000,-436754.43488415284,310.5939212598776,156
1081000,-435959.28834203654,313.007108517091,156
1082000,-435995.493278024,314.16763075938474,156
1083000,-436558.4774922645,312.4976698572899,156
1084000,-437013.7913334684,313.10086899502363,156
1085000,-436299.0196519387,312.2914340703853,156
1086000,-436774.0339903445,312.23393579921304,156
1087000,-436123.4476103834,311.0940122778865,156
1088000,-436844.02112926403,309.63492925122165,156
1089000,-437005.0009597074,313.4322764365031,156
1090000,-436739.9940144606,311.42054142230063,156
1091000,-434626.93617979134,314.08981915849506,156
1092000,-435765.91671419004,310.5765239054562,156
1093000,-437138.2181593883,312.20978607740994,155
1094000,-436874.0815042907,311.8558720515318,155
1095000,-435969.5180591182,313.1335229086552,155
1096000,-437056.1242116394,310.3516476803147,155
1097000,-437071.85720348987,312.0107694860544,155
1098000,-436512.1149045613,311.1270199942713,155
1099000,-437707.50232421816,313.44087761002095,155
1100000,-436979.3244913947,311.8538464100692,155
1101000,-437079.03543363744,313.08167106536905,155
1102000,-437185.0979227503,312.7686462215048,155
1103000,-437590.79808165785,308.4461622207404,155
1104000,-435434.8022462763,313.6340660072964,155
1105000,-436074.43697938696,312.39752970407494,155
1106000,-436274.97256767005,313.61743659227596,155
1107000,-436780.36491844547,310.5717547654391,154
1108000,-436405.998223498,313.0527267409878,154
1109000,-437737.2162250306,311.4248460933888,154
1110000,-436877.1164894814,313.8105533380463,154
1111000,-436161.9190099947,313.6589296603486,154
1112000,-437489.73204540997,312.4681631642766,154
1113000,-436809.2617378901,310.30325489773634,154
1114000,-435866.2957885284,312.1345866443053,154
1115000,-437055.1736888541,314.46441817089783,154
1116000,-437140.2678602142,310.55350786732134,154
1117000,-436410.8024993092,314.36562918394696,154
1118000,-436028.4170741262,312.3367165397273,154
1119000,-436685.256495557,312.9209289095753,154
1120000,-435750.0132850313,311.21127011269914,154
1121000,-436663.4068433682,315.0746495936362,154
1122000,-436472.6785655762,311.18647373294715,153
1123000,-437037.0151905578,311.9509759919497,153
1124000,-436386.817877532,312.91553333568123,153
1125000,-437699.2543039315,310.6189444882872,153
1126000,-436659.11940557486,309.6093030336175,153
1127000,-436425.8817660038,311.11111685034064,153
1128000,-436538.7280222641,310.7633143617522,153
1129000,-437029.8215731762,312.1260698506126,153
1130000,-437235.9949342839,312.6865403698261,153
1131000,-436066.558335064,310.67004579809435,153
1132000,-437369.54801235045,311.6044268054309,153
1133000,-438138.401045447,312.2792848677362,153
1134000,-436806.47463060403,310.51453197532385,153
1135000,-436447.385282221,315.8726006985142,153
1136000,-437143.8022228386,310.0862343163162,153
1137000,-437506.8205821137,312.9835456170323,152
1138000,-436568.9448935003,313.67796015197183,152
1139000,-437951.0583626041,312.4971905842142,152
1140000,-436258.951221928,313.42703336908147,152
1141000,-437062.6959996128,310.922204450005,152
1142000,-438184.57679222524,311.0372978414409,152
1143000,-436787.49983529747,311.2022613787827,152
1144000,-437819.066009216,310.09792355457864,152
1145000,-436480.51668903,314.9577857094271,152
1146000,-436070.8905072403,313.79601145601504,152
1147000,-436849.39675922785,313.0973416316924,152
1148000,-437464.0002989278,309.3747600397444,152
1149000,-435443.6545086943,311.3458705834934,152
1150000,-436271.52835801896,312.22144367693693,152
1151000,-436463.1189787544,310.3994782173639,152
1152000,-438003.2854461898,310.6092317086101,152
1153000,-435406.41535295756,311.0010807028611,152
1154000,-436794.567377646,312.80922453971107,151
1155000,-436418.2631817027,310.86232828959174,151
1156000,-438066.6216912479,311.87859268669604,151
1157000,-437609.09769983916,313.35246144088774,151
1158000,-436848.5771048756,311.86606362869526,151
1159000,-437973.46649045264,311.6388070746931,151
1160000,-437349.29341292335,310.02268406108794,151
1161000,-436132.30644262745,314.4982389841815,151
1162000,-437279.70648462675,315.96439392147147,151
1163000,-436227.56074480247,311.69395587171425,151
1164000,-436755.5319728395,311.9235377754893,151
1165000,-436721.43609077623,314.37050244411313,151
1166000,-437231.422332417,312.18271199302313,151
1167000,-437130.9481999432,312.9211687129101,151
1168000,-437242.0323733175,312.3783090323515,151
1169000,-437311.27859947435,309.5777730063831,151
1170000,-436882.9619910575,309.78977733375376,150
1171000,-436940.30083168624,311.8838543791774,150
1172000,-436634.8465577648,313.0409070532191,150
1173000,-438257.89005685435,312.17464819064594,150
1174000,-437016.48002716224,313.9998289814842,150
1175000,-436628.91547877644,308.34715327339035,150
1176000,-437387.4054482505,314.00427890113286,150
1177000,-438763.8783159312,313.50327851141867,150
1178000,-435744.1596137115,312.1005289425248,150
1179000,-437787.74793871096,312.66668931904,150
1180000,-438113.9214894043,309.2633349344399,150
1181000,-437152.3952542206,311.8259954784235,150
1182000,-438002.2041456052,311.8184396836328,150
1183000,-437527.41072554816,311.4986928986575,150
1184000,-437630.5084738885,310.12968341614044,150
1185000,-436758.24385397835,310.76681966752164,150
1186000,-436567.9427209168,313.4145492112329,150
1187000,-437438.365733013,311.0315365450275,150
1188000,-437447.581042313,313.33125204487203,149
1189000,-437098.873057056,310.7099193462093,149
1190000,-437729.17882174836,311.5958586525149,149
1191000,-437393.9797566661,309.1554108784769,149
1192000,-437297.4791080358,311.9337495628865,149
1193000,-438312.7782821858,313.5581428868153,149
1194000,-436894.0577936822,311.70618687635516,149
1195000,-435228.90584002575,315.09953560543215,149
1196000,-436803.8486113311,312.9914277092129,149
1197000,-436041.87013171683,314.08165642376406,149
1198000,-437158.6218519823,312.93247069421153,149
1199000,-436354.1135848907,309.8032125567382,149
1200000,-437646.5781973689,310.8269025067602,149
1201000,-436092.4359979816,312.5900539076116,149
1202000,-437102.9183863902,311.05981154436,149
1203000,-437157.9985563222,311.31916461878706,149
1204000,-437772.69774822565,311.9172532139965,149
1205000,-437689.58098606486,311.63364489412993,149
1206000,-437601.5094333007,313.2533001901479,149
1207000,-436692.7032135036,313.7754461696256,148
1208000,-438003.90660946816,314.3697108332745,148
1209000,-436283.86220323364,312.3220283660208,148
1210000,-437789.35760359466,309.54392509947724,148
1211000,-437905.8012382372,311.82716000776276,148
1212000,-435483.8541099976,311.7397555104547,148
1213000,-436514.1204463644,313.5674206662769,148
1214000,-438882.2628881498,312.2593558851221,148
1215000,-436326.15626305924,311.8077138915345,148
1216000,-436541.05208538845,310.75704278914617,148
1217000,-436009.9289414284,311.542393761002,148
1218000,-436701.86920636357,314.6187523056121,148
1219000,-435310.635780429,314.43459442548397,148
1220000,-435996.6686515119,313.03261259031603,148
1221000,-436747.6451511497,312.3611397414305,148
1222000,-436424.1092265509,312.862656793155,148
1223000,-436492.12279545516,309.66429793880127,148
1224000,-437296.00231009023,312.3521324122077,148
1225000,-436530.8338112361,313.5379121966268,148
1226000,-436511.3236308228,309.31110226278884,148
1227000,-437674.65235103434,310.9689207195698,147
1228000,-436397.97834300157,312.24232247221005,147
1229000,-436504.5717472581,313.63203408604744,147
1230000,-437506.5800553304,308.69582095540727,147
1231000,-436634.80020651827,313.5755368864498,147
1232000,-436533.8012645717,311.4905131523464,147
1233000,-437797.2954498569,311.5814239832253,147
1234000,-436854.09964222205,311.981067138409,147
1235000,-436480.952326878,312.267698357892,147
1236000,-435678.57601318485,311.5944774592931,147
1237000,-437499.5341437226,312.79399936707193,147
1238000,-436744.2488215978,314.66443959719504,147
1239000,-436413.72415418364,312.18449775936654,147
1240000,-437119.0166956964,312.3630876758516,147
1241000,-437217.30210251454,312.5305022490694,147
1242000,-436767.55459193815,311.0716467547675,147
1243000,-437163.9117038669,311.58064926779895,147
1244000,-436046.2093941206,314.7537164798049,147
1245000,-436882.5197098714,313.8482286896104,147
1246000,-437335.9756707358,312.78096620440687,147
1247000,-436560.5714116569,312.25701988131937,146
1248000,-437437.8308227721,309.90645975806586,146
1249000,-436989.58997748676,311.0682767201114,146
1250000,-438271.13909736555,315.59049765914585,146
1251000,-437288.77548550395,308.3695253423319,146
1252000,-437927.7467781615,312.0718576087121,146
1253000,-436458.98331063427,310.6726711034849,146
1254000,-437509.524825993,311.1571704445727,146
1255000,-438113.6962922027,311.6953666468819,146
1256000,-437497.6233701289,311.81620597072083,146
1257000,-436773.9197967886,312.7933242395545,146
1258000,-436433.2802471884,312.2240007718331,146
1259000,-438400.1424269723,309.57165120313533,146
1260000,-437223.39559971495,313.6521111078796,146
1261000,-437271.3229238591,314.19336147333496,146
1262000,-436417.351513895,313.4525647502139,146
1263000,-437497.82364695007,310.1649925497836,146
1264000,-437085.53950107866,313.7435008074765,146
1265000,-437843.08827212197,313.41134865528295,146
1266000,-436876.09695843305,311.3278925078884,146
1267000,-436340.50574085396,311.9290073770948,146
1268000,-437385.2194311514,311.3593686983425,146
1269000,-436320.8503272715,314.6643730589891,145
1270000,-436017.6916455254,313.06160701487005,145
1271000,-436789.11678219563,312.3197911913161,145
1272000,-436926.4796722969,313.66589540642127,145
1273000,-436242.21334790136,313.8549750153476,145
1274000,-435861.5467600308,314.1997142756417,145
1275000,-436128.4124158276,312.0496178717844,145
1276000,-435945.57965715765,313.3128436079039,145
1277000,-437957.86881914036,311.1396790608545,145
1278000,-436434.0723861505,311.4532976754952,145
1279000,-437163.7550426461,311.2271002196614,145
1280000,-437181.0816263512,311.55666954442455,145
1281000,-438480.2021365443,309.93609380948726,145
1282000,-438087.6468776441,311.946442553814,145
1283000,-436210.90771806333,312.80138527654333,145
1284000,-437726.76931082574,312.12060467763064,145
1285000,-436408.45659548044,313.1386834428411,145
1286000,-438555.80790024064,311.4524008143139,145
1287000,-436967.54851162597,309.5182538537893,145
1288000,-437294.68855471537,311.2350111883906,145
1289000,-435470.77186838025,311.99328809044016,145
1290000,-436100.89688798366,312.9174474802155,145
1291000,-437187.8966183779,313.90962520251105,145
1292000,-437009.1813189979,311.5855796128899,144
1293000,-435617.4918258572,313.7380213150609,144
1294000,-437012.8182993082,311.9669326010329,144
1295000,-437856.43288014224,309.2255620693308,144
1296000,-437424.4934827825,311.27076562754996,144
1297000,-437118.1521986034,313.6612974860972,144
1298000,-436297.97862736834,311.8013648040283,144
1299000,-438858.7570895655,311.0213142384542,144
1300000,-436780.6678134878,308.5687660341664,144
1301000,-436943.6003746898,315.250164960961,144
1302000,-437618.6387680827,311.28673264975544,144
1303000,-437136.60630557174,309.8887744735786,144
1304000,-437409.0010437218,313.31545062820135,144
1305000,-436845.3953906947,312.8077784888161,144
1306000,-437386.4794721843,308.2485837316865,144
1307000,-437223.84916566685,311.7800145875796,144
1308000,-437131.8268253859,311.09749129969316,144
1309000,-437502.5083522361,311.05546124108173,144
1310000,-436281.50992151,312.3810923590192,144
1311000,-436122.82688974077,312.5671407601161,144
1312000,-436635.1394444995,313.0454964681684,144
1313000,-437597.4759964482,310.83569817908887,144
1314000,-437198.68435584963,309.5919088206752,144
1315000,-436702.61729080183,311.2505282495597,144
1316000,-436777.99876333727,311.85799736131435,143
1317000,-437057.61607851344,312.690340793306,143
1318000,-436570.60369766434,310.4092705589751,143
1319000,-438210.2940034608,313.1631092578228,143
1320000,-436958.73612332856,313.0976898770406,143
1321000,-437203.2644022794,310.00797974435164,143
1322000,-437750.4415548451,308.3324571153584,143
1323000,-437780.295642972,312.7924473688192,143
1324000,-438237.2580360344,310.2834290930286,143
1325000,-436618.9832522599,312.2953552245958,143
1326000,-436165.71750589926,312.38761892906274,143
1327000,-437666.4856537129,311.58609333129584,143
1328000,-437739.4466923338,310.39516748673884,143
1329000,-437486.30569644435,312.50884644210396,143
1330000,-437170.54125900054,311.5262047427466,143
1331000,-437273.86203419324,312.55108778070723,143
1332000,-436579.461669632,309.38907569239535,143
1333000,-436929.66501219105,311.8140459985772,143
1334000,-436804.31172865606,312.7847387471175,143
1335000,-437113.3055456537,312.27720513337664,143
1336000,-437599.31738415966,310.96886170009867,143
1337000,-436314.68716063397,314.2599188348632,143
1338000,-437417.71251092316,311.8248691710471,143
1339000,-437128.62194935256,309.853522354889,143
1340000,-437717.7596645474,312.73709089383,143
1341000,-436373.28466126556,308.5497480732236,142
1342000,-436968.6172693465,311.2487285697767,142
1343000,-438447.8538306616,310.2680899796262,142
1344000,-437846.901304825,309.5321548791486,142
1345000,-436093.2523841325,311.9043456075427,142
1346000,-436562.2767672844,311.0181966046611,142
1347000,-437356.1164393462,312.6520384453415,142
1348000,-437796.2735883526,310.3719353098297,142
1349000,-436682.65726781636,312.1385284481025,142
1350000,-437444.793568722,314.15747777011916,142
1351000,-437823.0184136324,310.6086038340231,142
1352000,-436451.1489830327,311.06134746814996,142
1353000,-436224.8898288552,312.7722630026382,142
1354000,-437109.8483991034,312.7971075728421,142
1355000,-436739.12668473856,310.1652583064236,142
1356000,-436523.98246295634,309.1996885479674,142
1357000,-438278.1638906074,310.4322134987076,142
1358000,-436977.09342561825,312.36992782804157,142
1359000,-436271.2208196728,313.7846473670564,142
1360000,-436776.77343716985,312.12215467701856,142
1361000,-436477.7561326411,311.8995821464093,142
1362000,-437637.6347212598,313.06341827598243,142
1363000,-436673.28664703807,313.43408169002515,142
1364000,-436188.7025321701,312.62770816256494,142
1365000,-437597.5298580646,315.5322311252242,142
1366000,-436972.18632836407,311.0715166465261,142
1367000,-436362.85336459824,310.1628055745146,142
1368000,-437445.44112083386,310.5602496944563,141
1369000,-437609.3953143081,311.45296512201685,141
1370000,-437370.01254160074,312.8808225278943,141
1371000,-437676.05350722536,314.70566877164254,141
1372000,-436918.0797378009,314.03319747976497,141
1373000,-437040.0665669886,314.40271798552027,141
1374000,-437493.48510345304,309.9576904512493,141
1375000,-438803.96832636115,312.1704497180729,141
1376000,-437598.44429881894,312.98009970367565,141
1377000,-436540.014996151,312.47833425465905,141
1378000,-437779.5882166787,310.76237775336705,141
1379000,-438487.81305232225,311.21711566299473,141
1380000,-438282.2781334056,314.14277536405996,141
1381000,-437379.705786587,312.51844995184405,141
1382000,-438327.6564474059,312.46950385081783,141
1383000,-435589.12312026485,313.2295875639195,141
1384000,-437467.1095506917,312.252300533696,141
1385000,-437319.40229564696,312.8861810116768,141
1386000,-437033.393472824,312.441520017947,141
1387000,-437438.5187919296,313.6473068234552,141
1388000,-436635.4407323471,313.85951277035235,141
1389000,-436280.20632884325,313.9592448461403,141
1390000,-437322.2435858899,312.43264674746416,141
1391000,-436661.87110071187,312.7445739574958,141
1392000,-438129.8288372506,311.52736120022405,141
1393000,-436918.5910612354,311.65910549157593,141
1394000,-437235.10899286903,313.0436081817523,141
1395000,-437680.9071332379,311.33341434266305,141
1396000,-438225.7560351989,312.67920101817685,140
1397000,-438269.3706607593,313.5392847865684,140
1398000,-438043.4297890726,311.6412138536292,140
1399000,-437736.18044576026,313.0221553233788,140
1400000,-438149.1029928969,311.8547369342885,140
1401000,-436531.77091999585,311.2776416775454,140
1402000,-437709.8523640749,314.8490252965438,140
1403000,-437005.620263217,313.60745596904775,140
1404000,-436941.91039467463,312.13683588394747,140
1405000,-436984.65043609147,311.3259855233308,140
1406000,-438361.2459751812,313.7076870225652,140
1407000,-437770.095269602,313.2385979168645,140
1408000,-436706.37095908844,313.2382510784278,140
1409000,-436994.70233827014,314.04960986756487,140
1410000,-437916.30818902375,313.56416450792386,140
1411000,-437699.4105530041,310.13689251772945,140
1412000,-437252.3210383791,311.51255881494984,140
1413000,-436573.3719200832,310.9137689629261,140
1414000,-436678.57644748036,312.84412917942296,140
1415000,-436604.0838194224,311.5572912140562,140
1416000,-437023.0459665437,311.8266060814644,140
1417000,-436292.7515892545,310.67870893479574,140
1418000,-436982.7959959947,313.312144060669,140
1419000,-438069.1746966776,308.33161710618566,140
1420000,-437273.10940398835,311.3195686941916,140
1421000,-437477.7716569463,310.12580340923995,140
1422000,-437039.53990575764,311.9042328822067,140
1423000,-436548.2365304553,312.1227490786463,140
1424000,-437045.77460072166,311.46842029281856,140
1425000,-436784.7580831589,313.48074948408004,140
1426000,-437315.87205561926,313.2912890564031,139
1427000,-436737.8451953556,311.04930504898624,139
1428000,-436659.90135390894,308.01804332910194,139
1429000,-437814.4467331779,311.68141187694766,139
1430000,-436815.7132266613,310.4825610760615,139
1431000,-436498.4442415284,314.2743302591882,139
1432000,-437214.9448399972,313.6480832322966,139
1433000,-437907.2369952656,310.98983618493384,139
1434000,-437752.4316021423,313.9068338410933,139
1435000,-437972.9852665956,310.1470482574825,139
1436000,-437105.4789299478,314.69260570382846,139
1437000,-438041.9797014876,313.69357923352675,139
1438000,-436530.6061749193,312.62072943430553,139
1439000,-437261.15202027117,314.68043712526907,139
1440000,-437085.3327316821,310.7862873484701,139
1441000,-437752.8443586333,310.2268839778321,139
1442000,-436819.18638774054,311.7725458239769,139
1443000,-437113.69645634014,313.0995999587903,139
1444000,-437683.7484284325,310.671967486863,139
1445000,-437111.86266298196,311.5938516301313,139
1446000,-438159.1811757996,309.74634365463646,139
1447000,-437640.2743145386,312.9205012765297,139
1448000,-438025.79062632145,310.5788389893658,139
1449000,-437335.88436391274,313.0777668610019,139
1450000,-438194.0955138183,312.7950207785644,139
1451000,-436482.5979408105,311.53145368215957,139
1452000,-436711.87952501886,312.91955538606965,139
1453000,-437223.3152115261,313.12631761576125,139
1454000,-437006.29900788935,310.40127228311565,139
1455000,-437761.4600833114,313.6713828827015,139
1456000,-436306.9042354226,312.09762340463436,139
1457000,-436884.5389798023,311.4610717912513,138
1458000,-436913.0321579678,312.6368753787625,138
1459000,-437540.9438336047,311.25865087787173,138
1460000,-437065.50071363803,312.6880913763909,138
1461000,-436445.98506329185,311.00936003186257,138
1462000,-437695.7411583888,311.7104410246607,138
1463000,-438028.75475095864,309.9958699862084,138
1464000,-438363.9042056482,312.6029478977545,138
1465000,-437312.458883564,311.4666395502445,138
1466000,-437628.3909865925,312.0637613968472,138
1467000,-436871.2930878969,311.8279912638978,138
1468000,-436140.6416460329,313.4752071551028,138
1469000,-437752.66708511254,309.71283545064756,138
1470000,-438127.3844000851,310.1946665308219,138
1471000,-437719.742859819,310.37243049855124,138
1472000,-438204.98542221845,310.3429312337728,138
1473000,-437217.3637730882,313.84742555434485,138
1474000,-437628.3523164815,310.5095082284276,138
1475000,-438342.83265754324,311.5745267775847,138
1476000,-437678.5727732668,311.2548763106997,138
1477000,-437062.1148426344,307.3233289650249,138
1478000,-437662.0929895083,309.9234561176654,138
1479000,-437236.9694353044,310.8924270420141,138
1480000,-436520.6504079574,311.6710097727064,138
1481000,-439184.8842108641,312.2490996978928,138
1482000,-436760.8151317593,314.6846039641536,138
1483000,-437418.5692544619,313.0156058001862,138
1484000,-438166.5119173187,310.0046936379748,138
1485000,-437758.9307594539,311.9581800733268,138
1486000,-437987.83620324126,312.84527421948394,138
1487000,-438098.36934244283,314.6888879114563,138
1488000,-437118.4283450388,312.96152478867174,138
1489000,-437867.9544512804,312.9562065494841,138
1490000,-436751.7142869814,312.53967035561004,137
1491000,-437530.3866242508,309.9293017811262,137
1492000,-438154.66494485387,310.9648179995068,137
1493000,-437433.2389150127,314.84734084778694,137
1494000,-436316.4127467389,311.34780477627555,137
1495000,-437884.3723282139,313.17687874281575,137
1496000,-437140.59125329903,311.54849449888445,137
1497000,-436839.31452081096,313.60477180351165,137
1498000,-437509.44180422067,311.06341798302776,137
1499000,-437104.11775279744,311.7130649877314,137
1500000,-436633.8123841479,310.10497788966427,137
1501000,-437247.93927266984,313.5075325826513,137
1502000,-437029.53508446715,311.2877565186101,137
1503000,-438488.4608459,312.11616705670764,137
1504000,-436229.6112359052,312.3550124851908,137
1505000,-437000.4408735973,312.6189731617865,137
1506000,-436063.49698408786,313.1803100727405,137
1507000,-437275.8199333863,311.5158231876119,137
1508000,-436759.1567862481,309.803787369135,137
1509000,-438873.1650465464,312.7124386157556,137
1510000,-437261.7175090513,312.4172370873092,137
1511000,-438159.32030341774,309.266398919133,137
1512000,-437959.84763932857,311.61297777297193,137
1513000,-436049.07096448494,311.5673696557226,137
1514000,-438604.6410983114,311.15372283605893,137
1515000,-437974.02990061673,312.6872050273251,137
1516000,-436875.0083714868,310.4074523470972,137
1517000,-436856.3871916854,308.7987503836493,137
1518000,-436598.7285672731,312.1032333850257,137
1519000,-437608.0072337359,312.9829933730939,137
1520000,-438394.2213380644,313.7375573101599,137
1521000,-437036.2952840491,310.327594069502,137
1522000,-437385.2893342278,312.83818886474023,137
1523000,-436349.7002247246,310.60612842489957,137
1524000,-437760.4262549216,311.33992412622825,137
1525000,-437295.85671764286,311.98252209401073,137
1526000,-437882.5116430812,310.6369329561149,136
1527000,-436674.3934194669,312.6998464260738,136
1528000,-436981.81725722924,312.73699238917834,136
1529000,-437352.6851345075,314.2515259743677,136
1530000,-436462.36787107494,313.60414393398185,136
1531000,-438265.46680073044,308.5913094865806,136
1532000,-437676.1599961058,311.9883186735993,136
1533000,-437839.6059483802,313.6310286636465,136
1534000,-437202.0413177281,313.52650483372673,136
1535000,-437896.6537662316,311.82743761028485,136
1536000,-436254.5898877415,311.28632462210106,136
1537000,-438080.32550836075,313.6442504327973,136
1538000,-436701.6301955313,315.3721173983447,136
1539000,-437557.6888113655,312.9540244675497,136
1540000,-438499.51677680085,310.4973444799854,136
1541000,-436779.5297433578,310.4061113789281,136
1542000,-437153.84110390954,314.09514075394776,136
1543000,-436742.286458906,312.70627043833025,136
1544000,-436928.89081912115,310.31514163340495,136
1545000,-437491.4694918317,311.0692827283448,136
1546000,-437782.26952752704,313.8975471740007,136
1547000,-437862.2850716426,314.7680916618212,136
1548000,-438034.309631177,313.2700468461195,136
1549000,-437790.72200023406,309.47782815605717,136
1550000,-437051.5971503502,312.6077646836285,136
1551000,-438015.9748418338,311.57668398026766,136
1552000,-436939.68361953343,313.67848293266474,136
1553000,-438277.9784821754,310.3712430589383,136
1554000,-438106.1456083029,308.0740829458991,136
1555000,-437371.2888757228,307.2903245376218,136
1556000,-437996.9973205433,310.9932773922446,136
1557000,-438584.2251937394,310.14308810757746,136
1558000,-438737.80857254565,314.46393513264945,136
1559000,-437418.6250221799,313.94867877105514,136
1560000,-437555.288295398,312.79816922340007,136
1561000,-437950.8062249031,309.27412880559274,136
1562000,-437316.0571288259,314.598003168092,136
1563000,-437013.6030990714,314.6990804014603,136
1564000,-438307.00042772945,309.97260451899626,135
1565000,-437844.9956239043,309.30573811082826,135
1566000,-437090.6763399057,310.37357806946784,135
1567000,-437694.8471364479,310.4959666039841,135
1568000,-436436.487704335,311.47840603652264,135
1569000,-438074.06058048364,311.20885256372515,135
1570000,-437380.7020470521,312.0124781677544,135
1571000,-439299.3862110304,312.30487891102376,135
1572000,-435968.0279147816,314.14972396076234,135
1573000,-436968.6553345183,311.6644742263473,135
1574000,-437045.5567218319,311.743944836745,135
1575000,-436793.50568853505,313.3856900740667,135
1576000,-437389.0440081109,312.8439115075387,135
1577000,-437152.7425721837,312.2882198912714,135
1578000,-436616.31985065504,310.4444363431462,135
1579000,-435937.82259746734,310.65062788055315,135
1580000,-437624.8530108186,312.0636619034448,135
1581000,-437588.8495993095,312.52074978197743,135
1582000,-436578.0831925147,316.7805904849703,135
1583000,-436989.64550634567,311.9124707042157,135
1584000,-438196.45950614265,310.85138757486516,135
1585000,-436477.09462870285,312.68955708184825,135
1586000,-438462.3794899087,310.51577302656096,135
1587000,-438174.85521408124,309.9757088178091,135
1588000,-437419.6431602875,314.0830227463197,135
1589000,-438891.6308082603,313.5369437381497,135
1590000,-438702.271610935,310.84095239471424,135
1591000,-437653.46201606304,309.21467266614803,135
1592000,-437587.2438300245,310.05581233174354,135
1593000,-436631.7416970467,312.15833364741655,135
1594000,-436925.95803197357,309.86580002729386,135
1595000,-437878.9027094261,313.75091667236796,135
1596000,-437919.7140922325,311.031241270276,135
1597000,-437004.0092666899,312.3657148894237,135
1598000,-437624.5615814014,311.7570927908628,135
1599000,-437435.7251548893,313.7269360511181,135
1600000,-436484.85920788464,309.98552734373936,135
