#"Step","Time (ps)","Potential Energy (kJ/mole)","Temperature (K)","Speed (ns/day)"
10000,4630.000000016661,-438426.2036154105,310.4994733117905,0
20000,4660.000000013678,-438408.86459384905,309.0222815932255,219
30000,4690.000000010695,-438033.0910450076,311.870093743627,218
40000,4720.000000007712,-437359.14060125826,311.4584863408692,218
50000,4750.0000000047285,-436982.19726257375,308.3970746380703,217
60000,4780.000000001745,-437645.2564503229,308.51670133499255,217
70000,4809.999999998762,-437764.5773337686,313.40445178162906,217
80000,4839.999999995779,-437278.062653932,309.0793052700869,217
90000,4869.999999992796,-438400.79392037145,308.58327355416037,217
100000,4899.999999989813,-437700.6283980778,309.19184368094034,217
110000,4929.99999998683,-437934.33584123966,311.0947830882524,217
120000,4959.9999999838465,-439195.8398019271,310.31443016714746,217
130000,4989.999999980863,-438148.240211023,310.15050531970684,217
140000,5019.99999997788,-437434.358455851,310.0295599676813,217
150000,5049.999999974897,-436525.0428881722,313.42175959123216,217
160000,5079.999999971914,-437425.3759096847,310.97455886553564,217
170000,5109.999999968931,-436959.3881056681,306.0143727829892,217
180000,5139.999999965948,-436843.7415360559,311.11987083527896,217
190000,5169.9999999629645,-439238.48394055315,310.09471402312147,217
200000,5199.999999959981,-438450.0431253186,308.4803213117551,217
210000,5229.999999956998,-438712.39630509284,310.1621358622992,217
220000,5259.999999954015,-437699.5645458498,309.9090713595264,217
230000,5289.999999951032,-439028.875806374,309.67941126424,217
240000,5319.999999948049,-438073.31445083837,308.46367008047764,217
250000,5349.999999945066,-436756.0211862442,313.2226103142492,216
260000,5379.9999999420825,-437744.28309567366,309.96979147259384,217
270000,5409.999999939099,-439121.564183871,308.56679854405354,217
280000,5439.999999936116,-438045.66401552595,311.5561651398214,217
290000,5469.999999933133,-437856.50783184683,310.99740647464097,217
300000,5499.99999993015,-438092.9546037109,310.1997815099534,216
310000,5529.999999927167,-437382.25194111373,309.1156079490566,216
320000,5559.999999924184,-437719.09292512806,309.69883084129,216
330000,5589.9999999212005,-437532.6523802108,311.79671481683863,216
340000,5619.999999918217,-436567.5109988805,309.45887256329195,216
350000,5649.999999915234,-439367.78397701425,308.87618609687263,216
360000,5679.999999912251,-437679.35005915794,309.4130126358432,216
370000,5709.999999909268,-438025.7146260524,312.6930118413338,216
380000,5739.999999906285,-438524.6283565834,310.3020668645167,216
390000,5769.999999903302,-438427.39635702176,310.1489849087471,216
400000,5799.9999999003185,-438509.32586133527,313.23348917415524,216
410000,5829.999999897335,-438145.8479553396,310.7778106549021,216
420000,5859.999999894352,-437810.41955263936,311.4441817388036,216
430000,5889.999999891369,-437628.3792844247,309.4985402806723,216
440000,5919.999999888386,-437986.85434352676,310.4513941606189,216
450000,5949.999999885403,-438842.016674008,311.6067096577011,216
460000,5979.99999988242,-437929.2265023398,311.7669374264526,216
470000,6009.9999998794365,-437782.5136429081,311.0139693435956,216
480000,6039.999999876453,-437721.4414254124,310.59758795791186,216
490000,6069.99999987347,-437808.72680524434,310.5292632203751,216
500000,6099.999999870487,-439450.52220483474,309.70819518411116,216
510000,6129.999999867504,-437565.4539916399,310.9932512800911,216
520000,6159.999999864521,-439014.086605706,311.2440862722699,216
530000,6189.999999861538,-436675.9882371621,311.05406355921133,216
540000,6219.9999998585545,-438966.96397024044,311.7651275193025,216
550000,6249.999999855571,-438556.9545488148,311.23674882439855,216
560000,6279.999999852588,-439329.14089575224,312.2285331897522,216
570000,6309.999999849605,-437755.29678942985,307.62543861131024,216
580000,6339.999999846622,-438489.8253920593,308.49064626327925,216
590000,6369.999999843639,-437891.0356492172,311.4557288375919,216
600000,6399.999999840656,-437885.0685973023,309.56455702056127,216
610000,6429.9999998376725,-438765.80404423596,309.5689125297257,216
620000,6459.999999834689,-438862.6617062038,309.15939859701007,216
630000,6489.999999831706,-438335.0203559641,312.2052963021684,216
640000,6519.999999828723,-438897.67948272545,311.57549379527643,216
650000,6549.99999982574,-437912.6879446618,310.85568906351693,216
660000,6579.999999822757,-438407.48482781625,311.78718190369995,216
670000,6609.999999819774,-437978.7513642481,311.51530264203944,216
680000,6639.9999998167905,-437930.70147085865,311.2060920939701,216
690000,6669.999999813807,-437469.10588615783,308.3607914467238,216
700000,6699.999999810824,-438097.20920254407,311.97778999865983,216
710000,6729.999999807841,-437765.2209673354,308.2359176996022,216
720000,6759.999999804858,-438214.28865126334,309.87936679209173,216
730000,6789.999999801875,-439004.9263546944,309.014063799092,216
740000,6819.999999798892,-438161.84554341016,311.9249435696161,216
750000,6849.9999997959085,-438401.3535214574,310.3399975101535,216
760000,6879.999999792925,-439134.3534009787,311.9848832927381,216
770000,6909.999999789942,-438880.18436577846,310.30875998735536,216
780000,6939.999999786959,-437857.18914548145,308.97730482835607,216
790000,6969.999999783976,-438989.9427534847,312.4658610154897,216
800000,6999.999999780993,-438584.03316089045,308.06236892714367,216
810000,7029.99999977801,-438475.60706468276,311.66562795673445,216
820000,7059.9999997750265,-437712.6683708539,311.07686790716286,216
830000,7089.999999772043,-439127.08582571824,308.10604264622793,216
840000,7119.99999976906,-439206.63782984903,309.16040787932104,216
850000,7149.999999766077,-438768.7279273963,310.67546570427265,216
860000,7179.999999763094,-438759.42132343235,311.3859416977313,216
870000,7209.999999760111,-438111.35114850826,311.27996539570285,216
880000,7239.999999757128,-438670.19606372085,312.61116505067054,216
890000,7269.9999997541445,-437772.27615468507,313.4545262137772,216
900000,7299.999999751161,-437726.8617368862,310.9187931908372,216
910000,7329.999999748178,-438696.4310616746,311.20168553336197,216
920000,7359.999999745195,-438977.73342723167,313.14227047851864,216
930000,7389.999999742212,-438691.4396455784,310.38259727951583,216
940000,7419.999999739229,-438387.4223712636,311.83599141234436,216
950000,7449.999999736246,-438051.39257549634,308.7635899592914,216
960000,7479.9999997332625,-437896.3134046823,310.28407730022366,216
970000,7509.999999730279,-439088.48860865016,308.5852155104308,216
980000,7539.999999727296,-439389.8076425579,311.8663725070343,216
990000,7569.999999724313,-438327.8383304018,311.10088773731593,216
1000000,7599.99999972133,-437382.8801708701,309.37883661132446,216
1010000,7629.999999718347,-437014.1656320782,308.80514554216927,216
1020000,7659.999999715364,-437374.15676913504,309.9370937402187,216
1030000,7689.9999997123805,-438505.0193772351,311.46468427232395,216
1040000,7719.999999709397,-439952.732533935,309.6695280451759,216
1050000,7749.999999706414,-438860.38377357065,313.8540295291596,216
1060000,7779.999999703431,-437523.7294303579,310.39487621258735,216
1070000,7809.999999700448,-437779.31583055784,311.5550065076232,216
1080000,7839.999999697465,-437852.0532942696,311.1577777197881,216
1090000,7869.999999694482,-439266.8108908981,310.04480209667724,216
1100000,7899.9999996914985,-438785.774402092,308.8571234375684,216
1110000,7929.999999688515,-437897.76027725777,310.6274734321488,216
1120000,7959.999999685532,-438253.65687257936,311.58579679471904,216
1130000,7989.999999682549,-439713.27256578975,310.73755419519506,216
1140000,8019.999999679566,-438474.1337118922,311.8563027808977,216
1150000,8049.999999676583,-438845.81876476086,307.35678486957966,216
1160000,8079.9999996736,-439478.45823402074,309.0698353233455,216
1170000,8109.9999996706165,-437829.8501347918,309.29755907780253,216
1180000,8139.999999667633,-438789.18549965764,309.61245200102724,216
1190000,8169.99999966465,-439172.07393181394,311.507091898965,216
1200000,8199.999999664093,-438455.264551505,313.1285278079447,216
1210000,8229.999999670204,-439591.65960869356,308.80408575168394,216
1220000,8259.999999676316,-438886.79343584995,310.4988262398648,216
1230000,8289.999999682428,-438646.616929244,310.3239999158849,216
1240000,8319.99999968854,-437938.29358368204,311.32761891401736,216
1250000,8349.999999694652,-438806.6878918209,312.03694311482224,216
1260000,8379.999999700764,-437932.76362260035,309.70115585959536,216
1270000,8409.999999706875,-438657.19963116734,309.7288588524366,216
1280000,8439.999999712987,-437504.0587893985,312.966573487559,216
1290000,8469.999999719099,-438640.777943362,312.7915847851195,216
1300000,8499.99999972521,-438863.8047789731,311.9582773196725,216
1310000,8529.999999731323,-437935.30621207156,311.7265826600737,216
1320000,8559.999999737434,-438647.62652288517,312.06015036603173,216
1330000,8589.999999743546,-439072.0748422523,311.3271661942939,216
1340000,8619.999999749658,-438635.4352313129,309.80873374242634,216
1350000,8649.99999975577,-437511.64254464954,312.4037454223876,216
1360000,8679.999999761882,-439042.34985209536,312.5933814116531,216
1370000,8709.999999767993,-439792.836476163,308.8163272466122,216
1380000,8739.999999774105,-439368.7642453271,310.29013588688304,216
1390000,8769.999999780217,-439418.05199923506,311.5958982329327,216
1400000,8799.999999786329,-437077.1130195507,309.64566769407224,216
1410000,8829.99999979244,-438775.84806981124,308.05871507690995,216
1420000,8859.999999798552,-439088.082965547,310.8460581143479,216
1430000,8889.999999804664,-439261.91307384917,311.4561468373769,216
1440000,8919.999999810776,-440027.15029710415,310.8344318480214,216
1450000,8949.999999816888,-439967.50026192307,313.0311495806359,216
1460000,8979.999999823,-438339.9329901901,310.7594869031119,216
1470000,9009.999999829111,-439407.8527439318,307.74132039997977,216
1480000,9039.999999835223,-438901.09830755345,311.6293731087246,216
1490000,9069.999999841335,-439407.54648843245,309.04066936826734,216
1500000,9099.999999847447,-438329.5655995046,310.77945487791067,216
1510000,9129.999999853559,-438148.17835562606,310.43790792325524,216
1520000,9159.99999985967,-439421.8760441644,309.5290463893204,216
1530000,9189.999999865782,-438343.813305276,312.2176724369427,216
1540000,9219.999999871894,-440288.6007727813,307.6069426232454,216
1550000,9249.999999878006,-439492.7623849467,309.63552594991046,216
1560000,9279.999999884118,-439749.3394476867,309.5507633852781,216
1570000,9309.99999989023,-439113.36985279736,310.4224968483743,216
1580000,9339.999999896341,-438017.9565239791,312.5313325422042,216
1590000,9369.999999902453,-439572.4420183853,311.8988332798737,216
1600000,9399.999999908565,-439030.8710398767,312.0641262564152,216
1610000,9429.999999914677,-439463.2247833989,312.6091404586166,216
1620000,9459.999999920788,-438922.4475105894,310.1795775267101,216
1630000,9489.9999999269,-440013.0567575323,311.2130294390511,216
1640000,9519.999999933012,-439402.1027902914,312.40584293049085,216
1650000,9549.999999939124,-438910.23470533034,311.2853066357774,216
1660000,9579.999999945236,-438623.94057500083,310.13551381776534,216
1670000,9609.999999951347,-438729.91018673265,311.275608310014,216
1680000,9639.99999995746,-439355.0225680885,306.38779653286394,216
1690000,9669.999999963571,-439434.9998098465,308.1160854052719,216
1700000,9699.999999969683,-440329.63195051765,309.7470076545297,216
1710000,9729.999999975795,-437797.71314601996,309.89331034965727,216
1720000,9759.999999981907,-438387.2022696729,310.50102713084345,216
1730000,9789.999999988018,-439543.9760666818,309.03066528433686,216
1740000,9819.99999999413,-439026.7563039062,309.7465619516531,216
1750000,9850.000000000242,-439162.8742846737,309.88177430941397,216
1760000,9880.000000006354,-439169.7749632648,311.3200919266186,216
1770000,9910.000000012466,-439518.15510486765,310.443295558394,216
1780000,9940.000000018577,-438953.6334396063,309.3545204720711,216
1790000,9970.00000002469,-439140.0561214362,310.55621818415335,216
1800000,10000.000000030801,-439297.23641822976,309.1000647384709,216
1810000,10030.000000036913,-439401.0864931338,311.8473478034091,216
1820000,10060.000000043025,-439139.44750667457,310.82246523929575,216
1830000,10090.000000049136,-440185.1069334273,311.8336225048512,216
1840000,10120.000000055248,-438981.60752734705,308.9888579766884,216
1850000,10150.00000006136,-440254.79595338297,310.4424485210216,216
1860000,10180.000000067472,-438501.64212046564,311.8122417231303,216
1870000,10210.000000073584,-439670.5256728446,311.4567898436909,216
1880000,10240.000000079695,-439566.86691186624,311.42417217142196,216
1890000,10270.000000085807,-438340.54687881377,309.7284909138619,216
1900000,10300.000000091919,-439955.28124670894,311.0800935020605,216
1910000,10330.00000009803,-439533.10422394215,311.7140341814909,216
1920000,10360.000000104143,-439902.04258266534,311.19429751922735,216
1930000,10390.000000110254,-438382.5636851082,309.5735364156198,216
1940000,10420.000000116366,-438796.77681989037,310.9401726084442,216
1950000,10450.000000122478,-438943.4097755377,308.38912673257863,216
1960000,10480.00000012859,-438813.8537929205,312.949205060627,216
1970000,10510.000000134702,-439942.38832169445,310.8303607231044,216
1980000,10540.000000140813,-439908.1110257576,311.1952354264096,216
1990000,10570.000000146925,-439049.5823888371,307.77382095739955,216
2000000,10600.000000153037,-437525.242262485,311.382172260698,216
2010000,10630.000000159149,-439337.47756637796,311.815334997985,216
2020000,10660.00000016526,-440309.23098425986,309.4775536077371,216
2030000,10690.000000171372,-438853.11355400155,310.6563504415797,216
2040000,10720.000000177484,-439792.3325175042,312.333253497213,216
2050000,10750.000000183596,-440192.1656519319,310.12279430991435,216
2060000,10780.000000189708,-440140.7353379701,310.9317782099189,216
2070000,10810.00000019582,-440579.6114571984,311.4512590937899,216
2080000,10840.000000201931,-439399.0390520317,310.34995412713016,216
2090000,10870.000000208043,-439112.6197270693,310.94831589170326,216
2100000,10900.000000214155,-438817.44359345734,309.1777553812438,216
2110000,10930.000000220267,-439846.17533819797,308.868232661059,216
2120000,10960.000000226379,-441048.70046880445,311.03816177724724,216
2130000,10990.00000023249,-439321.0562766772,308.86567328521625,216
2140000,11020.000000238602,-438438.3283689858,312.8587131043898,216
2150000,11050.000000244714,-439185.4641226302,309.1922627615177,216
2160000,11080.000000250826,-439357.5624672149,310.07023635267484,216
2170000,11110.000000256938,-437815.90749026975,311.39647325849126,216
2180000,11140.00000026305,-438805.6305926002,310.1543687546442,216
2190000,11170.000000269161,-437594.62604498,310.0026025103202,216
2200000,11200.000000275273,-439563.8832708122,310.50155872186207,216
2210000,11230.000000281385,-437609.35113060544,311.4031932611915,216
2220000,11260.000000287497,-439827.08865551837,309.5128933705998,216
2230000,11290.000000293609,-438636.45977892005,311.6017557863971,216
2240000,11320.00000029972,-440187.1574469579,311.59514212873364,216
2250000,11350.000000305832,-438846.0846258148,311.8107200643349,216
2260000,11380.000000311944,-439380.4678780297,310.3278427073978,216
2270000,11410.000000318056,-439182.7541190232,310.78626354595076,216
2280000,11440.000000324168,-440224.99230280775,311.76720448950704,216
2290000,11470.00000033028,-438667.9220674329,311.9992769035032,216
2300000,11500.000000336391,-440153.931990942,309.4575897640771,216
2310000,11530.000000342503,-439000.2851116399,310.44983085387486,216
2320000,11560.000000348615,-440120.5581127368,310.9778615760438,216
2330000,11590.000000354727,-440705.89951294195,309.59158310712377,216
2340000,11620.000000360838,-439858.3929933978,311.70542669362925,216
2350000,11650.00000036695,-439378.97352320375,311.66684906068224,216
2360000,11680.000000373062,-440120.3715822564,313.509843242657,216
2370000,11710.000000379174,-440612.2684544481,309.54901575586496,216
2380000,11740.000000385286,-439001.83000847255,308.65325595014133,216
2390000,11770.000000391397,-437908.1748277154,308.77596654588643,216
2400000,11800.00000039751,-438438.4461669577,310.85922899720543,216
2410000,11830.000000403621,-438654.4631461282,310.01080633361136,216
2420000,11860.000000409733,-439468.14778341376,310.20217227231603,216
2430000,11890.000000415845,-438480.95626309374,309.67055071295044,216
2440000,11920.000000421956,-438272.9284468582,308.724804011885,216
2450000,11950.000000428068,-437928.62293256004,310.94850418943315,216
2460000,11980.00000043418,-440263.8460561922,312.73542506653035,216
2470000,12010.000000440292,-439528.7470137554,312.1852746416518,216
2480000,12040.000000446404,-439022.35679466,308.38516895716066,216
2490000,12070.000000452515,-438633.53951367596,308.3018478230567,216
2500000,12100.000000458627,-440691.3108717664,310.2516644592457,216
2510000,12130.000000464739,-438883.359839221,314.561075050995,216
2520000,12160.00000047085,-438265.4233328842,310.75215141088194,216
2530000,12190.000000476963,-439311.17320020194,309.137670317651,216
2540000,12220.000000483074,-437865.33340874873,313.1525438075169,216
2550000,12250.000000489186,-437954.3348197732,314.31274968335765,216
2560000,12280.000000495298,-438907.348070852,309.0338691523252,216
2570000,12310.00000050141,-438729.5930086733,309.80783466305417,216
2580000,12340.000000507522,-438917.7583300227,308.5408366091822,216
2590000,12370.000000513633,-438217.88998978166,309.80598203548345,216
2600000,12400.000000519745,-438068.1350998583,310.32115119267496,216
2610000,12430.000000525857,-439751.5228135651,311.3872844569845,216
2620000,12460.000000531969,-439568.52025803225,311.78081868796545,216
2630000,12490.00000053808,-438630.4751891731,312.049225112086,216
2640000,12520.000000544193,-441142.87026502914,314.61742783524727,216
2650000,12550.000000550304,-440065.80339611764,307.7097666483378,216
2660000,12580.000000556416,-439398.46059578494,310.4393960735967,216
2670000,12610.000000562528,-438622.22015383374,308.57066844764705,216
2680000,12640.00000056864,-439974.1774222639,308.27262525134296,216
2690000,12670.000000574752,-440223.80980731663,310.86341480261575,216
2700000,12700.000000580863,-438680.63426078926,310.7183611783403,216
2710000,12730.000000586975,-439815.0450014288,310.22083048068737,216
2720000,12760.000000593087,-438584.5841313568,309.1811191109848,216
2730000,12790.000000599199,-439208.7300108778,308.7786543596734,216
2740000,12820.00000060531,-439005.52936146944,312.43316460092655,216
2750000,12850.000000611422,-438401.8851795406,308.80739833572056,216
2760000,12880.000000617534,-439082.6835867574,309.9610929125913,216
2770000,12910.000000623646,-439204.4341224707,305.9331748899439,216
2780000,12940.000000629758,-439510.28871356905,311.8506950701895,216
2790000,12970.00000063587,-440573.97678697295,310.09085140296855,216
2800000,13000.000000641981,-439886.07622492313,310.7410906582493,216
2810000,13030.000000648093,-439738.66349771735,308.5941592129644,216
2820000,13060.000000654205,-440208.577586371,310.17378837690575,216
2830000,13090.000000660317,-441158.3145420479,312.9184450831645,216
2840000,13120.000000666429,-440002.33601506543,310.51122683759405,216
2850000,13150.00000067254,-439879.1036021535,309.8409185018922,216
2860000,13180.000000678652,-439051.7628005941,310.69079179064653,216
2870000,13210.000000684764,-440226.37187885214,311.0656841497922,216
2880000,13240.000000690876,-439726.72613698314,310.7645928092106,216
2890000,13270.000000696988,-439059.6003077673,310.5248177497403,216
2900000,13300.0000007031,-439048.4527448509,308.59948046809325,216
2910000,13330.000000709211,-439555.5161984407,310.44351553045107,216
2920000,13360.000000715323,-439281.2424896946,310.368134188686,216
2930000,13390.000000721435,-439787.72675205045,313.33238804841295,216
2940000,13420.000000727547,-439590.44317872636,307.5694390072156,216
2950000,13450.000000733658,-438866.19039851916,312.6136574885257,216
2960000,13480.00000073977,-437843.35793798463,310.97176065445905,216
2970000,13510.000000745882,-440025.8290217873,311.204150803343,216
2980000,13540.000000751994,-439012.0813835026,310.9554339742383,216
2990000,13570.000000758106,-440048.80745641,309.6406649670488,216
3000000,13600.000000764217,-439063.47085050493,309.18924001545935,216
3010000,13630.00000077033,-439857.542801898,311.52415560491045,216
3020000,13660.000000776441,-439264.5340751475,312.7884670849683,216
3030000,13690.000000782553,-439271.9605900815,313.0419711501144,216
3040000,13720.000000788665,-440619.9624181511,306.5323573784354,216
3050000,13750.000000794776,-439872.37064901856,310.86097483604635,216
3060000,13780.000000800888,-438756.40833085147,310.2653643061516,216
3070000,13810.000000807,-439311.9084181541,309.3195852092217,216
3080000,13840.000000813112,-439054.6747957801,308.18906070197477,216
3090000,13870.000000819224,-438863.79272327106,310.709257249789,216
3100000,13900.000000825336,-438914.1495590438,309.94744923437565,216
3110000,13930.000000831447,-441195.63873410877,310.38471519830136,216
3120000,13960.00000083756,-438739.2746681336,309.35712147629937,216
3130000,13990.000000843671,-439056.0876284444,310.9580915110105,216
3140000,14020.000000849783,-438826.77833621716,310.5568401203109,216
3150000,14050.000000855895,-437502.7226538069,311.1905215596639,216
3160000,14080.000000862006,-438669.4414611792,314.54545458991794,216
3170000,14110.000000868118,-439156.51241090195,307.21199766581884,216
3180000,14140.00000087423,-438937.8097001014,311.9665868395041,216
3190000,14170.000000880342,-439950.7225469381,312.4982007314469,216
3200000,14200.000000886454,-438875.8930021906,309.207745187059,216
3210000,14230.000000892565,-438725.6240524787,311.3722890291817,216
3220000,14260.000000898677,-437649.8182609349,309.0037265821958,216
3230000,14290.000000904789,-439117.6771859324,309.3166484427123,216
3240000,14320.0000009109,-438464.86702783103,309.36898053144256,216
3250000,14350.000000917013,-439803.0814672094,309.2637229862413,216
3260000,14380.000000923124,-439749.252077003,308.4684868668489,216
3270000,14410.000000929236,-439177.16623962624,309.8804576667389,216
3280000,14440.000000935348,-439078.10340294964,311.3484474462361,216
3290000,14470.00000094146,-438618.6119571836,312.15163127606866,216
3300000,14500.000000947572,-439051.0830285584,309.7801013545568,216
3310000,14530.000000953683,-438719.1553271492,310.4755855402041,216
3320000,14560.000000959795,-438617.9031548628,310.2654303023536,216
3330000,14590.000000965907,-438845.92074304563,311.0893673330791,216
3340000,14620.000000972019,-439761.01657908293,309.6358970020823,216
3350000,14650.00000097813,-438974.90597920446,307.90605295086374,216
3360000,14680.000000984242,-438111.2009037726,308.5869545611669,216
3370000,14710.000000990354,-439786.3393584192,309.9298277488489,216
3380000,14740.000000996466,-440393.5673861827,312.12731897925124,216
3390000,14770.000001002578,-438564.1661455424,309.99623376102096,216
3400000,14800.00000100869,-439896.30774492165,310.5901558704938,216
3410000,14830.000001014801,-439678.1410177455,308.83631449150516,216
3420000,14860.000001020913,-438643.21546717314,308.67724505022517,216
3430000,14890.000001027025,-438906.05805963674,307.6854076222937,216
3440000,14920.000001033137,-438754.645068001,312.87754783592067,216
3450000,14950.000001039249,-440199.9359209386,310.55897197799186,216
3460000,14980.00000104536,-438771.2209715154,309.43767143068436,216
3470000,15010.000001051472,-440288.95429602684,308.8944481651203,216
3480000,15040.000001057584,-438189.29768874473,310.844875390636,216
3490000,15070.000001063696,-439283.8083906437,309.65984096025886,216
3500000,15100.000001069808,-439391.6878937017,310.7057549152669,216
3510000,15130.00000107592,-440607.9111167011,309.86882253469435,216
3520000,15160.000001082031,-439791.76375155966,311.31817339040254,216
3530000,15190.000001088143,-438586.2290517199,309.5162724393832,216
3540000,15220.000001094255,-440019.44135133806,311.8753962989408,216
3550000,15250.000001100367,-439518.33522990835,309.03338106390765,216
3560000,15280.000001106479,-438291.01548257656,312.79767806595896,216
3570000,15310.00000111259,-438569.5260435112,308.6303284637398,216
3580000,15340.000001118702,-439477.9186781461,310.22471675780406,216
3590000,15370.000001124814,-438945.9686493953,312.4864999070347,216
3600000,15400.000001130926,-439050.3095921711,311.95533037694327,216
3610000,15430.000001137038,-438694.23064246774,310.23385836584555,216
3620000,15460.00000114315,-438321.02950872737,309.2988288949772,216
3630000,15490.000001149261,-439449.97175179375,310.59458310593493,216
3640000,15520.000001155373,-438004.86535087647,313.14747037620754,216
3650000,15550.000001161485,-438685.024758389,310.17574527033963,216
3660000,15580.000001167597,-439744.89805660653,312.7089931265675,216
3670000,15610.000001173708,-437934.0587730992,311.4672971394787,216
3680000,15640.00000117982,-439604.57210268895,312.70652297981746,216
3690000,15670.000001185932,-439196.1769587549,313.1023323476497,216
3700000,15700.000001192044,-438578.70969663025,310.0382027696639,216
3710000,15730.000001198156,-438342.6616037078,313.0632923502122,216
3720000,15760.000001204267,-440933.43500934145,307.9657039102517,216
3730000,15790.00000121038,-439457.17981639854,309.6917775277519,216
3740000,15820.000001216491,-440028.34528664546,310.96609215754756,216
3750000,15850.000001222603,-438752.3337615696,313.13121012810205,216
3760000,15880.000001228715,-438965.7526138865,312.9941769609971,216
3770000,15910.000001234826,-438783.9058919244,311.84029080173417,216
3780000,15940.000001240938,-437598.34148134245,313.1807924063548,216
3790000,15970.00000124705,-439870.7449763201,311.1945252153181,216
3800000,16000.000001253162,-437953.1082216988,311.39744826658176,216
3810000,16030.000001259274,-439198.1492137406,310.64723859633875,216
3820000,16060.000001265385,-439599.9237457905,308.4618414456686,216
3830000,16090.000001271497,-438941.8881904003,311.4908271835922,216
3840000,16120.000001277609,-438568.7596846705,308.60043638676586,216
3850000,16150.00000128372,-439572.3443438567,310.5585575998615,216
3860000,16180.000001289833,-437802.5974945179,310.5739620908374,216
3870000,16210.000001295944,-437940.014403587,311.4722488683894,216
3880000,16240.000001302056,-438647.675026695,313.3230572229901,216
3890000,16270.000001308168,-438570.35705541563,309.73854283353734,216
3900000,16300.00000131428,-439221.2152483382,311.4067977867364,216
3910000,16330.000001320392,-441074.2194334592,309.75074239520575,216
3920000,16360.000001326503,-440555.7386072441,308.6750264777069,216
3930000,16390.000001332613,-439517.8442714799,310.26806348491573,216
3940000,16420.000001338725,-440641.53007439617,313.2319447899959,216
3950000,16450.000001344837,-439638.4162925719,311.0512385946762,216
3960000,16480.00000135095,-440006.9091781585,310.18221042603136,216
3970000,16510.00000135706,-440697.91427594353,309.9327407439597,216
3980000,16540.000001363172,-439490.54566197935,309.8075221247038,216
3990000,16570.000001369284,-439069.18100616615,310.13093965320013,216
4000000,16600.000001375396,-437751.88955289917,311.822234748221,216
4010000,16630.000001381508,-438827.0146094244,312.92448598984345,216
4020000,16660.00000138762,-440096.6764234402,308.0143027454335,216
4030000,16690.00000139373,-439190.84845867637,311.694711488719,216
4040000,16720.000001399843,-439949.6474378556,312.84913969696606,216
4050000,16750.000001405955,-439582.50885855453,308.8674800706832,216
4060000,16780.000001412067,-439116.6825255777,310.1667257388282,216
4070000,16810.00000141818,-439203.3083638507,311.61320549156426,216
4080000,16840.00000142429,-439858.61496106326,312.02285843348886,216
4090000,16870.000001430402,-441165.6458880927,310.58231290821396,216
4100000,16900.000001436514,-439676.71675218455,309.92637183087356,216
4110000,16930.000001442626,-439997.9397024519,307.86401698916467,216
4120000,16960.000001448738,-438441.31304558157,313.0492241600387,216
4130000,16990.00000145485,-438922.5449555672,310.0725286259034,216
4140000,17020.00000146096,-440156.77467739047,308.79833524684705,216
4150000,17050.000001467073,-438661.4420738921,310.2172533157413,216
4160000,17080.000001473185,-439485.3953501375,311.4583219205132,216
4170000,17110.000001479297,-439784.244329897,311.25806354123415,216
4180000,17140.00000148541,-439933.73771084286,310.0250790852315,216
4190000,17170.00000149152,-439225.9496756182,311.10608254456093,216
4200000,17200.000001497632,-439462.86015548627,311.49176170524873,216
4210000,17230.000001503744,-438716.9716862936,311.6419583160542,216
4220000,17260.000001509856,-440411.444408715,311.29081711231197,216
4230000,17290.000001515968,-438599.6979681433,308.2728319369634,216
4240000,17320.00000152208,-439273.06274364423,312.5305745647102,216
4250000,17350.00000152819,-438721.2992801494,310.67912656348756,216
4260000,17380.000001534303,-440412.418536908,313.1861590113203,216
4270000,17410.000001540415,-438297.5042486328,309.6763202805667,216
4280000,17440.000001546527,-439313.6370916818,308.3156415780213,216
4290000,17470.00000155264,-439003.9203046351,310.4170365553497,216
4300000,17500.00000155875,-439827.07493823767,310.70440417407184,216
4310000,17530.000001564862,-439095.94381391536,309.99514624481503,216
4320000,17560.000001570974,-439633.6663458452,313.3668846913402,216
4330000,17590.000001577086,-439168.18575939117,310.9057941790618,216
4340000,17620.000001583197,-438537.9761905477,312.4983183979866,216
4350000,17650.00000158931,-439469.85602105665,308.50145981427295,216
4360000,17680.00000159542,-440587.6027424373,313.63328094815006,216
4370000,17710.000001601533,-440262.6723501205,313.15497220447753,216
4380000,17740.000001607645,-440224.83372159675,308.60492005733255,216
4390000,17770.000001613756,-439872.5993631694,310.116798252895,216
4400000,17800.00000161987,-439697.67370745726,310.3631045644011,216
4410000,17830.00000162598,-439173.1169855378,309.3516530291029,216
4420000,17860.000001632092,-439454.19716362143,310.8060488208259,216
4430000,17890.000001638204,-438986.7824351378,307.3194607655593,216
4440000,17920.000001644315,-439976.9873042472,314.31661523390676,216
4450000,17950.000001650427,-438338.92968417075,310.9525727940894,216
4460000,17980.00000165654,-439065.51458275714,313.4386165902241,216
4470000,18010.00000166265,-440144.35168356984,310.61625362433745,216
4480000,18040.000001668763,-439758.1298891343,310.5141952255014,216
4490000,18070.000001674875,-439497.7730323919,312.31598685357824,216
4500000,18100.000001680986,-439859.7823910564,312.62233930205565,216
4510000,18130.000001687098,-440086.165102785,308.21546983444244,216
4520000,18160.00000169321,-439439.4728099175,311.98264066496307,216
4530000,18190.00000169932,-438676.41287969565,312.5505205730898,216
4540000,18220.000001705434,-439737.42228967487,308.60537150970924,216
4550000,18250.000001711545,-439040.8692735045,311.29014808737696,216
4560000,18280.000001717657,-439431.4205492032,310.6366091075961,216
4570000,18310.00000172377,-439373.921537617,309.00482876133236,216
4580000,18340.00000172988,-438585.04543345724,310.1434054712441,216
4590000,18370.000001735993,-439409.5390661985,312.09752010371056,216
4600000,18400.000001742104,-440745.25332217873,310.10507514225264,216
4610000,18430.000001748216,-439249.63406054303,310.6319557412613,216
4620000,18460.000001754328,-439125.61680566263,309.42283000846805,216
4630000,18490.00000176044,-439345.7996671896,312.6690319822771,216
4640000,18520.00000176655,-438947.8003285262,312.50830193104116,216
4650000,18550.000001772663,-439849.59135828936,307.81515867093685,216
4660000,18580.000001778775,-439376.879351564,310.43084774868373,216
4670000,18610.000001784887,-438714.59847054025,311.6421770275643,216
4680000,18640.000001791,-439153.50765218656,312.1468997113379,216
4690000,18670.00000179711,-439550.3172141004,311.831902143634,216
4700000,18700.000001803222,-439653.12029772555,309.3355919733074,216
4710000,18730.000001809334,-438603.9486263739,310.68452994318574,216
4720000,18760.000001815446,-438590.344179661,310.80024657411127,216
4730000,18790.000001821558,-440854.0831677937,312.6231611699062,216
4740000,18820.00000182767,-439597.52401040005,308.8853750306736,216
4750000,18850.00000183378,-439542.4373466803,314.1430346356218,216
4760000,18880.000001839893,-438399.6588759939,310.8120474864534,216
4770000,18910.000001846005,-439872.3230520908,311.6545289576148,216
4780000,18940.000001852117,-440852.0350693725,312.5601183102969,216
4790000,18970.00000185823,-439801.57466556225,310.25088963138,216
4800000,19000.00000186434,-439727.65783224977,312.5822033195882,216
4810000,19030.000001870452,-439703.84640322183,311.46171030745984,216
4820000,19060.000001876564,-439988.1512792036,312.2655562847032,216
4830000,19090.000001882676,-438907.3133687747,310.73635269884085,216
4840000,19120.000001888788,-438701.7191171488,309.6856166724293,216
4850000,19150.0000018949,-440528.9684920339,309.4512617509086,216
4860000,19180.00000190101,-439928.3217119428,312.238552843898,216
4870000,19210.000001907123,-438893.95658830996,311.515898399407,216
4880000,19240.000001913235,-438658.7617453595,313.0644028648314,216
4890000,19270.000001919347,-438605.25483657164,311.8558824940575,216
4900000,19300.00000192546,-439750.75126888,306.7129159688854,216
4910000,19330.00000193157,-439064.00195584144,312.1633969537698,216
4920000,19360.000001937682,-440550.18870742014,310.74282783454913,216
4930000,19390.000001943794,-440518.20433488186,309.9773107717996,216
4940000,19420.000001949906,-438231.21914364444,310.8787967132995,216
4950000,19450.000001956018,-439580.42379434593,307.39362472093865,216
4960000,19480.00000196213,-439561.69467198383,310.8266006889253,216
4970000,19510.00000196824,-439475.7658910707,309.555524853248,216
4980000,19540.000001974353,-438484.1255727983,309.13029416915197,216
4990000,19570.000001980465,-439242.70057092584,310.21654802234485,216
5000000,19600.000001986577,-439988.29704922903,309.61426433363533,216
