#"Step","Time (ps)","Potential Energy (kJ/mole)","Temperature (K)","Speed (ns/day)"
10000,4630.000000016661,-436543.97452476155,310.7416262692193,0
20000,4660.000000013678,-436710.7443080393,311.5366346315975,218
30000,4690.000000010695,-437894.1046236104,310.0202642180189,218
40000,4720.000000007712,-437878.427154833,311.33313095807495,217
50000,4750.0000000047285,-436862.5156459571,309.2977030774614,216
60000,4780.000000001745,-436257.6320068559,310.4484527545026,217
70000,4809.999999998762,-438678.06801749347,308.10798782812293,217
80000,4839.999999995779,-436909.44684177893,309.8855008950299,216
90000,4869.999999992796,-439082.5930150193,307.747995138343,216
100000,4899.999999989813,-438291.30757918395,311.92646368575396,216
110000,4929.99999998683,-438448.93928817194,308.085973478951,216
120000,4959.9999999838465,-437460.2585918277,309.22298395955664,216
130000,4989.999999980863,-439652.97611568845,313.052031280565,216
140000,5019.99999997788,-437682.0264252331,310.66602229837287,216
150000,5049.999999974897,-437045.36856298475,311.9254921350852,216
160000,5079.999999971914,-437373.5364933475,309.91079515664745,216
170000,5109.999999968931,-436856.783225077,310.94183486932957,216
180000,5139.999999965948,-437468.1711774783,310.22817140976787,216
190000,5169.9999999629645,-437327.1570868066,310.89572915265893,216
200000,5199.999999959981,-436692.6923564726,312.92190011984496,216
210000,5229.999999956998,-437230.17401672876,309.3714380021777,216
220000,5259.999999954015,-437762.6142840008,311.7532854386066,216
230000,5289.999999951032,-438467.5052219138,309.9064743360141,216
240000,5319.999999948049,-437710.5946794499,311.66632873645193,216
250000,5349.999999945066,-437943.2044438536,312.01861409646085,216
260000,5379.9999999420825,-437366.1647238624,310.34635348016695,216
270000,5409.999999939099,-438394.4741556044,309.73252619760325,216
280000,5439.999999936116,-436421.38500988437,309.9098514650457,216
290000,5469.999999933133,-438103.81565088965,310.06596300296553,216
300000,5499.99999993015,-437320.47809440806,307.7376935072241,216
310000,5529.999999927167,-438489.25668599573,309.81910498986974,216
320000,5559.999999924184,-437240.8629376963,309.51175665725106,216
330000,5589.9999999212005,-438406.0724157351,310.6079141036973,216
340000,5619.999999918217,-438655.3752290257,310.1661364552441,216
350000,5649.999999915234,-438000.0238917805,312.29818021313486,216
360000,5679.999999912251,-437413.2122955939,308.7730639035076,216
370000,5709.999999909268,-437411.86442006077,312.0064561514077,216
380000,5739.999999906285,-438567.4675453545,307.3926554483044,216
390000,5769.999999903302,-438486.2208545867,311.3315378362095,216
400000,5799.9999999003185,-437602.1729942316,310.99592633781793,216
410000,5829.999999897335,-438192.4171805815,309.62231756954327,216
420000,5859.999999894352,-437213.57940652757,312.94597501239684,216
430000,5889.999999891369,-438329.3880609153,310.65784215912316,216
440000,5919.999999888386,-437622.6945694515,310.03056479259965,216
450000,5949.999999885403,-438733.17334524053,309.054408876295,216
460000,5979.99999988242,-437848.22314525885,312.06999380374083,216
470000,6009.9999998794365,-438118.5504055398,312.8449559528456,216
480000,6039.999999876453,-437692.20782770636,311.2961410935137,216
490000,6069.99999987347,-437599.99511090084,311.4879903132135,216
500000,6099.999999870487,-435602.1077749985,313.5109590294256,216
510000,6129.999999867504,-437739.7619157871,310.5125341324315,216
520000,6159.999999864521,-436894.56029923866,310.8006238617822,216
530000,6189.999999861538,-439598.64549965854,309.9747277712164,216
540000,6219.9999998585545,-437020.3625194782,310.3534752976441,216
550000,6249.999999855571,-438953.24261938664,311.42996326582056,216
560000,6279.999999852588,-437805.7514144643,308.60669359186636,216
570000,6309.999999849605,-438330.1906134696,312.23188741615746,216
580000,6339.999999846622,-438025.5291867915,310.3896544672105,216
590000,6369.999999843639,-438322.4191898878,311.74449616049435,216
600000,6399.999999840656,-438008.20111276535,309.9029207321197,216
610000,6429.9999998376725,-437648.7956731187,311.0596189676025,216
620000,6459.999999834689,-439375.30690433946,309.9988119366476,216
630000,6489.999999831706,-438289.3733515325,308.45006271787577,216
640000,6519.999999828723,-439600.9517783122,310.96515578423356,216
650000,6549.99999982574,-437807.40479898616,310.27371763446536,216
660000,6579.999999822757,-437744.20753888856,311.286459782388,216
670000,6609.999999819774,-437730.93086479953,311.80194446271156,216
680000,6639.9999998167905,-437074.5128976768,305.2071045704093,216
690000,6669.999999813807,-438713.48150200676,307.4044437516209,216
700000,6699.999999810824,-439320.58652149024,310.082530893639,216
710000,6729.999999807841,-438188.4686387321,310.1841067722942,216
720000,6759.999999804858,-438157.8798098406,310.66092677674914,216
730000,6789.999999801875,-437714.9640839023,308.4727563959262,216
740000,6819.999999798892,-437657.4809818994,308.98110802534586,216
750000,6849.9999997959085,-438167.17480833153,309.82842997383426,216
760000,6879.999999792925,-438983.3496453974,312.2527671831542,216
770000,6909.999999789942,-439010.0412787923,309.736890191319,216
780000,6939.999999786959,-438557.96617391915,310.6400150090654,216
790000,6969.999999783976,-439273.91557729384,309.0925019309804,216
800000,6999.999999780993,-438045.7061723715,309.93329214780636,216
810000,7029.99999977801,-438829.42505358136,309.54437515792324,216
820000,7059.9999997750265,-437188.9145742059,310.89361523408513,216
830000,7089.999999772043,-438378.94906677655,312.53108574545433,216
840000,7119.99999976906,-438138.8116525314,310.84170762250847,216
850000,7149.999999766077,-438675.3242128077,312.8381125737965,216
860000,7179.999999763094,-439567.1526378386,307.82600857639267,216
870000,7209.999999760111,-438736.5967859095,311.11785410350103,216
880000,7239.999999757128,-437794.07788257184,310.5634490577808,216
890000,7269.9999997541445,-439057.4745296135,309.83566305653113,216
900000,7299.999999751161,-438143.95917067793,312.1999895049515,216
910000,7329.999999748178,-439586.078599168,310.89704837483185,216
920000,7359.999999745195,-437461.65373045555,312.64896931454007,216
930000,7389.999999742212,-439020.24202725943,310.43418147197303,216
940000,7419.999999739229,-438023.9380482703,310.0733031228832,216
950000,7449.999999736246,-438964.01646024175,307.5938526498366,216
960000,7479.9999997332625,-438075.22342418926,312.2580266496004,216
970000,7509.999999730279,-438696.0623205814,308.30788218411465,216
980000,7539.999999727296,-439044.55619056267,310.79475784441775,216
990000,7569.999999724313,-438596.7837326068,310.9330719788871,216
1000000,7599.99999972133,-438692.6366746775,312.8972789516515,216
1010000,7629.999999718347,-437971.8276531012,311.4246568705734,216
1020000,7659.999999715364,-437487.0449564245,307.56570653077324,216
1030000,7689.9999997123805,-438678.7945548154,309.914063826157,216
1040000,7719.999999709397,-438666.6152465169,308.2023480752451,216
1050000,7749.999999706414,-439170.98610469396,310.6992795598301,216
1060000,7779.999999703431,-437537.020758105,313.7337819492225,216
1070000,7809.999999700448,-438519.26095059374,310.186413680531,216
1080000,7839.999999697465,-439119.7774427077,311.7223200268035,216
1090000,7869.999999694482,-437220.24415915995,310.93017895910396,216
1100000,7899.9999996914985,-437662.5251056375,312.531188117148,216
1110000,7929.999999688515,-438531.7503704184,308.43598655028256,216
1120000,7959.999999685532,-436805.59064389556,309.41657101257215,216
1130000,7989.999999682549,-438176.75512679317,311.28186563627537,216
1140000,8019.999999679566,-438893.8098556767,313.03249482984774,216
1150000,8049.999999676583,-439470.3436668811,309.6639478569657,216
1160000,8079.9999996736,-438563.1535404476,310.17420525926497,216
1170000,8109.9999996706165,-437694.21048036567,312.41806422260044,216
1180000,8139.999999667633,-438952.0660561668,309.9641333838304,216
1190000,8169.99999966465,-439011.4033401152,310.6068132152753,216
1200000,8199.999999664093,-438182.38064270164,311.43398351838647,215
1210000,8229.999999670204,-437951.3230213665,310.3746983822023,216
1220000,8259.999999676316,-438881.9015214867,309.7366056092332,216
1230000,8289.999999682428,-437783.08119900455,309.7062876945509,216
1240000,8319.99999968854,-437870.2465545703,309.7465293213023,216
1250000,8349.999999694652,-438805.30984839424,310.30645396380305,215
1260000,8379.999999700764,-438554.9745534479,311.9034010373012,215
1270000,8409.999999706875,-439079.84882643726,307.8355938427415,215
1280000,8439.999999712987,-439096.6159853297,311.4944958506845,216
1290000,8469.999999719099,-439254.31360499584,309.5620025127376,216
1300000,8499.99999972521,-438063.53015403706,310.45608205437617,215
1310000,8529.999999731323,-437982.0140397358,312.28107952829475,215
1320000,8559.999999737434,-439445.6569292557,312.216361050204,215
1330000,8589.999999743546,-437875.55941098626,309.17629779140606,215
1340000,8619.999999749658,-438378.50750571606,310.4909883238252,215
1350000,8649.99999975577,-439240.91760622524,310.3381347207086,215
1360000,8679.999999761882,-438169.58401536336,309.13520090279707,215
1370000,8709.999999767993,-438540.5268836655,311.1204859860176,215
1380000,8739.999999774105,-438838.80303600314,314.2866351601948,215
1390000,8769.999999780217,-438869.12069368525,311.2556353743988,215
1400000,8799.999999786329,-439042.07000154024,311.90823065729535,215
1410000,8829.99999979244,-439787.0839345115,308.7784254253829,215
1420000,8859.999999798552,-438142.28367637633,312.3287433035421,215
1430000,8889.999999804664,-438509.94554428314,310.4305365503942,215
1440000,8919.999999810776,-439256.1672470977,313.4954275370938,215
1450000,8949.999999816888,-437312.1677829032,309.8237402060452,215
1460000,8979.999999823,-438268.70193667826,312.31417406106954,215
1470000,9009.999999829111,-439456.3232896128,311.2422651911646,215
1480000,9039.999999835223,-439303.88829162274,309.97351406230706,215
1490000,9069.999999841335,-437614.4157767126,309.5103792292607,215
1500000,9099.999999847447,-440037.1968432802,308.05572677662906,215
1510000,9129.999999853559,-438965.1360888444,308.0632422557759,215
1520000,9159.99999985967,-437385.8599486998,311.4533874485055,215
1530000,9189.999999865782,-439258.36400723876,309.8567707908826,215
1540000,9219.999999871894,-438532.64584364486,310.9754217181209,215
1550000,9249.999999878006,-438745.11233269516,306.6473967695251,215
1560000,9279.999999884118,-438141.6629346218,309.6298409931951,215
1570000,9309.99999989023,-437019.5008561923,310.5645098198056,215
1580000,9339.999999896341,-438905.5029728275,311.28212049544567,215
1590000,9369.999999902453,-439342.8434843486,311.40621119031476,215
1600000,9399.999999908565,-438551.1019126184,309.9841025201919,215
1610000,9429.999999914677,-438330.921500565,309.5352593194602,215
1620000,9459.999999920788,-440238.067494449,308.4200100730173,215
1630000,9489.9999999269,-437625.82020964194,308.185695812091,215
1640000,9519.999999933012,-438439.51226400374,312.022452427781,215
1650000,9549.999999939124,-437952.0322833627,311.73591721945064,215
1660000,9579.999999945236,-438416.4317865884,311.7682291279359,215
1670000,9609.999999951347,-439683.5657714782,312.22731916116135,215
1680000,9639.99999995746,-438833.8453529903,307.86597184200826,215
1690000,9669.999999963571,-438201.7115277264,310.4838592269715,215
1700000,9699.999999969683,-438184.1056784929,310.2180339353665,215
1710000,9729.999999975795,-439039.8339950221,309.676490100539,215
1720000,9759.999999981907,-439860.38795329677,310.8150344112848,215
1730000,9789.999999988018,-438996.1765776137,310.93400109657404,215
1740000,9819.99999999413,-438057.1389906951,309.4141898413059,215
1750000,9850.000000000242,-438202.55468269764,309.61396152051935,215
1760000,9880.000000006354,-438404.6483292314,308.5561133769407,215
1770000,9910.000000012466,-439897.19708690187,307.5733146990111,215
1780000,9940.000000018577,-438940.83647849225,312.48209094393815,215
1790000,9970.00000002469,-438862.4586413675,312.3286395464054,215
1800000,10000.000000030801,-437824.7489280142,310.33383271394246,215
1810000,10030.000000036913,-438745.46888596285,312.47673499535904,215
1820000,10060.000000043025,-436473.3183280162,308.67245065354115,215
1830000,10090.000000049136,-439231.0992269567,312.3171821989012,215
1840000,10120.000000055248,-439395.6375428699,308.6838949787297,215
1850000,10150.00000006136,-436891.77324979915,310.3679518741058,215
1860000,10180.000000067472,-438228.3187620237,307.79897327196795,215
1870000,10210.000000073584,-438108.16139267245,311.35160913411096,215
1880000,10240.000000079695,-437665.5730358476,310.84804856636947,215
1890000,10270.000000085807,-440441.842713034,310.8014086139312,215
1900000,10300.000000091919,-438782.459198599,311.5909382670743,215
1910000,10330.00000009803,-438428.9242813946,311.9688263982787,215
1920000,10360.000000104143,-439367.7209096728,312.23758072134655,215
1930000,10390.000000110254,-439637.46795526263,308.2553431050434,215
1940000,10420.000000116366,-437770.8183689839,308.20303478043706,215
1950000,10450.000000122478,-439790.1080272796,309.84462065304035,215
1960000,10480.00000012859,-437847.207782472,310.5032206454652,215
1970000,10510.000000134702,-438167.6703338984,311.68496268517714,215
1980000,10540.000000140813,-438169.55117559596,308.20234246254813,215
1990000,10570.000000146925,-439528.5881624869,312.31941796289243,215
2000000,10600.000000153037,-439348.20100104436,312.3997142789457,215
2010000,10630.000000159149,-438932.40861840104,311.37899963968056,215
2020000,10660.00000016526,-439713.31140193855,311.2213635103061,215
2030000,10690.000000171372,-438911.3644578934,309.62571328425605,215
2040000,10720.000000177484,-439039.52950066817,310.52770674046224,215
2050000,10750.000000183596,-438788.20409593056,310.7569492512199,215
2060000,10780.000000189708,-436749.10828884644,312.83196426649175,215
2070000,10810.00000019582,-439693.38577939966,308.6912605781028,215
2080000,10840.000000201931,-439906.4348150955,310.53997475053706,215
2090000,10870.000000208043,-440079.79686482647,312.5046470442216,215
2100000,10900.000000214155,-437428.27127935854,311.76230465226587,215
2110000,10930.000000220267,-439365.93409744673,309.86782078979127,215
2120000,10960.000000226379,-438083.882282726,310.54869510831804,215
2130000,10990.00000023249,-438749.3813476707,310.0473733346364,215
2140000,11020.000000238602,-439028.25226462935,311.99355851256547,215
2150000,11050.000000244714,-440024.5832935332,311.2496341405954,215
2160000,11080.000000250826,-439135.1807727646,308.2393217791126,215
2170000,11110.000000256938,-439211.62103578146,310.10926640375726,215
2180000,11140.00000026305,-439666.8674483497,310.5114948461242,215
2190000,11170.000000269161,-440625.48492680234,309.69543517510033,215
2200000,11200.000000275273,-438387.62408049125,310.2157976749955,215
2210000,11230.000000281385,-438256.56785491994,309.80203960730967,215
2220000,11260.000000287497,-438716.19231821806,311.1376700181805,215
2230000,11290.000000293609,-438503.9703309082,311.15797739702106,215
2240000,11320.00000029972,-436514.06756225624,307.7709848503639,215
2250000,11350.000000305832,-439039.21638845257,310.6564510977676,215
2260000,11380.000000311944,-439782.90858099447,309.21970356464806,215
2270000,11410.000000318056,-439664.85954431864,312.31453674454235,215
2280000,11440.000000324168,-439037.61726064095,313.076702235152,215
2290000,11470.00000033028,-439448.79033316975,310.5963591600587,215
2300000,11500.000000336391,-438321.87502290984,309.72582023123226,215
2310000,11530.000000342503,-438708.65743399854,310.24669840723533,215
2320000,11560.000000348615,-438271.96113588056,308.7794265019795,215
2330000,11590.000000354727,-437654.22083962034,309.2589350533458,215
2340000,11620.000000360838,-439048.9679423652,309.3578514075636,215
2350000,11650.00000036695,-439065.4384860201,307.8326764263953,215
2360000,11680.000000373062,-437999.39647664456,310.3869819645426,215
2370000,11710.000000379174,-438242.0258202357,310.79528956399855,215
2380000,11740.000000385286,-440081.4454515525,310.45701102580443,215
2390000,11770.000000391397,-438733.06223905226,310.8654487464801,215
2400000,11800.00000039751,-439611.7066964437,312.1007694933119,215
2410000,11830.000000403621,-440601.0964680903,312.506464968842,215
2420000,11860.000000409733,-438729.4351953368,307.7874876575842,215
2430000,11890.000000415845,-439023.702703628,311.5629788664268,215
2440000,11920.000000421956,-439060.8814855451,311.33495113627737,215
2450000,11950.000000428068,-439422.4679633614,310.32085479251066,215
2460000,11980.00000043418,-439183.1582171838,310.7763538766889,215
2470000,12010.000000440292,-439354.90681476565,313.6484234596946,215
2480000,12040.000000446404,-439223.64800875285,309.7091692444375,215
2490000,12070.000000452515,-438428.83575219475,312.37516422756283,215
2500000,12100.000000458627,-438416.657610117,311.26139974852913,215
2510000,12130.000000464739,-440120.5597922958,309.54092510668437,215
2520000,12160.00000047085,-439003.54565750714,311.8672797166414,215
2530000,12190.000000476963,-438457.9018144123,311.42484608887185,215
2540000,12220.000000483074,-439318.8502428187,309.70115470766694,215
2550000,12250.000000489186,-438341.3004620541,310.3645436887005,215
2560000,12280.000000495298,-438098.94661177625,310.5522877387032,215
2570000,12310.00000050141,-438392.397557782,309.52468680549003,215
2580000,12340.000000507522,-438043.9696591231,310.9762835921379,215
2590000,12370.000000513633,-439238.56396786193,310.5551008519398,215
2600000,12400.000000519745,-440052.7089979595,312.2959346331175,215
2610000,12430.000000525857,-439072.07013180107,309.9026393909364,215
2620000,12460.000000531969,-438741.84124835767,311.5318651529791,215
2630000,12490.00000053808,-439532.91251254384,308.4621012406862,215
2640000,12520.000000544193,-439215.8007967549,309.39780353713996,215
2650000,12550.000000550304,-439641.16187775787,312.2139050296884,215
2660000,12580.000000556416,-437982.83500825893,311.24465376325406,215
2670000,12610.000000562528,-439863.43820916186,308.5464646238392,215
2680000,12640.00000056864,-439613.1581124086,311.70165038083826,215
2690000,12670.000000574752,-437670.70912310993,310.3610876516818,215
2700000,12700.000000580863,-438448.54016252887,309.3185423805998,215
2710000,12730.000000586975,-438645.4955236316,309.26509024398,215
2720000,12760.000000593087,-438404.7082830516,310.9452431636872,215
2730000,12790.000000599199,-439710.34470195975,310.75634288474635,215
2740000,12820.00000060531,-438215.5477713768,314.148919938193,215
2750000,12850.000000611422,-439066.1734886314,309.32072720166417,215
2760000,12880.000000617534,-439096.7176142654,309.48078816909305,215
2770000,12910.000000623646,-440560.99679985596,310.4433875207275,215
2780000,12940.000000629758,-439551.93694714434,310.281884991667,215
2790000,12970.00000063587,-439510.9598146044,308.8763676270737,215
2800000,13000.000000641981,-438057.69246465643,310.8432793817395,215
2810000,13030.000000648093,-437560.1540072665,311.7684794394451,215
2820000,13060.000000654205,-439958.8252517795,309.1840310074299,215
2830000,13090.000000660317,-439349.7930946958,311.752447124668,215
2840000,13120.000000666429,-438646.22983053816,310.4641474223488,215
2850000,13150.00000067254,-438671.209203901,307.6048292752788,215
2860000,13180.000000678652,-439339.9286918577,313.2807443942848,215
2870000,13210.000000684764,-439292.59981792443,311.25399705217063,215
2880000,13240.000000690876,-438293.5934886772,312.98230906319185,215
2890000,13270.000000696988,-439429.94650551025,308.9247341965918,215
2900000,13300.0000007031,-440043.4441405707,309.97734594400356,215
2910000,13330.000000709211,-438939.1881217805,308.3145227828016,215
2920000,13360.000000715323,-438913.6946206172,311.4757766562378,215
2930000,13390.000000721435,-438300.20127912215,309.7165307499615,215
2940000,13420.000000727547,-438618.9968636916,311.58619643971633,215
2950000,13450.000000733658,-439107.0985602797,312.4488422130918,215
2960000,13480.00000073977,-438085.57032114593,312.7531180145081,215
2970000,13510.000000745882,-438918.87230145116,310.0610950994853,215
2980000,13540.000000751994,-439012.6944760792,307.93349549748456,215
2990000,13570.000000758106,-439121.97225163155,311.85541328833796,215
3000000,13600.000000764217,-440121.0657193088,309.62407582188666,215
3010000,13630.00000077033,-439440.78957834165,309.6727296848073,215
3020000,13660.000000776441,-439478.9994447627,311.4484767143692,215
3030000,13690.000000782553,-438631.01530418335,314.09543012789015,215
3040000,13720.000000788665,-439788.4835244026,309.1419761633572,215
3050000,13750.000000794776,-438079.9166298304,309.94356174639347,215
3060000,13780.000000800888,-438279.2616501625,312.3112921252943,215
3070000,13810.000000807,-439157.9541999707,307.9023745838491,215
3080000,13840.000000813112,-438122.8011728639,308.5770101226699,215
3090000,13870.000000819224,-439717.7548769477,314.54614133544777,215
3100000,13900.000000825336,-439223.8821425487,307.90620150836304,215
3110000,13930.000000831447,-438993.54640140943,308.3024947878817,215
3120000,13960.00000083756,-438131.5079272459,311.21903587881826,215
3130000,13990.000000843671,-439612.6110554049,311.45866779541797,215
3140000,14020.000000849783,-439710.6606046534,309.5857210180468,215
3150000,14050.000000855895,-439158.8870756279,310.7530405106022,215
3160000,14080.000000862006,-438792.3719592616,311.9500298315552,215
3170000,14110.000000868118,-440267.1074575735,309.89416005080244,215
3180000,14140.00000087423,-440152.8453966344,307.13768424092655,215
3190000,14170.000000880342,-440781.58173606545,309.55001091879063,215
3200000,14200.000000886454,-439266.1371905552,310.96571704499365,215
3210000,14230.000000892565,-439109.19220429566,307.3561786888365,215
3220000,14260.000000898677,-438440.0477818751,310.66027527514746,215
3230000,14290.000000904789,-438348.4611465733,309.7193296485234,215
3240000,14320.0000009109,-440058.62477976526,311.98444148892946,215
3250000,14350.000000917013,-438053.3131868108,310.2173400842304,215
3260000,14380.000000923124,-440072.5660271351,309.0892014620169,215
3270000,14410.000000929236,-438986.63651110954,310.2647411197074,215
3280000,14440.000000935348,-440135.9015996582,312.2430346580554,215
3290000,14470.00000094146,-440264.79690583097,308.917507467607,215
3300000,14500.000000947572,-439176.8140836733,311.6531290509733,215
3310000,14530.000000953683,-438550.72463970515,311.1016904244843,215
3320000,14560.000000959795,-439131.3792675764,309.84902863518556,215
3330000,14590.000000965907,-439217.29989301297,310.71782054484055,215
3340000,14620.000000972019,-439198.6821195935,311.19309899901015,215
3350000,14650.00000097813,-439945.79287395976,309.39872816907274,215
3360000,14680.000000984242,-438287.10367749096,311.1588629565342,215
3370000,14710.000000990354,-438586.6140226412,310.18159367327615,215
3380000,14740.000000996466,-440331.6088876892,309.64249168645324,215
3390000,14770.000001002578,-439341.67605050467,310.7317797127295,215
3400000,14800.00000100869,-438923.3373630047,307.88023605235304,215
3410000,14830.000001014801,-440243.9910696901,311.15457354979736,215
3420000,14860.000001020913,-438940.30788645986,309.9076699430475,215
3430000,14890.000001027025,-437815.96466587624,310.8024264965083,215
3440000,14920.000001033137,-439225.9072514053,311.89610590276186,215
3450000,14950.000001039249,-439057.97065634,311.92076640585697,215
3460000,14980.00000104536,-439087.0175685445,311.2839457068174,215
3470000,15010.000001051472,-439318.0224698086,308.79998624007135,215
3480000,15040.000001057584,-440143.0372930607,308.03672835488186,215
3490000,15070.000001063696,-439519.92146767676,311.19497867428095,215
3500000,15100.000001069808,-438682.6387041311,309.62530270627326,215
3510000,15130.00000107592,-439722.0388445719,310.3338241573487,215
3520000,15160.000001082031,-438735.98210590216,309.6978748631357,215
3530000,15190.000001088143,-438977.1931985759,310.30556417836294,215
3540000,15220.000001094255,-438886.9539371736,310.8689049512102,215
3550000,15250.000001100367,-439236.9013189911,311.3587005094635,215
3560000,15280.000001106479,-439411.6134642628,310.51647591173236,215
3570000,15310.00000111259,-438910.6102693584,310.3128290173667,215
3580000,15340.000001118702,-439669.6816599078,310.68638246408847,215
3590000,15370.000001124814,-438965.8890339942,309.7177354836794,215
3600000,15400.000001130926,-437917.43589893705,310.037361345379,215
3610000,15430.000001137038,-438351.15469836583,308.6826464911975,215
3620000,15460.00000114315,-438910.06452220934,311.5479322327674,215
3630000,15490.000001149261,-439187.4561982553,309.0004305138883,215
3640000,15520.000001155373,-438164.7901668644,310.2774627901503,215
3650000,15550.000001161485,-439712.90600282745,310.4352065322599,215
3660000,15580.000001167597,-439438.9891989466,311.5061181350952,215
3670000,15610.000001173708,-438147.0000067549,312.4419233924894,215
3680000,15640.00000117982,-438617.0904154866,312.5101203432053,215
3690000,15670.000001185932,-438189.0288835792,310.49742581091346,215
3700000,15700.000001192044,-438412.63952560583,309.26732878036245,215
3710000,15730.000001198156,-438423.9967103328,311.840397302181,215
3720000,15760.000001204267,-438817.19953754824,312.0467969487371,215
3730000,15790.00000121038,-437369.9227111093,311.8031726367685,215
3740000,15820.000001216491,-439608.48369819275,309.7270780590987,215
3750000,15850.000001222603,-438516.3258836919,311.46626437199916,215
3760000,15880.000001228715,-439876.1835337442,312.5006528711122,215
3770000,15910.000001234826,-438480.50767299626,310.8954167930408,215
3780000,15940.000001240938,-438743.6506648937,311.2298429646414,215
3790000,15970.00000124705,-440006.2140377916,308.1138923552284,215
3800000,16000.000001253162,-439465.3778077401,309.30902545645034,215
3810000,16030.000001259274,-439771.9660400897,310.69462763659135,215
3820000,16060.000001265385,-438890.1228136453,313.01340986394695,215
3830000,16090.000001271497,-438369.78673683945,311.62894337171423,215
3840000,16120.000001277609,-440075.04598200275,309.34877942380984,215
3850000,16150.00000128372,-438996.2361307903,309.16749981654965,215
3860000,16180.000001289833,-437637.80982720596,311.041811459834,215
3870000,16210.000001295944,-437036.21312627755,310.338857052358,215
3880000,16240.000001302056,-438718.4145948081,309.21843918170873,215
3890000,16270.000001308168,-438619.06158543215,309.64218389431284,215
3900000,16300.00000131428,-439155.9320466479,311.36295823143615,215
3910000,16330.000001320392,-438339.7272047857,309.8833212860251,215
3920000,16360.000001326503,-437212.48396389,311.66896883275706,215
3930000,16390.000001332613,-439399.7572062798,310.617070287206,215
3940000,16420.000001338725,-440289.3617636347,309.79076931831696,215
3950000,16450.000001344837,-438355.1674746659,310.2066051352836,215
3960000,16480.00000135095,-438109.0191835533,308.2951945808539,215
3970000,16510.00000135706,-439473.4270829903,309.0812168506399,215
3980000,16540.000001363172,-438631.433138096,314.0455154498279,215
3990000,16570.000001369284,-437897.4660814784,310.29009687602365,215
4000000,16600.000001375396,-439895.9784365231,311.2241314216308,215
4010000,16630.000001381508,-440382.8533251181,311.47288380523065,215
4020000,16660.00000138762,-438499.269084994,307.5540229666078,215
4030000,16690.00000139373,-438676.2856483869,311.8159255423511,215
4040000,16720.000001399843,-438889.2986902287,310.3658629171481,215
4050000,16750.000001405955,-438791.19119671034,309.3927052100468,215
4060000,16780.000001412067,-438825.8128202311,310.85561821171575,215
4070000,16810.00000141818,-439150.6648845554,308.1771408305499,215
4080000,16840.00000142429,-438671.11373630725,311.28354842058786,215
4090000,16870.000001430402,-437977.5631273249,310.82215450654894,215
4100000,16900.000001436514,-439736.68995776237,310.98954386550673,215
4110000,16930.000001442626,-440114.3797083292,313.0698764377054,215
4120000,16960.000001448738,-440383.460420582,310.1880371771237,215
4130000,16990.00000145485,-438690.5257122016,309.3511337937171,215
4140000,17020.00000146096,-438967.5399005695,310.5641654070688,215
4150000,17050.000001467073,-438629.6332517592,309.57730848463916,215
4160000,17080.000001473185,-438942.0417582528,311.16544255504806,215
4170000,17110.000001479297,-439083.03484588163,310.28784217491125,215
4180000,17140.00000148541,-439756.6082354414,309.36526097769166,215
4190000,17170.00000149152,-439414.6620829017,313.77678397659787,215
4200000,17200.000001497632,-438652.83121612296,313.2884662827824,215
4210000,17230.000001503744,-438727.6995270308,309.9016572189674,215
4220000,17260.000001509856,-438840.3005684647,312.87260796368065,215
4230000,17290.000001515968,-439195.91439627134,310.5045196124866,215
4240000,17320.00000152208,-437567.45713809994,311.86874232639803,215
4250000,17350.00000152819,-439180.191009209,313.37645326619986,215
4260000,17380.000001534303,-439833.6728259069,309.5004490754462,215
4270000,17410.000001540415,-439794.29051855346,311.07767468035286,215
4280000,17440.000001546527,-439875.318918569,308.9280764600742,215
4290000,17470.00000155264,-439647.9214558434,313.0245350625266,215
4300000,17500.00000155875,-439444.1958768056,311.61596880062734,215
4310000,17530.000001564862,-439126.91090563545,310.68439171233484,215
4320000,17560.000001570974,-439281.0725876554,311.06550158481525,215
4330000,17590.000001577086,-439504.0612256101,308.5414060160884,215
4340000,17620.000001583197,-438404.3758258682,311.19466088860776,215
4350000,17650.00000158931,-439595.0377461938,311.08497009879807,215
4360000,17680.00000159542,-438744.82469262043,311.33511717316003,215
4370000,17710.000001601533,-439192.77993819676,312.9399362032444,215
4380000,17740.000001607645,-439560.0757638109,311.0633980295346,215
4390000,17770.000001613756,-440547.42440869217,310.0940301188042,215
4400000,17800.00000161987,-439066.74011485325,310.5982382368986,215
4410000,17830.00000162598,-440304.247202534,309.26512133276725,215
4420000,17860.000001632092,-439648.35783794965,310.4155839377949,215
4430000,17890.000001638204,-439465.1351592287,310.35057380000745,215
4440000,17920.000001644315,-439361.2498558713,312.57120490591336,215
4450000,17950.000001650427,-440498.8470846156,308.6407279661526,215
4460000,17980.00000165654,-439536.8018122106,312.7689733877785,215
4470000,18010.00000166265,-440309.8182440575,309.08808714458644,215
4480000,18040.000001668763,-439834.4288528429,311.3667426150475,215
4490000,18070.000001674875,-439015.0536693926,308.49157911962806,215
4500000,18100.000001680986,-439657.41777359904,312.46340700379693,215
4510000,18130.000001687098,-439570.2513249868,310.93264855855733,215
4520000,18160.00000169321,-439360.69804736413,309.3777769362759,215
4530000,18190.00000169932,-440169.7122580698,310.58991517440893,215
4540000,18220.000001705434,-439884.8957897932,310.71216934047874,215
4550000,18250.000001711545,-439574.91150541836,312.5569986107448,215
4560000,18280.000001717657,-439080.5305389927,311.47154722816936,215
4570000,18310.00000172377,-439631.1874157451,308.5611535904186,215
4580000,18340.00000172988,-438939.3688519234,312.4818287732887,215
4590000,18370.000001735993,-439201.54166816245,310.4922132027377,215
4600000,18400.000001742104,-439335.9121539367,311.8561407629102,215
4610000,18430.000001748216,-439995.0880402168,309.57579921866966,215
4620000,18460.000001754328,-440001.38694006833,311.0211872205999,215
4630000,18490.00000176044,-439134.4885323406,311.9856715312567,215
4640000,18520.00000176655,-438712.26455633575,312.74288395043044,215
4650000,18550.000001772663,-438639.21319543966,310.83070965987076,215
4660000,18580.000001778775,-439715.8338251016,310.6307219258648,215
4670000,18610.000001784887,-439246.97958960454,308.750640687939,215
4680000,18640.000001791,-438966.81178776966,312.5298131220881,215
4690000,18670.00000179711,-439017.40054322174,311.0148172101675,215
4700000,18700.000001803222,-438201.9403289943,311.5188880394557,215
4710000,18730.000001809334,-438933.31088272226,310.99535976397146,215
4720000,18760.000001815446,-439782.5742881282,311.4020335828251,215
4730000,18790.000001821558,-438960.86000264855,309.254756968473,215
4740000,18820.00000182767,-438607.2972518564,312.20792327094875,215
4750000,18850.00000183378,-439405.19330303324,311.40991064201603,215
4760000,18880.000001839893,-440095.8099263264,310.321609202067,215
4770000,18910.000001846005,-439851.4341761535,309.9931716856988,215
4780000,18940.000001852117,-440229.42110571126,310.844444839871,215
4790000,18970.00000185823,-438421.28991923085,311.5180264288395,215
4800000,19000.00000186434,-439082.5387825011,312.0452348376208,215
4810000,19030.000001870452,-438127.1674145395,309.4332235216398,215
4820000,19060.000001876564,-438698.73926498485,310.85897372547515,215
4830000,19090.000001882676,-438534.079128223,310.9253199192992,215
4840000,19120.000001888788,-439574.21537455893,312.10754723387845,215
4850000,19150.0000018949,-439619.31340136705,309.3477131498067,215
4860000,19180.00000190101,-439995.8454995693,310.5093696215935,215
4870000,19210.000001907123,-438024.0634021482,308.6636926678949,215
4880000,19240.000001913235,-438791.99396361946,314.0594142307621,215
4890000,19270.000001919347,-438228.52918880526,310.5359563972107,215
4900000,19300.00000192546,-440044.3873201874,310.37532434448366,215
4910000,19330.00000193157,-439037.0825787771,310.64547578755196,215
4920000,19360.000001937682,-438637.5474088334,311.06301878096303,215
4930000,19390.000001943794,-439770.75989804184,307.36117745154564,215
4940000,19420.000001949906,-439652.61359513877,310.94793164173404,215
4950000,19450.000001956018,-439268.0980991821,310.6698783102958,215
4960000,19480.00000196213,-439420.2471752872,309.5515527603926,215
4970000,19510.00000196824,-438918.0094353757,310.2795306092239,215
4980000,19540.000001974353,-437987.2427739324,313.28829940641316,215
4990000,19570.000001980465,-439586.9694183455,313.5207747975566,215
5000000,19600.000001986577,-439293.61125442875,308.9535912973505,215
